experimento;alpha;epsilon;esparso;acuracia;seed;dataset;peso
sparse_sem_sono;1.0;0.0;;0.4699357801210697;1;mnist_0_9;791
sparse_sem_sono;1.0;0.0;;0.4676006959555886;2;mnist_0_9;791
sparse_sem_sono;1.0;0.0;;0.4183693314473159;3;mnist_0_9;791
sparse_sem_sono;1.0;0.0;;0.5213076455464598;4;mnist_0_9;791
sparse_sem_sono;1.0;0.0;;0.523253546809148;5;mnist_0_9;791
sparse_sem_sono;1.0;0.0;;0.45923331247087723;6;mnist_0_9;791
sparse_sem_sono;1.0;0.0;;0.5187779684014812;7;mnist_0_9;791
sparse_sem_sono;1.0;0.0;;0.4537847804452548;8;mnist_0_9;791
sparse_sem_sono;1.0;0.0;;0.3876240514588509;9;mnist_0_9;791
sparse_sem_sono;1.0;0.0;;0.5409612746455832;10;mnist_0_9;791
sparse_sem_sono;1.0;0.0;;0.5061295934051919;11;mnist_0_9;791
sparse_sem_sono;1.0;0.0;;0.5395991419001437;12;mnist_0_9;791
sparse_sem_sono;1.0;0.0;;0.4074722690198597;13;mnist_0_9;791
sparse_sem_sono;1.0;0.0;;0.5010702456741811;14;mnist_0_9;791
sparse_sem_sono;1.0;0.0;;0.5127456662348212;15;mnist_0_9;791
sparse_sem_sono;1.0;0.0;;0.5469935742025827;16;mnist_0_9;791
sparse_sem_sono;1.0;0.0;;0.4856976021714052;17;mnist_0_9;791
sparse_sem_sono;1.0;0.0;;0.5098268078166377;18;mnist_0_9;791
sparse_sem_sono;1.0;0.0;;0.5281183056781255;19;mnist_0_9;791
sparse_sem_sono;1.0;0.0;;0.4553415020643261;20;mnist_0_9;791
sparse_sem_sono;1.0;0.0;;0.4477524792122734;21;mnist_0_9;791
sparse_sem_sono;1.0;0.0;;0.5717065528362821;22;mnist_0_9;791
sparse_sem_sono;1.0;0.0;;0.4140883433572929;23;mnist_0_9;791
sparse_sem_sono;1.0;0.0;;0.4570928161931562;24;mnist_0_9;791
sparse_sem_sono;1.0;20.0;;0.47090873402898753;1;mnist_0_9;630
sparse_sem_sono;1.0;20.0;;0.48822728093437334;2;mnist_0_9;643
sparse_sem_sono;1.0;20.0;;0.22086008875477658;3;mnist_0_9;633
sparse_sem_sono;1.0;20.0;;0.511578125778769;4;mnist_0_9;620
sparse_sem_sono;1.0;20.0;;0.5199455081616239;5;mnist_0_9;640
sparse_sem_sono;1.0;20.0;;0.45650904442833007;6;mnist_0_9;641
sparse_sem_sono;1.0;20.0;;0.5300642105363459;7;mnist_0_9;631
sparse_sem_sono;1.0;20.0;;0.45592527533115684;8;mnist_0_9;641
sparse_sem_sono;1.0;50.0;;0.22086008875477658;1;mnist_0_9;412
sparse_sem_sono;1.0;50.0;;0.22086008875477658;2;mnist_0_9;380
sparse_sem_sono;1.0;50.0;;0.22086008875477658;3;mnist_0_9;402
sparse_sem_sono;1.0;50.0;;0.22086008875477658;4;mnist_0_9;409
sparse_sem_sono;1.0;50.0;;0.516248293750178;5;mnist_0_9;385
sparse_sem_sono;1.0;50.0;;0.45456314375136564;6;mnist_0_9;410
sparse_sem_sono;1.0;50.0;;0.5168320644711399;7;mnist_0_9;389
sparse_sem_sono;1.0;50.0;;0.3430628542811705;8;mnist_0_9;400
sparse_sem_sono;1.0;50.0;;0.22086008875477658;9;mnist_0_9;399
sparse_sem_sono;1.0;50.0;;0.22086008875477658;10;mnist_0_9;406
sparse_sem_sono;1.0;80.0;;0.22086008875477658;1;mnist_0_9;165
sparse_sem_sono;1.0;80.0;;0.22086008875477658;2;mnist_0_9;163
sparse_sem_sono;1.0;80.0;;0.22086008875477658;3;mnist_0_9;142
sparse_sem_sono;1.0;80.0;;0.22086008875477658;4;mnist_0_9;164
sparse_sem_sono;1.0;80.0;;0.22086008875477658;5;mnist_0_9;159
sparse_sem_sono;1.0;80.0;;0.22086008875477658;6;mnist_0_9;172
sparse_sem_sono;1.0;80.0;;0.22086008875477658;7;mnist_0_9;168
sparse_sem_sono;1.0;80.0;;0.22086008875477658;8;mnist_0_9;145
sparse_sem_sono;1.0;80.0;;0.22086008875477658;9;mnist_0_9;154
sparse_sem_sono;1.0;80.0;;0.22086008875477658;10;mnist_0_9;163
sparse_sem_sono;1.0;80.0;;0.22086008875477658;11;mnist_0_9;172
sparse_sem_sono;1.0;80.0;;0.22086008875477658;12;mnist_0_9;174
sparse_sem_sono;1.0;80.0;;0.22086008875477658;13;mnist_0_9;158
sparse_sem_sono;1.0;80.0;;0.22086008875477658;14;mnist_0_9;159
sparse_sem_sono;1.0;80.0;;0.22086008875477658;15;mnist_0_9;154
sparse_sem_sono;1.0;80.0;;0.22086008875477658;16;mnist_0_9;159
sparse_sem_sono;1.0;80.0;;0.22086008875477658;17;mnist_0_9;161
sparse_sem_sono;1.0;80.0;;0.22086008875477658;18;mnist_0_9;165
sparse_sem_sono;1.0;80.0;;0.22086008875477658;19;mnist_0_9;147
sparse_sem_sono;1.0;80.0;;0.22086008875477658;20;mnist_0_9;168
sparse_sem_sono;1.0;80.0;;0.22086008875477658;21;mnist_0_9;170
sparse_sem_sono;1.0;80.0;;0.22086008875477658;22;mnist_0_9;149
sparse_sem_sono;1.0;80.0;;0.22086008875477658;23;mnist_0_9;144
sparse_sem_sono;1.0;80.0;;0.22086008875477658;24;mnist_0_9;170
sparse_sem_sono;1.0;90.0;;0.22086008875477658;1;mnist_0_9;90
sparse_sem_sono;1.0;90.0;;0.22086008875477658;2;mnist_0_9;91
sparse_sem_sono;1.0;90.0;;0.22086008875477658;3;mnist_0_9;72
sparse_sem_sono;1.0;90.0;;0.22086008875477658;4;mnist_0_9;89
sparse_sem_sono;2.0;0.0;;0.7003308055140578;1;mnist_0_9;1586
sparse_sem_sono;2.0;0.0;;0.6707530655177054;2;mnist_0_9;1586
sparse_sem_sono;2.0;0.0;;0.4888110486455269;3;mnist_0_9;1586
sparse_sem_sono;2.0;0.0;;0.467795287322896;4;mnist_0_9;1586
sparse_sem_sono;2.0;0.0;;0.6985794888857529;5;mnist_0_9;1586
sparse_sem_sono;2.0;0.0;;0.6547966554114317;6;mnist_0_9;1586
sparse_sem_sono;2.0;0.0;;0.7688266155343502;7;mnist_0_9;1586
sparse_sem_sono;2.0;0.0;;0.7166763961976269;8;mnist_0_9;1586
sparse_sem_sono;2.0;0.0;;0.7283518196056965;9;mnist_0_9;1586
sparse_sem_sono;2.0;0.0;;0.4549523232268044;10;mnist_0_9;1586
sparse_sem_sono;2.0;0.0;;0.47596808565129195;11;mnist_0_9;1586
sparse_sem_sono;2.0;0.0;;0.6721151971032958;12;mnist_0_9;1586
sparse_sem_sono;2.0;0.0;;0.6341700698527225;13;mnist_0_9;1586
sparse_sem_sono;2.0;0.0;;0.47869234888046536;14;mnist_0_9;1586
sparse_sem_sono;2.0;0.0;;0.7639618579991992;15;mnist_0_9;1586
sparse_sem_sono;2.0;0.0;;0.6423428690510052;16;mnist_0_9;1586
sparse_sem_sono;2.0;0.0;;0.7174547596719159;17;mnist_0_9;1586
sparse_sem_sono;2.0;0.0;;0.4640980686722017;18;mnist_0_9;1586
sparse_sem_sono;2.0;0.0;;0.4617629866640399;19;mnist_0_9;1586
sparse_sem_sono;2.0;0.0;;0.5170266586162859;20;mnist_0_9;1586
sparse_sem_sono;2.0;0.0;;0.7170655749771562;21;mnist_0_9;1586
sparse_sem_sono;2.0;0.0;;0.5687877036388989;22;mnist_0_9;1586
sparse_sem_sono;2.0;0.0;;0.4524226468937201;23;mnist_0_9;1586
sparse_sem_sono;2.0;0.0;;0.7155088609608956;24;mnist_0_9;1586
sparse_sem_sono;2.0;20.0;;0.767464488066224;1;mnist_0_9;1266
sparse_sem_sono;2.0;20.0;;0.683401445675323;2;mnist_0_9;1254
sparse_sem_sono;2.0;20.0;;0.4983459766457623;3;mnist_0_9;1289
sparse_sem_sono;2.0;20.0;;0.5538042366539465;4;mnist_0_9;1261
sparse_sem_sono;2.0;20.0;;0.7945125496417638;5;mnist_0_9;1291
sparse_sem_sono;2.0;20.0;;0.5936952728222121;6;mnist_0_9;1280
sparse_sem_sono;2.0;20.0;;0.6522669769906191;7;mnist_0_9;1262
sparse_sem_sono;2.0;20.0;;0.6837906268905355;8;mnist_0_9;1275
sparse_sem_sono;2.0;50.0;;0.5526366980014596;1;mnist_0_9;809
sparse_sem_sono;2.0;50.0;;0.703444253843938;2;mnist_0_9;758
sparse_sem_sono;2.0;50.0;;0.4395796814000103;3;mnist_0_9;807
sparse_sem_sono;2.0;50.0;;0.5824090249460944;4;mnist_0_9;814
sparse_sem_sono;2.0;50.0;;0.6024518385080077;5;mnist_0_9;832
sparse_sem_sono;2.0;50.0;;0.39657520908607913;6;mnist_0_9;803
sparse_sem_sono;2.0;50.0;;0.38801323163019913;7;mnist_0_9;792
sparse_sem_sono;2.0;50.0;;0.47090873402898753;8;mnist_0_9;804
sparse_sem_sono;2.0;50.0;;0.46390348154994204;9;mnist_0_9;813
sparse_sem_sono;2.0;50.0;;0.5456314431969167;10;mnist_0_9;793
sparse_sem_sono;2.0;80.0;;0.22086008875477658;1;mnist_0_9;338
sparse_sem_sono;2.0;80.0;;0.22086008875477658;2;mnist_0_9;324
sparse_sem_sono;2.0;80.0;;0.22086008875477658;3;mnist_0_9;317
sparse_sem_sono;2.0;80.0;;0.22086008875477658;4;mnist_0_9;331
sparse_sem_sono;2.0;80.0;;0.22086008875477658;5;mnist_0_9;322
sparse_sem_sono;2.0;80.0;;0.22086008875477658;6;mnist_0_9;352
sparse_sem_sono;2.0;80.0;;0.22086008875477658;7;mnist_0_9;328
sparse_sem_sono;2.0;80.0;;0.22086008875477658;8;mnist_0_9;305
sparse_sem_sono;2.0;80.0;;0.22086008875477658;9;mnist_0_9;324
sparse_sem_sono;2.0;80.0;;0.22086008875477658;10;mnist_0_9;335
sparse_sem_sono;2.0;80.0;;0.22086008875477658;11;mnist_0_9;335
sparse_sem_sono;2.0;80.0;;0.22086008875477658;12;mnist_0_9;349
sparse_sem_sono;2.0;80.0;;0.22086008875477658;13;mnist_0_9;318
sparse_sem_sono;2.0;80.0;;0.22086008875477658;14;mnist_0_9;325
sparse_sem_sono;2.0;80.0;;0.22086008875477658;15;mnist_0_9;339
sparse_sem_sono;2.0;80.0;;0.22086008875477658;16;mnist_0_9;312
sparse_sem_sono;2.0;80.0;;0.22086008875477658;17;mnist_0_9;286
sparse_sem_sono;2.0;80.0;;0.22086008875477658;18;mnist_0_9;313
sparse_sem_sono;2.0;80.0;;0.4658493839724794;19;mnist_0_9;313
sparse_sem_sono;2.0;80.0;;0.4524226468937201;20;mnist_0_9;310
sparse_sem_sono;2.0;80.0;;0.22086008875477658;21;mnist_0_9;333
sparse_sem_sono;2.0;80.0;;0.22086008875477658;22;mnist_0_9;309
sparse_sem_sono;2.0;80.0;;0.22086008875477658;23;mnist_0_9;321
sparse_sem_sono;2.0;80.0;;0.22086008875477658;24;mnist_0_9;337
sparse_sem_sono;2.0;90.0;;0.22086008875477658;1;mnist_0_9;172
sparse_sem_sono;2.0;90.0;;0.22086008875477658;2;mnist_0_9;182
sparse_sem_sono;2.0;90.0;;0.22086008875477658;4;mnist_0_9;174
sparse_sem_sono;3.0;0.0;;0.8015178060063037;1;mnist_0_9;2385
sparse_sem_sono;3.0;0.0;;0.871570343091159;2;mnist_0_9;2385
sparse_sem_sono;3.0;0.0;;0.7808912227672926;3;mnist_0_9;2385
sparse_sem_sono;3.0;0.0;;0.7509243056731921;4;mnist_0_9;2385
sparse_sem_sono;3.0;0.0;;0.6071220048556278;5;mnist_0_9;2385
sparse_sem_sono;3.0;0.0;;0.6036193797179618;6;mnist_0_9;2385
sparse_sem_sono;3.0;0.0;;0.848219493375397;7;mnist_0_9;2385
sparse_sem_sono;3.0;0.0;;0.8521113051795662;8;mnist_0_9;2385
sparse_sem_sono;3.0;0.0;;0.8785755988177819;9;mnist_0_9;2385
sparse_sem_sono;3.0;0.0;;0.8809106866889808;10;mnist_0_9;2385
sparse_sem_sono;3.0;0.0;;0.8147499460402944;11;mnist_0_9;2385
sparse_sem_sono;3.0;0.0;;0.5775442690347321;12;mnist_0_9;2385
sparse_sem_sono;3.0;0.0;;0.7904261527392715;13;mnist_0_9;2385
sparse_sem_sono;3.0;0.0;;0.4930920367355499;14;mnist_0_9;2385
sparse_sem_sono;3.0;0.0;;0.5008756517610051;15;mnist_0_9;2385
sparse_sem_sono;3.0;0.0;;0.796653046325432;16;mnist_0_9;2385
sparse_sem_sono;3.0;0.0;;0.7036388425957857;17;mnist_0_9;2385
sparse_sem_sono;3.0;0.0;;0.854640981454658;18;mnist_0_9;2385
sparse_sem_sono;3.0;0.0;;0.5516637450156219;19;mnist_0_9;2385
sparse_sem_sono;3.0;0.0;;0.8063825619176659;20;mnist_0_9;2385
sparse_sem_sono;3.0;0.0;;0.8443276924738092;21;mnist_0_9;2385
sparse_sem_sono;3.0;0.0;;0.7838100767780496;22;mnist_0_9;2385
sparse_sem_sono;3.0;0.0;;0.7838100756182005;23;mnist_0_9;2385
sparse_sem_sono;3.0;0.0;;0.5382370095026588;24;mnist_0_9;2385
sparse_sem_sono;3.0;20.0;;0.7326328110012894;1;mnist_0_9;1927
sparse_sem_sono;3.0;20.0;;0.7787507307230208;2;mnist_0_9;1882
sparse_sem_sono;3.0;20.0;;0.6520723897465752;3;mnist_0_9;1928
sparse_sem_sono;3.0;20.0;;0.8017123944101966;4;mnist_0_9;1897
sparse_sem_sono;3.0;20.0;;0.7380813364737645;5;mnist_0_9;1933
sparse_sem_sono;3.0;20.0;;0.8024907538830063;6;mnist_0_9;1934
sparse_sem_sono;3.0;20.0;;0.6162677569179642;7;mnist_0_9;1882
sparse_sem_sono;3.0;20.0;;0.484335470522023;8;mnist_0_9;1907
sparse_sem_sono;3.0;50.0;;0.7133683594638537;1;mnist_0_9;1235
sparse_sem_sono;3.0;50.0;;0.7190114847647353;2;mnist_0_9;1148
sparse_sem_sono;3.0;50.0;;0.8392683379518822;3;mnist_0_9;1199
sparse_sem_sono;3.0;50.0;;0.5666472067812534;4;mnist_0_9;1227
sparse_sem_sono;3.0;50.0;;0.7046117922702544;5;mnist_0_9;1219
sparse_sem_sono;3.0;50.0;;0.7155088559735445;6;mnist_0_9;1218
sparse_sem_sono;3.0;50.0;;0.37867289562938883;7;mnist_0_9;1175
sparse_sem_sono;3.0;50.0;;0.5133294360858964;8;mnist_0_9;1221
sparse_sem_sono;3.0;50.0;;0.7789453253900989;9;mnist_0_9;1191
sparse_sem_sono;3.0;50.0;;0.6497373045430292;10;mnist_0_9;1185
sparse_sem_sono;3.0;80.0;;0.22086008875477658;1;mnist_0_9;507
sparse_sem_sono;3.0;80.0;;0.22086008875477658;2;mnist_0_9;481
sparse_sem_sono;3.0;80.0;;0.5411558650850113;3;mnist_0_9;474
sparse_sem_sono;3.0;80.0;;0.6154893961113281;4;mnist_0_9;506
sparse_sem_sono;3.0;80.0;;0.4386067294696352;5;mnist_0_9;488
sparse_sem_sono;3.0;80.0;;0.5176104272495194;6;mnist_0_9;506
sparse_sem_sono;3.0;80.0;;0.5164428862135427;7;mnist_0_9;484
sparse_sem_sono;3.0;80.0;;0.22086008875477658;8;mnist_0_9;448
sparse_sem_sono;3.0;80.0;;0.4759680839115183;9;mnist_0_9;480
sparse_sem_sono;3.0;80.0;;0.22086008875477658;10;mnist_0_9;490
sparse_sem_sono;3.0;80.0;;0.22086008875477658;11;mnist_0_9;498
sparse_sem_sono;3.0;80.0;;0.5141078011259816;12;mnist_0_9;503
sparse_sem_sono;3.0;80.0;;0.5578906399936011;13;mnist_0_9;479
sparse_sem_sono;3.0;80.0;;0.22086008875477658;14;mnist_0_9;486
sparse_sem_sono;3.0;80.0;;0.702082116691072;15;mnist_0_9;505
sparse_sem_sono;3.0;80.0;;0.6598560031482417;16;mnist_0_9;482
sparse_sem_sono;3.0;80.0;;0.5041836903447375;17;mnist_0_9;449
sparse_sem_sono;3.0;80.0;;0.4903677731584217;18;mnist_0_9;456
sparse_sem_sono;3.0;80.0;;0.5039890997951239;19;mnist_0_9;468
sparse_sem_sono;3.0;80.0;;0.5553609594908594;20;mnist_0_9;476
sparse_sem_sono;3.0;80.0;;0.22086008875477658;21;mnist_0_9;497
sparse_sem_sono;3.0;80.0;;0.5088538583161465;22;mnist_0_9;468
sparse_sem_sono;3.0;80.0;;0.46293052822194874;23;mnist_0_9;490
sparse_sem_sono;3.0;80.0;;0.22086008875477658;24;mnist_0_9;499
sparse_sem_sono;3.0;90.0;;0.22086008875477658;1;mnist_0_9;262
sparse_sem_sono;3.0;90.0;;0.22086008875477658;2;mnist_0_9;266
sparse_sem_sono;3.0;90.0;;0.22086008875477658;3;mnist_0_9;255
sparse_sem_sono;3.0;90.0;;0.22086008875477658;4;mnist_0_9;265
sparse_sem_sono;4.0;0.0;;0.8600895092468314;1;mnist_0_9;3188
sparse_sem_sono;4.0;0.0;;0.8992021824047477;2;mnist_0_9;3188
sparse_sem_sono;4.0;0.0;;0.7184277078385807;3;mnist_0_9;3188
sparse_sem_sono;4.0;0.0;;0.9025102168188227;4;mnist_0_9;3188
sparse_sem_sono;4.0;0.0;;0.866705588223661;5;mnist_0_9;3188
sparse_sem_sono;4.0;0.0;;0.8254524228474954;6;mnist_0_9;3188
sparse_sem_sono;4.0;0.0;;0.5467989855667199;7;mnist_0_9;3188
sparse_sem_sono;4.0;0.0;;0.8789647833385642;8;mnist_0_9;3188
sparse_sem_sono;4.0;0.0;;0.8995913634459827;9;mnist_0_9;3188
sparse_sem_sono;4.0;0.0;;0.7476162677795698;10;mnist_0_9;3188
sparse_sem_sono;4.0;0.0;;0.8867483948844721;11;mnist_0_9;3188
sparse_sem_sono;4.0;0.0;;0.9005643157881043;12;mnist_0_9;3188
sparse_sem_sono;4.0;0.0;;0.8628137767094539;13;mnist_0_9;3188
sparse_sem_sono;4.0;0.0;;0.9167153162700143;14;mnist_0_9;3188
sparse_sem_sono;4.0;0.0;;0.8962833240445566;15;mnist_0_9;3188
sparse_sem_sono;4.0;0.0;;0.8375170228313811;16;mnist_0_9;3188
sparse_sem_sono;4.0;0.0;;0.7427515049671055;17;mnist_0_9;3188
sparse_sem_sono;4.0;0.0;;0.9114613788534774;18;mnist_0_9;3188
sparse_sem_sono;4.0;0.0;;0.9060128427683831;19;mnist_0_9;3188
sparse_sem_sono;4.0;0.0;;0.8857754392367807;20;mnist_0_9;3188
sparse_sem_sono;4.0;0.0;;0.7886748416202498;21;mnist_0_9;3188
sparse_sem_sono;4.0;0.0;;0.7123954071217322;22;mnist_0_9;3188
sparse_sem_sono;4.0;0.0;;0.8614516428041653;23;mnist_0_9;3188
sparse_sem_sono;4.0;0.0;;0.779918269265322;24;mnist_0_9;3188
sparse_sem_sono;4.0;20.0;;0.8953103707165634;1;mnist_0_9;2558
sparse_sem_sono;4.0;20.0;;0.8739054276567879;2;mnist_0_9;2545
sparse_sem_sono;4.0;20.0;;0.9108776069146739;3;mnist_0_9;2561
sparse_sem_sono;4.0;20.0;;0.5863008347205277;4;mnist_0_9;2542
sparse_sem_sono;4.0;20.0;;0.8764351002783551;5;mnist_0_9;2578
sparse_sem_sono;4.0;20.0;;0.792955827680537;6;mnist_0_9;2593
sparse_sem_sono;4.0;20.0;;0.876824285495047;7;mnist_0_9;2543
sparse_sem_sono;4.0;20.0;;0.8896672530706858;8;mnist_0_9;2561
sparse_sem_sono;4.0;50.0;;0.8190309359280834;1;mnist_0_9;1622
sparse_sem_sono;4.0;50.0;;0.7382759288211443;2;mnist_0_9;1562
sparse_sem_sono;4.0;50.0;;0.8865538046828131;3;mnist_0_9;1601
sparse_sem_sono;4.0;50.0;;0.7785561419711732;4;mnist_0_9;1641
sparse_sem_sono;4.0;50.0;;0.8663164031809465;5;mnist_0_9;1601
sparse_sem_sono;4.0;50.0;;0.8826619948503873;6;mnist_0_9;1653
sparse_sem_sono;4.0;50.0;;0.813776996655788;7;mnist_0_9;1578
sparse_sem_sono;4.0;50.0;;0.6353376139043069;8;mnist_0_9;1615
sparse_sem_sono;4.0;50.0;;0.9235259808091065;9;mnist_0_9;1597
sparse_sem_sono;4.0;50.0;;0.8779918268789784;10;mnist_0_9;1584
sparse_sem_sono;4.0;80.0;;0.48200038520829136;1;mnist_0_9;660
sparse_sem_sono;4.0;80.0;;0.5030161471688392;2;mnist_0_9;651
sparse_sem_sono;4.0;80.0;;0.6974119503434517;3;mnist_0_9;643
sparse_sem_sono;4.0;80.0;;0.758902511248261;4;mnist_0_9;679
sparse_sem_sono;4.0;80.0;;0.45650904402818215;5;mnist_0_9;636
sparse_sem_sono;4.0;80.0;;0.6651099434064088;6;mnist_0_9;696
sparse_sem_sono;4.0;80.0;;0.22086008875477658;7;mnist_0_9;643
sparse_sem_sono;4.0;80.0;;0.5277291311900377;8;mnist_0_9;599
sparse_sem_sono;4.0;80.0;;0.5903872345806351;9;mnist_0_9;639
sparse_sem_sono;4.0;80.0;;0.42595835690902906;10;mnist_0_9;650
sparse_sem_sono;4.0;80.0;;0.5888305131413404;11;mnist_0_9;654
sparse_sem_sono;4.0;80.0;;0.22086008875477658;12;mnist_0_9;648
sparse_sem_sono;4.0;80.0;;0.7458649559646386;13;mnist_0_9;660
sparse_sem_sono;4.0;80.0;;0.5152753443134784;14;mnist_0_9;655
sparse_sem_sono;4.0;80.0;;0.6291107270452712;15;mnist_0_9;661
sparse_sem_sono;4.0;80.0;;0.6224946476045019;16;mnist_0_9;663
sparse_sem_sono;4.0;80.0;;0.5096322212685034;17;mnist_0_9;615
sparse_sem_sono;4.0;80.0;;0.6693909288287789;18;mnist_0_9;616
sparse_sem_sono;4.0;80.0;;0.4781085807633646;19;mnist_0_9;613
sparse_sem_sono;4.0;80.0;;0.48511382958888544;20;mnist_0_9;660
sparse_sem_sono;4.0;80.0;;0.4804436635950192;21;mnist_0_9;663
sparse_sem_sono;4.0;80.0;;0.46721151770379066;22;mnist_0_9;632
sparse_sem_sono;4.0;80.0;;0.6514886183297038;23;mnist_0_9;649
sparse_sem_sono;4.0;80.0;;0.5857170637096034;24;mnist_0_9;660
sparse_sem_sono;4.0;90.0;;0.22086008875477658;1;mnist_0_9;343
sparse_sem_sono;4.0;90.0;;0.5092430424309816;2;mnist_0_9;359
sparse_sem_sono;4.0;90.0;;0.7493675832480255;3;mnist_0_9;344
sparse_sem_sono;4.0;90.0;;0.22086008875477658;4;mnist_0_9;358
sparse_sem_sono;5.0;0.0;;0.8849970845773448;1;mnist_0_9;3995
sparse_sem_sono;5.0;0.0;;0.8665109943684772;2;mnist_0_9;3995
sparse_sem_sono;5.0;0.0;;0.8258415991333492;3;mnist_0_9;3995
sparse_sem_sono;5.0;0.0;;0.8017123904087173;4;mnist_0_9;3995
sparse_sem_sono;5.0;0.0;;0.9285853331853129;5;mnist_0_9;3995
sparse_sem_sono;5.0;0.0;;0.9365635349328798;6;mnist_0_9;3995
sparse_sem_sono;5.0;0.0;;0.889667256028301;7;mnist_0_9;3995
sparse_sem_sono;5.0;0.0;;0.9167153151101652;8;mnist_0_9;3995
sparse_sem_sono;5.0;0.0;;0.8978400481515043;9;mnist_0_9;3995
sparse_sem_sono;5.0;0.0;;0.8943374213900495;10;mnist_0_9;3995
sparse_sem_sono;5.0;0.0;;0.9272232027595715;11;mnist_0_9;3995
sparse_sem_sono;5.0;0.0;;0.9077641595706654;12;mnist_0_9;3995
sparse_sem_sono;5.0;0.0;;0.8620354159028178;13;mnist_0_9;3995
sparse_sem_sono;5.0;0.0;;0.8491924475152847;14;mnist_0_9;3995
sparse_sem_sono;5.0;0.0;;0.8733216601834035;15;mnist_0_9;3995
sparse_sem_sono;5.0;0.0;;0.896477918885612;16;mnist_0_9;3995
sparse_sem_sono;5.0;0.0;;0.8953103733842163;17;mnist_0_9;3995
sparse_sem_sono;5.0;0.0;;0.9118505556032708;18;mnist_0_9;3995
sparse_sem_sono;5.0;0.0;;0.891807745288935;19;mnist_0_9;3995
sparse_sem_sono;5.0;0.0;;0.9167153181257729;20;mnist_0_9;3995
sparse_sem_sono;5.0;0.0;;0.84802490700124;21;mnist_0_9;3995
sparse_sem_sono;5.0;0.0;;0.7192060724727187;22;mnist_0_9;3995
sparse_sem_sono;5.0;0.0;;0.943374197442236;23;mnist_0_9;3995
sparse_sem_sono;5.0;0.0;;0.9001751320792163;24;mnist_0_9;3995
sparse_sem_sono;5.0;20.0;;0.7775831874833309;1;mnist_0_9;3213
sparse_sem_sono;5.0;20.0;;0.8943374197082683;2;mnist_0_9;3207
sparse_sem_sono;5.0;20.0;;0.8902510268072554;3;mnist_0_9;3216
sparse_sem_sono;5.0;20.0;;0.8427709698746654;4;mnist_0_9;3176
sparse_sem_sono;5.0;20.0;;0.7945125487718769;5;mnist_0_9;3230
sparse_sem_sono;5.0;20.0;;0.898034639339035;6;mnist_0_9;3236
sparse_sem_sono;5.0;20.0;;0.8227281520793029;7;mnist_0_9;3195
sparse_sem_sono;5.0;20.0;;0.896477918247695;8;mnist_0_9;3189
sparse_sem_sono;5.0;50.0;;0.7812804063022032;1;mnist_0_9;2037
sparse_sem_sono;5.0;50.0;;0.6680287984030375;2;mnist_0_9;1960
sparse_sem_sono;5.0;50.0;;0.6962444077996712;3;mnist_0_9;2001
sparse_sem_sono;5.0;50.0;;0.8750729725202667;4;mnist_0_9;2035
sparse_sem_sono;5.0;50.0;;0.8735162419761565;5;mnist_0_9;2004
sparse_sem_sono;5.0;50.0;;0.7376921583321522;6;mnist_0_9;2057
sparse_sem_sono;5.0;50.0;;0.877018873029053;7;mnist_0_9;1991
sparse_sem_sono;5.0;50.0;;0.8632029529953077;8;mnist_0_9;2003
sparse_sem_sono;5.0;50.0;;0.874294612525525;9;mnist_0_9;1992
sparse_sem_sono;5.0;50.0;;0.8805215024581607;10;mnist_0_9;1979
sparse_sem_sono;5.0;80.0;;0.8192255314650483;1;mnist_0_9;822
sparse_sem_sono;5.0;80.0;;0.48316792873214437;2;mnist_0_9;814
sparse_sem_sono;5.0;80.0;;0.7262113255316888;3;mnist_0_9;808
sparse_sem_sono;5.0;80.0;;0.48939481941868207;4;mnist_0_9;842
sparse_sem_sono;5.0;80.0;;0.7262113264015756;5;mnist_0_9;799
sparse_sem_sono;5.0;80.0;;0.7402218310117118;6;mnist_0_9;857
sparse_sem_sono;5.0;80.0;;0.4514496928118249;7;mnist_0_9;802
sparse_sem_sono;5.0;80.0;;0.5329830690125218;8;mnist_0_9;763
sparse_sem_sono;5.0;80.0;;0.7840046708072106;9;mnist_0_9;807
sparse_sem_sono;5.0;80.0;;0.7297139535109851;10;mnist_0_9;813
sparse_sem_sono;5.0;80.0;;0.22086008875477658;11;mnist_0_9;831
sparse_sem_sono;5.0;80.0;;0.5656742532212903;12;mnist_0_9;804
sparse_sem_sono;5.0;80.0;;0.8126094569536377;13;mnist_0_9;827
sparse_sem_sono;5.0;80.0;;0.22086008875477658;14;mnist_0_9;822
sparse_sem_sono;5.0;80.0;;0.7501459427208352;15;mnist_0_9;824
sparse_sem_sono;5.0;80.0;;0.22086008875477658;16;mnist_0_9;817
sparse_sem_sono;5.0;80.0;;0.5734578676668209;17;mnist_0_9;776
sparse_sem_sono;5.0;80.0;;0.6641369903683778;18;mnist_0_9;770
sparse_sem_sono;5.0;80.0;;0.41389375245972443;19;mnist_0_9;794
sparse_sem_sono;5.0;80.0;;0.8149445403594177;20;mnist_0_9;838
sparse_sem_sono;5.0;80.0;;0.7645456337655048;21;mnist_0_9;842
sparse_sem_sono;5.0;80.0;;0.7937341876752786;22;mnist_0_9;791
sparse_sem_sono;5.0;80.0;;0.5195563325716795;23;mnist_0_9;783
sparse_sem_sono;5.0;80.0;;0.8009340287901868;24;mnist_0_9;819
sparse_sem_sono;5.0;90.0;;0.49717843867758643;1;mnist_0_9;415
sparse_sem_sono;5.0;90.0;;0.22086008875477658;2;mnist_0_9;440
sparse_sem_sono;5.0;90.0;;0.42148277872753276;3;mnist_0_9;432
sparse_sem_sono;5.0;90.0;;0.22086008875477658;4;mnist_0_9;441
sparse_sem_sono;6.0;0.0;;0.9459038758630487;1;mnist_0_9;4806
sparse_sem_sono;6.0;0.0;;0.9427904293309346;2;mnist_0_9;4806
sparse_sem_sono;6.0;0.0;;0.9394823922492066;3;mnist_0_9;4806
sparse_sem_sono;6.0;0.0;;0.9079587455968677;4;mnist_0_9;4806
sparse_sem_sono;6.0;0.0;;0.9322825468428568;5;mnist_0_9;4806
sparse_sem_sono;6.0;0.0;;0.8816890486554659;6;mnist_0_9;4806
sparse_sem_sono;6.0;0.0;;0.7993773088007035;7;mnist_0_9;4806
sparse_sem_sono;6.0;0.0;;0.8468573634715877;8;mnist_0_9;4806
sparse_sem_sono;6.0;0.0;;0.9030939847561468;9;mnist_0_9;4806
sparse_sem_sono;6.0;0.0;;0.880910680077841;10;mnist_0_9;4806
sparse_sem_sono;6.0;0.0;;0.9408445284741935;11;mnist_0_9;4806
sparse_sem_sono;6.0;0.0;;0.9437633823109731;12;mnist_0_9;4806
sparse_sem_sono;6.0;0.0;;0.9188558084882635;13;mnist_0_9;4806
sparse_sem_sono;6.0;0.0;;0.9219692520627625;14;mnist_0_9;4806
sparse_sem_sono;6.0;0.0;;0.8129986338774084;15;mnist_0_9;4806
sparse_sem_sono;6.0;0.0;;0.9244989339631224;16;mnist_0_9;4806
sparse_sem_sono;6.0;0.0;;0.9007589046559368;17;mnist_0_9;4806
sparse_sem_sono;6.0;0.0;;0.8859700321060926;18;mnist_0_9;4806
sparse_sem_sono;6.0;0.0;;0.7618213660709123;19;mnist_0_9;4806
sparse_sem_sono;6.0;0.0;;0.9367581272802596;20;mnist_0_9;4806
sparse_sem_sono;6.0;0.0;;0.9316987760639024;21;mnist_0_9;4806
sparse_sem_sono;6.0;0.0;;0.9367581259464332;22;mnist_0_9;4806
sparse_sem_sono;6.0;0.0;;0.9083479273340122;23;mnist_0_9;4806
sparse_sem_sono;6.0;0.0;;0.9155477788875622;24;mnist_0_9;4806
sparse_sem_sono;6.0;20.0;;0.9141856403428772;1;mnist_0_9;3862
sparse_sem_sono;6.0;20.0;;0.9093208839675754;2;mnist_0_9;3853
sparse_sem_sono;6.0;20.0;;0.9145748220800217;3;mnist_0_9;3863
sparse_sem_sono;6.0;20.0;;0.8676785344185822;4;mnist_0_9;3819
sparse_sem_sono;6.0;20.0;;0.9363689422375452;5;mnist_0_9;3892
sparse_sem_sono;6.0;20.0;;0.9085425233349166;6;mnist_0_9;3889
sparse_sem_sono;6.0;20.0;;0.9036777616823014;7;mnist_0_9;3834
sparse_sem_sono;6.0;20.0;;0.891029381814646;8;mnist_0_9;3842
sparse_sem_sono;6.0;50.0;;0.823117338107889;1;mnist_0_9;2426
sparse_sem_sono;6.0;50.0;;0.8682623106488274;2;mnist_0_9;2338
sparse_sem_sono;6.0;50.0;;0.8464681823723602;3;mnist_0_9;2418
sparse_sem_sono;6.0;50.0;;0.8997859536476417;4;mnist_0_9;2438
sparse_sem_sono;6.0;50.0;;0.8861646196400987;5;mnist_0_9;2440
sparse_sem_sono;6.0;50.0;;0.886942986593935;6;mnist_0_9;2468
sparse_sem_sono;6.0;50.0;;0.8995913646058318;7;mnist_0_9;2391
sparse_sem_sono;6.0;50.0;;0.9139910489813691;8;mnist_0_9;2401
sparse_sem_sono;6.0;50.0;;0.8986184091321178;9;mnist_0_9;2377
sparse_sem_sono;6.0;50.0;;0.8581436098978941;10;mnist_0_9;2380
sparse_sem_sono;6.0;80.0;;0.8110527330206674;1;mnist_0_9;978
sparse_sem_sono;6.0;80.0;;0.7059739238558448;2;mnist_0_9;959
sparse_sem_sono;6.0;80.0;;0.8587273806768485;3;mnist_0_9;988
sparse_sem_sono;6.0;80.0;;0.687098656897184;4;mnist_0_9;1004
sparse_sem_sono;6.0;80.0;;0.482584155639291;5;mnist_0_9;965
sparse_sem_sono;6.0;80.0;;0.8768242845091752;6;mnist_0_9;1054
sparse_sem_sono;6.0;80.0;;0.8211714308139855;7;mnist_0_9;972
sparse_sem_sono;6.0;80.0;;0.8616462348615829;8;mnist_0_9;946
sparse_sem_sono;6.0;80.0;;0.8170850339114932;9;mnist_0_9;969
sparse_sem_sono;6.0;80.0;;0.7088927778666018;10;mnist_0_9;956
sparse_sem_sono;6.0;80.0;;0.8394629276896015;11;mnist_0_9;1001
sparse_sem_sono;6.0;80.0;;0.7320490367427878;12;mnist_0_9;985
sparse_sem_sono;6.0;80.0;;0.8715703500502535;13;mnist_0_9;995
sparse_sem_sono;6.0;80.0;;0.6112084057016071;14;mnist_0_9;1001
sparse_sem_sono;6.0;80.0;;0.46974119455880703;15;mnist_0_9;983
sparse_sem_sono;6.0;80.0;;0.7744697419370884;16;mnist_0_9;978
sparse_sem_sono;6.0;80.0;;0.7110332747242474;17;mnist_0_9;931
sparse_sem_sono;6.0;80.0;;0.6699747017534542;18;mnist_0_9;930
sparse_sem_sono;6.0;80.0;;0.8698190299424013;19;mnist_0_9;957
sparse_sem_sono;6.0;80.0;;0.8355711209887683;20;mnist_0_9;1017
sparse_sem_sono;6.0;80.0;;0.6086787308763265;21;mnist_0_9;1003
sparse_sem_sono;6.0;80.0;;0.7413893781948887;22;mnist_0_9;961
sparse_sem_sono;6.0;80.0;;0.8511383558530523;23;mnist_0_9;966
sparse_sem_sono;6.0;80.0;;0.4701303740342458;24;mnist_0_9;985
sparse_sem_sono;6.0;90.0;;0.5903872340007106;1;mnist_0_9;492
sparse_sem_sono;6.0;90.0;;0.4765518547484652;2;mnist_0_9;509
sparse_sem_sono;6.0;90.0;;0.4615683956504866;3;mnist_0_9;524
sparse_sem_sono;6.0;90.0;;0.45864953897207666;4;mnist_0_9;531
sparse_sem_sono;7.0;0.0;;0.8966725081013993;1;mnist_0_9;5621
sparse_sem_sono;7.0;0.0;;0.9387040314425705;2;mnist_0_9;5621
sparse_sem_sono;7.0;0.0;;0.940066166333731;3;mnist_0_9;5621
sparse_sem_sono;7.0;0.0;;0.9482389606026551;4;mnist_0_9;5621
sparse_sem_sono;7.0;0.0;;0.9231368002318111;5;mnist_0_9;5621
sparse_sem_sono;7.0;0.0;;0.9221638480636669;6;mnist_0_9;5621
sparse_sem_sono;7.0;0.0;;0.9040669404038383;7;mnist_0_9;5621
sparse_sem_sono;7.0;0.0;;0.9350068154653285;8;mnist_0_9;5621
sparse_sem_sono;7.0;0.0;;0.9363689467029642;9;mnist_0_9;5621
sparse_sem_sono;7.0;0.0;;0.9283907403160009;10;mnist_0_9;5621
sparse_sem_sono;7.0;0.0;;0.9390932118458886;11;mnist_0_9;5621
sparse_sem_sono;7.0;0.0;;0.943179610546147;12;mnist_0_9;5621
sparse_sem_sono;7.0;0.0;;0.9169099041519752;13;mnist_0_9;5621
sparse_sem_sono;7.0;0.0;;0.9202179414076804;14;mnist_0_9;5621
sparse_sem_sono;7.0;0.0;;0.9328663201154868;15;mnist_0_9;5621
sparse_sem_sono;7.0;0.0;;0.9482389640822023;16;mnist_0_9;5621
sparse_sem_sono;7.0;0.0;;0.9425958401151473;17;mnist_0_9;5621
sparse_sem_sono;7.0;0.0;;0.9408445234868424;18;mnist_0_9;5621
sparse_sem_sono;7.0;0.0;;0.9318933664395388;19;mnist_0_9;5621
sparse_sem_sono;7.0;0.0;;0.9367581304118522;20;mnist_0_9;5621
sparse_sem_sono;7.0;0.0;;0.9527145379084654;21;mnist_0_9;5621
sparse_sem_sono;7.0;0.0;;0.9513524028433277;22;mnist_0_9;5621
sparse_sem_sono;7.0;0.0;;0.9472660074486392;23;mnist_0_9;5621
sparse_sem_sono;7.0;0.0;;0.9525199473588516;24;mnist_0_9;5621
sparse_sem_sono;7.0;20.0;;0.9188558061685653;1;mnist_0_9;4526
sparse_sem_sono;7.0;20.0;;0.9311150021533554;2;mnist_0_9;4494
sparse_sem_sono;7.0;20.0;;0.9093208806620054;3;mnist_0_9;4499
sparse_sem_sono;7.0;20.0;;0.8892780763208924;4;mnist_0_9;4469
sparse_sem_sono;7.0;20.0;;0.9320879506679749;5;mnist_0_9;4558
sparse_sem_sono;7.0;20.0;;0.8583381984177719;6;mnist_0_9;4541
sparse_sem_sono;7.0;20.0;;0.9136018710717266;7;mnist_0_9;4478
sparse_sem_sono;7.0;20.0;;0.8877213472265937;8;mnist_0_9;4487
sparse_sem_sono;7.0;50.0;;0.8696244443801388;1;mnist_0_9;2861
sparse_sem_sono;7.0;50.0;;0.9100992429764453;2;mnist_0_9;2742
sparse_sem_sono;7.0;50.0;;0.8760459223687127;3;mnist_0_9;2791
sparse_sem_sono;7.0;50.0;;0.8244794705053738;4;mnist_0_9;2844
sparse_sem_sono;7.0;50.0;;0.9246935230049323;5;mnist_0_9;2873
sparse_sem_sono;7.0;50.0;;0.9315041848763717;6;mnist_0_9;2901
sparse_sem_sono;7.0;50.0;;0.9241097475865816;7;mnist_0_9;2790
sparse_sem_sono;7.0;50.0;;0.8661218128053101;8;mnist_0_9;2792
sparse_sem_sono;7.0;50.0;;0.8040474766561275;9;mnist_0_9;2793
sparse_sem_sono;7.0;50.0;;0.9091262881406482;10;mnist_0_9;2770
sparse_sem_sono;7.0;80.0;;0.7892586107174231;1;mnist_0_9;1144
sparse_sem_sono;7.0;80.0;;0.8676785394059333;2;mnist_0_9;1124
sparse_sem_sono;7.0;80.0;;0.7754426926554212;3;mnist_0_9;1132
sparse_sem_sono;7.0;80.0;;0.6705584729963482;4;mnist_0_9;1172
sparse_sem_sono;7.0;80.0;;0.8585327916350386;5;mnist_0_9;1149
sparse_sem_sono;7.0;80.0;;0.692936369268132;6;mnist_0_9;1231
sparse_sem_sono;7.0;80.0;;0.8937536524088612;7;mnist_0_9;1144
sparse_sem_sono;7.0;80.0;;0.880910685703109;8;mnist_0_9;1095
sparse_sem_sono;7.0;80.0;;0.7408056067780173;9;mnist_0_9;1131
sparse_sem_sono;7.0;80.0;;0.795680088705997;10;mnist_0_9;1122
sparse_sem_sono;7.0;80.0;;0.6602451815798163;11;mnist_0_9;1166
sparse_sem_sono;7.0;80.0;;0.8460789998233214;12;mnist_0_9;1154
sparse_sem_sono;7.0;80.0;;0.9052344829476188;13;mnist_0_9;1162
sparse_sem_sono;7.0;80.0;;0.6752286461290856;14;mnist_0_9;1175
sparse_sem_sono;7.0;80.0;;0.8688460816017591;15;mnist_0_9;1135
sparse_sem_sono;7.0;80.0;;0.8614516446599239;16;mnist_0_9;1154
sparse_sem_sono;7.0;80.0;;0.7450865951580026;17;mnist_0_9;1106
sparse_sem_sono;7.0;80.0;;0.8661218124573554;18;mnist_0_9;1095
sparse_sem_sono;7.0;80.0;;0.8838295389019717;19;mnist_0_9;1134
sparse_sem_sono;7.0;80.0;;0.8766296944814935;20;mnist_0_9;1180
sparse_sem_sono;7.0;80.0;;0.8896672494171611;21;mnist_0_9;1184
sparse_sem_sono;7.0;80.0;;0.8645650926998418;22;mnist_0_9;1153
sparse_sem_sono;7.0;80.0;;0.774858920368663;23;mnist_0_9;1127
sparse_sem_sono;7.0;80.0;;0.8394629269936921;24;mnist_0_9;1149
sparse_sem_sono;7.0;90.0;;0.6507102518977996;1;mnist_0_9;578
sparse_sem_sono;7.0;90.0;;0.5508853849628876;2;mnist_0_9;592
sparse_sem_sono;7.0;90.0;;0.6999416244728228;3;mnist_0_9;604
sparse_sem_sono;7.0;90.0;;0.5726795077880641;4;mnist_0_9;623
sparse_sem_sono;8.0;0.0;;0.9392878057010723;1;mnist_0_9;6440
sparse_sem_sono;8.0;0.0;;0.9361743565013052;2;mnist_0_9;6440
sparse_sem_sono;8.0;0.0;;0.9342284521650168;3;mnist_0_9;6440
sparse_sem_sono;8.0;0.0;;0.9338392727475705;4;mnist_0_9;6440
sparse_sem_sono;8.0;0.0;;0.9313095986181995;5;mnist_0_9;6440
sparse_sem_sono;8.0;0.0;;0.9540766745973919;6;mnist_0_9;6440
sparse_sem_sono;8.0;0.0;;0.9437633823109731;7;mnist_0_9;6440
sparse_sem_sono;8.0;0.0;;0.8990075906952848;8;mnist_0_9;6440
sparse_sem_sono;8.0;0.0;;0.9513524086425731;9;mnist_0_9;6440
sparse_sem_sono;8.0;0.0;;0.9488227312076322;10;mnist_0_9;6440
sparse_sem_sono;8.0;0.0;;0.898034639339035;11;mnist_0_9;6440
sparse_sem_sono;8.0;0.0;;0.905623665670635;12;mnist_0_9;6440
sparse_sem_sono;8.0;0.0;;0.9143802307185136;13;mnist_0_9;6440
sparse_sem_sono;8.0;0.0;;0.9571901156782153;14;mnist_0_9;6440
sparse_sem_sono;8.0;0.0;;0.9003697219329206;15;mnist_0_9;6440
sparse_sem_sono;8.0;0.0;;0.9418174781486621;16;mnist_0_9;6440
sparse_sem_sono;8.0;0.0;;0.9322825524681249;17;mnist_0_9;6440
sparse_sem_sono;8.0;0.0;;0.9595252017516481;18;mnist_0_9;6440
sparse_sem_sono;8.0;0.0;;0.941622886787154;19;mnist_0_9;6440
sparse_sem_sono;8.0;0.0;;0.9003697205990941;20;mnist_0_9;6440
sparse_sem_sono;8.0;0.0;;0.9556333953987696;21;mnist_0_9;6440
sparse_sem_sono;8.0;0.0;;0.8705973967222602;22;mnist_0_9;6440
sparse_sem_sono;8.0;0.0;;0.9538820789444421;23;mnist_0_9;6440
sparse_sem_sono;8.0;0.0;;0.8912239706824786;24;mnist_0_9;6440
sparse_sem_sono;8.0;20.0;;0.9488227310336548;1;mnist_0_9;5181
sparse_sem_sono;8.0;20.0;;0.9496010941599891;2;mnist_0_9;5144
sparse_sem_sono;8.0;20.0;;0.9128235081193697;3;mnist_0_9;5163
sparse_sem_sono;8.0;20.0;;0.9410391176899807;4;mnist_0_9;5115
sparse_sem_sono;8.0;20.0;;0.9264448392852824;5;mnist_0_9;5212
sparse_sem_sono;8.0;20.0;;0.9149640011495133;6;mnist_0_9;5207
sparse_sem_sono;8.0;20.0;;0.9198287596705359;7;mnist_0_9;5147
sparse_sem_sono;8.0;20.0;;0.929752871727614;8;mnist_0_9;5152
sparse_sem_sono;8.0;50.0;;0.9171044945276116;1;mnist_0_9;3301
sparse_sem_sono;8.0;50.0;;0.9229422022591632;2;mnist_0_9;3154
sparse_sem_sono;8.0;50.0;;0.895115782138693;3;mnist_0_9;3181
sparse_sem_sono;8.0;50.0;;0.9106830155531658;4;mnist_0_9;3258
sparse_sem_sono;8.0;50.0;;0.9305312325342501;5;mnist_0_9;3265
sparse_sem_sono;8.0;50.0;;0.9338392692680233;6;mnist_0_9;3320
sparse_sem_sono;8.0;50.0;;0.9048452997026705;7;mnist_0_9;3213
sparse_sem_sono;8.0;50.0;;0.9163261327351038;8;mnist_0_9;3187
sparse_sem_sono;8.0;50.0;;0.9328663162879848;9;mnist_0_9;3213
sparse_sem_sono;8.0;50.0;;0.9410391156602449;10;mnist_0_9;3170
sparse_sem_sono;8.0;80.0;;0.8198092982425234;1;mnist_0_9;1306
sparse_sem_sono;8.0;80.0;;0.6830122568630991;2;mnist_0_9;1296
sparse_sem_sono;8.0;80.0;;0.7875072949010126;3;mnist_0_9;1295
sparse_sem_sono;8.0;80.0;;0.7738859687224509;4;mnist_0_9;1342
sparse_sem_sono;8.0;80.0;;0.828565870713436;5;mnist_0_9;1321
sparse_sem_sono;8.0;80.0;;0.8663164064865164;6;mnist_0_9;1395
sparse_sem_sono;8.0;80.0;;0.8279821017902401;7;mnist_0_9;1329
sparse_sem_sono;8.0;80.0;;0.8176688068361685;8;mnist_0_9;1241
sparse_sem_sono;8.0;80.0;;0.8277875056153583;9;mnist_0_9;1294
sparse_sem_sono;8.0;80.0;;0.6876824276181459;10;mnist_0_9;1281
sparse_sem_sono;8.0;80.0;;0.7805020421899973;11;mnist_0_9;1331
sparse_sem_sono;8.0;80.0;;0.8653434504908702;12;mnist_0_9;1310
sparse_sem_sono;8.0;80.0;;0.9056236621910878;13;mnist_0_9;1356
sparse_sem_sono;8.0;80.0;;0.7750535145718014;14;mnist_0_9;1352
sparse_sem_sono;8.0;80.0;;0.8863592161629352;15;mnist_0_9;1324
sparse_sem_sono;8.0;80.0;;0.8844133081731222;16;mnist_0_9;1321
sparse_sem_sono;8.0;80.0;;0.7339949375995288;17;mnist_0_9;1252
sparse_sem_sono;8.0;80.0;;0.9153531817268087;18;mnist_0_9;1267
sparse_sem_sono;8.0;80.0;;0.8345981709663449;19;mnist_0_9;1306
sparse_sem_sono;8.0;80.0;;0.8898618421124957;20;mnist_0_9;1364
sparse_sem_sono;8.0;80.0;;0.874878386436072;21;mnist_0_9;1344
sparse_sem_sono;8.0;80.0;;0.7713562967388007;22;mnist_0_9;1296
sparse_sem_sono;8.0;80.0;;0.6209379236715317;23;mnist_0_9;1297
sparse_sem_sono;8.0;80.0;;0.764351043331876;24;mnist_0_9;1317
sparse_sem_sono;8.0;90.0;;0.6633586300836739;1;mnist_0_9;668
sparse_sem_sono;8.0;90.0;;0.22086008875477658;2;mnist_0_9;673
sparse_sem_sono;8.0;90.0;;0.7024712929189333;4;mnist_0_9;712
sparse_sem_sono;9.0;0.0;;0.9353959976664126;1;mnist_0_9;7263
sparse_sem_sono;9.0;0.0;;0.9369527184677904;2;mnist_0_9;7263
sparse_sem_sono;9.0;0.0;;0.9490173227431176;3;mnist_0_9;7263
sparse_sem_sono;9.0;0.0;;0.9243043459071842;4;mnist_0_9;7263
sparse_sem_sono;9.0;0.0;;0.9165207240966119;5;mnist_0_9;7263
sparse_sem_sono;9.0;0.0;;0.9328663182597282;6;mnist_0_9;7263
sparse_sem_sono;9.0;0.0;;0.9137964586057327;7;mnist_0_9;7263
sparse_sem_sono;9.0;0.0;;0.9564117568433227;8;mnist_0_9;7263
sparse_sem_sono;9.0;0.0;;0.9315041822087187;9;mnist_0_9;7263
sparse_sem_sono;9.0;0.0;;0.9542712636392018;10;mnist_0_9;7263
sparse_sem_sono;9.0;0.0;;0.9505740507935522;11;mnist_0_9;7263
sparse_sem_sono;9.0;0.0;;0.8727378876066829;12;mnist_0_9;7263
sparse_sem_sono;9.0;0.0;;0.9303366459861158;13;mnist_0_9;7263
sparse_sem_sono;9.0;0.0;;0.9496010906804417;14;mnist_0_9;7263
sparse_sem_sono;9.0;0.0;;0.947655193303248;15;mnist_0_9;7263
sparse_sem_sono;9.0;0.0;;0.8515275363723553;16;mnist_0_9;7263
sparse_sem_sono;9.0;0.0;;0.9546604430566481;17;mnist_0_9;7263
sparse_sem_sono;9.0;0.0;;0.942206657392131;18;mnist_0_9;7263
sparse_sem_sono;9.0;0.0;;0.9208017153182274;19;mnist_0_9;7263
sparse_sem_sono;9.0;0.0;;0.9464876474538975;20;mnist_0_9;7263
sparse_sem_sono;9.0;0.0;;0.9330609119409344;21;mnist_0_9;7263
sparse_sem_sono;9.0;0.0;;0.9507686357178978;22;mnist_0_9;7263
sparse_sem_sono;9.0;0.0;;0.9494065043062847;23;mnist_0_9;7263
sparse_sem_sono;9.0;0.0;;0.945320104910117;24;mnist_0_9;7263
sparse_sem_sono;9.0;20.0;;0.9213854894027517;1;mnist_0_9;5821
sparse_sem_sono;9.0;20.0;;0.9313095953126296;2;mnist_0_9;5792
sparse_sem_sono;9.0;20.0;;0.9161315473468185;3;mnist_0_9;5809
sparse_sem_sono;9.0;20.0;;0.9379256694760855;4;mnist_0_9;5782
sparse_sem_sono;9.0;20.0;;0.9350068162772228;5;mnist_0_9;5874
sparse_sem_sono;9.0;20.0;;0.9552442134876478;6;mnist_0_9;5881
sparse_sem_sono;9.0;20.0;;0.9159369556373557;7;mnist_0_9;5799
sparse_sem_sono;9.0;20.0;;0.9422066587259575;8;mnist_0_9;5811
sparse_sem_sono;9.0;50.0;;0.8748783811587586;1;mnist_0_9;3682
sparse_sem_sono;9.0;50.0;;0.931698780355344;2;mnist_0_9;3568
sparse_sem_sono;9.0;50.0;;0.9209963078395845;3;mnist_0_9;3569
sparse_sem_sono;9.0;50.0;;0.9365635347589024;4;mnist_0_9;3690
sparse_sem_sono;9.0;50.0;;0.9268340198625779;5;mnist_0_9;3668
sparse_sem_sono;9.0;50.0;;0.9496010943339663;6;mnist_0_9;3729
sparse_sem_sono;9.0;50.0;;0.9110721947966347;7;mnist_0_9;3628
sparse_sem_sono;9.0;50.0;;0.9562171669896183;8;mnist_0_9;3588
sparse_sem_sono;9.0;50.0;;0.9258610653747356;9;mnist_0_9;3613
sparse_sem_sono;9.0;50.0;;0.9268340196886005;10;mnist_0_9;3546
sparse_sem_sono;9.0;80.0;;0.8955049649197018;1;mnist_0_9;1462
sparse_sem_sono;9.0;80.0;;0.8904456163709974;2;mnist_0_9;1474
sparse_sem_sono;9.0;80.0;;0.8359602983764787;3;mnist_0_9;1450
sparse_sem_sono;9.0;80.0;;0.8632029576347041;4;mnist_0_9;1516
sparse_sem_sono;9.0;80.0;;0.8410196559140134;5;mnist_0_9;1484
sparse_sem_sono;9.0;80.0;;0.8918077501023087;6;mnist_0_9;1562
sparse_sem_sono;9.0;80.0;;0.8877213487343975;7;mnist_0_9;1510
sparse_sem_sono;9.0;80.0;;0.8849970795899937;8;mnist_0_9;1406
sparse_sem_sono;9.0;80.0;;0.8534734379250059;9;mnist_0_9;1476
sparse_sem_sono;9.0;80.0;;0.845495234669635;10;mnist_0_9;1431
sparse_sem_sono;9.0;80.0;;0.8486086784181114;11;mnist_0_9;1485
sparse_sem_sono;9.0;80.0;;0.8838295342625754;12;mnist_0_9;1454
sparse_sem_sono;9.0;80.0;;0.849387040558574;13;mnist_0_9;1510
sparse_sem_sono;9.0;80.0;;0.8464681846920584;14;mnist_0_9;1520
sparse_sem_sono;9.0;80.0;;0.7810858116351252;15;mnist_0_9;1542
sparse_sem_sono;9.0;80.0;;0.8873321648515322;16;mnist_0_9;1487
sparse_sem_sono;9.0;80.0;;0.9060128464219078;17;mnist_0_9;1419
sparse_sem_sono;9.0;80.0;;0.8838295398878434;18;mnist_0_9;1423
sparse_sem_sono;9.0;80.0;;0.919439577121497;19;mnist_0_9;1471
sparse_sem_sono;9.0;80.0;;0.8855808507169028;20;mnist_0_9;1524
sparse_sem_sono;9.0;80.0;;0.6326133529948316;21;mnist_0_9;1521
sparse_sem_sono;9.0;80.0;;0.8853862638208138;22;mnist_0_9;1470
sparse_sem_sono;9.0;80.0;;0.9003697257604226;23;mnist_0_9;1472
sparse_sem_sono;9.0;80.0;;0.9056236623650651;24;mnist_0_9;1500
sparse_sem_sono;9.0;90.0;;0.7285464131129255;1;mnist_0_9;734
sparse_sem_sono;9.0;90.0;;0.5514691549299477;2;mnist_0_9;761
sparse_sem_sono;9.0;90.0;;0.7369137962496821;3;mnist_0_9;771
sparse_sem_sono;9.0;90.0;;0.7482000385585242;4;mnist_0_9;808
sparse_sem_sono;10.0;0.0;;0.9404553444173508;1;mnist_0_9;8090
sparse_sem_sono;10.0;0.0;;0.939287798915955;2;mnist_0_9;8090
sparse_sem_sono;10.0;0.0;;0.9519361769278519;3;mnist_0_9;8090
sparse_sem_sono;10.0;0.0;;0.9604981573993395;4;mnist_0_9;8090
sparse_sem_sono;10.0;0.0;;0.9476551911575272;5;mnist_0_9;8090
sparse_sem_sono;10.0;0.0;;0.959914384300687;6;mnist_0_9;8090
sparse_sem_sono;10.0;0.0;;0.9357851726184399;7;mnist_0_9;8090
sparse_sem_sono;10.0;0.0;;0.956411752551881;8;mnist_0_9;8090
sparse_sem_sono;10.0;0.0;;0.9478497775316842;9;mnist_0_9;8090
sparse_sem_sono;10.0;0.0;;0.9490173227431176;10;mnist_0_9;8090
sparse_sem_sono;10.0;0.0;;0.9534929030065431;11;mnist_0_9;8090
sparse_sem_sono;10.0;0.0;;0.9406499392584062;12;mnist_0_9;8090
sparse_sem_sono;10.0;0.0;;0.9474605964904491;13;mnist_0_9;8090
sparse_sem_sono;10.0;0.0;;0.9307258272013281;14;mnist_0_9;8090
sparse_sem_sono;10.0;0.0;;0.9606927437734966;15;mnist_0_9;8090
sparse_sem_sono;10.0;0.0;;0.8591165613701288;16;mnist_0_9;8090
sparse_sem_sono;10.0;0.0;;0.9307258225619317;17;mnist_0_9;8090
sparse_sem_sono;10.0;0.0;;0.9608873353089821;18;mnist_0_9;8090
sparse_sem_sono;10.0;0.0;;0.9568009397403162;19;mnist_0_9;8090
sparse_sem_sono;10.0;0.0;;0.935785173778289;20;mnist_0_9;8090
sparse_sem_sono;10.0;0.0;;0.9459038713976298;21;mnist_0_9;8090
sparse_sem_sono;10.0;0.0;;0.9509632255716022;22;mnist_0_9;8090
sparse_sem_sono;10.0;0.0;;0.9564117571912774;23;mnist_0_9;8090
sparse_sem_sono;10.0;0.0;;0.9081533396260287;24;mnist_0_9;8090
sparse_sem_sono;10.0;20.0;;0.9307258225619317;1;mnist_0_9;6487
sparse_sem_sono;10.0;20.0;;0.9626386506034604;2;mnist_0_9;6431
sparse_sem_sono;10.0;20.0;;0.9610819268444675;3;mnist_0_9;6463
sparse_sem_sono;10.0;20.0;;0.9525199473588516;4;mnist_0_9;6444
sparse_sem_sono;10.0;20.0;;0.9501848649389434;5;mnist_0_9;6532
sparse_sem_sono;10.0;20.0;;0.9552442161553006;6;mnist_0_9;6547
sparse_sem_sono;10.0;20.0;;0.9455146942998816;7;mnist_0_9;6473
sparse_sem_sono;10.0;20.0;;0.9575792949216843;8;mnist_0_9;6461
sparse_sem_sono;10.0;80.0;;0.8888888869287439;1;mnist_0_9;1617
sparse_sem_sono;10.0;80.0;;0.8964779121004949;2;mnist_0_9;1644
sparse_sem_sono;10.0;80.0;;0.8575598383070453;3;mnist_0_9;1622
sparse_sem_sono;10.0;80.0;;0.5913601873287039;4;mnist_0_9;1689
sparse_sem_sono;10.0;80.0;;0.8694298520327589;5;mnist_0_9;1667
sparse_sem_sono;10.0;80.0;;0.9021210375753538;6;mnist_0_9;1734
sparse_sem_sono;10.0;80.0;;0.9250827022484013;7;mnist_0_9;1666
sparse_sem_sono;10.0;80.0;;0.8863592161629352;8;mnist_0_9;1595
sparse_sem_sono;10.0;80.0;;0.9171044937157171;9;mnist_0_9;1658
sparse_sem_sono;10.0;80.0;;0.8939482361733577;10;mnist_0_9;1607
sparse_sem_sono;10.0;80.0;;0.8462735923446786;11;mnist_0_9;1632
sparse_sem_sono;10.0;80.0;;0.8816890478435716;12;mnist_0_9;1634
sparse_sem_sono;10.0;80.0;;0.8369332532122757;13;mnist_0_9;1700
sparse_sem_sono;10.0;80.0;;0.9001751294115634;14;mnist_0_9;1673
sparse_sem_sono;10.0;80.0;;0.9085425173616938;15;mnist_0_9;1708
sparse_sem_sono;10.0;80.0;;0.8764351060776007;16;mnist_0_9;1660
sparse_sem_sono;10.0;80.0;;0.8918077487684822;17;mnist_0_9;1589
sparse_sem_sono;10.0;80.0;;0.9036777565209729;18;mnist_0_9;1605
sparse_sem_sono;10.0;80.0;;0.8425763746856553;19;mnist_0_9;1634
sparse_sem_sono;10.0;80.0;;0.8458844154209079;20;mnist_0_9;1702
sparse_sem_sono;10.0;80.0;;0.8412142417662384;21;mnist_0_9;1695
sparse_sem_sono;10.0;80.0;;0.8927806969351471;22;mnist_0_9;1656
sparse_sem_sono;10.0;80.0;;0.8443276911399828;23;mnist_0_9;1670
sparse_sem_sono;10.0;80.0;;0.9021210370534216;24;mnist_0_9;1674
sparse_sem_sono;10.0;90.0;;0.7345787135398116;1;mnist_0_9;810
sparse_sem_sono;10.0;90.0;;0.8544463929347803;2;mnist_0_9;846
sparse_sem_sono;10.0;90.0;;0.7731076098875583;3;mnist_0_9;843
sparse_sem_sono;10.0;90.0;;0.6409807340438599;4;mnist_0_9;897
sparse_sem_sono;11.0;0.0;;0.9254718828256967;1;mnist_0_9;8921
sparse_sem_sono;11.0;0.0;;0.9357851736043116;2;mnist_0_9;8921
sparse_sem_sono;11.0;0.0;;0.9513524061488975;3;mnist_0_9;8921
sparse_sem_sono;11.0;0.0;;0.9361743530217579;4;mnist_0_9;8921
sparse_sem_sono;11.0;0.0;;0.9501848649389434;5;mnist_0_9;8921
sparse_sem_sono;11.0;0.0;;0.9575793008949071;6;mnist_0_9;8921
sparse_sem_sono;11.0;0.0;;0.9412337098633833;7;mnist_0_9;8921
sparse_sem_sono;11.0;0.0;;0.9496010954938154;8;mnist_0_9;8921
sparse_sem_sono;11.0;0.0;;0.942985020344488;9;mnist_0_9;8921
sparse_sem_sono;11.0;0.0;;0.955827985774406;10;mnist_0_9;8921
sparse_sem_sono;11.0;0.0;;0.9525199485187007;11;mnist_0_9;8921
sparse_sem_sono;11.0;0.0;;0.9622494713599915;12;mnist_0_9;8921
sparse_sem_sono;11.0;0.0;;0.9174936739450579;13;mnist_0_9;8921
sparse_sem_sono;11.0;0.0;;0.9120451444711034;14;mnist_0_9;8921
sparse_sem_sono;11.0;0.0;;0.9435687922832914;15;mnist_0_9;8921
sparse_sem_sono;11.0;0.0;;0.9603035645300276;16;mnist_0_9;8921
sparse_sem_sono;11.0;0.0;;0.9159369521578083;17;mnist_0_9;8921
sparse_sem_sono;11.0;0.0;;0.9285853306916373;18;mnist_0_9;8921
sparse_sem_sono;11.0;0.0;;0.939287802221525;19;mnist_0_9;8921
sparse_sem_sono;11.0;0.0;;0.9433742009217834;20;mnist_0_9;8921
sparse_sem_sono;11.0;0.0;;0.9091262906343238;21;mnist_0_9;8921
sparse_sem_sono;11.0;0.0;;0.9476551876779798;22;mnist_0_9;8921
sparse_sem_sono;11.0;0.0;;0.9299474650608656;23;mnist_0_9;8921
sparse_sem_sono;11.0;0.0;;0.9145748186004744;24;mnist_0_9;8921
sparse_sem_sono;11.0;20.0;;0.9194395781073688;1;mnist_0_9;7123
sparse_sem_sono;11.0;20.0;;0.9595252062170672;2;mnist_0_9;7111
sparse_sem_sono;11.0;20.0;;0.9128235100911132;3;mnist_0_9;7127
sparse_sem_sono;11.0;20.0;;0.9474605988101473;4;mnist_0_9;7101
sparse_sem_sono;11.0;20.0;;0.935006814131502;5;mnist_0_9;7172
sparse_sem_sono;11.0;20.0;;0.9511578171070876;6;mnist_0_9;7207
sparse_sem_sono;11.0;20.0;;0.9532983136167784;7;mnist_0_9;7119
sparse_sem_sono;11.0;20.0;;0.9093208770084807;8;mnist_0_9;7137
sparse_sem_sono;11.0;80.0;;0.8853862621390326;1;mnist_0_9;1777
sparse_sem_sono;11.0;80.0;;0.9011480857551643;2;mnist_0_9;1847
sparse_sem_sono;11.0;80.0;;0.8884997088451241;3;mnist_0_9;1809
sparse_sem_sono;11.0;80.0;;0.9241097525739327;4;mnist_0_9;1859
sparse_sem_sono;11.0;80.0;;0.9030939895695206;5;mnist_0_9;1821
sparse_sem_sono;11.0;80.0;;0.9248881120467423;6;mnist_0_9;1906
sparse_sem_sono;11.0;80.0;;0.9211908967074172;7;mnist_0_9;1849
sparse_sem_sono;11.0;80.0;;0.8583381943003077;8;mnist_0_9;1764
sparse_sem_sono;11.0;80.0;;0.9021210352556556;9;mnist_0_9;1839
sparse_sem_sono;11.0;80.0;;0.8894726617091777;10;mnist_0_9;1756
sparse_sem_sono;11.0;80.0;;0.912239732701019;11;mnist_0_9;1792
sparse_sem_sono;11.0;80.0;;0.7310760867203644;12;mnist_0_9;1810
sparse_sem_sono;11.0;80.0;;0.9165207227627854;13;mnist_0_9;1894
sparse_sem_sono;11.0;80.0;;0.911072192650914;14;mnist_0_9;1865
sparse_sem_sono;11.0;80.0;;0.9087371110429001;15;mnist_0_9;1885
sparse_sem_sono;11.0;80.0;;0.9106830132334677;16;mnist_0_9;1829
sparse_sem_sono;11.0;80.0;;0.9073749764996945;17;mnist_0_9;1740
sparse_sem_sono;11.0;80.0;;0.9225530340922531;18;mnist_0_9;1774
sparse_sem_sono;11.0;80.0;;0.8844133094489562;19;mnist_0_9;1783
sparse_sem_sono;11.0;80.0;;0.9136018700858549;20;mnist_0_9;1879
sparse_sem_sono;11.0;80.0;;0.898812997188056;21;mnist_0_9;1872
sparse_sem_sono;11.0;80.0;;0.8445222788479663;22;mnist_0_9;1848
sparse_sem_sono;11.0;80.0;;0.8990075928410056;23;mnist_0_9;1845
sparse_sem_sono;11.0;80.0;;0.9248881141924631;24;mnist_0_9;1855
sparse_sem_sono;11.0;90.0;;0.7863397525312094;1;mnist_0_9;902
sparse_sem_sono;11.0;90.0;;0.8332360354372675;2;mnist_0_9;964
sparse_sem_sono;11.0;90.0;;0.75851333148286;3;mnist_0_9;930
sparse_sem_sono;11.0;90.0;;0.8548355716563171;4;mnist_0_9;978
sparse_sem_sono;12.0;0.0;;0.929947465234843;1;mnist_0_9;9756
sparse_sem_sono;12.0;0.0;;0.9509632292251268;2;mnist_0_9;9756
sparse_sem_sono;12.0;0.0;;0.924304339122067;3;mnist_0_9;9756
sparse_sem_sono;12.0;0.0;;0.9577738886028905;4;mnist_0_9;9756
sparse_sem_sono;12.0;0.0;;0.9476551913315046;5;mnist_0_9;9756
sparse_sem_sono;12.0;0.0;;0.9641953712308609;6;mnist_0_9;9756
sparse_sem_sono;12.0;0.0;;0.9511578146134121;7;mnist_0_9;9756
sparse_sem_sono;12.0;0.0;;0.9554388027034351;8;mnist_0_9;9756
sparse_sem_sono;12.0;0.0;;0.9272231954525222;9;mnist_0_9;9756
sparse_sem_sono;12.0;0.0;;0.957190120491589;10;mnist_0_9;9756
sparse_sem_sono;12.0;0.0;;0.9618602853314054;11;mnist_0_9;9756
sparse_sem_sono;12.0;0.0;;0.9532983106591633;12;mnist_0_9;9756
sparse_sem_sono;12.0;0.0;;0.9612765206996512;13;mnist_0_9;9756
sparse_sem_sono;12.0;0.0;;0.9332555023165708;14;mnist_0_9;9756
sparse_sem_sono;12.0;0.0;;0.9365635390503441;15;mnist_0_9;9756
sparse_sem_sono;12.0;0.0;;0.9392878008876986;16;mnist_0_9;9756
sparse_sem_sono;12.0;0.0;;0.9272231952785448;17;mnist_0_9;9756
sparse_sem_sono;12.0;0.0;;0.9587468454104311;18;mnist_0_9;9756
sparse_sem_sono;12.0;0.0;;0.9332555031284652;19;mnist_0_9;9756
sparse_sem_sono;12.0;0.0;;0.9021210364155047;20;mnist_0_9;9756
sparse_sem_sono;12.0;0.0;;0.9682817735846438;21;mnist_0_9;9756
sparse_sem_sono;12.0;0.0;;0.9377310771287056;22;mnist_0_9;9756
sparse_sem_sono;12.0;0.0;;0.9422066608716784;23;mnist_0_9;9756
sparse_sem_sono;12.0;0.0;;0.9097100610653235;24;mnist_0_9;9756
sparse_sem_sono;12.0;20.0;;0.9425958445805662;1;mnist_0_9;7804
sparse_sem_sono;12.0;20.0;;0.9433741999359117;2;mnist_0_9;7750
sparse_sem_sono;12.0;20.0;;0.9548550307646315;3;mnist_0_9;7797
sparse_sem_sono;12.0;20.0;;0.9554388061829823;4;mnist_0_9;7755
sparse_sem_sono;12.0;20.0;;0.9390932106860396;5;mnist_0_9;7853
sparse_sem_sono;12.0;20.0;;0.9515469951907075;6;mnist_0_9;7860
sparse_sem_sono;12.0;20.0;;0.9523253619705664;7;mnist_0_9;7798
sparse_sem_sono;12.0;20.0;;0.9556333929050941;8;mnist_0_9;7805
sparse_sem_sono;12.0;80.0;;0.9171044981811362;1;mnist_0_9;1947
sparse_sem_sono;12.0;80.0;;0.9132126833613593;2;mnist_0_9;1998
sparse_sem_sono;12.0;80.0;;0.9357851759240098;3;mnist_0_9;1972
sparse_sem_sono;12.0;80.0;;0.9079587490764149;4;mnist_0_9;2026
sparse_sem_sono;12.0;80.0;;0.9330609117669572;5;mnist_0_9;2008
sparse_sem_sono;12.0;80.0;;0.9069857970822481;6;mnist_0_9;2067
sparse_sem_sono;12.0;80.0;;0.9353959943608426;7;mnist_0_9;2018
sparse_sem_sono;12.0;80.0;;0.9032885795972022;8;mnist_0_9;1918
sparse_sem_sono;12.0;80.0;;0.9262502467639253;9;mnist_0_9;2002
sparse_sem_sono;12.0;80.0;;0.9260556519228699;10;mnist_0_9;1932
sparse_sem_sono;12.0;80.0;;0.9085425188694977;11;mnist_0_9;1966
sparse_sem_sono;12.0;80.0;;0.9100992393229207;12;mnist_0_9;1995
sparse_sem_sono;12.0;80.0;;0.8470519609223036;13;mnist_0_9;2073
sparse_sem_sono;12.0;80.0;;0.9023156289368619;14;mnist_0_9;2026
sparse_sem_sono;12.0;80.0;;0.878186417544577;15;mnist_0_9;2060
sparse_sem_sono;12.0;80.0;;0.8956995597607571;16;mnist_0_9;2040
sparse_sem_sono;12.0;80.0;;0.9174936749309296;17;mnist_0_9;1906
sparse_sem_sono;12.0;80.0;;0.9344230423666758;18;mnist_0_9;1933
sparse_sem_sono;12.0;80.0;;0.9243043414417652;19;mnist_0_9;1972
sparse_sem_sono;12.0;80.0;;0.8997859513279436;20;mnist_0_9;2050
sparse_sem_sono;12.0;80.0;;0.9083479309875369;21;mnist_0_9;2040
sparse_sem_sono;12.0;80.0;;0.9285853359689507;22;mnist_0_9;2024
sparse_sem_sono;12.0;80.0;;0.9291691026304408;23;mnist_0_9;1992
sparse_sem_sono;12.0;80.0;;0.8935590549581454;24;mnist_0_9;2020
sparse_sem_sono;12.0;90.0;;0.8272037376780342;1;mnist_0_9;996
sparse_sem_sono;12.0;90.0;;0.7972368171043863;2;mnist_0_9;1043
sparse_sem_sono;12.0;90.0;;0.8632029594324702;3;mnist_0_9;1007
sparse_sem_sono;12.0;90.0;;0.840630470349367;4;mnist_0_9;1071
sparse_sem_sono;13.0;0.0;;0.9641953745364308;1;mnist_0_9;10595
sparse_sem_sono;13.0;0.0;;0.9278069695370464;2;mnist_0_9;10595
sparse_sem_sono;13.0;0.0;;0.9562171691353392;3;mnist_0_9;10595
sparse_sem_sono;13.0;0.0;;0.9573847095333989;4;mnist_0_9;10595
sparse_sem_sono;13.0;0.0;;0.9525199435313496;5;mnist_0_9;10595
sparse_sem_sono;13.0;0.0;;0.9355905835766299;6;mnist_0_9;10595
sparse_sem_sono;13.0;0.0;;0.9552442159813233;7;mnist_0_9;10595
sparse_sem_sono;13.0;0.0;;0.9437633826589278;8;mnist_0_9;10595
sparse_sem_sono;13.0;0.0;;0.9554388073428314;9;mnist_0_9;10595
sparse_sem_sono;13.0;0.0;;0.9626386539090304;10;mnist_0_9;10595
sparse_sem_sono;13.0;0.0;;0.9661412800325682;11;mnist_0_9;10595
sparse_sem_sono;13.0;0.0;;0.9585522482496774;12;mnist_0_9;10595
sparse_sem_sono;13.0;0.0;;0.9484335541098841;13;mnist_0_9;10595
sparse_sem_sono;13.0;0.0;;0.9614711078857026;14;mnist_0_9;10595
sparse_sem_sono;13.0;0.0;;0.9657521009630766;15;mnist_0_9;10595
sparse_sem_sono;13.0;0.0;;0.9462930609057632;16;mnist_0_9;10595
sparse_sem_sono;13.0;0.0;;0.9482389607766325;17;mnist_0_9;10595
sparse_sem_sono;13.0;0.0;;0.9634170115840739;18;mnist_0_9;10595
sparse_sem_sono;13.0;0.0;;0.9431796092123205;19;mnist_0_9;10595
sparse_sem_sono;13.0;0.0;;0.9560225756281103;20;mnist_0_9;10595
sparse_sem_sono;13.0;0.0;;0.9688655430297718;21;mnist_0_9;10595
sparse_sem_sono;13.0;0.0;;0.9581630680203368;22;mnist_0_9;10595
sparse_sem_sono;13.0;0.0;;0.9486281413539278;23;mnist_0_9;10595
sparse_sem_sono;13.0;0.0;;0.9562171621762446;24;mnist_0_9;10595
sparse_sem_sono;13.0;20.0;;0.939093216485285;1;mnist_0_9;8492
sparse_sem_sono;13.0;20.0;;0.9532983104851859;2;mnist_0_9;8430
sparse_sem_sono;13.0;20.0;;0.9606927485868703;3;mnist_0_9;8483
sparse_sem_sono;13.0;20.0;;0.9299474675545412;4;mnist_0_9;8424
sparse_sem_sono;13.0;20.0;;0.9350068131456303;5;mnist_0_9;8539
sparse_sem_sono;13.0;20.0;;0.9618602864912544;6;mnist_0_9;8533
sparse_sem_sono;13.0;20.0;;0.9328663111266563;7;mnist_0_9;8445
sparse_sem_sono;13.0;20.0;;0.9484335554437104;8;mnist_0_9;8488
sparse_sem_sono;13.0;80.0;;0.8793539627560105;1;mnist_0_9;2126
sparse_sem_sono;13.0;80.0;;0.9280015585788565;2;mnist_0_9;2174
sparse_sem_sono;13.0;80.0;;0.9108776057548248;3;mnist_0_9;2149
sparse_sem_sono;13.0;80.0;;0.9246935183655359;4;mnist_0_9;2193
sparse_sem_sono;13.0;80.0;;0.939676987090262;5;mnist_0_9;2168
sparse_sem_sono;13.0;80.0;;0.9326717280580692;6;mnist_0_9;2229
sparse_sem_sono;13.0;80.0;;0.9268340208484496;7;mnist_0_9;2197
sparse_sem_sono;13.0;80.0;;0.9141856383131413;8;mnist_0_9;2095
sparse_sem_sono;13.0;80.0;;0.9280015608985546;9;mnist_0_9;2185
sparse_sem_sono;13.0;80.0;;0.8890834822917314;10;mnist_0_9;2113
sparse_sem_sono;13.0;80.0;;0.9172990872229461;11;mnist_0_9;2156
sparse_sem_sono;13.0;80.0;;0.8951157785431609;12;mnist_0_9;2170
sparse_sem_sono;13.0;80.0;;0.9404553442433734;13;mnist_0_9;2259
sparse_sem_sono;13.0;80.0;;0.8110527369641544;14;mnist_0_9;2187
sparse_sem_sono;13.0;80.0;;0.8610624665183115;15;mnist_0_9;2234
sparse_sem_sono;13.0;80.0;;0.9250827035822278;16;mnist_0_9;2225
sparse_sem_sono;13.0;80.0;;0.875656742777289;17;mnist_0_9;2094
sparse_sem_sono;13.0;80.0;;0.9106830109137695;18;mnist_0_9;2094
sparse_sem_sono;13.0;80.0;;0.9132126901464764;19;mnist_0_9;2131
sparse_sem_sono;13.0;80.0;;0.9190504026914018;20;mnist_0_9;2226
sparse_sem_sono;13.0;80.0;;0.9285853338232298;21;mnist_0_9;2209
sparse_sem_sono;13.0;80.0;;0.929752871727614;22;mnist_0_9;2185
sparse_sem_sono;13.0;80.0;;0.9281961547537383;23;mnist_0_9;2169
sparse_sem_sono;13.0;80.0;;0.9320879586129412;24;mnist_0_9;2177
sparse_sem_sono;13.0;90.0;;0.8248686510826693;1;mnist_0_9;1080
sparse_sem_sono;13.0;90.0;;0.8489978553418822;2;mnist_0_9;1126
sparse_sem_sono;13.0;90.0;;0.8783810062964247;3;mnist_0_9;1103
sparse_sem_sono;13.0;90.0;;0.7610430038144649;4;mnist_0_9;1153
