experimento;alpha;epsilon;esparso;acuracia;seed;dataset;peso
sparse_com_sono;1.0;80.0;;0.10000000007450581;1;cifar;2465
sparse_com_sono;1.0;80.0;;0.09999999983236194;2;cifar;2495
sparse_com_sono;1.0;80.0;;0.10000000018626451;3;cifar;2439
sparse_com_sono;1.0;80.0;;0.09999999983236194;4;cifar;2519
sparse_com_sono;1.0;80.0;;0.10000000013038517;5;cifar;2525
sparse_com_sono;1.0;80.0;;0.09999999981373549;6;cifar;2554
sparse_com_sono;1.0;80.0;;0.10000000013038517;7;cifar;2518
sparse_com_sono;1.0;80.0;;0.09999999981373549;8;cifar;2417
sparse_com_sono;1.0;80.0;;0.10000000007450581;9;cifar;2501
sparse_com_sono;1.0;80.0;;0.09999999983236194;12;cifar;2517
sparse_com_sono;1.0;80.0;;0.10000000013038517;13;cifar;2579
sparse_com_sono;1.0;80.0;;0.10000000024214387;14;cifar;2484
sparse_com_sono;1.0;90.0;;0.09999999983236194;1;cifar;1223
sparse_com_sono;1.0;90.0;;0.09999999983236194;2;cifar;1264
sparse_com_sono;1.0;90.0;;0.10000000018626451;4;cifar;1296
sparse_com_sono;1.0;90.0;;0.09999999981373549;5;cifar;1296
sparse_com_sono;1.0;90.0;;0.10000000022351742;6;cifar;1257
sparse_com_sono;1.0;90.0;;0.09999999981373549;7;cifar;1296
sparse_com_sono;1.0;90.0;;0.10000000018626451;8;cifar;1227
sparse_com_sono;1.0;90.0;;0.09999999981373549;9;cifar;1262
sparse_com_sono;1.0;90.0;;0.10000000016763806;12;cifar;1272
sparse_com_sono;1.0;90.0;;0.10000000014901161;15;cifar;1328
sparse_com_sono;2.0;80.0;;0.10000000016763806;1;cifar;4992
sparse_com_sono;2.0;80.0;;0.10000000024214387;2;cifar;4992
sparse_com_sono;2.0;80.0;;0.09999999981373549;3;cifar;4951
sparse_com_sono;2.0;80.0;;0.18990000046789646;4;cifar;5093
sparse_com_sono;2.0;80.0;;0.10000000014901161;5;cifar;5114
sparse_com_sono;2.0;80.0;;0.19840000033378602;6;cifar;5002
sparse_com_sono;2.0;80.0;;0.19560000106692313;7;cifar;4997
sparse_com_sono;2.0;80.0;;0.10000000022351742;8;cifar;4891
sparse_com_sono;2.0;80.0;;0.20659999966621398;9;cifar;4986
sparse_com_sono;2.0;80.0;;0.22049999967217446;13;cifar;5090
sparse_com_sono;2.0;80.0;;0.19200000077486037;14;cifar;5004
sparse_com_sono;3.0;80.0;;0.31190000131726264;1;cifar;7504
sparse_com_sono;3.0;80.0;;0.23169999860227108;2;cifar;7533
sparse_com_sono;3.0;80.0;;0.2649000006914139;3;cifar;7526
sparse_com_sono;3.0;80.0;;0.19959999896585942;4;cifar;7640
sparse_com_sono;3.0;80.0;;0.23699999898672103;5;cifar;7575
sparse_com_sono;3.0;80.0;;0.10000000022351742;6;cifar;7503
sparse_com_sono;3.0;80.0;;0.28120000213384627;7;cifar;7495
sparse_com_sono;3.0;80.0;;0.26320000007748606;8;cifar;7317
sparse_com_sono;3.0;80.0;;0.2414999993890524;9;cifar;7502
sparse_com_sono;3.0;80.0;;0.25599999979138377;13;cifar;7586
sparse_com_sono;3.0;80.0;;0.19240000016987324;14;cifar;7519
sparse_com_sono;4.0;80.0;;0.32670000091195106;1;cifar;10001
sparse_com_sono;4.0;80.0;;0.3373000007867813;2;cifar;10118
sparse_com_sono;4.0;80.0;;0.33590000197291375;3;cifar;9995
sparse_com_sono;4.0;80.0;;0.2843000005185604;5;cifar;10037
sparse_com_sono;4.0;80.0;;0.2819000016152859;6;cifar;10038
sparse_com_sono;4.0;80.0;;0.3439000003039837;7;cifar;10083
sparse_com_sono;4.0;80.0;;0.31520000264048575;8;cifar;9811
sparse_com_sono;4.0;80.0;;0.2722000007331371;9;cifar;9997
sparse_com_sono;4.0;80.0;;0.31280000194907187;12;cifar;9974
sparse_com_sono;4.0;80.0;;0.368100001513958;13;cifar;10071
sparse_com_sono;4.0;80.0;;0.34040000170469287;14;cifar;10094
sparse_com_sono;5.0;80.0;;0.414299997985363;1;cifar;12442
sparse_com_sono;5.0;80.0;;0.4028999999165535;2;cifar;12589
sparse_com_sono;5.0;80.0;;0.3660000009834766;3;cifar;12614
sparse_com_sono;5.0;80.0;;0.38579999849200247;5;cifar;12575
sparse_com_sono;5.0;80.0;;0.2934000013768673;6;cifar;12490
sparse_com_sono;5.0;80.0;;0.3693000000715256;7;cifar;12642
sparse_com_sono;5.0;80.0;;0.38930000066757203;8;cifar;12276
sparse_com_sono;5.0;80.0;;0.42279999881982805;9;cifar;12562
sparse_com_sono;5.0;80.0;;0.33420000329613686;12;cifar;12458
sparse_com_sono;5.0;80.0;;0.39820000022649765;13;cifar;12530
sparse_com_sono;5.0;80.0;;0.3939999973773956;14;cifar;12611
sparse_com_sono;8.0;80.0;;0.46139999479055405;1;cifar;20059
sparse_com_sono;8.0;80.0;;0.441599999666214;2;cifar;20081
sparse_com_sono;8.0;80.0;;0.4539999970793724;3;cifar;20292
sparse_com_sono;8.0;80.0;;0.4529999965429306;4;cifar;20278
sparse_com_sono;8.0;80.0;;0.4665999957919121;5;cifar;20133
sparse_com_sono;8.0;80.0;;0.4462999978661537;6;cifar;20040
sparse_com_sono;8.0;80.0;;0.4595999959111214;7;cifar;20233
sparse_com_sono;8.0;80.0;;0.44969999730587007;8;cifar;19896
sparse_com_sono;8.0;80.0;;0.45259999722242356;9;cifar;20123
sparse_com_sono;8.0;80.0;;0.43319999635219575;13;cifar;20090
sparse_com_sono;8.0;80.0;;0.45939999759197236;14;cifar;20169
sparse_com_sono;10.0;80.0;;0.4851999968290329;1;cifar;25165
sparse_com_sono;10.0;80.0;;0.47579999566078185;2;cifar;25063
sparse_com_sono;10.0;80.0;;0.4774999964237213;3;cifar;25332
sparse_com_sono;10.0;80.0;;0.47889999657869337;4;cifar;25366
sparse_com_sono;10.0;80.0;;0.4801999953389168;5;cifar;25234
sparse_com_sono;10.0;80.0;;0.48539999693632124;6;cifar;25107
sparse_com_sono;10.0;80.0;;0.4719999948143959;7;cifar;25439
sparse_com_sono;10.0;80.0;;0.4822999969124794;8;cifar;24835
sparse_com_sono;10.0;80.0;;0.4797999960184097;9;cifar;25198
sparse_com_sono;10.0;80.0;;0.47229999661445615;12;cifar;25115
sparse_com_sono;10.0;80.0;;0.48139999717473986;13;cifar;25164
sparse_com_sono;10.0;80.0;;0.48019999772310257;14;cifar;25224
sparse_com_sono;10.0;90.0;;0.4447999969124794;1;cifar;12879
sparse_com_sono;10.0;90.0;;0.4225999990105629;2;cifar;12836
sparse_com_sono;10.0;90.0;;0.44599999964237214;4;cifar;12976
sparse_com_sono;10.0;90.0;;0.43639999866485596;5;cifar;12839
sparse_com_sono;10.0;90.0;;0.43189999788999556;6;cifar;12693
sparse_com_sono;10.0;90.0;;0.44389999747276304;8;cifar;12585
sparse_com_sono;10.0;90.0;;0.42509999722242353;9;cifar;12668
sparse_com_sono;10.0;90.0;;0.4336999961733818;12;cifar;12646
sparse_com_sono;10.0;90.0;;0.44739999771118166;14;cifar;12763
sparse_com_sono;10.0;90.0;;0.441799997985363;15;cifar;12508
sparse_com_sono;20.0;80.0;;0.5343999972939492;1;cifar;50498
sparse_com_sono;20.0;80.0;;0.541699997484684;2;cifar;50583
sparse_com_sono;20.0;80.0;;0.5386999979615211;3;cifar;50897
sparse_com_sono;20.0;80.0;;0.532399995625019;4;cifar;50685
sparse_com_sono;20.0;80.0;;0.5319999977946281;5;cifar;50526
sparse_com_sono;20.0;80.0;;0.5387999990582466;6;cifar;50525
sparse_com_sono;20.0;80.0;;0.5342999967932701;7;cifar;50859
sparse_com_sono;20.0;80.0;;0.5309999945759774;8;cifar;50266
sparse_com_sono;20.0;80.0;;0.5414999958872795;9;cifar;50553
sparse_com_sono;20.0;80.0;;0.5331999972462654;12;cifar;50554
sparse_com_sono;20.0;80.0;;0.5341999974846839;13;cifar;50582
sparse_com_sono;30.0;80.0;;0.568299997150898;1;cifar;76174
sparse_com_sono;30.0;80.0;;0.5598999962210656;2;cifar;76261
sparse_com_sono;30.0;80.0;;0.5681999984383583;3;cifar;76707
sparse_com_sono;30.0;80.0;;0.5724999961256981;5;cifar;76407
sparse_com_sono;30.0;80.0;;0.5666999989748001;6;cifar;76391
sparse_com_sono;30.0;80.0;;0.5634999966621399;9;cifar;76505
sparse_com_sono;30.0;80.0;;0.5667999985814095;12;cifar;76256
sparse_com_sono;30.0;80.0;;0.5675999954342842;13;cifar;76195
sparse_com_sono;30.0;80.0;;0.5729999971389771;14;cifar;76300
sparse_com_sono;40.0;80.0;;0.5784999990463257;1;cifar;102076
sparse_com_sono;40.0;80.0;;0.5831999984383583;3;cifar;102826
sparse_com_sono;40.0;80.0;;0.5859999969601631;5;cifar;102557
sparse_com_sono;40.0;80.0;;0.5832999992370606;6;cifar;102585
sparse_com_sono;40.0;80.0;;0.5821999996900559;7;cifar;102887
sparse_com_sono;40.0;80.0;;0.5860999968647956;8;cifar;102206
sparse_com_sono;40.0;80.0;;0.5829999998211861;9;cifar;102438
sparse_com_sono;40.0;80.0;;0.5842999973893166;12;cifar;102213
sparse_com_sono;40.0;80.0;;0.5836999973654747;14;cifar;102392
sparse_com_sono;50.0;80.0;;0.597999999821186;1;cifar;128448
sparse_com_sono;50.0;80.0;;0.5959999972581863;2;cifar;128886
sparse_com_sono;50.0;80.0;;0.5945000019669533;3;cifar;129129
sparse_com_sono;50.0;80.0;;0.6033999973535538;4;cifar;129224
sparse_com_sono;50.0;80.0;;0.6013999998569488;5;cifar;129029
sparse_com_sono;50.0;80.0;;0.5957000014185906;6;cifar;128830
sparse_com_sono;50.0;80.0;;0.6003999996185303;7;cifar;129038
sparse_com_sono;50.0;80.0;;0.6078000020980835;8;cifar;128766
sparse_com_sono;50.0;80.0;;0.5999999994039535;9;cifar;128894
sparse_com_sono;50.0;80.0;;0.5965999987721443;12;cifar;128712
sparse_com_sono;50.0;80.0;;0.6006999984383583;13;cifar;128637
sparse_com_sono;50.0;80.0;;0.6013000044226646;14;cifar;128718
sparse_com_sono;100.0;50.0;;0.6391999995708466;1;cifar;658274
sparse_com_sono;100.0;50.0;;0.6383000016212463;2;cifar;657934
sparse_com_sono;100.0;50.0;;0.6453000003099442;3;cifar;659227
sparse_com_sono;100.0;50.0;;0.6435999977588653;4;cifar;657640
sparse_com_sono;100.0;80.0;;0.6338000014424324;1;cifar;265174
sparse_com_sono;100.0;80.0;;0.6337999999523163;2;cifar;265724
sparse_com_sono;100.0;80.0;;0.6353000003099442;3;cifar;266571
sparse_com_sono;100.0;80.0;;0.6397999975085259;4;cifar;266397
sparse_com_sono;100.0;80.0;;0.6414999997615815;5;cifar;266071
sparse_com_sono;100.0;80.0;;0.6351000010967255;6;cifar;265805
sparse_com_sono;100.0;80.0;;0.6400999999046326;7;cifar;266174
sparse_com_sono;100.0;80.0;;0.6463999998569488;8;cifar;265467
sparse_com_sono;100.0;80.0;;0.6317000007629394;9;cifar;265987
sparse_com_sono;100.0;80.0;;0.6363000011444092;10;cifar;266308
sparse_com_sono;100.0;90.0;;0.6198000019788742;1;cifar;134689
sparse_com_sono;100.0;90.0;;0.6254000008106232;2;cifar;135403
sparse_com_sono;100.0;90.0;;0.6239000034332275;3;cifar;135216
sparse_com_sono;100.0;90.0;;0.6219000017642975;4;cifar;135429
sparse_com_sono;100.0;90.0;;0.6180000007152557;5;cifar;135120
sparse_com_sono;100.0;90.0;;0.6247999972105026;6;cifar;134729
sparse_com_sono;100.0;90.0;;0.6200999999046326;8;cifar;134648
sparse_com_sono;100.0;90.0;;0.6211999988555909;9;cifar;134968
sparse_com_sono;100.0;90.0;;0.6230999982357025;15;cifar;134875
sparse_com_sono;110.0;80.0;;0.6466000008583069;1;cifar;293511
sparse_com_sono;110.0;80.0;;0.6432000005245209;2;cifar;293810
sparse_com_sono;110.0;80.0;;0.6403999996185302;3;cifar;295146
sparse_com_sono;110.0;80.0;;0.6460999995470047;4;cifar;294562
sparse_com_sono;110.0;80.0;;0.6357000011205673;5;cifar;294162
sparse_com_sono;110.0;80.0;;0.6405000007152557;6;cifar;294255
sparse_com_sono;110.0;80.0;;0.639699998497963;7;cifar;294506
sparse_com_sono;110.0;80.0;;0.6385000011324883;8;cifar;293712
sparse_com_sono;110.0;80.0;;0.6377999994158745;13;cifar;294079
sparse_com_sono;110.0;80.0;;0.6434999996423721;14;cifar;293896
sparse_com_sono;120.0;80.0;;0.6427000015974045;1;cifar;322189
sparse_com_sono;120.0;80.0;;0.6510999983549118;2;cifar;322542
sparse_com_sono;120.0;80.0;;0.6466999995708466;3;cifar;323777
sparse_com_sono;120.0;80.0;;0.6426000010967254;4;cifar;323128
sparse_com_sono;120.0;80.0;;0.6406000000238419;5;cifar;322790
sparse_com_sono;120.0;80.0;;0.6482000029087067;6;cifar;323034
sparse_com_sono;120.0;80.0;;0.6451000005006791;7;cifar;323353
sparse_com_sono;120.0;80.0;;0.6475999969244003;8;cifar;322308
sparse_com_sono;120.0;80.0;;0.6482999992370605;9;cifar;322787
sparse_com_sono;120.0;80.0;;0.6420000010728836;14;cifar;322672
sparse_com_sono;130.0;80.0;;0.6493999999761582;1;cifar;351152
sparse_com_sono;130.0;80.0;;0.6504999995231628;2;cifar;351745
sparse_com_sono;130.0;80.0;;0.6530000025033951;3;cifar;353042
sparse_com_sono;130.0;80.0;;0.6544999998807907;4;cifar;352093
sparse_com_sono;130.0;80.0;;0.653400000333786;5;cifar;351782
sparse_com_sono;130.0;80.0;;0.6527999997138977;6;cifar;351782
sparse_com_sono;130.0;80.0;;0.6488999980688095;7;cifar;352359
sparse_com_sono;130.0;80.0;;0.6532000029087066;8;cifar;351090
sparse_com_sono;130.0;80.0;;0.6524999988079071;9;cifar;351756
sparse_com_sono;140.0;80.0;;0.6514000022411346;1;cifar;380371
sparse_com_sono;140.0;80.0;;0.6511999982595443;2;cifar;381154
sparse_com_sono;140.0;80.0;;0.6564000016450882;3;cifar;382432
sparse_com_sono;140.0;80.0;;0.6557000023126602;4;cifar;381469
sparse_com_sono;140.0;80.0;;0.6554000002145767;5;cifar;380990
sparse_com_sono;140.0;80.0;;0.6511999994516373;6;cifar;381219
sparse_com_sono;140.0;80.0;;0.656700000166893;7;cifar;381706
sparse_com_sono;140.0;80.0;;0.6544999992847442;8;cifar;380137
sparse_com_sono;140.0;80.0;;0.6514999985694885;9;cifar;381283
sparse_com_sono;140.0;80.0;;0.6484999996423721;14;cifar;380978
sparse_com_sono;150.0;80.0;;0.6559000027179718;1;cifar;409941
sparse_com_sono;150.0;80.0;;0.6574000030755996;2;cifar;411063
sparse_com_sono;150.0;80.0;;0.6582000035047532;3;cifar;411839
sparse_com_sono;150.0;80.0;;0.6525999987125397;4;cifar;411003
sparse_com_sono;150.0;80.0;;0.6573000007867813;5;cifar;410679
sparse_com_sono;150.0;80.0;;0.6504000008106232;6;cifar;410815
sparse_com_sono;150.0;80.0;;0.6576000010967255;7;cifar;411044
sparse_com_sono;150.0;80.0;;0.6544000035524369;8;cifar;409770
sparse_com_sono;150.0;80.0;;0.6562000036239624;9;cifar;410816
sparse_com_sono;150.0;80.0;;0.6536999997496605;12;cifar;410976
sparse_com_sono;150.0;80.0;;0.6560000026226044;14;cifar;410727
sparse_com_sono;160.0;80.0;;0.6584999972581863;1;cifar;440061
sparse_com_sono;160.0;80.0;;0.6579999989271164;2;cifar;440957
sparse_com_sono;160.0;80.0;;0.6513000017404557;3;cifar;441727
sparse_com_sono;160.0;80.0;;0.6598000013828278;4;cifar;440989
sparse_com_sono;160.0;80.0;;0.6588999992609024;5;cifar;440415
sparse_com_sono;160.0;80.0;;0.6585000026226043;6;cifar;440808
sparse_com_sono;160.0;80.0;;0.6635000002384186;7;cifar;441009
sparse_com_sono;160.0;80.0;;0.6557999986410141;8;cifar;439871
sparse_com_sono;160.0;80.0;;0.6684000033140183;9;cifar;440860
sparse_com_sono;160.0;80.0;;0.6608000028133393;12;cifar;440704
sparse_com_sono;160.0;80.0;;0.657000002861023;14;cifar;440685
sparse_com_sono;170.0;80.0;;0.6592000031471252;1;cifar;470203
sparse_com_sono;170.0;80.0;;0.661000000834465;2;cifar;471358
sparse_com_sono;170.0;80.0;;0.6626000064611435;3;cifar;472240
sparse_com_sono;170.0;80.0;;0.6571000009775162;4;cifar;471313
sparse_com_sono;170.0;80.0;;0.659500002861023;5;cifar;470646
sparse_com_sono;170.0;80.0;;0.6624000042676925;6;cifar;471084
sparse_com_sono;170.0;80.0;;0.6606000030040741;7;cifar;471178
sparse_com_sono;170.0;80.0;;0.6586000001430512;8;cifar;469969
sparse_com_sono;170.0;80.0;;0.6645000004768371;9;cifar;471078
sparse_com_sono;170.0;80.0;;0.6588999974727631;14;cifar;470936
sparse_com_sono;180.0;80.0;;0.6603000026941299;1;cifar;500664
sparse_com_sono;180.0;80.0;;0.6609000056982041;2;cifar;501968
sparse_com_sono;180.0;80.0;;0.6646000027656556;3;cifar;502713
sparse_com_sono;180.0;80.0;;0.6662999999523163;4;cifar;501997
sparse_com_sono;180.0;80.0;;0.6644999986886978;5;cifar;501153
sparse_com_sono;180.0;80.0;;0.6657000005245208;6;cifar;501451
sparse_com_sono;180.0;80.0;;0.6598000031709671;7;cifar;501741
sparse_com_sono;180.0;80.0;;0.6675000023841858;8;cifar;500410
sparse_com_sono;180.0;80.0;;0.6682999986410141;9;cifar;501606
sparse_com_sono;180.0;80.0;;0.666100001335144;14;cifar;501317
sparse_com_sono;190.0;80.0;;0.6618000030517578;1;cifar;531551
sparse_com_sono;190.0;80.0;;0.6658000022172927;2;cifar;532923
sparse_com_sono;190.0;80.0;;0.6685000002384186;3;cifar;533718
sparse_com_sono;190.0;80.0;;0.6659000027179718;4;cifar;532641
sparse_com_sono;190.0;80.0;;0.6642000013589859;5;cifar;532286
sparse_com_sono;190.0;80.0;;0.6648000019788742;6;cifar;532415
sparse_com_sono;190.0;80.0;;0.6676999968290329;7;cifar;532787
sparse_com_sono;190.0;80.0;;0.6690000003576279;8;cifar;531225
sparse_com_sono;190.0;80.0;;0.665100001692772;9;cifar;532326
sparse_com_sono;190.0;80.0;;0.6661000031232834;14;cifar;532338
sparse_com_sono;200.0;50.0;;0.6706000036001205;2;cifar;1396924
sparse_com_sono;200.0;50.0;;0.6657999992370606;3;cifar;1397958
sparse_com_sono;200.0;50.0;;0.6643000018596649;4;cifar;1396008
sparse_com_sono;200.0;80.0;;0.6605999982357025;1;cifar;562638
sparse_com_sono;200.0;80.0;;0.6759000009298325;2;cifar;564200
sparse_com_sono;200.0;80.0;;0.6726000022888183;3;cifar;565087
sparse_com_sono;200.0;80.0;;0.6699000000953674;4;cifar;563751
sparse_com_sono;200.0;80.0;;0.6667999988794326;5;cifar;563392
sparse_com_sono;200.0;80.0;;0.6643000018596649;6;cifar;563298
sparse_com_sono;200.0;80.0;;0.6632000005245209;7;cifar;563806
sparse_com_sono;200.0;80.0;;0.669600002169609;8;cifar;562322
sparse_com_sono;200.0;80.0;;0.6651999992132187;9;cifar;563542
sparse_com_sono;200.0;80.0;;0.6686000019311905;10;cifar;565073
sparse_com_sono;300.0;50.0;;0.6763000017404557;1;cifar;2214632
sparse_com_sono;300.0;50.0;;0.6697000038623809;2;cifar;2214880
sparse_com_sono;300.0;50.0;;0.6739999997615814;3;cifar;2216933
sparse_com_sono;300.0;50.0;;0.6728999990224839;4;cifar;2214937
sparse_com_sono;300.0;80.0;;0.6772000020742417;1;cifar;893152
sparse_com_sono;300.0;80.0;;0.6830000025033951;2;cifar;893721
sparse_com_sono;300.0;80.0;;0.67780000269413;3;cifar;894723
sparse_com_sono;300.0;80.0;;0.6831000006198883;4;cifar;893244
sparse_com_sono;300.0;80.0;;0.6808000034093857;5;cifar;892029
sparse_com_sono;300.0;80.0;;0.6864000004529953;6;cifar;894592
sparse_com_sono;300.0;80.0;;0.6840000003576279;7;cifar;893388
sparse_com_sono;300.0;80.0;;0.6836000043153763;8;cifar;891999
sparse_com_sono;300.0;80.0;;0.6807000017166138;9;cifar;892970
sparse_com_sono;300.0;80.0;;0.6835000026226044;10;cifar;894943
sparse_com_sono;400.0;50.0;;0.673600002527237;1;cifar;3112538
sparse_com_sono;400.0;50.0;;0.6680000030994415;2;cifar;3113256
sparse_com_sono;400.0;50.0;;0.6633000010251999;3;cifar;3116310
sparse_com_sono;400.0;50.0;;0.669300000667572;4;cifar;3113598
sparse_com_sono;400.0;80.0;;0.682100003361702;1;cifar;1255756
sparse_com_sono;400.0;80.0;;0.6833999997377396;2;cifar;1255316
sparse_com_sono;400.0;80.0;;0.684600002169609;3;cifar;1257324
sparse_com_sono;400.0;80.0;;0.6834000021219253;4;cifar;1255249
sparse_com_sono;400.0;80.0;;0.6863000041246414;5;cifar;1254050
sparse_com_sono;400.0;80.0;;0.6860000038146973;6;cifar;1257017
sparse_com_sono;400.0;80.0;;0.6891000014543534;7;cifar;1254827
sparse_com_sono;400.0;80.0;;0.685400003194809;8;cifar;1252762
sparse_com_sono;400.0;80.0;;0.6852999997138977;9;cifar;1253370
sparse_com_sono;400.0;80.0;;0.6810000014305114;10;cifar;1256992
sparse_com_sono;500.0;50.0;;0.6675000035762787;1;cifar;4091191
sparse_com_sono;500.0;50.0;;0.6767000031471252;2;cifar;4092254
sparse_com_sono;500.0;50.0;;0.6725999999046326;3;cifar;4094975
sparse_com_sono;500.0;50.0;;0.6696000003814697;4;cifar;4091659
sparse_com_sono;500.0;80.0;;0.6944000005722046;1;cifar;1649868
sparse_com_sono;500.0;80.0;;0.6838000023365021;2;cifar;1649723
sparse_com_sono;500.0;80.0;;0.6856000030040741;3;cifar;1650810
sparse_com_sono;500.0;80.0;;0.6879000031948089;4;cifar;1648157
sparse_com_sono;500.0;80.0;;0.6836999994516373;5;cifar;1647580
sparse_com_sono;500.0;80.0;;0.6844000017642975;6;cifar;1651180
sparse_com_sono;500.0;80.0;;0.6887999999523163;7;cifar;1648898
sparse_com_sono;500.0;80.0;;0.6824000012874604;8;cifar;1646098
sparse_com_sono;500.0;80.0;;0.6836000013351441;9;cifar;1647357
sparse_com_sono;500.0;80.0;;0.6846999996900558;10;cifar;1651086
sparse_com_sono;600.0;50.0;;0.6641000020503998;1;cifar;5148528
sparse_com_sono;600.0;50.0;;0.6688000011444092;2;cifar;5150307
sparse_com_sono;600.0;50.0;;0.6711000007390976;3;cifar;5153709
sparse_com_sono;600.0;50.0;;0.666900002360344;4;cifar;5149435
sparse_com_sono;600.0;80.0;;0.6792000043392181;1;cifar;2075546
sparse_com_sono;600.0;80.0;;0.6824000030755997;2;cifar;2075393
sparse_com_sono;600.0;80.0;;0.6868999993801117;3;cifar;2076276
sparse_com_sono;600.0;80.0;;0.6848000013828277;4;cifar;2073648
sparse_com_sono;600.0;80.0;;0.6878000056743622;5;cifar;2073683
sparse_com_sono;600.0;80.0;;0.6862999987602234;6;cifar;2077443
sparse_com_sono;600.0;80.0;;0.6818000018596649;7;cifar;2075219
sparse_com_sono;600.0;80.0;;0.6873000007867813;8;cifar;2072542
sparse_com_sono;600.0;80.0;;0.6852000021934509;9;cifar;2073117
sparse_com_sono;600.0;80.0;;0.6827000033855438;10;cifar;2076758
sparse_com_sono;700.0;50.0;;0.6664999985694885;1;cifar;6287513
sparse_com_sono;700.0;50.0;;0.6638000017404556;2;cifar;6289848
sparse_com_sono;700.0;50.0;;0.6690000015497207;3;cifar;6292371
sparse_com_sono;700.0;50.0;;0.6629999989271164;4;cifar;6288878
sparse_com_sono;700.0;80.0;;0.6813000005483627;1;cifar;2533631
sparse_com_sono;700.0;80.0;;0.6848000013828277;2;cifar;2534667
sparse_com_sono;700.0;80.0;;0.6903000003099442;3;cifar;2535179
sparse_com_sono;700.0;80.0;;0.679000004529953;4;cifar;2532182
sparse_com_sono;700.0;80.0;;0.6845000016689301;5;cifar;2531944
sparse_com_sono;700.0;80.0;;0.6939000034332276;6;cifar;2535195
sparse_com_sono;700.0;80.0;;0.6826000010967255;7;cifar;2532719
sparse_com_sono;700.0;80.0;;0.6898000001907348;8;cifar;2529830
sparse_com_sono;700.0;80.0;;0.6853000020980835;9;cifar;2531370
sparse_com_sono;700.0;80.0;;0.6817999988794327;10;cifar;2534862
sparse_com_sono;800.0;50.0;;0.660400003194809;1;cifar;7506225
sparse_com_sono;800.0;50.0;;0.6635000026226043;2;cifar;7508424
sparse_com_sono;800.0;50.0;;0.6630000007152558;3;cifar;7510568
sparse_com_sono;800.0;50.0;;0.6605000013113022;4;cifar;7506479
sparse_com_sono;800.0;80.0;;0.6830000025033951;1;cifar;3023439
sparse_com_sono;800.0;80.0;;0.6867000007629395;2;cifar;3023951
sparse_com_sono;800.0;80.0;;0.6850000029802322;3;cifar;3024514
sparse_com_sono;800.0;80.0;;0.6800999981164932;4;cifar;3022203
sparse_com_sono;800.0;80.0;;0.6823000025749206;5;cifar;3022055
sparse_com_sono;800.0;80.0;;0.6857000017166137;6;cifar;3026658
sparse_com_sono;800.0;80.0;;0.6823000037670135;7;cifar;3022657
sparse_com_sono;800.0;80.0;;0.6824000024795532;8;cifar;3019983
sparse_com_sono;800.0;80.0;;0.6822000008821487;9;cifar;3021672
sparse_com_sono;800.0;80.0;;0.6845000022649765;10;cifar;3023795
sparse_com_sono;900.0;80.0;;0.6772000032663346;1;cifar;3545271
sparse_com_sono;900.0;80.0;;0.6862000006437302;2;cifar;3545139
sparse_com_sono;900.0;80.0;;0.679499997496605;3;cifar;3545062
sparse_com_sono;900.0;80.0;;0.6769000017642974;4;cifar;3543596
sparse_com_sono;900.0;80.0;;0.6862000024318695;5;cifar;3544789
sparse_com_sono;900.0;80.0;;0.6792000031471253;6;cifar;3548201
sparse_com_sono;900.0;80.0;;0.6824000018835068;7;cifar;3544333
sparse_com_sono;900.0;80.0;;0.6843000018596649;8;cifar;3540657
sparse_com_sono;900.0;80.0;;0.6836000013351441;9;cifar;3543068
sparse_com_sono;900.0;80.0;;0.676900002360344;10;cifar;3546034
sparse_com_sono;1000.0;80.0;;0.6766000008583068;1;cifar;4100253
sparse_com_sono;1000.0;80.0;;0.6809000027179718;2;cifar;4099202
sparse_com_sono;1000.0;80.0;;0.678100004196167;3;cifar;4099335
sparse_com_sono;1000.0;80.0;;0.6731999999284745;4;cifar;4096407
sparse_com_sono;1000.0;80.0;;0.6814000022411346;5;cifar;4098885
sparse_com_sono;1000.0;80.0;;0.6758999991416931;6;cifar;4100979
sparse_com_sono;1000.0;80.0;;0.6818000018596649;7;cifar;4098859
sparse_com_sono;1000.0;80.0;;0.6850000041723251;8;cifar;4094800
sparse_com_sono;1000.0;80.0;;0.6832000005245209;9;cifar;4096675
sparse_com_sono;1000.0;80.0;;0.6836000055074691;10;cifar;4100166
sparse_com_sono;1000.0;90.0;;0.6918000030517578;1;cifar;2069402
sparse_com_sono;1000.0;90.0;;0.6883000046014786;2;cifar;2070895
sparse_com_sono;1000.0;90.0;;0.694200000166893;3;cifar;2070302
sparse_com_sono;1000.0;90.0;;0.6925000023841857;4;cifar;2067775
sparse_com_sono;1000.0;90.0;;0.6919999998807908;5;cifar;2069963
sparse_com_sono;1000.0;90.0;;0.6892000043392181;6;cifar;2069794
sparse_com_sono;1000.0;90.0;;0.6946000027656555;8;cifar;2066603
sparse_com_sono;1000.0;90.0;;0.6925000017881393;9;cifar;2069022
sparse_com_sono;1000.0;90.0;;0.6977999997138977;12;cifar;2069154
