experimento;alpha;epsilon;esparso;acuracia;seed;dataset;peso
sparse_com_sono;2.0;2.0;;0.5159536388609811;2;mnist_0_6;1559
sparse_com_sono;2.0;2.0;;0.3142080431435476;3;mnist_0_6;1565
sparse_com_sono;2.0;2.0;;0.5537272818628547;4;mnist_0_6;1566
sparse_com_sono;2.0;2.0;;0.501788519537147;5;mnist_0_6;1557
sparse_com_sono;2.0;2.0;;0.5308341704855867;6;mnist_0_6;1559
sparse_com_sono;2.0;2.0;;0.5458577707578294;7;mnist_0_6;1561
sparse_com_sono;2.0;2.0;;0.3305193869310961;8;mnist_0_6;1555
sparse_com_sono;2.0;2.0;;0.5351266242485904;10;mnist_0_6;1550
sparse_com_sono;2.0;2.0;;0.555873511089653;11;mnist_0_6;1570
sparse_com_sono;2.0;20.0;;0.5206753406287229;1;mnist_0_6;1270
sparse_com_sono;2.0;20.0;;0.4780369124744801;5;mnist_0_6;1295
sparse_com_sono;2.0;20.0;;0.4873372410172334;6;mnist_0_6;1284
sparse_com_sono;2.0;20.0;;0.5080841288987549;9;mnist_0_6;1300
sparse_com_sono;2.0;50.0;;0.1402203467253333;1;mnist_0_6;813
sparse_com_sono;2.0;50.0;;0.30676778020103496;2;mnist_0_6;762
sparse_com_sono;2.0;50.0;;0.4455573017257088;3;mnist_0_6;811
sparse_com_sono;2.0;50.0;;0.16239805492716536;4;mnist_0_6;818
sparse_com_sono;2.0;50.0;;0.5062240645649744;5;mnist_0_6;836
sparse_com_sono;2.0;50.0;;0.5218200017188407;7;mnist_0_6;796
sparse_com_sono;2.0;50.0;;0.3071970247389984;8;mnist_0_6;808
sparse_com_sono;2.0;50.0;;0.3980540841677138;9;mnist_0_6;817
sparse_com_sono;2.0;50.0;;0.27772213532478107;11;mnist_0_6;787
sparse_com_sono;3.0;2.0;;0.696380024381693;1;mnist_0_6;2336
sparse_com_sono;3.0;2.0;;0.6713406813044049;3;mnist_0_6;2352
sparse_com_sono;3.0;2.0;;0.5887823738770724;4;mnist_0_6;2359
sparse_com_sono;3.0;2.0;;0.47159822254260053;5;mnist_0_6;2345
sparse_com_sono;3.0;2.0;;0.5169552120123321;7;mnist_0_6;2345
sparse_com_sono;3.0;2.0;;0.5003577020141354;8;mnist_0_6;2343
sparse_com_sono;3.0;2.0;;0.5686078099908364;9;mnist_0_6;2346
sparse_com_sono;3.0;2.0;;0.6335670295609717;10;mnist_0_6;2325
sparse_com_sono;3.0;2.0;;0.640864214444812;11;mnist_0_6;2360
sparse_com_sono;3.0;20.0;;0.4223780204364885;1;mnist_0_6;1933
sparse_com_sono;3.0;20.0;;0.6515953647832806;4;mnist_0_6;1903
sparse_com_sono;3.0;20.0;;0.5056517322204335;5;mnist_0_6;1939
sparse_com_sono;3.0;20.0;;0.644584346685752;9;mnist_0_6;1930
sparse_com_sono;3.0;50.0;;0.5325511516223634;1;mnist_0_6;1241
sparse_com_sono;3.0;50.0;;0.40077264169235055;2;mnist_0_6;1154
sparse_com_sono;3.0;50.0;;0.6159679505562028;3;mnist_0_6;1205
sparse_com_sono;3.0;50.0;;0.5648876759163008;4;mnist_0_6;1233
sparse_com_sono;3.0;50.0;;0.6420088705202595;5;mnist_0_6;1225
sparse_com_sono;3.0;50.0;;0.3024753199692771;7;mnist_0_6;1181
sparse_com_sono;3.0;50.0;;0.46616110799649974;8;mnist_0_6;1227
sparse_com_sono;3.0;50.0;;0.473029043613406;9;mnist_0_6;1197
sparse_com_sono;3.0;50.0;;0.6448705131650432;10;mnist_0_6;1191
sparse_com_sono;3.0;50.0;;0.5811990218913714;11;mnist_0_6;1212
sparse_com_sono;4.0;2.0;;0.6275575900729385;2;mnist_0_6;3132
sparse_com_sono;4.0;2.0;;0.7291458004328429;3;mnist_0_6;3142
sparse_com_sono;4.0;2.0;;0.661754185369827;4;mnist_0_6;3143
sparse_com_sono;4.0;2.0;;0.7094004865640359;5;mnist_0_6;3138
sparse_com_sono;4.0;2.0;;0.6812133356419257;6;mnist_0_6;3135
sparse_com_sono;4.0;2.0;;0.6943768820020326;7;mnist_0_6;3141
sparse_com_sono;4.0;2.0;;0.6475890687409517;8;mnist_0_6;3131
sparse_com_sono;4.0;2.0;;0.6926598949295237;9;mnist_0_6;3140
sparse_com_sono;4.0;2.0;;0.509371866175572;10;mnist_0_6;3109
sparse_com_sono;4.0;2.0;;0.7537558989167333;11;mnist_0_6;3151
sparse_com_sono;4.0;20.0;;0.7533266595426863;1;mnist_0_6;2566
sparse_com_sono;4.0;20.0;;0.607096866598319;4;mnist_0_6;2550
sparse_com_sono;4.0;20.0;;0.6896551746908628;5;mnist_0_6;2586
sparse_com_sono;4.0;20.0;;0.7086850773931692;9;mnist_0_6;2579
sparse_com_sono;4.0;50.0;;0.7219917022938005;1;mnist_0_6;1630
sparse_com_sono;4.0;50.0;;0.7082558351535964;3;mnist_0_6;1609
sparse_com_sono;4.0;50.0;;0.6498783783162846;4;mnist_0_6;1649
sparse_com_sono;4.0;50.0;;0.6988124217934526;5;mnist_0_6;1609
sparse_com_sono;4.0;50.0;;0.5817713563509433;7;mnist_0_6;1586
sparse_com_sono;4.0;50.0;;0.6008012563924043;8;mnist_0_6;1623
sparse_com_sono;4.0;50.0;;0.620546576981552;9;mnist_0_6;1605
sparse_com_sono;4.0;50.0;;0.6092430972408235;11;mnist_0_6;1616
sparse_com_sono;5.0;20.0;;0.7211332097980048;1;mnist_0_6;3223
sparse_com_sono;5.0;20.0;;0.6873658567748027;5;mnist_0_6;3240
sparse_com_sono;5.0;20.0;;0.7022463862843772;9;mnist_0_6;3215
sparse_com_sono;5.0;50.0;;0.7347259992846332;1;mnist_0_6;2047
sparse_com_sono;5.0;50.0;;0.7508942673502775;2;mnist_0_6;1970
sparse_com_sono;5.0;50.0;;0.5607382993975121;3;mnist_0_6;2011
sparse_com_sono;5.0;50.0;;0.7659178678272005;4;mnist_0_6;2045
sparse_com_sono;5.0;50.0;;0.7657747907876661;5;mnist_0_6;2014
sparse_com_sono;5.0;50.0;;0.7686364293814831;6;mnist_0_6;2067
sparse_com_sono;5.0;50.0;;0.7805122332283655;7;mnist_0_6;2001
sparse_com_sono;5.0;50.0;;0.6727714956719266;8;mnist_0_6;2013
sparse_com_sono;5.0;50.0;;0.6822149104307199;9;mnist_0_6;2002
sparse_com_sono;5.0;50.0;;0.7377307192845003;10;mnist_0_6;1989
sparse_com_sono;5.0;50.0;;0.7621977410358768;11;mnist_0_6;2014
sparse_com_sono;5.0;80.0;;0.5128058358176206;1;mnist_0_6;832
sparse_com_sono;5.0;80.0;;0.16239805492716536;2;mnist_0_6;824
sparse_com_sono;5.0;80.0;;0.4946344220462591;5;mnist_0_6;809
sparse_com_sono;5.0;80.0;;0.5510087258690569;6;mnist_0_6;867
sparse_com_sono;5.0;80.0;;0.5887823710968301;9;mnist_0_6;817
sparse_com_sono;5.0;80.0;;0.31964515846999253;10;mnist_0_6;823
sparse_com_sono;6.0;50.0;;0.7318643545162902;1;mnist_0_6;2438
sparse_com_sono;6.0;50.0;;0.7763628573406748;2;mnist_0_6;2350
sparse_com_sono;6.0;50.0;;0.7689225888163563;3;mnist_0_6;2430
sparse_com_sono;6.0;50.0;;0.7480326224795942;4;mnist_0_6;2450
sparse_com_sono;6.0;50.0;;0.7362998997317413;6;mnist_0_6;2480
sparse_com_sono;6.0;50.0;;0.7365860646247591;7;mnist_0_6;2403
sparse_com_sono;6.0;50.0;;0.8006867907609801;8;mnist_0_6;2413
sparse_com_sono;6.0;50.0;;0.7587637738841067;10;mnist_0_6;2392
sparse_com_sono;6.0;50.0;;0.7912433796182077;11;mnist_0_6;2440
sparse_com_sono;6.0;80.0;;0.46058091009988483;1;mnist_0_6;990
sparse_com_sono;6.0;80.0;;0.5082272121298721;2;mnist_0_6;971
sparse_com_sono;6.0;80.0;;0.6674774667022395;9;mnist_0_6;981
sparse_com_sono;6.0;80.0;;0.3930462145220314;10;mnist_0_6;968
sparse_com_sono;7.0;50.0;;0.7986836409787113;2;mnist_0_6;2756
sparse_com_sono;7.0;50.0;;0.7559021316742689;3;mnist_0_6;2805
sparse_com_sono;7.0;50.0;;0.7938188557751719;4;mnist_0_6;2858
sparse_com_sono;7.0;50.0;;0.7872370928461963;6;mnist_0_6;2915
sparse_com_sono;7.0;50.0;;0.7703534140319404;7;mnist_0_6;2804
sparse_com_sono;7.0;50.0;;0.761768493986314;8;mnist_0_6;2806
sparse_com_sono;7.0;50.0;;0.7762197733761194;10;mnist_0_6;2784
sparse_com_sono;7.0;50.0;;0.8164258118794019;11;mnist_0_6;2849
sparse_com_sono;7.0;80.0;;0.7251395073498519;1;mnist_0_6;1158
sparse_com_sono;7.0;80.0;;0.556302759844886;2;mnist_0_6;1138
sparse_com_sono;7.0;80.0;;0.7144083566958342;5;mnist_0_6;1163
sparse_com_sono;7.0;80.0;;0.7245671808045895;6;mnist_0_6;1245
sparse_com_sono;7.0;80.0;;0.6766347120906308;7;mnist_0_6;1158
sparse_com_sono;7.0;80.0;;0.6985262532076588;10;mnist_0_6;1136
sparse_com_sono;8.0;50.0;;0.8095578736187068;2;mnist_0_6;3170
sparse_com_sono;8.0;50.0;;0.8274431264371486;3;mnist_0_6;3197
sparse_com_sono;8.0;50.0;;0.8048361727890837;4;mnist_0_6;3274
sparse_com_sono;8.0;50.0;;0.8059808218201132;6;mnist_0_6;3336
sparse_com_sono;8.0;50.0;;0.8084132231890276;7;mnist_0_6;3229
sparse_com_sono;8.0;50.0;;0.8158534829803147;8;mnist_0_6;3203
sparse_com_sono;8.0;50.0;;0.7567606228737552;10;mnist_0_6;3186
sparse_com_sono;8.0;50.0;;0.8202890234198893;11;mnist_0_6;3262
sparse_com_sono;8.0;80.0;;0.726999569926792;4;mnist_0_6;1358
sparse_com_sono;8.0;80.0;;0.7573329517387289;6;mnist_0_6;1411
sparse_com_sono;8.0;80.0;;0.7460294769956142;7;mnist_0_6;1345
sparse_com_sono;8.0;80.0;;0.7211332126976441;9;mnist_0_6;1310
sparse_com_sono;8.0;80.0;;0.6843611378324511;10;mnist_0_6;1297
sparse_com_sono;8.0;80.0;;0.6654743178154474;11;mnist_0_6;1347
sparse_com_sono;13.0;90.0;;0.7385892116438423;1;mnist_0_6;1106
sparse_com_sono;13.0;90.0;;0.6809271715335161;2;mnist_0_6;1152
sparse_com_sono;13.0;90.0;;0.7975389902420115;3;mnist_0_6;1129
sparse_com_sono;13.0;90.0;;0.7383030452157213;4;mnist_0_6;1179
sparse_com_sono;13.0;90.0;;0.7185577354831644;5;mnist_0_6;1150
sparse_com_sono;13.0;90.0;;0.7149806803755706;7;mnist_0_6;1178
sparse_com_sono;13.0;90.0;;0.7649162962791797;8;mnist_0_6;1098
sparse_com_sono;13.0;95.0;;0.3710115895683732;1;mnist_0_6;583
sparse_com_sono;13.0;95.0;;0.3189297477000601;2;mnist_0_6;630
sparse_com_sono;13.0;95.0;;0.5055086547544815;3;mnist_0_6;607
sparse_com_sono;13.0;95.0;;0.16239805492716536;4;mnist_0_6;636
sparse_com_sono;13.0;95.0;;0.16239805492716536;5;mnist_0_6;626
sparse_com_sono;13.0;95.0;;0.38045500154692413;6;mnist_0_6;617
sparse_com_sono;13.0;95.0;;0.16239805492716536;7;mnist_0_6;606
sparse_com_sono;13.0;95.0;;0.16239805492716536;8;mnist_0_6;608
sparse_com_sono;14.0;90.0;;0.770353414338961;1;mnist_0_6;1187
sparse_com_sono;14.0;90.0;;0.7222778682443338;3;mnist_0_6;1213
sparse_com_sono;14.0;90.0;;0.7652024599782283;4;mnist_0_6;1270
sparse_com_sono;14.0;90.0;;0.7873801680777203;5;mnist_0_6;1249
sparse_com_sono;14.0;90.0;;0.6309915610539383;6;mnist_0_6;1242
sparse_com_sono;14.0;90.0;;0.8061239093324626;7;mnist_0_6;1276
sparse_com_sono;14.0;90.0;;0.8034053491427162;8;mnist_0_6;1196
sparse_com_sono;14.0;95.0;;0.2546859357656882;1;mnist_0_6;628
sparse_com_sono;14.0;95.0;;0.5372728519232288;2;mnist_0_6;682
sparse_com_sono;14.0;95.0;;0.16239805492716536;3;mnist_0_6;642
sparse_com_sono;14.0;95.0;;0.3780226052012084;4;mnist_0_6;685
sparse_com_sono;14.0;95.0;;0.5834883354579725;5;mnist_0_6;677
sparse_com_sono;14.0;95.0;;0.3983402462634325;6;mnist_0_6;660
sparse_com_sono;14.0;95.0;;0.6101015912290806;7;mnist_0_6;660
sparse_com_sono;14.0;95.0;;0.5083702972883966;8;mnist_0_6;652
