experimento;alpha;epsilon;esparso;acuracia;seed;dataset;peso
sparse_com_sono;2.0;20.0;;0.7594534474060124;1;mnist_0_2;1262
sparse_com_sono;2.0;20.0;;0.3114076916153256;2;mnist_0_2;1250
sparse_com_sono;2.0;20.0;;0.9034000669618164;3;mnist_0_2;1285
sparse_com_sono;2.0;20.0;;0.3114076916153256;4;mnist_0_2;1257
sparse_com_sono;2.0;20.0;;0.8490625952856102;5;mnist_0_2;1287
sparse_com_sono;2.0;20.0;;0.692087698615389;6;mnist_0_2;1276
sparse_com_sono;2.0;20.0;;0.8757546902612008;7;mnist_0_2;1258
sparse_com_sono;2.0;20.0;;0.9497934578712834;8;mnist_0_2;1271
sparse_com_sono;2.0;20.0;;0.3114076916153256;9;mnist_0_2;1292
sparse_com_sono;2.0;20.0;;0.9736256787691338;10;mnist_0_2;1263
sparse_com_sono;2.0;20.0;;0.9609151621034572;11;mnist_0_2;1283
sparse_com_sono;2.0;50.0;;0.7715284409392702;1;mnist_0_2;805
sparse_com_sono;2.0;50.0;;0.3114076916153256;2;mnist_0_2;754
sparse_com_sono;2.0;50.0;;0.3114076916153256;3;mnist_0_2;803
sparse_com_sono;2.0;50.0;;0.32793136739829326;4;mnist_0_2;810
sparse_com_sono;2.0;50.0;;0.9329520214312335;5;mnist_0_2;828
sparse_com_sono;2.0;50.0;;0.3114076916153256;6;mnist_0_2;799
sparse_com_sono;2.0;50.0;;0.3114076916153256;7;mnist_0_2;788
sparse_com_sono;2.0;50.0;;0.3114076916153256;8;mnist_0_2;800
sparse_com_sono;2.0;50.0;;0.3114076916153256;9;mnist_0_2;809
sparse_com_sono;2.0;50.0;;0.8522402274256325;10;mnist_0_2;789
sparse_com_sono;2.0;50.0;;0.7378455639680984;11;mnist_0_2;779
sparse_com_sono;2.0;80.0;;0.36066095048486524;1;mnist_0_2;334
sparse_com_sono;2.0;80.0;;0.36066095048486524;5;mnist_0_2;318
sparse_com_sono;2.0;80.0;;0.36066095048486524;9;mnist_0_2;320
sparse_com_sono;3.0;20.0;;0.9774388348370611;1;mnist_0_2;1921
sparse_com_sono;3.0;20.0;;0.968541476701531;2;mnist_0_2;1876
sparse_com_sono;3.0;20.0;;0.9809342296228812;3;mnist_0_2;1922
sparse_com_sono;3.0;20.0;;0.9812519901095021;4;mnist_0_2;1891
sparse_com_sono;3.0;20.0;;0.9723546284511047;5;mnist_0_2;1927
sparse_com_sono;3.0;20.0;;0.9764855485285203;6;mnist_0_2;1928
sparse_com_sono;3.0;20.0;;0.9815697568084916;7;mnist_0_2;1876
sparse_com_sono;3.0;20.0;;0.9796631787745279;8;mnist_0_2;1901
sparse_com_sono;3.0;20.0;;0.9729901577958918;9;mnist_0_2;1918
sparse_com_sono;3.0;20.0;;0.9771210721912632;10;mnist_0_2;1880
sparse_com_sono;3.0;20.0;;0.9841118560808592;11;mnist_0_2;1943
sparse_com_sono;3.0;50.0;;0.3114076916153256;1;mnist_0_2;1229
sparse_com_sono;3.0;50.0;;0.3114076916153256;2;mnist_0_2;1142
sparse_com_sono;3.0;50.0;;0.8541468065581247;3;mnist_0_2;1193
sparse_com_sono;3.0;50.0;;0.8509691722589255;4;mnist_0_2;1221
sparse_com_sono;3.0;50.0;;0.3114076916153256;6;mnist_0_2;1212
sparse_com_sono;3.0;50.0;;0.3114076916153256;7;mnist_0_2;1169
sparse_com_sono;3.0;50.0;;0.86113758908403;8;mnist_0_2;1215
sparse_com_sono;3.0;50.0;;0.9561487199921512;10;mnist_0_2;1179
sparse_com_sono;3.0;50.0;;0.925643473266987;11;mnist_0_2;1200
sparse_com_sono;3.0;80.0;;0.36066095048486524;1;mnist_0_2;501
sparse_com_sono;3.0;80.0;;0.3114076916153256;5;mnist_0_2;482
sparse_com_sono;3.0;80.0;;0.36066095048486524;9;mnist_0_2;474
sparse_com_sono;4.0;20.0;;0.9637750278096522;1;mnist_0_2;2550
sparse_com_sono;4.0;20.0;;0.9739434416800936;2;mnist_0_2;2537
sparse_com_sono;4.0;20.0;;0.9796631766153511;3;mnist_0_2;2553
sparse_com_sono;4.0;20.0;;0.9265967685152774;4;mnist_0_2;2534
sparse_com_sono;4.0;20.0;;0.965363842932656;5;mnist_0_2;2570
sparse_com_sono;4.0;20.0;;0.9818875170299505;6;mnist_0_2;2585
sparse_com_sono;4.0;20.0;;0.7432475365227201;7;mnist_0_2;2535
sparse_com_sono;4.0;20.0;;0.938671756631653;8;mnist_0_2;2553
sparse_com_sono;4.0;20.0;;0.9847473886833518;9;mnist_0_2;2563
sparse_com_sono;4.0;20.0;;0.9790276499600649;10;mnist_0_2;2491
sparse_com_sono;4.0;20.0;;0.9831585738255101;11;mnist_0_2;2579
sparse_com_sono;4.0;50.0;;0.9828408071265207;2;mnist_0_2;1554
sparse_com_sono;4.0;50.0;;0.970448050682303;3;mnist_0_2;1593
sparse_com_sono;4.0;50.0;;0.9679059459930531;5;mnist_0_2;1593
sparse_com_sono;4.0;50.0;;0.9761677842538699;6;mnist_0_2;1645
sparse_com_sono;4.0;50.0;;0.9561487178329744;7;mnist_0_2;1570
sparse_com_sono;4.0;50.0;;0.9768033114394802;10;mnist_0_2;1576
sparse_com_sono;4.0;50.0;;0.9793454123407006;11;mnist_0_2;1600
sparse_com_sono;4.0;80.0;;0.36066095048486524;1;mnist_0_2;652
sparse_com_sono;4.0;80.0;;0.36066095048486524;5;mnist_0_2;628
sparse_com_sono;4.0;80.0;;0.36066095048486524;9;mnist_0_2;631
sparse_com_sono;4.0;90.0;;0.36066095048486524;1;mnist_0_2;335
sparse_com_sono;4.0;90.0;;0.36066095048486524;2;mnist_0_2;351
sparse_com_sono;4.0;90.0;;0.8458849704564849;3;mnist_0_2;336
sparse_com_sono;4.0;90.0;;0.36066095048486524;4;mnist_0_2;350
sparse_com_sono;4.0;90.0;;0.36066095048486524;5;mnist_0_2;318
sparse_com_sono;4.0;90.0;;0.36066095048486524;6;mnist_0_2;337
sparse_com_sono;4.0;90.0;;0.36066095048486524;7;mnist_0_2;314
sparse_com_sono;4.0;90.0;;0.36066095048486524;8;mnist_0_2;295
sparse_com_sono;4.0;90.0;;0.36066095048486524;9;mnist_0_2;303
sparse_com_sono;4.0;90.0;;0.36066095048486524;10;mnist_0_2;331
sparse_com_sono;4.0;90.0;;0.36066095048486524;11;mnist_0_2;316
sparse_com_sono;5.0;20.0;;0.9812519936323696;1;mnist_0_2;3203
sparse_com_sono;5.0;20.0;;0.9825230444807229;2;mnist_0_2;3197
sparse_com_sono;5.0;20.0;;0.9752144957861523;3;mnist_0_2;3206
sparse_com_sono;5.0;20.0;;0.9837940985867816;4;mnist_0_2;3166
sparse_com_sono;5.0;20.0;;0.9818875194542893;5;mnist_0_2;3220
sparse_com_sono;5.0;20.0;;0.9799809414203257;6;mnist_0_2;3226
sparse_com_sono;5.0;20.0;;0.9164283508568064;7;mnist_0_2;3185
sparse_com_sono;5.0;20.0;;0.9888783033438853;8;mnist_0_2;3179
sparse_com_sono;5.0;20.0;;0.9818875189239652;9;mnist_0_2;3195
sparse_com_sono;5.0;20.0;;0.9729901559018771;10;mnist_0_2;3133
sparse_com_sono;5.0;20.0;;0.930092151937009;11;mnist_0_2;3217
sparse_com_sono;5.0;50.0;;0.9825230447458849;1;mnist_0_2;2027
sparse_com_sono;5.0;50.0;;0.9771210735549539;2;mnist_0_2;1950
sparse_com_sono;5.0;50.0;;0.9841118612325794;3;mnist_0_2;1991
sparse_com_sono;5.0;50.0;;0.9634572648986923;6;mnist_0_2;2047
sparse_com_sono;5.0;50.0;;0.9748967317766639;7;mnist_0_2;1981
sparse_com_sono;5.0;50.0;;0.9783921244033071;10;mnist_0_2;1969
sparse_com_sono;5.0;50.0;;0.9863362016471787;11;mnist_0_2;1994
sparse_com_sono;5.0;80.0;;0.8570066690066144;1;mnist_0_2;812
sparse_com_sono;5.0;80.0;;0.8519224704618791;5;mnist_0_2;789
sparse_com_sono;5.0;80.0;;0.9199237413242729;9;mnist_0_2;797
sparse_com_sono;5.0;90.0;;0.36066095048486524;1;mnist_0_2;405
sparse_com_sono;5.0;90.0;;0.36066095048486524;2;mnist_0_2;430
sparse_com_sono;5.0;90.0;;0.8287257705372706;3;mnist_0_2;422
sparse_com_sono;5.0;90.0;;0.36066095048486524;4;mnist_0_2;431
sparse_com_sono;5.0;90.0;;0.36066095048486524;5;mnist_0_2;397
sparse_com_sono;5.0;90.0;;0.36066095048486524;6;mnist_0_2;410
sparse_com_sono;5.0;90.0;;0.36066095048486524;7;mnist_0_2;403
sparse_com_sono;5.0;90.0;;0.3114076916153256;8;mnist_0_2;392
sparse_com_sono;5.0;90.0;;0.36066095048486524;9;mnist_0_2;388
sparse_com_sono;5.0;90.0;;0.36066095048486524;10;mnist_0_2;416
sparse_com_sono;5.0;90.0;;0.36066095048486524;11;mnist_0_2;407
sparse_com_sono;6.0;90.0;;0.3114076916153256;1;mnist_0_2;480
sparse_com_sono;6.0;90.0;;0.36066095048486524;2;mnist_0_2;497
sparse_com_sono;6.0;90.0;;0.36066095048486524;3;mnist_0_2;512
sparse_com_sono;6.0;90.0;;0.36066095048486524;5;mnist_0_2;484
sparse_com_sono;6.0;90.0;;0.36066095048486524;6;mnist_0_2;503
sparse_com_sono;6.0;90.0;;0.36066095048486524;7;mnist_0_2;486
sparse_com_sono;6.0;90.0;;0.3114076916153256;8;mnist_0_2;471
sparse_com_sono;6.0;90.0;;0.8255481440792927;9;mnist_0_2;466
sparse_com_sono;6.0;90.0;;0.36066095048486524;10;mnist_0_2;480
sparse_com_sono;7.0;90.0;;0.8541468070884489;1;mnist_0_2;564
sparse_com_sono;7.0;90.0;;0.36066095048486524;2;mnist_0_2;578
sparse_com_sono;7.0;90.0;;0.8328566889858336;3;mnist_0_2;590
sparse_com_sono;7.0;90.0;;0.9504289872160706;4;mnist_0_2;609
sparse_com_sono;7.0;90.0;;0.8325389274385644;5;mnist_0_2;579
sparse_com_sono;7.0;90.0;;0.36066095048486524;6;mnist_0_2;595
sparse_com_sono;7.0;90.0;;0.8487448402158715;7;mnist_0_2;571
sparse_com_sono;7.0;90.0;;0.8560533867512652;8;mnist_0_2;542
sparse_com_sono;7.0;90.0;;0.8134731483300376;10;mnist_0_2;558
sparse_com_sono;7.0;90.0;;0.36066095048486524;11;mnist_0_2;564
sparse_com_sono;7.0;95.0;;0.36066095048486524;1;mnist_0_2;281
sparse_com_sono;7.0;95.0;;0.36066095048486524;2;mnist_0_2;301
sparse_com_sono;7.0;95.0;;0.36066095048486524;3;mnist_0_2;319
sparse_com_sono;7.0;95.0;;0.36066095048486524;4;mnist_0_2;314
sparse_com_sono;7.0;95.0;;0.36066095048486524;5;mnist_0_2;300
sparse_com_sono;7.0;95.0;;0.36066095048486524;6;mnist_0_2;303
sparse_com_sono;7.0;95.0;;0.36066095048486524;7;mnist_0_2;288
sparse_com_sono;7.0;95.0;;0.36066095048486524;8;mnist_0_2;291
sparse_com_sono;8.0;90.0;;0.8636796978264716;1;mnist_0_2;652
sparse_com_sono;8.0;90.0;;0.8595487793779085;2;mnist_0_2;657
sparse_com_sono;8.0;90.0;;0.36066095048486524;3;mnist_0_2;673
sparse_com_sono;8.0;90.0;;0.8290435367059359;4;mnist_0_2;696
sparse_com_sono;8.0;90.0;;0.8363520780327891;5;mnist_0_2;680
sparse_com_sono;8.0;90.0;;0.8503336548085512;6;mnist_0_2;682
sparse_com_sono;8.0;90.0;;0.927867810158719;7;mnist_0_2;662
sparse_com_sono;8.0;90.0;;0.819828401302814;8;mnist_0_2;613
sparse_com_sono;8.0;95.0;;0.36066095048486524;1;mnist_0_2;329
sparse_com_sono;8.0;95.0;;0.36066095048486524;2;mnist_0_2;340
sparse_com_sono;8.0;95.0;;0.36066095048486524;3;mnist_0_2;362
sparse_com_sono;8.0;95.0;;0.36066095048486524;4;mnist_0_2;356
sparse_com_sono;8.0;95.0;;0.36066095048486524;5;mnist_0_2;354
sparse_com_sono;8.0;95.0;;0.36066095048486524;6;mnist_0_2;349
sparse_com_sono;8.0;95.0;;0.775977121768469;7;mnist_0_2;335
sparse_com_sono;8.0;95.0;;0.36066095048486524;8;mnist_0_2;329
sparse_com_sono;9.0;90.0;;0.8538290458063417;1;mnist_0_2;716
sparse_com_sono;9.0;90.0;;0.8538290425486363;2;mnist_0_2;743
sparse_com_sono;9.0;90.0;;0.8411185269814883;3;mnist_0_2;753
sparse_com_sono;9.0;90.0;;0.9116619014346035;4;mnist_0_2;790
sparse_com_sono;9.0;90.0;;0.9669526594193504;5;mnist_0_2;761
sparse_com_sono;9.0;90.0;;0.9672704188074428;6;mnist_0_2;756
sparse_com_sono;9.0;90.0;;0.952017803702765;7;mnist_0_2;763
sparse_com_sono;9.0;90.0;;0.3114076916153256;8;mnist_0_2;695
sparse_com_sono;9.0;95.0;;0.36066095048486524;1;mnist_0_2;362
sparse_com_sono;9.0;95.0;;0.36066095048486524;2;mnist_0_2;394
sparse_com_sono;9.0;95.0;;0.36066095048486524;3;mnist_0_2;400
sparse_com_sono;9.0;95.0;;0.36066095048486524;4;mnist_0_2;410
sparse_com_sono;9.0;95.0;;0.36066095048486524;5;mnist_0_2;394
sparse_com_sono;9.0;95.0;;0.7785192286737161;6;mnist_0_2;390
sparse_com_sono;9.0;95.0;;0.36066095048486524;7;mnist_0_2;382
sparse_com_sono;9.0;95.0;;0.36066095048486524;8;mnist_0_2;376
sparse_com_sono;10.0;90.0;;0.9710835781330754;1;mnist_0_2;790
sparse_com_sono;10.0;90.0;;0.9707658152221156;2;mnist_0_2;826
sparse_com_sono;10.0;90.0;;0.8471560191456613;3;mnist_0_2;823
sparse_com_sono;10.0;90.0;;0.9752144963164764;4;mnist_0_2;877
sparse_com_sono;10.0;90.0;;0.9806164648179065;5;mnist_0_2;845
sparse_com_sono;10.0;90.0;;0.9768033054922739;6;mnist_0_2;848
sparse_com_sono;10.0;90.0;;0.9644105528360857;7;mnist_0_2;843
sparse_com_sono;10.0;90.0;;0.9723546208750455;8;mnist_0_2;798
sparse_com_sono;10.0;95.0;;0.36066095048486524;1;mnist_0_2;407
sparse_com_sono;10.0;95.0;;0.824912618522535;2;mnist_0_2;434
sparse_com_sono;10.0;95.0;;0.36066095048486524;3;mnist_0_2;435
sparse_com_sono;10.0;95.0;;0.7953606602650882;4;mnist_0_2;455
sparse_com_sono;10.0;95.0;;0.8767079752439312;5;mnist_0_2;444
sparse_com_sono;10.0;95.0;;0.8357165506388371;6;mnist_0_2;440
sparse_com_sono;10.0;95.0;;0.36066095048486524;7;mnist_0_2;416
sparse_com_sono;10.0;95.0;;0.36066095048486524;8;mnist_0_2;421
sparse_com_sono;11.0;95.0;;0.36066095048486524;1;mnist_0_2;453
sparse_com_sono;11.0;95.0;;0.36066095048486524;2;mnist_0_2;495
sparse_com_sono;11.0;95.0;;0.36066095048486524;3;mnist_0_2;476
sparse_com_sono;11.0;95.0;;0.886558627264061;4;mnist_0_2;495
sparse_com_sono;11.0;95.0;;0.7842389619233004;5;mnist_0_2;481
sparse_com_sono;11.0;95.0;;0.8013981583196472;6;mnist_0_2;480
sparse_com_sono;11.0;95.0;;0.8296790605770205;7;mnist_0_2;468
sparse_com_sono;11.0;95.0;;0.36066095048486524;8;mnist_0_2;469
sparse_com_sono;12.0;95.0;;0.8636796956672947;1;mnist_0_2;496
sparse_com_sono;12.0;95.0;;0.36066095048486524;2;mnist_0_2;536
sparse_com_sono;12.0;95.0;;0.36066095048486524;3;mnist_0_2;513
sparse_com_sono;12.0;95.0;;0.9078487496850299;4;mnist_0_2;547
sparse_com_sono;12.0;95.0;;0.8255481378669242;6;mnist_0_2;523
sparse_com_sono;12.0;95.0;;0.36066095048486524;7;mnist_0_2;505
sparse_com_sono;12.0;95.0;;0.8516047001832017;8;mnist_0_2;511
sparse_com_sono;13.0;95.0;;0.36066095048486524;1;mnist_0_2;531
sparse_com_sono;13.0;95.0;;0.950746750960397;2;mnist_0_2;578
sparse_com_sono;13.0;95.0;;0.7963139555133787;3;mnist_0_2;555
sparse_com_sono;13.0;95.0;;0.36066095048486524;4;mnist_0_2;584
sparse_com_sono;13.0;95.0;;0.36066095048486524;5;mnist_0_2;574
sparse_com_sono;13.0;95.0;;0.8077534150236328;6;mnist_0_2;565
sparse_com_sono;13.0;95.0;;0.7861455377980873;7;mnist_0_2;554
sparse_com_sono;13.0;95.0;;0.36066095048486524;8;mnist_0_2;556
sparse_com_sono;14.0;95.0;;0.9523355647197101;2;mnist_0_2;626
sparse_com_sono;14.0;95.0;;0.36066095048486524;3;mnist_0_2;586
sparse_com_sono;14.0;95.0;;0.8452494491612604;4;mnist_0_2;629
sparse_com_sono;14.0;95.0;;0.7845567186218919;6;mnist_0_2;604
sparse_com_sono;14.0;95.0;;0.9361296484195356;7;mnist_0_2;604
sparse_com_sono;14.0;95.0;;0.8353987931447594;8;mnist_0_2;596
sparse_com_sono;15.0;95.0;;0.9348586024198602;2;mnist_0_2;666
sparse_com_sono;15.0;95.0;;0.9466158273601138;3;mnist_0_2;637
sparse_com_sono;15.0;95.0;;0.6698443036743069;4;mnist_0_2;666
sparse_com_sono;15.0;95.0;;0.36066095048486524;6;mnist_0_2;649
sparse_com_sono;15.0;95.0;;0.8411185267163263;7;mnist_0_2;637
sparse_com_sono;15.0;95.0;;0.8484270718880293;8;mnist_0_2;644
sparse_com_sono;16.0;95.0;;0.8617731181636552;2;mnist_0_2;702
sparse_com_sono;16.0;95.0;;0.883698761292704;3;mnist_0_2;695
sparse_com_sono;16.0;95.0;;0.912932957169515;4;mnist_0_2;725
sparse_com_sono;16.0;95.0;;0.7861455326463671;5;mnist_0_2;701
sparse_com_sono;16.0;95.0;;0.8500158889050479;6;mnist_0_2;682
sparse_com_sono;16.0;95.0;;0.9701302864076525;7;mnist_0_2;687
sparse_com_sono;16.0;95.0;;0.8417540528034081;8;mnist_0_2;681
sparse_com_sono;17.0;95.0;;0.9300921562553627;2;mnist_0_2;738
sparse_com_sono;17.0;95.0;;0.9421671481597678;3;mnist_0_2;745
sparse_com_sono;17.0;95.0;;0.9024467768652461;4;mnist_0_2;771
sparse_com_sono;17.0;95.0;;0.9694947646389244;5;mnist_0_2;751
sparse_com_sono;17.0;95.0;;0.9586908211585337;6;mnist_0_2;727
sparse_com_sono;17.0;95.0;;0.9034000691209932;7;mnist_0_2;728
sparse_com_sono;17.0;95.0;;0.9666348954098619;8;mnist_0_2;729
sparse_com_sono;18.0;95.0;;0.8811566587626309;1;mnist_0_2;739
sparse_com_sono;18.0;95.0;;0.9618684535637181;2;mnist_0_2;780
sparse_com_sono;18.0;95.0;;0.9742612045910535;3;mnist_0_2;792
sparse_com_sono;18.0;95.0;;0.9389895106028632;4;mnist_0_2;808
sparse_com_sono;18.0;95.0;;0.8376231300364914;5;mnist_0_2;794
sparse_com_sono;18.0;95.0;;0.93549412312794;6;mnist_0_2;759
sparse_com_sono;18.0;95.0;;0.8697171935135121;7;mnist_0_2;769
sparse_com_sono;18.0;95.0;;0.8417540449621869;8;mnist_0_2;766
sparse_com_sono;19.0;95.0;;0.9173816344758462;1;mnist_0_2;787
sparse_com_sono;19.0;95.0;;0.9517000388977904;2;mnist_0_2;824
sparse_com_sono;19.0;95.0;;0.9723546306102815;3;mnist_0_2;851
sparse_com_sono;19.0;95.0;;0.9609151618382952;4;mnist_0_2;858
sparse_com_sono;19.0;95.0;;0.9815697587025063;5;mnist_0_2;859
sparse_com_sono;19.0;95.0;;0.967905947887068;6;mnist_0_2;807
sparse_com_sono;19.0;95.0;;0.8487448418447242;7;mnist_0_2;800
sparse_com_sono;19.0;95.0;;0.9698125237618547;8;mnist_0_2;820
