experimento;alpha;epsilon;esparso;acuracia;seed;dataset;peso
sparse_com_sono;1.0;0.0;;0.11349999956786633;1;mnist_0_9;796
sparse_com_sono;1.0;0.0;;0.19070000059902667;2;mnist_0_9;796
sparse_com_sono;1.0;0.0;;0.23769999995827676;3;mnist_0_9;796
sparse_com_sono;1.0;0.0;;0.17330000028014184;4;mnist_0_9;796
sparse_com_sono;1.0;0.0;;0.2526999996602535;5;mnist_0_9;796
sparse_com_sono;1.0;0.0;;0.20989999994635583;6;mnist_0_9;796
sparse_com_sono;1.0;0.0;;0.19659999929368496;8;mnist_0_9;796
sparse_com_sono;1.0;0.0;;0.21489999920129776;9;mnist_0_9;796
sparse_com_sono;1.0;0.0;;0.2481999997794628;10;mnist_0_9;796
sparse_com_sono;1.0;20.0;;0.21379999972879887;1;mnist_0_9;635
sparse_com_sono;1.0;20.0;;0.21709999948740005;2;mnist_0_9;648
sparse_com_sono;1.0;20.0;;0.11349999956786633;3;mnist_0_9;638
sparse_com_sono;1.0;20.0;;0.20269999921321868;4;mnist_0_9;625
sparse_com_sono;1.0;20.0;;0.19740000039339065;5;mnist_0_9;645
sparse_com_sono;1.0;20.0;;0.23639999985694884;6;mnist_0_9;646
sparse_com_sono;1.0;20.0;;0.2752000005543232;7;mnist_0_9;636
sparse_com_sono;1.0;20.0;;0.19979999899864198;8;mnist_0_9;646
sparse_com_sono;1.0;20.0;;0.11349999956786633;9;mnist_0_9;650
sparse_com_sono;1.0;20.0;;0.23719999983906745;10;mnist_0_9;626
sparse_com_sono;1.0;50.0;;0.11349999956786633;1;mnist_0_9;417
sparse_com_sono;1.0;50.0;;0.11349999956786633;2;mnist_0_9;385
sparse_com_sono;1.0;50.0;;0.11349999956786633;3;mnist_0_9;407
sparse_com_sono;1.0;50.0;;0.11349999956786633;4;mnist_0_9;414
sparse_com_sono;1.0;50.0;;0.24540000103414059;5;mnist_0_9;390
sparse_com_sono;1.0;50.0;;0.11349999956786633;6;mnist_0_9;415
sparse_com_sono;1.0;50.0;;0.21559999883174896;7;mnist_0_9;394
sparse_com_sono;1.0;50.0;;0.19189999900758267;8;mnist_0_9;405
sparse_com_sono;1.0;50.0;;0.11349999956786633;9;mnist_0_9;404
sparse_com_sono;1.0;50.0;;0.11349999956786633;10;mnist_0_9;411
sparse_com_sono;1.0;80.0;;0.11349999956786633;1;mnist_0_9;170
sparse_com_sono;1.0;80.0;;0.11349999956786633;2;mnist_0_9;168
sparse_com_sono;1.0;80.0;;0.11349999956786633;3;mnist_0_9;147
sparse_com_sono;1.0;80.0;;0.11349999956786633;4;mnist_0_9;169
sparse_com_sono;1.0;80.0;;0.11349999956786633;5;mnist_0_9;164
sparse_com_sono;1.0;80.0;;0.11349999956786633;6;mnist_0_9;177
sparse_com_sono;1.0;80.0;;0.11349999956786633;7;mnist_0_9;173
sparse_com_sono;1.0;80.0;;0.11349999956786633;8;mnist_0_9;150
sparse_com_sono;1.0;80.0;;0.11349999956786633;9;mnist_0_9;159
sparse_com_sono;1.0;80.0;;0.11349999956786633;10;mnist_0_9;168
sparse_com_sono;1.0;80.0;;0.11349999956786633;11;mnist_0_9;177
sparse_com_sono;1.0;80.0;;0.11349999956786633;12;mnist_0_9;179
sparse_com_sono;1.0;80.0;;0.11349999956786633;13;mnist_0_9;163
sparse_com_sono;1.0;80.0;;0.11349999956786633;14;mnist_0_9;164
sparse_com_sono;1.0;80.0;;0.11349999956786633;15;mnist_0_9;159
sparse_com_sono;1.0;80.0;;0.11349999956786633;17;mnist_0_9;166
sparse_com_sono;1.0;90.0;;0.11349999956786633;1;mnist_0_9;95
sparse_com_sono;1.0;90.0;;0.11349999956786633;2;mnist_0_9;96
sparse_com_sono;1.0;90.0;;0.11349999956786633;3;mnist_0_9;77
sparse_com_sono;1.0;90.0;;0.11349999956786633;4;mnist_0_9;94
sparse_com_sono;1.0;90.0;;0.11349999956786633;5;mnist_0_9;87
sparse_com_sono;1.0;90.0;;0.11349999956786633;6;mnist_0_9;96
sparse_com_sono;1.0;90.0;;0.11349999956786633;7;mnist_0_9;87
sparse_com_sono;1.0;90.0;;0.11349999956786633;8;mnist_0_9;79
sparse_com_sono;1.0;90.0;;0.11349999956786633;13;mnist_0_9;88
sparse_com_sono;1.0;90.0;;0.11349999956786633;14;mnist_0_9;100
sparse_com_sono;1.0;90.0;;0.11349999956786633;15;mnist_0_9;79
sparse_com_sono;1.0;90.0;;0.11349999956786633;16;mnist_0_9;86
sparse_com_sono;1.0;90.0;;0.11349999956786633;17;mnist_0_9;84
sparse_com_sono;2.0;0.0;;0.32300000205636026;1;mnist_0_9;1596
sparse_com_sono;2.0;0.0;;0.4263999998569489;2;mnist_0_9;1596
sparse_com_sono;2.0;0.0;;0.4303000009059906;3;mnist_0_9;1596
sparse_com_sono;2.0;0.0;;0.4370999994874001;4;mnist_0_9;1596
sparse_com_sono;2.0;0.0;;0.38779999867081644;5;mnist_0_9;1596
sparse_com_sono;2.0;0.0;;0.4184000000357628;6;mnist_0_9;1596
sparse_com_sono;2.0;0.0;;0.44219999939203264;7;mnist_0_9;1596
sparse_com_sono;2.0;0.0;;0.2650000010430813;8;mnist_0_9;1596
sparse_com_sono;2.0;0.0;;0.44799999743700025;9;mnist_0_9;1596
sparse_com_sono;2.0;0.0;;0.3855000016093254;10;mnist_0_9;1596
sparse_com_sono;2.0;20.0;;0.424199997484684;1;mnist_0_9;1276
sparse_com_sono;2.0;20.0;;0.4223999986052513;2;mnist_0_9;1264
sparse_com_sono;2.0;20.0;;0.40270000010728835;3;mnist_0_9;1299
sparse_com_sono;2.0;20.0;;0.2382999999076128;4;mnist_0_9;1271
sparse_com_sono;2.0;20.0;;0.4316999992728233;5;mnist_0_9;1301
sparse_com_sono;2.0;20.0;;0.42799999862909316;6;mnist_0_9;1290
sparse_com_sono;2.0;20.0;;0.2852000002563;7;mnist_0_9;1272
sparse_com_sono;2.0;20.0;;0.4468999990820885;8;mnist_0_9;1285
sparse_com_sono;2.0;20.0;;0.2656999984383583;9;mnist_0_9;1306
sparse_com_sono;2.0;20.0;;0.42270000010728837;10;mnist_0_9;1277
sparse_com_sono;2.0;50.0;;0.2754000023007393;1;mnist_0_9;819
sparse_com_sono;2.0;50.0;;0.18340000025928022;2;mnist_0_9;768
sparse_com_sono;2.0;50.0;;0.22190000042319297;3;mnist_0_9;817
sparse_com_sono;2.0;50.0;;0.2428000009059906;4;mnist_0_9;824
sparse_com_sono;2.0;50.0;;0.2000999990850687;5;mnist_0_9;842
sparse_com_sono;2.0;50.0;;0.3756999982893467;6;mnist_0_9;813
sparse_com_sono;2.0;50.0;;0.4784999948740005;7;mnist_0_9;802
sparse_com_sono;2.0;50.0;;0.2690000006556511;8;mnist_0_9;814
sparse_com_sono;2.0;50.0;;0.23650000005960464;9;mnist_0_9;823
sparse_com_sono;2.0;50.0;;0.29650000140070915;10;mnist_0_9;803
sparse_com_sono;2.0;80.0;;0.11349999956786633;1;mnist_0_9;348
sparse_com_sono;2.0;80.0;;0.11349999956786633;2;mnist_0_9;334
sparse_com_sono;2.0;80.0;;0.11349999956786633;3;mnist_0_9;327
sparse_com_sono;2.0;80.0;;0.11349999956786633;4;mnist_0_9;341
sparse_com_sono;2.0;80.0;;0.11349999956786633;5;mnist_0_9;332
sparse_com_sono;2.0;80.0;;0.19879999943077564;6;mnist_0_9;362
sparse_com_sono;2.0;80.0;;0.11349999956786633;7;mnist_0_9;338
sparse_com_sono;2.0;80.0;;0.11349999956786633;8;mnist_0_9;315
sparse_com_sono;2.0;80.0;;0.11349999956786633;9;mnist_0_9;334
sparse_com_sono;2.0;80.0;;0.11349999956786633;10;mnist_0_9;345
sparse_com_sono;2.0;80.0;;0.11349999956786633;11;mnist_0_9;345
sparse_com_sono;2.0;80.0;;0.11349999956786633;12;mnist_0_9;359
sparse_com_sono;2.0;80.0;;0.11349999956786633;13;mnist_0_9;328
sparse_com_sono;2.0;80.0;;0.11349999956786633;14;mnist_0_9;335
sparse_com_sono;2.0;80.0;;0.11349999956786633;15;mnist_0_9;349
sparse_com_sono;2.0;80.0;;0.11349999956786633;16;mnist_0_9;322
sparse_com_sono;2.0;90.0;;0.11349999956786633;1;mnist_0_9;182
sparse_com_sono;2.0;90.0;;0.11349999956786633;2;mnist_0_9;192
sparse_com_sono;2.0;90.0;;0.11349999956786633;3;mnist_0_9;192
sparse_com_sono;2.0;90.0;;0.11349999956786633;4;mnist_0_9;184
sparse_com_sono;2.0;90.0;;0.11349999956786633;5;mnist_0_9;181
sparse_com_sono;2.0;90.0;;0.11349999956786633;6;mnist_0_9;195
sparse_com_sono;2.0;90.0;;0.11349999956786633;7;mnist_0_9;172
sparse_com_sono;2.0;90.0;;0.11349999956786633;8;mnist_0_9;166
sparse_com_sono;2.0;90.0;;0.11349999956786633;9;mnist_0_9;175
sparse_com_sono;2.0;90.0;;0.11349999956786633;13;mnist_0_9;181
sparse_com_sono;2.0;90.0;;0.11349999956786633;15;mnist_0_9;179
sparse_com_sono;2.0;90.0;;0.10280000003054739;16;mnist_0_9;175
sparse_com_sono;2.0;90.0;;0.11349999956786633;17;mnist_0_9;148
sparse_com_sono;3.0;0.0;;0.5567999964952469;1;mnist_0_9;2400
sparse_com_sono;3.0;0.0;;0.5302000001072884;2;mnist_0_9;2400
sparse_com_sono;3.0;0.0;;0.5428999990224839;3;mnist_0_9;2400
sparse_com_sono;3.0;0.0;;0.4346999979019165;4;mnist_0_9;2400
sparse_com_sono;3.0;0.0;;0.5332999959588051;5;mnist_0_9;2400
sparse_com_sono;3.0;0.0;;0.5098999974131584;6;mnist_0_9;2400
sparse_com_sono;3.0;0.0;;0.4014999970793724;8;mnist_0_9;2400
sparse_com_sono;3.0;0.0;;0.5204999965429306;9;mnist_0_9;2400
sparse_com_sono;3.0;0.0;;0.5517999973893165;10;mnist_0_9;2400
sparse_com_sono;3.0;20.0;;0.5303999954462051;1;mnist_0_9;1942
sparse_com_sono;3.0;20.0;;0.5784999963641166;2;mnist_0_9;1897
sparse_com_sono;3.0;20.0;;0.5458999970555305;3;mnist_0_9;1943
sparse_com_sono;3.0;20.0;;0.5607999977469444;4;mnist_0_9;1912
sparse_com_sono;3.0;20.0;;0.5343999978899956;5;mnist_0_9;1948
sparse_com_sono;3.0;20.0;;0.5674999985098839;6;mnist_0_9;1949
sparse_com_sono;3.0;20.0;;0.5273999980092049;7;mnist_0_9;1897
sparse_com_sono;3.0;20.0;;0.5564999970793724;8;mnist_0_9;1922
sparse_com_sono;3.0;20.0;;0.5127999982237816;9;mnist_0_9;1939
sparse_com_sono;3.0;20.0;;0.5039999949932098;10;mnist_0_9;1901
sparse_com_sono;3.0;50.0;;0.2754999993741512;1;mnist_0_9;1250
sparse_com_sono;3.0;50.0;;0.2554999999701977;2;mnist_0_9;1163
sparse_com_sono;3.0;50.0;;0.3004000008106232;3;mnist_0_9;1214
sparse_com_sono;3.0;50.0;;0.44399999767541887;4;mnist_0_9;1242
sparse_com_sono;3.0;50.0;;0.4356999981403351;5;mnist_0_9;1234
sparse_com_sono;3.0;50.0;;0.46349999994039537;6;mnist_0_9;1233
sparse_com_sono;3.0;50.0;;0.43289999961853026;7;mnist_0_9;1190
sparse_com_sono;3.0;50.0;;0.19500000037252904;8;mnist_0_9;1236
sparse_com_sono;3.0;50.0;;0.31770000100135803;9;mnist_0_9;1206
sparse_com_sono;3.0;50.0;;0.4820000013709068;10;mnist_0_9;1200
sparse_com_sono;3.0;80.0;;0.11349999956786633;1;mnist_0_9;522
sparse_com_sono;3.0;80.0;;0.11349999956786633;2;mnist_0_9;496
sparse_com_sono;3.0;80.0;;0.32600000068545343;3;mnist_0_9;489
sparse_com_sono;3.0;80.0;;0.11349999956786633;4;mnist_0_9;521
sparse_com_sono;3.0;80.0;;0.22569999992847442;5;mnist_0_9;503
sparse_com_sono;3.0;80.0;;0.2149999999254942;6;mnist_0_9;521
sparse_com_sono;3.0;80.0;;0.11349999956786633;7;mnist_0_9;499
sparse_com_sono;3.0;80.0;;0.11349999956786633;8;mnist_0_9;463
sparse_com_sono;3.0;80.0;;0.11349999956786633;9;mnist_0_9;495
sparse_com_sono;3.0;80.0;;0.11349999956786633;10;mnist_0_9;505
sparse_com_sono;3.0;80.0;;0.11349999956786633;11;mnist_0_9;513
sparse_com_sono;3.0;80.0;;0.11349999956786633;12;mnist_0_9;518
sparse_com_sono;3.0;80.0;;0.11349999956786633;13;mnist_0_9;494
sparse_com_sono;3.0;80.0;;0.11349999956786633;14;mnist_0_9;501
sparse_com_sono;3.0;80.0;;0.2610999998450279;15;mnist_0_9;520
sparse_com_sono;3.0;80.0;;0.21969999931752682;16;mnist_0_9;497
sparse_com_sono;3.0;80.0;;0.21720000065863132;17;mnist_0_9;464
sparse_com_sono;3.0;90.0;;0.11349999956786633;1;mnist_0_9;277
sparse_com_sono;3.0;90.0;;0.11349999956786633;2;mnist_0_9;281
sparse_com_sono;3.0;90.0;;0.11349999956786633;3;mnist_0_9;270
sparse_com_sono;3.0;90.0;;0.11349999956786633;4;mnist_0_9;280
sparse_com_sono;3.0;90.0;;0.11349999956786633;5;mnist_0_9;263
sparse_com_sono;3.0;90.0;;0.11349999956786633;6;mnist_0_9;277
sparse_com_sono;3.0;90.0;;0.11349999956786633;7;mnist_0_9;263
sparse_com_sono;3.0;90.0;;0.11349999956786633;8;mnist_0_9;247
sparse_com_sono;3.0;90.0;;0.11349999956786633;13;mnist_0_9;270
sparse_com_sono;3.0;90.0;;0.11349999956786633;14;mnist_0_9;261
sparse_com_sono;3.0;90.0;;0.11349999956786633;15;mnist_0_9;269
sparse_com_sono;3.0;90.0;;0.11349999956786633;16;mnist_0_9;266
sparse_com_sono;3.0;90.0;;0.11349999956786633;17;mnist_0_9;232
sparse_com_sono;4.0;0.0;;0.5481999984383583;2;mnist_0_9;3208
sparse_com_sono;4.0;0.0;;0.46259999662637713;3;mnist_0_9;3208
sparse_com_sono;4.0;0.0;;0.5965999972820282;4;mnist_0_9;3208
sparse_com_sono;4.0;0.0;;0.565399999320507;5;mnist_0_9;3208
sparse_com_sono;4.0;0.0;;0.5657999962568283;6;mnist_0_9;3208
sparse_com_sono;4.0;0.0;;0.48039999723434446;8;mnist_0_9;3208
sparse_com_sono;4.0;0.0;;0.607399999499321;9;mnist_0_9;3208
sparse_com_sono;4.0;0.0;;0.649899999499321;10;mnist_0_9;3208
sparse_com_sono;4.0;20.0;;0.5573999959230423;1;mnist_0_9;2578
sparse_com_sono;4.0;20.0;;0.4227999973297119;2;mnist_0_9;2565
sparse_com_sono;4.0;20.0;;0.5704999986290932;3;mnist_0_9;2581
sparse_com_sono;4.0;20.0;;0.6224000003933906;4;mnist_0_9;2562
sparse_com_sono;4.0;20.0;;0.5812999990582466;5;mnist_0_9;2598
sparse_com_sono;4.0;20.0;;0.560199998319149;6;mnist_0_9;2613
sparse_com_sono;4.0;20.0;;0.5954000008106232;7;mnist_0_9;2563
sparse_com_sono;4.0;20.0;;0.5528999990224839;8;mnist_0_9;2581
sparse_com_sono;4.0;20.0;;0.5624999961256981;9;mnist_0_9;2591
sparse_com_sono;4.0;20.0;;0.4384999969601631;10;mnist_0_9;2519
sparse_com_sono;4.0;50.0;;0.44099999755620956;1;mnist_0_9;1642
sparse_com_sono;4.0;50.0;;0.5022999969124794;2;mnist_0_9;1582
sparse_com_sono;4.0;50.0;;0.6335000002384186;3;mnist_0_9;1621
sparse_com_sono;4.0;50.0;;0.5850999999046326;4;mnist_0_9;1661
sparse_com_sono;4.0;50.0;;0.5806999948620796;5;mnist_0_9;1621
sparse_com_sono;4.0;50.0;;0.37590000063180923;6;mnist_0_9;1673
sparse_com_sono;4.0;50.0;;0.56519999563694;7;mnist_0_9;1598
sparse_com_sono;4.0;50.0;;0.48809999525547026;8;mnist_0_9;1635
sparse_com_sono;4.0;50.0;;0.6048000001907349;9;mnist_0_9;1617
sparse_com_sono;4.0;50.0;;0.5322999972105026;10;mnist_0_9;1604
sparse_com_sono;4.0;80.0;;0.11349999956786633;1;mnist_0_9;680
sparse_com_sono;4.0;80.0;;0.11349999956786633;2;mnist_0_9;671
sparse_com_sono;4.0;80.0;;0.36850000023841856;3;mnist_0_9;663
sparse_com_sono;4.0;80.0;;0.2101000002771616;4;mnist_0_9;699
sparse_com_sono;4.0;80.0;;0.11349999956786633;5;mnist_0_9;656
sparse_com_sono;4.0;80.0;;0.2744000008702278;6;mnist_0_9;716
sparse_com_sono;4.0;80.0;;0.27020000144839285;7;mnist_0_9;663
sparse_com_sono;4.0;80.0;;0.43519999876618387;8;mnist_0_9;619
sparse_com_sono;4.0;80.0;;0.11349999956786633;9;mnist_0_9;659
sparse_com_sono;4.0;80.0;;0.22760000117123128;10;mnist_0_9;670
sparse_com_sono;4.0;80.0;;0.20979999981820582;11;mnist_0_9;674
sparse_com_sono;4.0;80.0;;0.11349999956786633;12;mnist_0_9;668
sparse_com_sono;4.0;80.0;;0.11349999956786633;13;mnist_0_9;680
sparse_com_sono;4.0;80.0;;0.2435999993979931;14;mnist_0_9;675
sparse_com_sono;4.0;80.0;;0.42119999989867213;15;mnist_0_9;681
sparse_com_sono;4.0;80.0;;0.11349999956786633;17;mnist_0_9;635
sparse_com_sono;4.0;80.0;;0.2147000003606081;18;mnist_0_9;636
sparse_com_sono;4.0;90.0;;0.11349999956786633;1;mnist_0_9;363
sparse_com_sono;4.0;90.0;;0.11349999956786633;2;mnist_0_9;379
sparse_com_sono;4.0;90.0;;0.31700000137090684;3;mnist_0_9;364
sparse_com_sono;4.0;90.0;;0.11349999956786633;4;mnist_0_9;378
sparse_com_sono;4.0;90.0;;0.11349999956786633;5;mnist_0_9;346
sparse_com_sono;4.0;90.0;;0.11349999956786633;6;mnist_0_9;365
sparse_com_sono;4.0;90.0;;0.11349999956786633;8;mnist_0_9;323
sparse_com_sono;4.0;90.0;;0.11349999956786633;9;mnist_0_9;331
sparse_com_sono;4.0;90.0;;0.11349999956786633;13;mnist_0_9;359
sparse_com_sono;4.0;90.0;;0.11349999956786633;14;mnist_0_9;346
sparse_com_sono;4.0;90.0;;0.11349999956786633;15;mnist_0_9;363
sparse_com_sono;4.0;90.0;;0.11349999956786633;16;mnist_0_9;359
sparse_com_sono;4.0;90.0;;0.11349999956786633;17;mnist_0_9;325
sparse_com_sono;5.0;0.0;;0.6108999964594841;1;mnist_0_9;4020
sparse_com_sono;5.0;0.0;;0.6272000005841255;2;mnist_0_9;4020
sparse_com_sono;5.0;0.0;;0.5864999979734421;3;mnist_0_9;4020
sparse_com_sono;5.0;0.0;;0.572600000500679;4;mnist_0_9;4020
sparse_com_sono;5.0;0.0;;0.6992000007629394;5;mnist_0_9;4020
sparse_com_sono;5.0;0.0;;0.5820999991893768;6;mnist_0_9;4020
sparse_com_sono;5.0;0.0;;0.6539000004529953;7;mnist_0_9;4020
sparse_com_sono;5.0;0.0;;0.5421999964118004;8;mnist_0_9;4020
sparse_com_sono;5.0;0.0;;0.5874000009894371;9;mnist_0_9;4020
sparse_com_sono;5.0;0.0;;0.5914999961853027;10;mnist_0_9;4020
sparse_com_sono;5.0;20.0;;0.6723000007867813;1;mnist_0_9;3238
sparse_com_sono;5.0;20.0;;0.5433999943733215;2;mnist_0_9;3232
sparse_com_sono;5.0;20.0;;0.629399995803833;3;mnist_0_9;3241
sparse_com_sono;5.0;20.0;;0.6006000000238418;4;mnist_0_9;3201
sparse_com_sono;5.0;20.0;;0.6139999997615814;5;mnist_0_9;3255
sparse_com_sono;5.0;20.0;;0.594300000667572;6;mnist_0_9;3261
sparse_com_sono;5.0;20.0;;0.6070999991893768;7;mnist_0_9;3220
sparse_com_sono;5.0;20.0;;0.582399999499321;8;mnist_0_9;3214
sparse_com_sono;5.0;20.0;;0.5006999951601029;9;mnist_0_9;3230
sparse_com_sono;5.0;20.0;;0.5613999977707863;10;mnist_0_9;3168
sparse_com_sono;5.0;50.0;;0.5823999989032745;1;mnist_0_9;2062
sparse_com_sono;5.0;50.0;;0.6885999995470047;2;mnist_0_9;1985
sparse_com_sono;5.0;50.0;;0.5015999963879585;3;mnist_0_9;2026
sparse_com_sono;5.0;50.0;;0.6235999998450279;4;mnist_0_9;2060
sparse_com_sono;5.0;50.0;;0.6633999985456467;5;mnist_0_9;2029
sparse_com_sono;5.0;50.0;;0.6418999978899955;6;mnist_0_9;2082
sparse_com_sono;5.0;50.0;;0.6124999982118606;7;mnist_0_9;2016
sparse_com_sono;5.0;50.0;;0.5648999953269959;8;mnist_0_9;2028
sparse_com_sono;5.0;50.0;;0.681700000166893;9;mnist_0_9;2017
sparse_com_sono;5.0;50.0;;0.6547000005841255;10;mnist_0_9;2004
sparse_com_sono;5.0;80.0;;0.2857000005245209;1;mnist_0_9;847
sparse_com_sono;5.0;80.0;;0.11349999956786633;2;mnist_0_9;839
sparse_com_sono;5.0;80.0;;0.42349999874830246;3;mnist_0_9;833
sparse_com_sono;5.0;80.0;;0.11349999956786633;4;mnist_0_9;867
sparse_com_sono;5.0;80.0;;0.2633000014722347;5;mnist_0_9;824
sparse_com_sono;5.0;80.0;;0.41719999954104425;6;mnist_0_9;882
sparse_com_sono;5.0;80.0;;0.3422000007331371;7;mnist_0_9;827
sparse_com_sono;5.0;80.0;;0.2038999992609024;8;mnist_0_9;788
sparse_com_sono;5.0;80.0;;0.5561999982595444;9;mnist_0_9;832
sparse_com_sono;5.0;80.0;;0.11349999956786633;10;mnist_0_9;838
sparse_com_sono;5.0;80.0;;0.32520000204443933;11;mnist_0_9;856
sparse_com_sono;5.0;80.0;;0.2369000007212162;12;mnist_0_9;829
sparse_com_sono;5.0;80.0;;0.32280000105500223;13;mnist_0_9;852
sparse_com_sono;5.0;80.0;;0.11349999956786633;14;mnist_0_9;847
sparse_com_sono;5.0;80.0;;0.41020000010728835;15;mnist_0_9;849
sparse_com_sono;5.0;80.0;;0.29520000144839287;16;mnist_0_9;842
sparse_com_sono;5.0;80.0;;0.4712999975681305;17;mnist_0_9;801
sparse_com_sono;5.0;80.0;;0.39859999909996985;18;mnist_0_9;795
sparse_com_sono;5.0;90.0;;0.2659999994933605;1;mnist_0_9;440
sparse_com_sono;5.0;90.0;;0.11349999956786633;2;mnist_0_9;465
sparse_com_sono;5.0;90.0;;0.24680000148713588;3;mnist_0_9;457
sparse_com_sono;5.0;90.0;;0.11349999956786633;4;mnist_0_9;466
sparse_com_sono;5.0;90.0;;0.11349999956786633;5;mnist_0_9;432
sparse_com_sono;5.0;90.0;;0.11349999956786633;6;mnist_0_9;445
sparse_com_sono;5.0;90.0;;0.11349999956786633;7;mnist_0_9;438
sparse_com_sono;5.0;90.0;;0.11349999956786633;8;mnist_0_9;427
sparse_com_sono;5.0;90.0;;0.11349999956786633;13;mnist_0_9;456
sparse_com_sono;5.0;90.0;;0.11349999956786633;14;mnist_0_9;440
sparse_com_sono;5.0;90.0;;0.11349999956786633;15;mnist_0_9;457
sparse_com_sono;5.0;90.0;;0.11349999956786633;16;mnist_0_9;443
sparse_com_sono;6.0;0.0;;0.6475999981164933;1;mnist_0_9;4836
sparse_com_sono;6.0;0.0;;0.6281000003218651;2;mnist_0_9;4836
sparse_com_sono;6.0;0.0;;0.5372999984025956;3;mnist_0_9;4836
sparse_com_sono;6.0;0.0;;0.6777000039815902;4;mnist_0_9;4836
sparse_com_sono;6.0;0.0;;0.6033999982476235;5;mnist_0_9;4836
sparse_com_sono;6.0;0.0;;0.6709000009298325;6;mnist_0_9;4836
sparse_com_sono;6.0;0.0;;0.633800000846386;7;mnist_0_9;4836
sparse_com_sono;6.0;0.0;;0.6738000017404556;8;mnist_0_9;4836
sparse_com_sono;6.0;0.0;;0.6315000012516976;9;mnist_0_9;4836
sparse_com_sono;6.0;0.0;;0.6639999985694885;10;mnist_0_9;4836
sparse_com_sono;6.0;20.0;;0.57009999781847;1;mnist_0_9;3892
sparse_com_sono;6.0;20.0;;0.6725000029802323;2;mnist_0_9;3883
sparse_com_sono;6.0;20.0;;0.6137000006437302;3;mnist_0_9;3893
sparse_com_sono;6.0;20.0;;0.666399998664856;4;mnist_0_9;3849
sparse_com_sono;6.0;20.0;;0.5293999981880187;5;mnist_0_9;3922
sparse_com_sono;6.0;20.0;;0.674400001168251;6;mnist_0_9;3919
sparse_com_sono;6.0;20.0;;0.5619000008702278;7;mnist_0_9;3864
sparse_com_sono;6.0;20.0;;0.5828999984264374;8;mnist_0_9;3872
sparse_com_sono;6.0;20.0;;0.6530999958515167;9;mnist_0_9;3892
sparse_com_sono;6.0;20.0;;0.618899998664856;10;mnist_0_9;3815
sparse_com_sono;6.0;50.0;;0.6367999988794327;1;mnist_0_9;2456
sparse_com_sono;6.0;50.0;;0.6993999999761581;2;mnist_0_9;2368
sparse_com_sono;6.0;50.0;;0.5878999981284142;3;mnist_0_9;2448
sparse_com_sono;6.0;50.0;;0.6747999966144562;4;mnist_0_9;2468
sparse_com_sono;6.0;50.0;;0.6688999995589257;5;mnist_0_9;2470
sparse_com_sono;6.0;50.0;;0.6737999999523163;6;mnist_0_9;2498
sparse_com_sono;6.0;50.0;;0.6630999994277954;7;mnist_0_9;2421
sparse_com_sono;6.0;50.0;;0.5957999989390373;8;mnist_0_9;2431
sparse_com_sono;6.0;50.0;;0.6831999999284745;9;mnist_0_9;2407
sparse_com_sono;6.0;50.0;;0.7090000027418136;10;mnist_0_9;2410
sparse_com_sono;6.0;80.0;;0.4980999982357025;1;mnist_0_9;1008
sparse_com_sono;6.0;80.0;;0.35849999949336053;2;mnist_0_9;989
sparse_com_sono;6.0;80.0;;0.5152999946475029;3;mnist_0_9;1018
sparse_com_sono;6.0;80.0;;0.5303999972343445;4;mnist_0_9;1034
sparse_com_sono;6.0;80.0;;0.24920000068843365;5;mnist_0_9;995
sparse_com_sono;6.0;80.0;;0.5845999994874;6;mnist_0_9;1084
sparse_com_sono;6.0;80.0;;0.42859999924898146;7;mnist_0_9;1002
sparse_com_sono;6.0;80.0;;0.599800000488758;8;mnist_0_9;976
sparse_com_sono;6.0;80.0;;0.5282999965548515;9;mnist_0_9;999
sparse_com_sono;6.0;80.0;;0.5436999973654747;10;mnist_0_9;986
sparse_com_sono;6.0;80.0;;0.4532999953627586;11;mnist_0_9;1031
sparse_com_sono;6.0;80.0;;0.31220000103116036;12;mnist_0_9;1015
sparse_com_sono;6.0;80.0;;0.5436999988555908;13;mnist_0_9;1025
sparse_com_sono;6.0;80.0;;0.2934000012278557;14;mnist_0_9;1031
sparse_com_sono;6.0;80.0;;0.21210000086575748;15;mnist_0_9;1013
sparse_com_sono;6.0;80.0;;0.4736999961733818;16;mnist_0_9;1008
sparse_com_sono;6.0;80.0;;0.6127999973297119;17;mnist_0_9;961
sparse_com_sono;6.0;80.0;;0.4455999979376793;18;mnist_0_9;960
sparse_com_sono;6.0;90.0;;0.2675000008195639;1;mnist_0_9;522
sparse_com_sono;6.0;90.0;;0.11349999956786633;2;mnist_0_9;539
sparse_com_sono;6.0;90.0;;0.11349999956786633;3;mnist_0_9;554
sparse_com_sono;6.0;90.0;;0.26290000006556513;4;mnist_0_9;561
sparse_com_sono;6.0;90.0;;0.11349999956786633;5;mnist_0_9;526
sparse_com_sono;6.0;90.0;;0.3721000005304813;6;mnist_0_9;545
sparse_com_sono;6.0;90.0;;0.11349999956786633;7;mnist_0_9;528
sparse_com_sono;6.0;90.0;;0.11349999956786633;9;mnist_0_9;508
sparse_com_sono;6.0;90.0;;0.11349999956786633;13;mnist_0_9;543
sparse_com_sono;6.0;90.0;;0.11349999956786633;14;mnist_0_9;531
sparse_com_sono;6.0;90.0;;0.11349999956786633;15;mnist_0_9;556
sparse_com_sono;6.0;90.0;;0.2959000015258789;16;mnist_0_9;525
sparse_com_sono;7.0;0.0;;0.660400003194809;1;mnist_0_9;5656
sparse_com_sono;7.0;0.0;;0.661099998652935;2;mnist_0_9;5656
sparse_com_sono;7.0;0.0;;0.696800001859665;3;mnist_0_9;5656
sparse_com_sono;7.0;0.0;;0.6108000010251999;4;mnist_0_9;5656
sparse_com_sono;7.0;0.0;;0.5893999981880188;5;mnist_0_9;5656
sparse_com_sono;7.0;0.0;;0.5303999954462051;6;mnist_0_9;5656
sparse_com_sono;7.0;0.0;;0.6475999987125397;7;mnist_0_9;5656
sparse_com_sono;7.0;0.0;;0.716000000834465;8;mnist_0_9;5656
sparse_com_sono;7.0;0.0;;0.5763999986648559;9;mnist_0_9;5656
sparse_com_sono;7.0;0.0;;0.5914999949932098;10;mnist_0_9;5656
sparse_com_sono;7.0;20.0;;0.5919000002741813;2;mnist_0_9;4529
sparse_com_sono;7.0;20.0;;0.6916000002622604;3;mnist_0_9;4534
sparse_com_sono;7.0;20.0;;0.7016000002622604;4;mnist_0_9;4504
sparse_com_sono;7.0;20.0;;0.6002000004053116;5;mnist_0_9;4593
sparse_com_sono;7.0;20.0;;0.6359999996423721;6;mnist_0_9;4576
sparse_com_sono;7.0;20.0;;0.6585999971628189;7;mnist_0_9;4513
sparse_com_sono;7.0;20.0;;0.6286000019311905;8;mnist_0_9;4522
sparse_com_sono;7.0;20.0;;0.707800001502037;9;mnist_0_9;4532
sparse_com_sono;7.0;20.0;;0.7186999976634979;10;mnist_0_9;4465
sparse_com_sono;7.0;50.0;;0.6675000002980233;1;mnist_0_9;2896
sparse_com_sono;7.0;50.0;;0.7046999990940094;2;mnist_0_9;2777
sparse_com_sono;7.0;50.0;;0.6801000034809113;3;mnist_0_9;2826
sparse_com_sono;7.0;50.0;;0.6866000026464463;4;mnist_0_9;2879
sparse_com_sono;7.0;50.0;;0.7251999992132186;5;mnist_0_9;2908
sparse_com_sono;7.0;50.0;;0.6534999978542327;6;mnist_0_9;2936
sparse_com_sono;7.0;50.0;;0.7244999998807907;7;mnist_0_9;2825
sparse_com_sono;7.0;50.0;;0.6535999992489815;8;mnist_0_9;2827
sparse_com_sono;7.0;50.0;;0.6810999983549118;9;mnist_0_9;2828
sparse_com_sono;7.0;50.0;;0.635300001502037;10;mnist_0_9;2805
sparse_com_sono;7.0;80.0;;0.5222999987006187;1;mnist_0_9;1179
sparse_com_sono;7.0;80.0;;0.2148999999463558;2;mnist_0_9;1159
sparse_com_sono;7.0;80.0;;0.5987000033259392;3;mnist_0_9;1167
sparse_com_sono;7.0;80.0;;0.6342999973893165;4;mnist_0_9;1207
sparse_com_sono;7.0;80.0;;0.6348999997973442;5;mnist_0_9;1184
sparse_com_sono;7.0;80.0;;0.4736999976634979;6;mnist_0_9;1266
sparse_com_sono;7.0;80.0;;0.6372000020742417;7;mnist_0_9;1179
sparse_com_sono;7.0;80.0;;0.5997000005841255;8;mnist_0_9;1130
sparse_com_sono;7.0;80.0;;0.5888999989628791;9;mnist_0_9;1166
sparse_com_sono;7.0;80.0;;0.6845999991893769;10;mnist_0_9;1157
sparse_com_sono;7.0;80.0;;0.49110000014305116;11;mnist_0_9;1201
sparse_com_sono;7.0;80.0;;0.5691999980807304;12;mnist_0_9;1189
sparse_com_sono;7.0;80.0;;0.631099997162819;13;mnist_0_9;1197
sparse_com_sono;7.0;80.0;;0.6495000007748604;14;mnist_0_9;1210
sparse_com_sono;7.0;80.0;;0.4932999992370605;15;mnist_0_9;1170
sparse_com_sono;7.0;80.0;;0.6394999980926513;16;mnist_0_9;1189
sparse_com_sono;7.0;80.0;;0.5444999983906746;18;mnist_0_9;1130
sparse_com_sono;7.0;90.0;;0.42829999804496766;1;mnist_0_9;613
sparse_com_sono;7.0;90.0;;0.11349999956786633;2;mnist_0_9;627
sparse_com_sono;7.0;90.0;;0.3537999993562698;3;mnist_0_9;639
sparse_com_sono;7.0;90.0;;0.5027000001072883;4;mnist_0_9;658
sparse_com_sono;7.0;90.0;;0.22649999916553498;5;mnist_0_9;628
sparse_com_sono;7.0;90.0;;0.11349999956786633;6;mnist_0_9;644
sparse_com_sono;7.0;90.0;;0.32250000059604644;7;mnist_0_9;620
sparse_com_sono;7.0;90.0;;0.3439999994635582;9;mnist_0_9;600
sparse_com_sono;7.0;90.0;;0.11349999956786633;13;mnist_0_9;624
sparse_com_sono;7.0;90.0;;0.11349999956786633;14;mnist_0_9;617
sparse_com_sono;7.0;90.0;;0.23839999988675117;15;mnist_0_9;639
sparse_com_sono;7.0;90.0;;0.23320000007748604;16;mnist_0_9;616
sparse_com_sono;7.0;90.0;;0.11349999956786633;17;mnist_0_9;597
sparse_com_sono;8.0;0.0;;0.6919000017642974;1;mnist_0_9;6480
sparse_com_sono;8.0;0.0;;0.6992999994754792;2;mnist_0_9;6480
sparse_com_sono;8.0;0.0;;0.7371000009775162;3;mnist_0_9;6480
sparse_com_sono;8.0;0.0;;0.6068999978899956;4;mnist_0_9;6480
sparse_com_sono;8.0;0.0;;0.7066999977827072;5;mnist_0_9;6480
sparse_com_sono;8.0;0.0;;0.7116000020503997;6;mnist_0_9;6480
sparse_com_sono;8.0;0.0;;0.6918000024557114;7;mnist_0_9;6480
sparse_com_sono;8.0;0.0;;0.6621000009775162;8;mnist_0_9;6480
sparse_com_sono;8.0;0.0;;0.6001999995112419;9;mnist_0_9;6480
sparse_com_sono;8.0;0.0;;0.7430000007152557;10;mnist_0_9;6480
sparse_com_sono;8.0;20.0;;0.6463000029325485;1;mnist_0_9;5221
sparse_com_sono;8.0;20.0;;0.6449999994039536;2;mnist_0_9;5184
sparse_com_sono;8.0;20.0;;0.6954000043869019;3;mnist_0_9;5203
sparse_com_sono;8.0;20.0;;0.7298000019788742;4;mnist_0_9;5155
sparse_com_sono;8.0;20.0;;0.7341000014543533;5;mnist_0_9;5252
sparse_com_sono;8.0;20.0;;0.6578000003099441;6;mnist_0_9;5247
sparse_com_sono;8.0;20.0;;0.6812000024318695;7;mnist_0_9;5187
sparse_com_sono;8.0;20.0;;0.7045999974012375;8;mnist_0_9;5192
sparse_com_sono;8.0;20.0;;0.7319999998807907;9;mnist_0_9;5195
sparse_com_sono;8.0;20.0;;0.6533000004291535;10;mnist_0_9;5119
sparse_com_sono;8.0;50.0;;0.6899000012874603;1;mnist_0_9;3341
sparse_com_sono;8.0;50.0;;0.7531000024080277;2;mnist_0_9;3194
sparse_com_sono;8.0;50.0;;0.6531000018119812;3;mnist_0_9;3221
sparse_com_sono;8.0;50.0;;0.7462999993562698;4;mnist_0_9;3298
sparse_com_sono;8.0;50.0;;0.7274000012874603;5;mnist_0_9;3305
sparse_com_sono;8.0;50.0;;0.7019000017642975;6;mnist_0_9;3360
sparse_com_sono;8.0;50.0;;0.6356000000238419;7;mnist_0_9;3253
sparse_com_sono;8.0;50.0;;0.6503000000119209;8;mnist_0_9;3227
sparse_com_sono;8.0;50.0;;0.6415000003576279;9;mnist_0_9;3253
sparse_com_sono;8.0;50.0;;0.7412000000476837;10;mnist_0_9;3210
sparse_com_sono;8.0;80.0;;0.5780999967455864;1;mnist_0_9;1346
sparse_com_sono;8.0;80.0;;0.5925999990105629;2;mnist_0_9;1336
sparse_com_sono;8.0;80.0;;0.4496999981999397;3;mnist_0_9;1335
sparse_com_sono;8.0;80.0;;0.5991000011563301;4;mnist_0_9;1382
sparse_com_sono;8.0;80.0;;0.5719000002741814;5;mnist_0_9;1361
sparse_com_sono;8.0;80.0;;0.529599996805191;6;mnist_0_9;1435
sparse_com_sono;8.0;80.0;;0.7102999997138977;7;mnist_0_9;1369
sparse_com_sono;8.0;80.0;;0.5740999978780746;8;mnist_0_9;1281
sparse_com_sono;8.0;80.0;;0.6151999974250794;9;mnist_0_9;1334
sparse_com_sono;8.0;80.0;;0.6010999980568886;10;mnist_0_9;1321
sparse_com_sono;8.0;80.0;;0.5329999977350235;11;mnist_0_9;1371
sparse_com_sono;8.0;80.0;;0.6754999995231629;12;mnist_0_9;1350
sparse_com_sono;8.0;80.0;;0.6975000029802323;13;mnist_0_9;1396
sparse_com_sono;8.0;80.0;;0.6288000002503396;14;mnist_0_9;1392
sparse_com_sono;8.0;80.0;;0.6639999997615814;15;mnist_0_9;1364
sparse_com_sono;8.0;80.0;;0.49279999613761905;16;mnist_0_9;1361
sparse_com_sono;8.0;80.0;;0.624399998486042;18;mnist_0_9;1307
sparse_com_sono;8.0;90.0;;0.37260000079870226;1;mnist_0_9;708
sparse_com_sono;8.0;90.0;;0.3069999997317791;2;mnist_0_9;713
sparse_com_sono;8.0;90.0;;0.11349999956786633;3;mnist_0_9;729
sparse_com_sono;8.0;90.0;;0.11349999956786633;4;mnist_0_9;752
sparse_com_sono;8.0;90.0;;0.11349999956786633;5;mnist_0_9;736
sparse_com_sono;8.0;90.0;;0.3166000020503998;6;mnist_0_9;738
sparse_com_sono;8.0;90.0;;0.5566999983787536;7;mnist_0_9;718
sparse_com_sono;8.0;90.0;;0.518399997651577;13;mnist_0_9;716
sparse_com_sono;8.0;90.0;;0.19090000063180923;14;mnist_0_9;712
sparse_com_sono;8.0;90.0;;0.32800000011920927;15;mnist_0_9;736
sparse_com_sono;8.0;90.0;;0.11349999956786633;16;mnist_0_9;712
sparse_com_sono;8.0;90.0;;0.3530999991297722;17;mnist_0_9;675
sparse_com_sono;9.0;0.0;;0.7199000000953675;1;mnist_0_9;7308
sparse_com_sono;9.0;0.0;;0.6656999969482422;2;mnist_0_9;7308
sparse_com_sono;9.0;0.0;;0.7057000035047531;3;mnist_0_9;7308
sparse_com_sono;9.0;0.0;;0.6764999991655349;4;mnist_0_9;7308
sparse_com_sono;9.0;0.0;;0.7016000002622604;5;mnist_0_9;7308
sparse_com_sono;9.0;0.0;;0.7131999999284744;6;mnist_0_9;7308
sparse_com_sono;9.0;0.0;;0.7211999982595444;7;mnist_0_9;7308
sparse_com_sono;9.0;0.0;;0.7309000033140183;8;mnist_0_9;7308
sparse_com_sono;9.0;0.0;;0.7375000011920929;9;mnist_0_9;7308
sparse_com_sono;9.0;0.0;;0.7041000002622604;10;mnist_0_9;7308
sparse_com_sono;9.0;20.0;;0.7095999991893769;1;mnist_0_9;5866
sparse_com_sono;9.0;20.0;;0.6665000006556511;2;mnist_0_9;5837
sparse_com_sono;9.0;20.0;;0.6959000021219254;3;mnist_0_9;5854
sparse_com_sono;9.0;20.0;;0.7701000028848648;4;mnist_0_9;5827
sparse_com_sono;9.0;20.0;;0.6812999975681305;5;mnist_0_9;5919
sparse_com_sono;9.0;20.0;;0.7362000006437301;6;mnist_0_9;5926
sparse_com_sono;9.0;20.0;;0.7576999998092652;7;mnist_0_9;5844
sparse_com_sono;9.0;20.0;;0.7675000005960464;8;mnist_0_9;5856
sparse_com_sono;9.0;20.0;;0.6919999992847443;9;mnist_0_9;5832
sparse_com_sono;9.0;20.0;;0.6541999995708465;10;mnist_0_9;5755
sparse_com_sono;9.0;50.0;;0.6828999996185303;1;mnist_0_9;3727
sparse_com_sono;9.0;50.0;;0.6783000034093857;2;mnist_0_9;3613
sparse_com_sono;9.0;50.0;;0.7215999990701676;3;mnist_0_9;3614
sparse_com_sono;9.0;50.0;;0.7641999995708466;4;mnist_0_9;3735
sparse_com_sono;9.0;50.0;;0.6291000005602837;5;mnist_0_9;3713
sparse_com_sono;9.0;50.0;;0.6649000018835067;6;mnist_0_9;3774
sparse_com_sono;9.0;50.0;;0.6254000014066696;7;mnist_0_9;3673
sparse_com_sono;9.0;50.0;;0.6504000025987625;8;mnist_0_9;3633
sparse_com_sono;9.0;50.0;;0.7064000034332275;9;mnist_0_9;3658
sparse_com_sono;9.0;50.0;;0.7043000012636185;10;mnist_0_9;3591
sparse_com_sono;9.0;80.0;;0.6508000001311303;1;mnist_0_9;1507
sparse_com_sono;9.0;80.0;;0.6997999984025955;2;mnist_0_9;1519
sparse_com_sono;9.0;80.0;;0.7033999979496002;3;mnist_0_9;1495
sparse_com_sono;9.0;80.0;;0.5768000003695488;4;mnist_0_9;1561
sparse_com_sono;9.0;80.0;;0.48429999858140943;5;mnist_0_9;1529
sparse_com_sono;9.0;80.0;;0.6784999996423722;6;mnist_0_9;1607
sparse_com_sono;9.0;80.0;;0.6993999999761581;7;mnist_0_9;1555
sparse_com_sono;9.0;80.0;;0.7334999978542328;8;mnist_0_9;1451
sparse_com_sono;9.0;80.0;;0.74530000269413;9;mnist_0_9;1521
sparse_com_sono;9.0;80.0;;0.5754999989271163;10;mnist_0_9;1476
sparse_com_sono;9.0;80.0;;0.7388999998569489;11;mnist_0_9;1530
sparse_com_sono;9.0;80.0;;0.7114000004529953;12;mnist_0_9;1499
sparse_com_sono;9.0;80.0;;0.6568999981880188;13;mnist_0_9;1555
sparse_com_sono;9.0;80.0;;0.7175000005960465;14;mnist_0_9;1565
sparse_com_sono;9.0;80.0;;0.609100002348423;15;mnist_0_9;1587
sparse_com_sono;9.0;80.0;;0.3366000011563301;16;mnist_0_9;1532
sparse_com_sono;9.0;80.0;;0.6881999987363815;17;mnist_0_9;1464
sparse_com_sono;9.0;80.0;;0.7066000002622604;18;mnist_0_9;1468
sparse_com_sono;9.0;90.0;;0.4629999993741512;1;mnist_0_9;779
sparse_com_sono;9.0;90.0;;0.37080000042915345;2;mnist_0_9;806
sparse_com_sono;9.0;90.0;;0.39139999970793726;3;mnist_0_9;816
sparse_com_sono;9.0;90.0;;0.5091999995708466;4;mnist_0_9;853
sparse_com_sono;9.0;90.0;;0.4880999979376793;5;mnist_0_9;824
sparse_com_sono;9.0;90.0;;0.4582999974489212;7;mnist_0_9;826
sparse_com_sono;9.0;90.0;;0.5257999968528747;9;mnist_0_9;802
sparse_com_sono;9.0;90.0;;0.11349999956786633;13;mnist_0_9;796
sparse_com_sono;9.0;90.0;;0.4521999976038933;14;mnist_0_9;798
sparse_com_sono;9.0;90.0;;0.5688000002503395;15;mnist_0_9;859
sparse_com_sono;9.0;90.0;;0.46029999911785124;16;mnist_0_9;800
sparse_com_sono;9.0;90.0;;0.4175999985635281;17;mnist_0_9;771
sparse_com_sono;10.0;20.0;;0.7506999987363815;1;mnist_0_9;6537
sparse_com_sono;10.0;20.0;;0.7333000010251999;2;mnist_0_9;6481
sparse_com_sono;10.0;20.0;;0.7330000030994416;3;mnist_0_9;6513
sparse_com_sono;10.0;20.0;;0.7176000005006791;4;mnist_0_9;6494
sparse_com_sono;10.0;20.0;;0.7277999991178512;5;mnist_0_9;6582
sparse_com_sono;10.0;20.0;;0.7219000005722046;6;mnist_0_9;6597
sparse_com_sono;10.0;20.0;;0.7431000006198883;7;mnist_0_9;6523
sparse_com_sono;10.0;20.0;;0.6355000042915344;8;mnist_0_9;6511
sparse_com_sono;10.0;20.0;;0.7029000025987625;9;mnist_0_9;6521
sparse_com_sono;10.0;20.0;;0.7556999987363815;10;mnist_0_9;6411
sparse_com_sono;10.0;50.0;;0.7537999999523163;1;mnist_0_9;4144
sparse_com_sono;10.0;50.0;;0.7584999948740005;2;mnist_0_9;4010
sparse_com_sono;10.0;50.0;;0.7479000002145767;3;mnist_0_9;4031
sparse_com_sono;10.0;50.0;;0.7763000011444092;4;mnist_0_9;4164
sparse_com_sono;10.0;50.0;;0.699300000667572;5;mnist_0_9;4127
sparse_com_sono;10.0;50.0;;0.7178999978303909;6;mnist_0_9;4205
sparse_com_sono;10.0;50.0;;0.7614000016450881;7;mnist_0_9;4086
sparse_com_sono;10.0;50.0;;0.7453999996185303;8;mnist_0_9;4076
sparse_com_sono;10.0;50.0;;0.6838999998569488;9;mnist_0_9;4099
sparse_com_sono;10.0;50.0;;0.7291999995708466;10;mnist_0_9;4017
sparse_com_sono;10.0;80.0;;0.6576000016927719;1;mnist_0_9;1667
sparse_com_sono;10.0;80.0;;0.7298000013828277;2;mnist_0_9;1694
sparse_com_sono;10.0;80.0;;0.6423999989032745;3;mnist_0_9;1672
sparse_com_sono;10.0;80.0;;0.7117999994754791;4;mnist_0_9;1739
sparse_com_sono;10.0;80.0;;0.6858000010251999;5;mnist_0_9;1717
sparse_com_sono;10.0;80.0;;0.7239999985694885;6;mnist_0_9;1784
sparse_com_sono;10.0;80.0;;0.7560999989509583;7;mnist_0_9;1716
sparse_com_sono;10.0;80.0;;0.7774000006914139;8;mnist_0_9;1645
sparse_com_sono;10.0;80.0;;0.5981999990344048;9;mnist_0_9;1708
sparse_com_sono;10.0;80.0;;0.7306000018119811;10;mnist_0_9;1657
sparse_com_sono;10.0;80.0;;0.6358999994397163;11;mnist_0_9;1682
sparse_com_sono;10.0;80.0;;0.6376999971270562;12;mnist_0_9;1684
sparse_com_sono;10.0;80.0;;0.7005000013113022;13;mnist_0_9;1750
sparse_com_sono;10.0;80.0;;0.7710999995470047;14;mnist_0_9;1723
sparse_com_sono;10.0;80.0;;0.744400002360344;15;mnist_0_9;1758
sparse_com_sono;10.0;80.0;;0.6987000006437302;16;mnist_0_9;1710
sparse_com_sono;10.0;80.0;;0.7322000002861023;17;mnist_0_9;1639
sparse_com_sono;10.0;80.0;;0.7097000014781952;18;mnist_0_9;1655
sparse_com_sono;10.0;90.0;;0.5584999990463256;1;mnist_0_9;860
sparse_com_sono;10.0;90.0;;0.6047000005841255;2;mnist_0_9;896
sparse_com_sono;10.0;90.0;;0.4314999970793724;3;mnist_0_9;893
sparse_com_sono;10.0;90.0;;0.5995999985933304;4;mnist_0_9;947
sparse_com_sono;10.0;90.0;;0.6048000001907349;5;mnist_0_9;915
sparse_com_sono;10.0;90.0;;0.6315000003576279;6;mnist_0_9;918
sparse_com_sono;10.0;90.0;;0.513700000345707;7;mnist_0_9;913
sparse_com_sono;10.0;90.0;;0.5206999963521958;9;mnist_0_9;898
sparse_com_sono;10.0;90.0;;0.652900002002716;13;mnist_0_9;887
sparse_com_sono;10.0;90.0;;0.5956999999284744;14;mnist_0_9;876
sparse_com_sono;10.0;90.0;;0.35539999917149545;15;mnist_0_9;945
sparse_com_sono;10.0;90.0;;0.5693999966979026;16;mnist_0_9;889
sparse_com_sono;10.0;90.0;;0.547199998497963;17;mnist_0_9;863
sparse_com_sono;11.0;20.0;;0.757399999499321;1;mnist_0_9;7178
sparse_com_sono;11.0;20.0;;0.7697999978065491;2;mnist_0_9;7166
sparse_com_sono;11.0;20.0;;0.7236000007390976;5;mnist_0_9;7227
sparse_com_sono;11.0;20.0;;0.7342000025510788;7;mnist_0_9;7174
sparse_com_sono;11.0;20.0;;0.6287000000476837;8;mnist_0_9;7192
sparse_com_sono;11.0;20.0;;0.7517000007629394;9;mnist_0_9;7184
sparse_com_sono;11.0;20.0;;0.7727999991178512;10;mnist_0_9;7074
sparse_com_sono;11.0;50.0;;0.7662000006437302;1;mnist_0_9;4544
sparse_com_sono;11.0;50.0;;0.728899998664856;2;mnist_0_9;4449
sparse_com_sono;11.0;50.0;;0.7773999983072281;3;mnist_0_9;4473
sparse_com_sono;11.0;50.0;;0.7133000034093857;4;mnist_0_9;4574
sparse_com_sono;11.0;50.0;;0.7250999987125397;5;mnist_0_9;4539
sparse_com_sono;11.0;50.0;;0.72450000166893;6;mnist_0_9;4626
sparse_com_sono;11.0;50.0;;0.6909000033140182;7;mnist_0_9;4513
sparse_com_sono;11.0;50.0;;0.7131000024080276;8;mnist_0_9;4513
sparse_com_sono;11.0;50.0;;0.6596999964118004;9;mnist_0_9;4538
sparse_com_sono;11.0;50.0;;0.7857999992370606;10;mnist_0_9;4445
sparse_com_sono;11.0;80.0;;0.7026000016927719;1;mnist_0_9;1832
sparse_com_sono;11.0;80.0;;0.7503000003099441;2;mnist_0_9;1902
sparse_com_sono;11.0;80.0;;0.7080000007152557;3;mnist_0_9;1864
sparse_com_sono;11.0;80.0;;0.7139999943971634;4;mnist_0_9;1914
sparse_com_sono;11.0;80.0;;0.7573000031709671;5;mnist_0_9;1876
sparse_com_sono;11.0;80.0;;0.7590999990701676;6;mnist_0_9;1961
sparse_com_sono;11.0;80.0;;0.7597999989986419;7;mnist_0_9;1904
sparse_com_sono;11.0;80.0;;0.7515000009536743;8;mnist_0_9;1819
sparse_com_sono;11.0;80.0;;0.7781999987363816;9;mnist_0_9;1894
sparse_com_sono;11.0;80.0;;0.772700001001358;10;mnist_0_9;1811
sparse_com_sono;11.0;80.0;;0.6605000001192093;11;mnist_0_9;1847
sparse_com_sono;11.0;80.0;;0.7278000044822693;12;mnist_0_9;1865
sparse_com_sono;11.0;80.0;;0.7022000020742416;13;mnist_0_9;1949
sparse_com_sono;11.0;80.0;;0.7318999993801117;14;mnist_0_9;1920
sparse_com_sono;11.0;80.0;;0.7472000020742416;15;mnist_0_9;1940
sparse_com_sono;11.0;80.0;;0.7629000025987626;16;mnist_0_9;1884
sparse_com_sono;11.0;80.0;;0.7091000032424927;17;mnist_0_9;1795
sparse_com_sono;11.0;80.0;;0.7572999984025955;18;mnist_0_9;1829
sparse_com_sono;11.0;90.0;;0.6352000007033348;1;mnist_0_9;957
sparse_com_sono;11.0;90.0;;0.7347000014781951;2;mnist_0_9;1019
sparse_com_sono;11.0;90.0;;0.6335000011324883;3;mnist_0_9;985
sparse_com_sono;11.0;90.0;;0.653400001525879;4;mnist_0_9;1033
sparse_com_sono;11.0;90.0;;0.44959999710321424;5;mnist_0_9;994
sparse_com_sono;11.0;90.0;;0.44059999704360964;6;mnist_0_9;1006
sparse_com_sono;11.0;90.0;;0.680099995136261;7;mnist_0_9;1023
sparse_com_sono;11.0;90.0;;0.6737000006437301;13;mnist_0_9;984
sparse_com_sono;11.0;90.0;;0.6189999988675118;14;mnist_0_9;977
sparse_com_sono;11.0;90.0;;0.6280999994277954;15;mnist_0_9;1044
sparse_com_sono;11.0;90.0;;0.6014000004529954;16;mnist_0_9;987
sparse_com_sono;11.0;90.0;;0.553699999153614;17;mnist_0_9;945
sparse_com_sono;12.0;20.0;;0.6904000014066696;1;mnist_0_9;7864
sparse_com_sono;12.0;20.0;;0.7624000012874603;2;mnist_0_9;7810
sparse_com_sono;12.0;20.0;;0.8046000003814697;3;mnist_0_9;7857
sparse_com_sono;12.0;20.0;;0.7298999965190888;4;mnist_0_9;7815
sparse_com_sono;12.0;20.0;;0.6485999989509582;5;mnist_0_9;7913
sparse_com_sono;12.0;20.0;;0.707199998497963;6;mnist_0_9;7920
sparse_com_sono;12.0;20.0;;0.7715000003576279;7;mnist_0_9;7858
sparse_com_sono;12.0;20.0;;0.7753999984264374;8;mnist_0_9;7865
sparse_com_sono;12.0;20.0;;0.8180000013113022;9;mnist_0_9;7868
sparse_com_sono;12.0;20.0;;0.7738999992609024;10;mnist_0_9;7760
sparse_com_sono;12.0;50.0;;0.7748000025749207;1;mnist_0_9;4961
sparse_com_sono;12.0;50.0;;0.7260999995470047;2;mnist_0_9;4835
sparse_com_sono;12.0;50.0;;0.7222000020742416;3;mnist_0_9;4912
sparse_com_sono;12.0;50.0;;0.710400002002716;4;mnist_0_9;4999
sparse_com_sono;12.0;50.0;;0.7235000014305115;5;mnist_0_9;4966
sparse_com_sono;12.0;50.0;;0.7371999990940094;6;mnist_0_9;5053
sparse_com_sono;12.0;50.0;;0.7786999994516373;7;mnist_0_9;4921
sparse_com_sono;12.0;50.0;;0.7369000047445298;8;mnist_0_9;4932
sparse_com_sono;12.0;50.0;;0.7468000036478043;9;mnist_0_9;4951
sparse_com_sono;12.0;50.0;;0.6530000025033951;10;mnist_0_9;4871
sparse_com_sono;12.0;80.0;;0.7392000019550323;1;mnist_0_9;2007
sparse_com_sono;12.0;80.0;;0.7498000019788742;2;mnist_0_9;2058
sparse_com_sono;12.0;80.0;;0.7433000016212463;3;mnist_0_9;2032
sparse_com_sono;12.0;80.0;;0.7777999997138977;4;mnist_0_9;2086
sparse_com_sono;12.0;80.0;;0.7912000000476838;5;mnist_0_9;2068
sparse_com_sono;12.0;80.0;;0.6460000014305115;6;mnist_0_9;2127
sparse_com_sono;12.0;80.0;;0.7775999993085861;7;mnist_0_9;2078
sparse_com_sono;12.0;80.0;;0.7368000000715256;8;mnist_0_9;1978
sparse_com_sono;12.0;80.0;;0.754200000166893;9;mnist_0_9;2062
sparse_com_sono;12.0;80.0;;0.7202000033855438;10;mnist_0_9;1992
sparse_com_sono;12.0;80.0;;0.7143000012636185;11;mnist_0_9;2026
sparse_com_sono;12.0;80.0;;0.7764000034332276;12;mnist_0_9;2055
sparse_com_sono;12.0;80.0;;0.7939999997615814;13;mnist_0_9;2133
sparse_com_sono;12.0;80.0;;0.7259999984502792;14;mnist_0_9;2086
sparse_com_sono;12.0;80.0;;0.7667999964952469;15;mnist_0_9;2120
sparse_com_sono;12.0;80.0;;0.7998999989032746;16;mnist_0_9;2100
sparse_com_sono;12.0;80.0;;0.786999996304512;17;mnist_0_9;1966
sparse_com_sono;12.0;80.0;;0.7416000014543533;18;mnist_0_9;1993
sparse_com_sono;12.0;90.0;;0.669099998474121;1;mnist_0_9;1056
sparse_com_sono;12.0;90.0;;0.35330000169575215;2;mnist_0_9;1103
sparse_com_sono;12.0;90.0;;0.5812999963760376;3;mnist_0_9;1067
sparse_com_sono;12.0;90.0;;0.6132999977469444;4;mnist_0_9;1131
sparse_com_sono;12.0;90.0;;0.7307999986410141;5;mnist_0_9;1113
sparse_com_sono;12.0;90.0;;0.669400001168251;6;mnist_0_9;1095
sparse_com_sono;12.0;90.0;;0.6046000000834465;7;mnist_0_9;1116
sparse_com_sono;12.0;90.0;;0.6490999993681907;13;mnist_0_9;1074
sparse_com_sono;12.0;90.0;;0.6620000028610229;14;mnist_0_9;1067
sparse_com_sono;12.0;90.0;;0.5450999996066094;15;mnist_0_9;1142
sparse_com_sono;12.0;90.0;;0.6970999991893768;16;mnist_0_9;1117
sparse_com_sono;12.0;90.0;;0.5075999996066094;17;mnist_0_9;1030
sparse_com_sono;13.0;20.0;;0.7241999989748001;1;mnist_0_9;8557
sparse_com_sono;13.0;20.0;;0.726000000834465;2;mnist_0_9;8495
sparse_com_sono;13.0;20.0;;0.7239000016450882;3;mnist_0_9;8548
sparse_com_sono;13.0;20.0;;0.7912999987602234;4;mnist_0_9;8489
sparse_com_sono;13.0;20.0;;0.7767999976873398;5;mnist_0_9;8604
sparse_com_sono;13.0;20.0;;0.7699000012874603;6;mnist_0_9;8598
sparse_com_sono;13.0;20.0;;0.7852999985218048;7;mnist_0_9;8510
sparse_com_sono;13.0;20.0;;0.7427999997138977;8;mnist_0_9;8553
sparse_com_sono;13.0;20.0;;0.7892999982833863;9;mnist_0_9;8533
sparse_com_sono;13.0;20.0;;0.7867999994754791;10;mnist_0_9;8430
sparse_com_sono;13.0;50.0;;0.7681999999284744;1;mnist_0_9;5414
sparse_com_sono;13.0;50.0;;0.6738000005483628;2;mnist_0_9;5269
sparse_com_sono;13.0;50.0;;0.730100000500679;3;mnist_0_9;5330
sparse_com_sono;13.0;50.0;;0.7424000000953674;4;mnist_0_9;5431
sparse_com_sono;13.0;50.0;;0.7831000024080277;5;mnist_0_9;5397
sparse_com_sono;13.0;50.0;;0.7506000012159347;6;mnist_0_9;5489
sparse_com_sono;13.0;50.0;;0.7928999996185303;8;mnist_0_9;5368
sparse_com_sono;13.0;50.0;;0.7762999981641769;9;mnist_0_9;5367
sparse_com_sono;13.0;50.0;;0.6285999989509583;10;mnist_0_9;5307
sparse_com_sono;13.0;80.0;;0.7771000021696091;1;mnist_0_9;2191
sparse_com_sono;13.0;80.0;;0.7745999997854233;2;mnist_0_9;2239
sparse_com_sono;13.0;80.0;;0.7164000022411346;3;mnist_0_9;2214
sparse_com_sono;13.0;80.0;;0.6668999993801117;4;mnist_0_9;2258
sparse_com_sono;13.0;80.0;;0.7545000010728836;5;mnist_0_9;2233
sparse_com_sono;13.0;80.0;;0.753199999332428;6;mnist_0_9;2294
sparse_com_sono;13.0;80.0;;0.778500000834465;7;mnist_0_9;2262
sparse_com_sono;13.0;80.0;;0.7745000016689301;8;mnist_0_9;2160
sparse_com_sono;13.0;80.0;;0.7671000015735626;9;mnist_0_9;2250
sparse_com_sono;13.0;80.0;;0.7593000012636185;10;mnist_0_9;2178
sparse_com_sono;13.0;80.0;;0.7596000021696091;11;mnist_0_9;2221
sparse_com_sono;13.0;80.0;;0.7821000003814698;12;mnist_0_9;2235
sparse_com_sono;13.0;80.0;;0.7607999986410141;13;mnist_0_9;2324
sparse_com_sono;13.0;80.0;;0.7917999958992005;14;mnist_0_9;2252
sparse_com_sono;13.0;80.0;;0.7446000015735627;15;mnist_0_9;2299
sparse_com_sono;13.0;80.0;;0.7508000010251998;16;mnist_0_9;2290
sparse_com_sono;13.0;80.0;;0.7835000020265579;17;mnist_0_9;2159
sparse_com_sono;13.0;80.0;;0.7238000011444092;18;mnist_0_9;2159
sparse_com_sono;13.0;90.0;;0.5811999961733818;1;mnist_0_9;1145
sparse_com_sono;13.0;90.0;;0.5453999984264374;2;mnist_0_9;1191
sparse_com_sono;13.0;90.0;;0.7240000033378601;3;mnist_0_9;1168
sparse_com_sono;13.0;90.0;;0.6026999995112419;4;mnist_0_9;1218
sparse_com_sono;13.0;90.0;;0.5771999990940094;5;mnist_0_9;1189
sparse_com_sono;13.0;90.0;;0.7258000004291535;6;mnist_0_9;1188
sparse_com_sono;13.0;90.0;;0.615799999833107;7;mnist_0_9;1217
sparse_com_sono;13.0;90.0;;0.7107000017166137;8;mnist_0_9;1137
sparse_com_sono;13.0;90.0;;0.6963000005483627;9;mnist_0_9;1189
sparse_com_sono;13.0;90.0;;0.7468000024557113;13;mnist_0_9;1174
sparse_com_sono;13.0;90.0;;0.5939999964833259;14;mnist_0_9;1157
sparse_com_sono;13.0;90.0;;0.7071000003814697;15;mnist_0_9;1243
sparse_com_sono;13.0;90.0;;0.727399999499321;16;mnist_0_9;1221
sparse_com_sono;13.0;90.0;;0.629099996984005;17;mnist_0_9;1135
sparse_com_sono;14.0;90.0;;0.6431000003218651;1;mnist_0_9;1229
sparse_com_sono;14.0;90.0;;0.726800000667572;2;mnist_0_9;1283
sparse_com_sono;14.0;90.0;;0.6718000006675721;3;mnist_0_9;1255
sparse_com_sono;14.0;90.0;;0.6773000001907349;4;mnist_0_9;1312
sparse_com_sono;14.0;90.0;;0.7272000008821488;5;mnist_0_9;1291
sparse_com_sono;14.0;90.0;;0.6321999993920326;6;mnist_0_9;1284
sparse_com_sono;14.0;90.0;;0.6949000012874603;7;mnist_0_9;1318
sparse_com_sono;14.0;90.0;;0.5551999965310097;9;mnist_0_9;1280
sparse_com_sono;14.0;90.0;;0.6895000022649765;13;mnist_0_9;1274
sparse_com_sono;14.0;90.0;;0.6887999999523163;14;mnist_0_9;1233
sparse_com_sono;14.0;90.0;;0.47129999846220016;15;mnist_0_9;1337
sparse_com_sono;14.0;90.0;;0.6065000015497207;16;mnist_0_9;1326
sparse_com_sono;14.0;90.0;;0.6618000012636185;17;mnist_0_9;1219
sparse_com_sono;15.0;90.0;;0.7590000033378601;1;mnist_0_9;1326
sparse_com_sono;15.0;90.0;;0.762999997138977;2;mnist_0_9;1370
sparse_com_sono;15.0;90.0;;0.6792000025510788;3;mnist_0_9;1344
sparse_com_sono;15.0;90.0;;0.6493999987840653;4;mnist_0_9;1396
sparse_com_sono;15.0;90.0;;0.731000000834465;5;mnist_0_9;1397
sparse_com_sono;15.0;90.0;;0.6249999994039536;6;mnist_0_9;1367
sparse_com_sono;15.0;90.0;;0.6231000003218651;7;mnist_0_9;1401
sparse_com_sono;15.0;90.0;;0.6970000010728836;8;mnist_0_9;1334
sparse_com_sono;15.0;90.0;;0.6826000034809112;9;mnist_0_9;1365
sparse_com_sono;15.0;90.0;;0.7606000012159347;13;mnist_0_9;1360
sparse_com_sono;15.0;90.0;;0.6420000019669533;14;mnist_0_9;1326
sparse_com_sono;15.0;90.0;;0.6450000041723252;15;mnist_0_9;1432
sparse_com_sono;15.0;90.0;;0.7640000039339065;16;mnist_0_9;1420
sparse_com_sono;15.0;90.0;;0.708999997973442;17;mnist_0_9;1306
sparse_com_sono;16.0;90.0;;0.7719000005722045;1;mnist_0_9;1420
sparse_com_sono;16.0;90.0;;0.7271000003814697;2;mnist_0_9;1459
sparse_com_sono;16.0;90.0;;0.7496999990940094;3;mnist_0_9;1451
sparse_com_sono;16.0;90.0;;0.7303000009059906;4;mnist_0_9;1505
sparse_com_sono;16.0;90.0;;0.7407000011205673;5;mnist_0_9;1480
sparse_com_sono;16.0;90.0;;0.7038999998569488;6;mnist_0_9;1439
sparse_com_sono;16.0;90.0;;0.7906000000238419;7;mnist_0_9;1494
sparse_com_sono;16.0;90.0;;0.7429000025987625;8;mnist_0_9;1428
sparse_com_sono;16.0;90.0;;0.7576999992132187;13;mnist_0_9;1453
sparse_com_sono;16.0;90.0;;0.7760000026226044;14;mnist_0_9;1431
sparse_com_sono;16.0;90.0;;0.7771999996900558;15;mnist_0_9;1518
sparse_com_sono;16.0;90.0;;0.7658000016212463;16;mnist_0_9;1514
sparse_com_sono;16.0;90.0;;0.7752000015974044;17;mnist_0_9;1410
sparse_com_sono;17.0;90.0;;0.6914999997615814;1;mnist_0_9;1510
sparse_com_sono;17.0;90.0;;0.7243000018596649;2;mnist_0_9;1552
sparse_com_sono;17.0;90.0;;0.7394999986886979;4;mnist_0_9;1597
sparse_com_sono;17.0;90.0;;0.7453999984264373;6;mnist_0_9;1539
sparse_com_sono;17.0;90.0;;0.7505000030994415;7;mnist_0_9;1588
sparse_com_sono;17.0;90.0;;0.7699000006914138;8;mnist_0_9;1519
sparse_com_sono;17.0;90.0;;0.6433000016212463;13;mnist_0_9;1554
sparse_com_sono;17.0;90.0;;0.6871000003814697;14;mnist_0_9;1534
sparse_com_sono;17.0;90.0;;0.7999999970197678;15;mnist_0_9;1607
sparse_com_sono;17.0;90.0;;0.7836000025272369;16;mnist_0_9;1619
sparse_com_sono;18.0;90.0;;0.7587000006437301;1;mnist_0_9;1609
sparse_com_sono;18.0;90.0;;0.7371999996900559;2;mnist_0_9;1649
sparse_com_sono;18.0;90.0;;0.7825000017881394;3;mnist_0_9;1647
sparse_com_sono;18.0;90.0;;0.683999999165535;4;mnist_0_9;1683
sparse_com_sono;18.0;90.0;;0.7295999985933304;5;mnist_0_9;1666
sparse_com_sono;18.0;90.0;;0.7657999992370605;6;mnist_0_9;1610
sparse_com_sono;18.0;90.0;;0.7832999986410141;7;mnist_0_9;1678
sparse_com_sono;18.0;90.0;;0.7633000010251999;8;mnist_0_9;1599
sparse_com_sono;18.0;90.0;;0.8030999982357026;13;mnist_0_9;1642
sparse_com_sono;18.0;90.0;;0.7938999992609024;14;mnist_0_9;1626
sparse_com_sono;18.0;90.0;;0.7547000020742416;15;mnist_0_9;1687
sparse_com_sono;18.0;90.0;;0.7467000007629394;16;mnist_0_9;1716
sparse_com_sono;18.0;90.0;;0.7909999984502792;17;mnist_0_9;1582
sparse_com_sono;19.0;90.0;;0.7363000017404556;1;mnist_0_9;1709
sparse_com_sono;19.0;90.0;;0.7874000018835068;3;mnist_0_9;1754
sparse_com_sono;19.0;90.0;;0.7712999993562698;4;mnist_0_9;1778
sparse_com_sono;19.0;90.0;;0.8052999973297119;5;mnist_0_9;1771
sparse_com_sono;19.0;90.0;;0.7728999984264374;8;mnist_0_9;1701
sparse_com_sono;19.0;90.0;;0.771599999666214;13;mnist_0_9;1737
sparse_com_sono;19.0;90.0;;0.7930000025033951;15;mnist_0_9;1775
sparse_com_sono;19.0;90.0;;0.7734999972581863;16;mnist_0_9;1825
sparse_com_sono;19.0;90.0;;0.8176999998092651;17;mnist_0_9;1670
sparse_com_sono;20.0;90.0;;0.7822999995946884;1;mnist_0_9;1806
sparse_com_sono;20.0;90.0;;0.8026000022888183;2;mnist_0_9;1838
sparse_com_sono;20.0;90.0;;0.7511999988555909;3;mnist_0_9;1852
sparse_com_sono;20.0;90.0;;0.683199998140335;4;mnist_0_9;1860
sparse_com_sono;20.0;90.0;;0.7739000022411346;5;mnist_0_9;1875
sparse_com_sono;20.0;90.0;;0.8093999987840652;8;mnist_0_9;1792
sparse_com_sono;20.0;90.0;;0.8048999983072281;13;mnist_0_9;1824
sparse_com_sono;20.0;90.0;;0.762700001001358;14;mnist_0_9;1812
sparse_com_sono;20.0;90.0;;0.7623000019788742;15;mnist_0_9;1870
sparse_com_sono;20.0;90.0;;0.8040999984741211;16;mnist_0_9;1903
sparse_com_sono;20.0;90.0;;0.7080000030994416;17;mnist_0_9;1742
sparse_com_sono;21.0;90.0;;0.7826999992132186;1;mnist_0_9;1908
sparse_com_sono;21.0;90.0;;0.8224999964237213;2;mnist_0_9;1939
sparse_com_sono;21.0;90.0;;0.7696000027656555;4;mnist_0_9;1957
sparse_com_sono;21.0;90.0;;0.7886000007390976;5;mnist_0_9;1970
sparse_com_sono;21.0;90.0;;0.8001999980211258;13;mnist_0_9;1929
sparse_com_sono;21.0;90.0;;0.7873999989032745;14;mnist_0_9;1913
sparse_com_sono;21.0;90.0;;0.7996999984979629;16;mnist_0_9;2007
sparse_com_sono;22.0;90.0;;0.7606999969482422;1;mnist_0_9;2000
sparse_com_sono;22.0;90.0;;0.7997999995946884;2;mnist_0_9;2048
sparse_com_sono;22.0;90.0;;0.7905999988317489;3;mnist_0_9;2052
sparse_com_sono;22.0;90.0;;0.7757999980449677;4;mnist_0_9;2059
sparse_com_sono;22.0;90.0;;0.8158000010251999;5;mnist_0_9;2070
sparse_com_sono;22.0;90.0;;0.7430999994277954;13;mnist_0_9;2023
sparse_com_sono;22.0;90.0;;0.7786000001430512;15;mnist_0_9;2059
sparse_com_sono;22.0;90.0;;0.8181000000238419;16;mnist_0_9;2090
sparse_com_sono;22.0;90.0;;0.8149999982118606;17;mnist_0_9;1920
sparse_com_sono;30.0;90.0;;0.8599999982118607;2;mnist_0_9;2832
sparse_com_sono;30.0;90.0;;0.875599998831749;3;mnist_0_9;2874
sparse_com_sono;30.0;90.0;;0.8263999986648559;4;mnist_0_9;2906
sparse_com_sono;30.0;90.0;;0.8320999974012375;13;mnist_0_9;2799
sparse_com_sono;30.0;90.0;;0.8385000014305115;14;mnist_0_9;2773
sparse_com_sono;30.0;90.0;;0.8368999963998794;16;mnist_0_9;2853
sparse_com_sono;100.0;90.0;;0.9520000016689301;2;mnist_0_9;10908
sparse_com_sono;100.0;90.0;;0.9506000018119812;3;mnist_0_9;11022
sparse_com_sono;100.0;90.0;;0.9560000056028366;4;mnist_0_9;11020
sparse_com_sono;100.0;90.0;;0.9549000036716461;13;mnist_0_9;10768
sparse_com_sono;100.0;90.0;;0.9564000052213669;14;mnist_0_9;10788
sparse_com_sono;100.0;90.0;;0.9500000035762787;15;mnist_0_9;10675
sparse_com_sono;100.0;90.0;;0.9476000052690506;16;mnist_0_9;10831
sparse_com_sono;100.0;90.0;;0.9499000042676926;17;mnist_0_9;10733
sparse_com_sono;1000.0;80.0;;0.9879000073671341;3;mnist_0_9;568299
sparse_com_sono;1000.0;80.0;;0.9883000099658966;6;mnist_0_9;566655
sparse_com_sono;1000.0;80.0;;0.9877000087499619;7;mnist_0_9;567074
sparse_com_sono;1000.0;80.0;;0.9888000065088272;8;mnist_0_9;565637
sparse_com_sono;1000.0;90.0;;0.9861000066995621;1;mnist_0_9;288020
sparse_com_sono;1000.0;90.0;;0.9873000091314316;2;mnist_0_9;290169
sparse_com_sono;1000.0;90.0;;0.9871000099182129;3;mnist_0_9;288790
sparse_com_sono;1000.0;90.0;;0.9862000089883804;4;mnist_0_9;289178
sparse_com_sono;1000.0;90.0;;0.987000008225441;5;mnist_0_9;288384
sparse_com_sono;1000.0;90.0;;0.9870000088214874;13;mnist_0_9;288570
sparse_com_sono;1000.0;90.0;;0.9890000087022781;14;mnist_0_9;287924
sparse_com_sono;1000.0;90.0;;0.9864000064134598;15;mnist_0_9;288649
sparse_com_sono;1000.0;90.0;;0.9872000074386597;16;mnist_0_9;287810
sparse_com_sono;1000.0;90.0;;0.9882000076770783;17;mnist_0_9;287992
sparse_com_sono;2000.0;90.0;;0.9878000068664551;1;mnist_0_9;977048
sparse_com_sono;2000.0;90.0;;0.9894000083208084;2;mnist_0_9;978364
sparse_com_sono;2000.0;90.0;;0.9882000088691711;3;mnist_0_9;977507
sparse_com_sono;2000.0;90.0;;0.9874000072479248;4;mnist_0_9;976384
sparse_com_sono;2000.0;90.0;;0.9878000098466874;5;mnist_0_9;976140
sparse_com_sono;2000.0;90.0;;0.9892000085115433;13;mnist_0_9;977089
sparse_com_sono;2000.0;90.0;;0.9877000081539155;14;mnist_0_9;975966
sparse_com_sono;2000.0;90.0;;0.9876000094413757;15;mnist_0_9;976019
sparse_com_sono;2000.0;90.0;;0.9885000091791153;16;mnist_0_9;976412
sparse_com_sono;2000.0;90.0;;0.9885000079870224;17;mnist_0_9;976665
sparse_com_sono;3000.0;90.0;;0.9887000077962875;2;mnist_0_9;2067327
sparse_com_sono;3000.0;90.0;;0.9871000099182129;3;mnist_0_9;2066638
sparse_com_sono;3000.0;90.0;;0.9886000090837479;4;mnist_0_9;2064051
sparse_com_sono;3000.0;90.0;;0.9878000086545944;13;mnist_0_9;2065356
sparse_com_sono;3000.0;90.0;;0.9891000074148179;14;mnist_0_9;2062568
sparse_com_sono;3000.0;90.0;;0.9886000084877015;15;mnist_0_9;2064499
sparse_com_sono;3000.0;90.0;;0.9888000071048737;16;mnist_0_9;2066381
sparse_com_sono;3000.0;90.0;;0.9877000105381012;17;mnist_0_9;2064473
