experimento;alpha;epsilon;esparso;acuracia;seed;dataset;peso
sparse_sem_sono;1.0;0.0;;0.2718000002205372;1;mnist_0_9;796
sparse_sem_sono;1.0;0.0;;0.18849999986588956;2;mnist_0_9;796
sparse_sem_sono;1.0;0.0;;0.23769999973475933;3;mnist_0_9;796
sparse_sem_sono;1.0;0.0;;0.21859999999403953;4;mnist_0_9;796
sparse_sem_sono;1.0;0.0;;0.22399999991059302;5;mnist_0_9;796
sparse_sem_sono;1.0;0.0;;0.20779999911785127;6;mnist_0_9;796
sparse_sem_sono;1.0;0.0;;0.23719999954104423;7;mnist_0_9;796
sparse_sem_sono;1.0;0.0;;0.19280000038444997;8;mnist_0_9;796
sparse_sem_sono;1.0;0.0;;0.2349000008404255;9;mnist_0_9;796
sparse_sem_sono;1.0;0.0;;0.2122000003606081;10;mnist_0_9;796
sparse_sem_sono;1.0;0.0;;0.22639999955892562;11;mnist_0_9;796
sparse_sem_sono;1.0;0.0;;0.1917999991774559;12;mnist_0_9;796
sparse_sem_sono;1.0;0.0;;0.26629999980330465;13;mnist_0_9;796
sparse_sem_sono;1.0;0.0;;0.22070000015199184;14;mnist_0_9;796
sparse_sem_sono;1.0;0.0;;0.18950000077486037;15;mnist_0_9;796
sparse_sem_sono;1.0;0.0;;0.20950000070035457;16;mnist_0_9;796
sparse_sem_sono;1.0;0.0;;0.199099999666214;17;mnist_0_9;796
sparse_sem_sono;1.0;0.0;;0.21549999989569188;18;mnist_0_9;796
sparse_sem_sono;1.0;20.0;;0.2707000006735325;1;mnist_0_9;635
sparse_sem_sono;1.0;20.0;;0.18299999967217445;2;mnist_0_9;648
sparse_sem_sono;1.0;20.0;;0.11349999956786633;3;mnist_0_9;638
sparse_sem_sono;1.0;20.0;;0.21189999893307687;4;mnist_0_9;625
sparse_sem_sono;1.0;20.0;;0.22109999895095825;5;mnist_0_9;645
sparse_sem_sono;1.0;20.0;;0.20639999836683273;6;mnist_0_9;646
sparse_sem_sono;1.0;20.0;;0.23139999970793723;7;mnist_0_9;636
sparse_sem_sono;1.0;20.0;;0.19949999995529652;8;mnist_0_9;646
sparse_sem_sono;1.0;20.0;;0.22760000072419642;9;mnist_0_9;650
sparse_sem_sono;1.0;20.0;;0.20999999940395356;10;mnist_0_9;626
sparse_sem_sono;1.0;50.0;;0.11349999956786633;1;mnist_0_9;417
sparse_sem_sono;1.0;50.0;;0.11349999956786633;2;mnist_0_9;385
sparse_sem_sono;1.0;50.0;;0.11349999956786633;3;mnist_0_9;407
sparse_sem_sono;1.0;50.0;;0.11349999956786633;4;mnist_0_9;414
sparse_sem_sono;1.0;50.0;;0.2147999992221594;5;mnist_0_9;390
sparse_sem_sono;1.0;50.0;;0.20919999934732914;6;mnist_0_9;415
sparse_sem_sono;1.0;50.0;;0.23380000106990337;7;mnist_0_9;394
sparse_sem_sono;1.0;50.0;;0.21489999935030937;8;mnist_0_9;405
sparse_sem_sono;1.0;50.0;;0.11349999956786633;9;mnist_0_9;404
sparse_sem_sono;1.0;50.0;;0.11349999956786633;10;mnist_0_9;411
sparse_sem_sono;1.0;80.0;;0.11349999956786633;1;mnist_0_9;170
sparse_sem_sono;1.0;80.0;;0.11349999956786633;2;mnist_0_9;168
sparse_sem_sono;1.0;80.0;;0.11349999956786633;3;mnist_0_9;147
sparse_sem_sono;1.0;80.0;;0.11349999956786633;4;mnist_0_9;169
sparse_sem_sono;1.0;80.0;;0.11349999956786633;5;mnist_0_9;164
sparse_sem_sono;1.0;80.0;;0.11349999956786633;6;mnist_0_9;177
sparse_sem_sono;1.0;80.0;;0.11349999956786633;7;mnist_0_9;173
sparse_sem_sono;1.0;80.0;;0.11349999956786633;8;mnist_0_9;150
sparse_sem_sono;1.0;80.0;;0.11349999956786633;9;mnist_0_9;159
sparse_sem_sono;1.0;80.0;;0.11349999956786633;10;mnist_0_9;168
sparse_sem_sono;1.0;80.0;;0.11349999956786633;11;mnist_0_9;177
sparse_sem_sono;1.0;80.0;;0.11349999956786633;12;mnist_0_9;179
sparse_sem_sono;1.0;80.0;;0.11349999956786633;13;mnist_0_9;163
sparse_sem_sono;1.0;80.0;;0.11349999956786633;14;mnist_0_9;164
sparse_sem_sono;1.0;80.0;;0.11349999956786633;15;mnist_0_9;159
sparse_sem_sono;1.0;80.0;;0.11349999956786633;16;mnist_0_9;164
sparse_sem_sono;1.0;80.0;;0.11349999956786633;17;mnist_0_9;166
sparse_sem_sono;1.0;80.0;;0.11349999956786633;18;mnist_0_9;170
sparse_sem_sono;1.0;90.0;;0.11349999956786633;1;mnist_0_9;95
sparse_sem_sono;1.0;90.0;;0.11349999956786633;2;mnist_0_9;96
sparse_sem_sono;1.0;90.0;;0.11349999956786633;3;mnist_0_9;77
sparse_sem_sono;1.0;90.0;;0.11349999956786633;4;mnist_0_9;94
sparse_sem_sono;1.0;90.0;;0.11349999956786633;5;mnist_0_9;87
sparse_sem_sono;1.0;90.0;;0.11349999956786633;6;mnist_0_9;96
sparse_sem_sono;1.0;90.0;;0.11349999956786633;7;mnist_0_9;87
sparse_sem_sono;1.0;90.0;;0.11349999956786633;8;mnist_0_9;79
sparse_sem_sono;1.0;90.0;;0.11349999956786633;13;mnist_0_9;88
sparse_sem_sono;1.0;90.0;;0.11349999956786633;14;mnist_0_9;100
sparse_sem_sono;1.0;90.0;;0.11349999956786633;15;mnist_0_9;79
sparse_sem_sono;1.0;90.0;;0.11349999956786633;16;mnist_0_9;86
sparse_sem_sono;1.0;90.0;;0.11349999956786633;17;mnist_0_9;84
sparse_sem_sono;1.0;90.0;;0.11349999956786633;18;mnist_0_9;91
sparse_sem_sono;2.0;0.0;;0.30850000262260435;1;mnist_0_9;1596
sparse_sem_sono;2.0;0.0;;0.37219999939203263;2;mnist_0_9;1596
sparse_sem_sono;2.0;0.0;;0.3802999982237816;3;mnist_0_9;1596
sparse_sem_sono;2.0;0.0;;0.4503999978303909;4;mnist_0_9;1596
sparse_sem_sono;2.0;0.0;;0.4035999971628189;5;mnist_0_9;1596
sparse_sem_sono;2.0;0.0;;0.40959999829530713;6;mnist_0_9;1596
sparse_sem_sono;2.0;0.0;;0.4403999984264374;7;mnist_0_9;1596
sparse_sem_sono;2.0;0.0;;0.22159999929368496;8;mnist_0_9;1596
sparse_sem_sono;2.0;0.0;;0.4512999972701073;9;mnist_0_9;1596
sparse_sem_sono;2.0;0.0;;0.4258999988436699;10;mnist_0_9;1596
sparse_sem_sono;2.0;0.0;;0.32360000133514405;11;mnist_0_9;1596
sparse_sem_sono;2.0;0.0;;0.36990000039339066;12;mnist_0_9;1596
sparse_sem_sono;2.0;0.0;;0.42749999910593034;13;mnist_0_9;1596
sparse_sem_sono;2.0;0.0;;0.34130000114440917;14;mnist_0_9;1596
sparse_sem_sono;2.0;0.0;;0.3748999996483326;15;mnist_0_9;1596
sparse_sem_sono;2.0;0.0;;0.40930000007152556;16;mnist_0_9;1596
sparse_sem_sono;2.0;0.0;;0.45790000140666964;17;mnist_0_9;1596
sparse_sem_sono;2.0;0.0;;0.4774999982118607;18;mnist_0_9;1596
sparse_sem_sono;2.0;20.0;;0.46509999692440035;1;mnist_0_9;1276
sparse_sem_sono;2.0;20.0;;0.3310000005364418;2;mnist_0_9;1264
sparse_sem_sono;2.0;20.0;;0.37649999871850015;3;mnist_0_9;1299
sparse_sem_sono;2.0;20.0;;0.2692000004649162;4;mnist_0_9;1271
sparse_sem_sono;2.0;20.0;;0.20490000002086162;5;mnist_0_9;1301
sparse_sem_sono;2.0;20.0;;0.41639999866485594;6;mnist_0_9;1290
sparse_sem_sono;2.0;20.0;;0.4273999989032745;7;mnist_0_9;1272
sparse_sem_sono;2.0;20.0;;0.44309999734163286;8;mnist_0_9;1285
sparse_sem_sono;2.0;20.0;;0.3000000008940697;9;mnist_0_9;1306
sparse_sem_sono;2.0;20.0;;0.41389999985694886;10;mnist_0_9;1277
sparse_sem_sono;2.0;50.0;;0.29830000147223473;1;mnist_0_9;819
sparse_sem_sono;2.0;50.0;;0.28280000120401383;2;mnist_0_9;768
sparse_sem_sono;2.0;50.0;;0.2529999999701977;3;mnist_0_9;817
sparse_sem_sono;2.0;50.0;;0.34670000165700915;4;mnist_0_9;824
sparse_sem_sono;2.0;50.0;;0.3369000022113323;5;mnist_0_9;842
sparse_sem_sono;2.0;50.0;;0.3060000017285347;6;mnist_0_9;813
sparse_sem_sono;2.0;50.0;;0.23940000109374523;7;mnist_0_9;802
sparse_sem_sono;2.0;50.0;;0.2096000001579523;8;mnist_0_9;814
sparse_sem_sono;2.0;50.0;;0.2709000007808208;9;mnist_0_9;823
sparse_sem_sono;2.0;50.0;;0.27450000017881393;10;mnist_0_9;803
sparse_sem_sono;2.0;80.0;;0.11349999956786633;1;mnist_0_9;348
sparse_sem_sono;2.0;80.0;;0.11349999956786633;2;mnist_0_9;334
sparse_sem_sono;2.0;80.0;;0.11349999956786633;3;mnist_0_9;327
sparse_sem_sono;2.0;80.0;;0.11349999956786633;4;mnist_0_9;341
sparse_sem_sono;2.0;80.0;;0.11349999956786633;5;mnist_0_9;332
sparse_sem_sono;2.0;80.0;;0.11349999956786633;6;mnist_0_9;362
sparse_sem_sono;2.0;80.0;;0.11349999956786633;7;mnist_0_9;338
sparse_sem_sono;2.0;80.0;;0.11349999956786633;8;mnist_0_9;315
sparse_sem_sono;2.0;80.0;;0.11349999956786633;9;mnist_0_9;334
sparse_sem_sono;2.0;80.0;;0.11349999956786633;10;mnist_0_9;345
sparse_sem_sono;2.0;80.0;;0.11349999956786633;11;mnist_0_9;345
sparse_sem_sono;2.0;80.0;;0.11349999956786633;12;mnist_0_9;359
sparse_sem_sono;2.0;80.0;;0.11349999956786633;13;mnist_0_9;328
sparse_sem_sono;2.0;80.0;;0.11349999956786633;14;mnist_0_9;335
sparse_sem_sono;2.0;80.0;;0.11349999956786633;15;mnist_0_9;349
sparse_sem_sono;2.0;80.0;;0.11349999956786633;16;mnist_0_9;322
sparse_sem_sono;2.0;80.0;;0.11349999956786633;17;mnist_0_9;296
sparse_sem_sono;2.0;80.0;;0.11349999956786633;18;mnist_0_9;323
sparse_sem_sono;2.0;90.0;;0.11349999956786633;1;mnist_0_9;182
sparse_sem_sono;2.0;90.0;;0.11349999956786633;2;mnist_0_9;192
sparse_sem_sono;2.0;90.0;;0.11349999956786633;3;mnist_0_9;192
sparse_sem_sono;2.0;90.0;;0.11349999956786633;4;mnist_0_9;184
sparse_sem_sono;2.0;90.0;;0.11349999956786633;5;mnist_0_9;181
sparse_sem_sono;2.0;90.0;;0.11349999956786633;6;mnist_0_9;195
sparse_sem_sono;2.0;90.0;;0.11349999956786633;7;mnist_0_9;172
sparse_sem_sono;2.0;90.0;;0.11349999956786633;8;mnist_0_9;166
sparse_sem_sono;2.0;90.0;;0.11349999956786633;13;mnist_0_9;181
sparse_sem_sono;2.0;90.0;;0.11349999956786633;14;mnist_0_9;183
sparse_sem_sono;2.0;90.0;;0.11349999956786633;15;mnist_0_9;179
sparse_sem_sono;2.0;90.0;;0.11349999956786633;16;mnist_0_9;175
sparse_sem_sono;2.0;90.0;;0.11349999956786633;17;mnist_0_9;148
sparse_sem_sono;2.0;90.0;;0.11349999956786633;18;mnist_0_9;181
sparse_sem_sono;3.0;0.0;;0.5375999981164932;1;mnist_0_9;2400
sparse_sem_sono;3.0;0.0;;0.3066999988257885;2;mnist_0_9;2400
sparse_sem_sono;3.0;0.0;;0.4247999995946884;3;mnist_0_9;2400
sparse_sem_sono;3.0;0.0;;0.5507999977469444;4;mnist_0_9;2400
sparse_sem_sono;3.0;0.0;;0.48779999792575834;5;mnist_0_9;2400
sparse_sem_sono;3.0;0.0;;0.488999999165535;6;mnist_0_9;2400
sparse_sem_sono;3.0;0.0;;0.5342999988794327;7;mnist_0_9;2400
sparse_sem_sono;3.0;0.0;;0.4630999979376793;8;mnist_0_9;2400
sparse_sem_sono;3.0;0.0;;0.5508999982476235;9;mnist_0_9;2400
sparse_sem_sono;3.0;0.0;;0.5215999984741211;10;mnist_0_9;2400
sparse_sem_sono;3.0;0.0;;0.5319999971985817;11;mnist_0_9;2400
sparse_sem_sono;3.0;0.0;;0.5785999989509583;12;mnist_0_9;2400
sparse_sem_sono;3.0;0.0;;0.5177999967336655;13;mnist_0_9;2400
sparse_sem_sono;3.0;0.0;;0.5316999945044517;14;mnist_0_9;2400
sparse_sem_sono;3.0;0.0;;0.5221999958157539;15;mnist_0_9;2400
sparse_sem_sono;3.0;0.0;;0.3877999994158745;16;mnist_0_9;2400
sparse_sem_sono;3.0;0.0;;0.568299997150898;17;mnist_0_9;2400
sparse_sem_sono;3.0;0.0;;0.2339000001549721;18;mnist_0_9;2400
sparse_sem_sono;3.0;20.0;;0.5145999985933304;1;mnist_0_9;1942
sparse_sem_sono;3.0;20.0;;0.49509999513626096;2;mnist_0_9;1897
sparse_sem_sono;3.0;20.0;;0.314699999243021;3;mnist_0_9;1943
sparse_sem_sono;3.0;20.0;;0.28980000004172324;4;mnist_0_9;1912
sparse_sem_sono;3.0;20.0;;0.4864999985694885;5;mnist_0_9;1948
sparse_sem_sono;3.0;20.0;;0.437999997138977;6;mnist_0_9;1949
sparse_sem_sono;3.0;20.0;;0.4023999996483326;7;mnist_0_9;1897
sparse_sem_sono;3.0;20.0;;0.3747999994456768;8;mnist_0_9;1922
sparse_sem_sono;3.0;20.0;;0.542199995815754;9;mnist_0_9;1939
sparse_sem_sono;3.0;20.0;;0.5305000007152557;10;mnist_0_9;1901
sparse_sem_sono;3.0;50.0;;0.35249999970197676;1;mnist_0_9;1250
sparse_sem_sono;3.0;50.0;;0.5651999968290329;2;mnist_0_9;1163
sparse_sem_sono;3.0;50.0;;0.48079999595880507;3;mnist_0_9;1214
sparse_sem_sono;3.0;50.0;;0.45439999729394914;4;mnist_0_9;1242
sparse_sem_sono;3.0;50.0;;0.4235999980568886;5;mnist_0_9;1234
sparse_sem_sono;3.0;50.0;;0.28400000020861627;6;mnist_0_9;1233
sparse_sem_sono;3.0;50.0;;0.3048000009357929;7;mnist_0_9;1190
sparse_sem_sono;3.0;50.0;;0.1980000001937151;8;mnist_0_9;1236
sparse_sem_sono;3.0;50.0;;0.41479999959468844;9;mnist_0_9;1206
sparse_sem_sono;3.0;50.0;;0.31110000252723696;10;mnist_0_9;1200
sparse_sem_sono;3.0;80.0;;0.11349999956786633;1;mnist_0_9;522
sparse_sem_sono;3.0;80.0;;0.11349999956786633;2;mnist_0_9;496
sparse_sem_sono;3.0;80.0;;0.2342000000923872;3;mnist_0_9;489
sparse_sem_sono;3.0;80.0;;0.2030000003427267;4;mnist_0_9;521
sparse_sem_sono;3.0;80.0;;0.25140000075101854;5;mnist_0_9;503
sparse_sem_sono;3.0;80.0;;0.22050000064074993;6;mnist_0_9;521
sparse_sem_sono;3.0;80.0;;0.28079999998211863;7;mnist_0_9;499
sparse_sem_sono;3.0;80.0;;0.11349999956786633;8;mnist_0_9;463
sparse_sem_sono;3.0;80.0;;0.24900000035762787;9;mnist_0_9;495
sparse_sem_sono;3.0;80.0;;0.11349999956786633;10;mnist_0_9;505
sparse_sem_sono;3.0;80.0;;0.11349999956786633;11;mnist_0_9;513
sparse_sem_sono;3.0;80.0;;0.26479999974370005;12;mnist_0_9;518
sparse_sem_sono;3.0;80.0;;0.44899999737739565;13;mnist_0_9;494
sparse_sem_sono;3.0;80.0;;0.11349999956786633;14;mnist_0_9;501
sparse_sem_sono;3.0;80.0;;0.27910000026226045;15;mnist_0_9;520
sparse_sem_sono;3.0;80.0;;0.33190000146627424;16;mnist_0_9;497
sparse_sem_sono;3.0;80.0;;0.21090000063180925;17;mnist_0_9;464
sparse_sem_sono;3.0;80.0;;0.24780000016093254;18;mnist_0_9;471
sparse_sem_sono;3.0;90.0;;0.11349999956786633;1;mnist_0_9;277
sparse_sem_sono;3.0;90.0;;0.11349999956786633;2;mnist_0_9;281
sparse_sem_sono;3.0;90.0;;0.11349999956786633;3;mnist_0_9;270
sparse_sem_sono;3.0;90.0;;0.11349999956786633;4;mnist_0_9;280
sparse_sem_sono;3.0;90.0;;0.11349999956786633;5;mnist_0_9;263
sparse_sem_sono;3.0;90.0;;0.11349999956786633;6;mnist_0_9;277
sparse_sem_sono;3.0;90.0;;0.11349999956786633;7;mnist_0_9;263
sparse_sem_sono;3.0;90.0;;0.11349999956786633;8;mnist_0_9;247
sparse_sem_sono;3.0;90.0;;0.11349999956786633;13;mnist_0_9;270
sparse_sem_sono;3.0;90.0;;0.11349999956786633;14;mnist_0_9;261
sparse_sem_sono;3.0;90.0;;0.11349999956786633;15;mnist_0_9;269
sparse_sem_sono;3.0;90.0;;0.15730000048875808;16;mnist_0_9;266
sparse_sem_sono;3.0;90.0;;0.11349999956786633;17;mnist_0_9;232
sparse_sem_sono;3.0;90.0;;0.11349999956786633;18;mnist_0_9;257
sparse_sem_sono;4.0;0.0;;0.5290999978780746;1;mnist_0_9;3208
sparse_sem_sono;4.0;0.0;;0.36950000151991846;2;mnist_0_9;3208
sparse_sem_sono;4.0;0.0;;0.5665999972820281;3;mnist_0_9;3208
sparse_sem_sono;4.0;0.0;;0.31110000059008597;4;mnist_0_9;3208
sparse_sem_sono;4.0;0.0;;0.5510000005364418;5;mnist_0_9;3208
sparse_sem_sono;4.0;0.0;;0.4970999965071678;6;mnist_0_9;3208
sparse_sem_sono;4.0;0.0;;0.6203000012040139;7;mnist_0_9;3208
sparse_sem_sono;4.0;0.0;;0.4510999968647957;8;mnist_0_9;3208
sparse_sem_sono;4.0;0.0;;0.6271999976038933;9;mnist_0_9;3208
sparse_sem_sono;4.0;0.0;;0.6508999985456466;10;mnist_0_9;3208
sparse_sem_sono;4.0;0.0;;0.582700001001358;11;mnist_0_9;3208
sparse_sem_sono;4.0;0.0;;0.6083000004291534;12;mnist_0_9;3208
sparse_sem_sono;4.0;0.0;;0.3985999985039234;13;mnist_0_9;3208
sparse_sem_sono;4.0;0.0;;0.6267999988794327;14;mnist_0_9;3208
sparse_sem_sono;4.0;0.0;;0.547799997329712;15;mnist_0_9;3208
sparse_sem_sono;4.0;0.0;;0.6219999998807907;16;mnist_0_9;3208
sparse_sem_sono;4.0;0.0;;0.36910000041127206;17;mnist_0_9;3208
sparse_sem_sono;4.0;0.0;;0.6069999977946281;18;mnist_0_9;3208
sparse_sem_sono;4.0;20.0;;0.4133999985456467;1;mnist_0_9;2578
sparse_sem_sono;4.0;20.0;;0.5922999984025955;2;mnist_0_9;2565
sparse_sem_sono;4.0;20.0;;0.6129999965429306;3;mnist_0_9;2581
sparse_sem_sono;4.0;20.0;;0.552899999320507;4;mnist_0_9;2562
sparse_sem_sono;4.0;20.0;;0.46169999897480013;5;mnist_0_9;2598
sparse_sem_sono;4.0;20.0;;0.543499998152256;6;mnist_0_9;2613
sparse_sem_sono;4.0;20.0;;0.5470999968051911;7;mnist_0_9;2563
sparse_sem_sono;4.0;20.0;;0.6349999991059303;8;mnist_0_9;2581
sparse_sem_sono;4.0;20.0;;0.48869999676942827;9;mnist_0_9;2591
sparse_sem_sono;4.0;20.0;;0.5492999982833863;10;mnist_0_9;2519
sparse_sem_sono;4.0;50.0;;0.5906999984383583;1;mnist_0_9;1642
sparse_sem_sono;4.0;50.0;;0.46899999767541883;2;mnist_0_9;1582
sparse_sem_sono;4.0;50.0;;0.5364999982714653;3;mnist_0_9;1621
sparse_sem_sono;4.0;50.0;;0.3720000012218952;4;mnist_0_9;1661
sparse_sem_sono;4.0;50.0;;0.5408999961614609;5;mnist_0_9;1621
sparse_sem_sono;4.0;50.0;;0.521999996304512;6;mnist_0_9;1673
sparse_sem_sono;4.0;50.0;;0.5287999957799911;7;mnist_0_9;1598
sparse_sem_sono;4.0;50.0;;0.4292999958992004;8;mnist_0_9;1635
sparse_sem_sono;4.0;50.0;;0.4793999972939491;9;mnist_0_9;1617
sparse_sem_sono;4.0;50.0;;0.5823999992012978;10;mnist_0_9;1604
sparse_sem_sono;4.0;80.0;;0.23800000064074994;1;mnist_0_9;680
sparse_sem_sono;4.0;80.0;;0.20009999997913838;2;mnist_0_9;671
sparse_sem_sono;4.0;80.0;;0.5627000010013581;3;mnist_0_9;663
sparse_sem_sono;4.0;80.0;;0.41779999911785126;4;mnist_0_9;699
sparse_sem_sono;4.0;80.0;;0.24980000019073487;5;mnist_0_9;656
sparse_sem_sono;4.0;80.0;;0.4370999994874001;6;mnist_0_9;716
sparse_sem_sono;4.0;80.0;;0.11349999956786633;7;mnist_0_9;663
sparse_sem_sono;4.0;80.0;;0.25170000076293947;8;mnist_0_9;619
sparse_sem_sono;4.0;80.0;;0.28810000196099284;9;mnist_0_9;659
sparse_sem_sono;4.0;80.0;;0.18400000028312205;10;mnist_0_9;670
sparse_sem_sono;4.0;80.0;;0.25580000057816504;11;mnist_0_9;674
sparse_sem_sono;4.0;80.0;;0.11349999956786633;12;mnist_0_9;668
sparse_sem_sono;4.0;80.0;;0.4535999983549118;13;mnist_0_9;680
sparse_sem_sono;4.0;80.0;;0.25860000148415563;14;mnist_0_9;675
sparse_sem_sono;4.0;80.0;;0.4167999978363514;15;mnist_0_9;681
sparse_sem_sono;4.0;80.0;;0.26089999929070473;16;mnist_0_9;683
sparse_sem_sono;4.0;80.0;;0.2251999992877245;17;mnist_0_9;635
sparse_sem_sono;4.0;80.0;;0.2639000003039837;18;mnist_0_9;636
sparse_sem_sono;4.0;90.0;;0.11349999956786633;1;mnist_0_9;363
sparse_sem_sono;4.0;90.0;;0.1918000003695488;2;mnist_0_9;379
sparse_sem_sono;4.0;90.0;;0.5034999975562096;3;mnist_0_9;364
sparse_sem_sono;4.0;90.0;;0.11349999956786633;4;mnist_0_9;378
sparse_sem_sono;4.0;90.0;;0.11349999956786633;5;mnist_0_9;346
sparse_sem_sono;4.0;90.0;;0.11349999956786633;6;mnist_0_9;365
sparse_sem_sono;4.0;90.0;;0.11349999956786633;7;mnist_0_9;342
sparse_sem_sono;4.0;90.0;;0.11349999956786633;8;mnist_0_9;323
sparse_sem_sono;4.0;90.0;;0.11349999956786633;13;mnist_0_9;359
sparse_sem_sono;4.0;90.0;;0.18210000023245812;14;mnist_0_9;346
sparse_sem_sono;4.0;90.0;;0.11349999956786633;15;mnist_0_9;363
sparse_sem_sono;4.0;90.0;;0.24520000010728837;16;mnist_0_9;359
sparse_sem_sono;4.0;90.0;;0.11349999956786633;17;mnist_0_9;325
sparse_sem_sono;4.0;90.0;;0.11349999956786633;18;mnist_0_9;330
sparse_sem_sono;5.0;0.0;;0.6329999992251396;1;mnist_0_9;4020
sparse_sem_sono;5.0;0.0;;0.5954999986290932;2;mnist_0_9;4020
sparse_sem_sono;5.0;0.0;;0.6671000021696091;3;mnist_0_9;4020
sparse_sem_sono;5.0;0.0;;0.6303000003099442;4;mnist_0_9;4020
sparse_sem_sono;5.0;0.0;;0.6838000023365021;5;mnist_0_9;4020
sparse_sem_sono;5.0;0.0;;0.5946000030636788;6;mnist_0_9;4020
sparse_sem_sono;5.0;0.0;;0.6316999965906143;7;mnist_0_9;4020
sparse_sem_sono;5.0;0.0;;0.6211999976634979;8;mnist_0_9;4020
sparse_sem_sono;5.0;0.0;;0.6511000004410744;9;mnist_0_9;4020
sparse_sem_sono;5.0;0.0;;0.5232999974489212;10;mnist_0_9;4020
sparse_sem_sono;5.0;0.0;;0.6193000003695488;11;mnist_0_9;4020
sparse_sem_sono;5.0;0.0;;0.6611999976634979;12;mnist_0_9;4020
sparse_sem_sono;5.0;0.0;;0.6511999973654747;13;mnist_0_9;4020
sparse_sem_sono;5.0;0.0;;0.6679999956488609;14;mnist_0_9;4020
sparse_sem_sono;5.0;0.0;;0.6616000014543534;15;mnist_0_9;4020
sparse_sem_sono;5.0;0.0;;0.6096999955177307;16;mnist_0_9;4020
sparse_sem_sono;5.0;0.0;;0.5972000014781952;17;mnist_0_9;4020
sparse_sem_sono;5.0;0.0;;0.5925999999046325;18;mnist_0_9;4020
sparse_sem_sono;5.0;20.0;;0.5264999961853027;1;mnist_0_9;3238
sparse_sem_sono;5.0;20.0;;0.5897000002861023;2;mnist_0_9;3232
sparse_sem_sono;5.0;20.0;;0.41269999876618385;3;mnist_0_9;3241
sparse_sem_sono;5.0;20.0;;0.5578999957442283;4;mnist_0_9;3201
sparse_sem_sono;5.0;20.0;;0.5753999963402748;5;mnist_0_9;3255
sparse_sem_sono;5.0;20.0;;0.5793999978899955;6;mnist_0_9;3261
sparse_sem_sono;5.0;20.0;;0.5954999980330468;7;mnist_0_9;3220
sparse_sem_sono;5.0;20.0;;0.5360999965667724;8;mnist_0_9;3214
sparse_sem_sono;5.0;20.0;;0.5577999967336654;9;mnist_0_9;3230
sparse_sem_sono;5.0;20.0;;0.48719999700784683;10;mnist_0_9;3168
sparse_sem_sono;5.0;50.0;;0.5783999964594841;1;mnist_0_9;2062
sparse_sem_sono;5.0;50.0;;0.45219999969005586;2;mnist_0_9;1985
sparse_sem_sono;5.0;50.0;;0.4022999994456768;3;mnist_0_9;2026
sparse_sem_sono;5.0;50.0;;0.5834999987483025;4;mnist_0_9;2060
sparse_sem_sono;5.0;50.0;;0.6064000025391578;5;mnist_0_9;2029
sparse_sem_sono;5.0;50.0;;0.5078999972343445;6;mnist_0_9;2082
sparse_sem_sono;5.0;50.0;;0.5147999975085259;7;mnist_0_9;2016
sparse_sem_sono;5.0;50.0;;0.6372000002861022;8;mnist_0_9;2028
sparse_sem_sono;5.0;50.0;;0.5375999981164932;9;mnist_0_9;2017
sparse_sem_sono;5.0;50.0;;0.5501999977231026;10;mnist_0_9;2004
sparse_sem_sono;5.0;80.0;;0.5204999974370003;1;mnist_0_9;847
sparse_sem_sono;5.0;80.0;;0.2735999998450279;2;mnist_0_9;839
sparse_sem_sono;5.0;80.0;;0.49839999884366987;3;mnist_0_9;833
sparse_sem_sono;5.0;80.0;;0.2611000004410744;4;mnist_0_9;867
sparse_sem_sono;5.0;80.0;;0.4791999986767769;5;mnist_0_9;824
sparse_sem_sono;5.0;80.0;;0.4393999981880188;6;mnist_0_9;882
sparse_sem_sono;5.0;80.0;;0.2481999999284744;7;mnist_0_9;827
sparse_sem_sono;5.0;80.0;;0.29940000161528585;8;mnist_0_9;788
sparse_sem_sono;5.0;80.0;;0.48629999995231626;9;mnist_0_9;832
sparse_sem_sono;5.0;80.0;;0.3703000004589558;10;mnist_0_9;838
sparse_sem_sono;5.0;80.0;;0.11349999956786633;11;mnist_0_9;856
sparse_sem_sono;5.0;80.0;;0.37800000071525575;12;mnist_0_9;829
sparse_sem_sono;5.0;80.0;;0.4970999962091446;13;mnist_0_9;852
sparse_sem_sono;5.0;80.0;;0.11349999956786633;14;mnist_0_9;847
sparse_sem_sono;5.0;80.0;;0.5261999994516373;15;mnist_0_9;849
sparse_sem_sono;5.0;80.0;;0.11349999956786633;16;mnist_0_9;842
sparse_sem_sono;5.0;80.0;;0.30330000147223474;17;mnist_0_9;801
sparse_sem_sono;5.0;80.0;;0.4673999971151352;18;mnist_0_9;795
sparse_sem_sono;5.0;90.0;;0.23759999945759774;1;mnist_0_9;440
sparse_sem_sono;5.0;90.0;;0.11349999956786633;2;mnist_0_9;465
sparse_sem_sono;5.0;90.0;;0.19459999971091746;3;mnist_0_9;457
sparse_sem_sono;5.0;90.0;;0.11349999956786633;4;mnist_0_9;466
sparse_sem_sono;5.0;90.0;;0.4010999983549118;5;mnist_0_9;432
sparse_sem_sono;5.0;90.0;;0.2536000001430512;6;mnist_0_9;445
sparse_sem_sono;5.0;90.0;;0.11349999956786633;7;mnist_0_9;438
sparse_sem_sono;5.0;90.0;;0.26479999974370005;8;mnist_0_9;427
sparse_sem_sono;5.0;90.0;;0.11349999956786633;13;mnist_0_9;456
sparse_sem_sono;5.0;90.0;;0.11349999956786633;14;mnist_0_9;440
sparse_sem_sono;5.0;90.0;;0.23369999930262567;15;mnist_0_9;457
sparse_sem_sono;5.0;90.0;;0.11349999956786633;16;mnist_0_9;443
sparse_sem_sono;5.0;90.0;;0.11349999956786633;17;mnist_0_9;416
sparse_sem_sono;5.0;90.0;;0.11349999956786633;18;mnist_0_9;408
sparse_sem_sono;6.0;0.0;;0.6386000007390976;1;mnist_0_9;4836
sparse_sem_sono;6.0;0.0;;0.5237999960780144;2;mnist_0_9;4836
sparse_sem_sono;6.0;0.0;;0.6060999980568886;3;mnist_0_9;4836
sparse_sem_sono;6.0;0.0;;0.6633000019192695;4;mnist_0_9;4836
sparse_sem_sono;6.0;0.0;;0.6775000011920929;5;mnist_0_9;4836
sparse_sem_sono;6.0;0.0;;0.6591000038385392;6;mnist_0_9;4836
sparse_sem_sono;6.0;0.0;;0.6306999987363815;7;mnist_0_9;4836
sparse_sem_sono;6.0;0.0;;0.6716000026464463;8;mnist_0_9;4836
sparse_sem_sono;6.0;0.0;;0.6498999997973443;9;mnist_0_9;4836
sparse_sem_sono;6.0;0.0;;0.6328000006079674;10;mnist_0_9;4836
sparse_sem_sono;6.0;0.0;;0.5916000014543533;11;mnist_0_9;4836
sparse_sem_sono;6.0;0.0;;0.5470999971032142;12;mnist_0_9;4836
sparse_sem_sono;6.0;0.0;;0.6932000011205673;13;mnist_0_9;4836
sparse_sem_sono;6.0;0.0;;0.6334000009298325;14;mnist_0_9;4836
sparse_sem_sono;6.0;0.0;;0.6778000009059906;15;mnist_0_9;4836
sparse_sem_sono;6.0;0.0;;0.5720999982953071;16;mnist_0_9;4836
sparse_sem_sono;6.0;0.0;;0.6297999995946885;17;mnist_0_9;4836
sparse_sem_sono;6.0;0.0;;0.580499997138977;18;mnist_0_9;4836
sparse_sem_sono;6.0;20.0;;0.6229999992251396;1;mnist_0_9;3892
sparse_sem_sono;6.0;20.0;;0.616099999845028;2;mnist_0_9;3883
sparse_sem_sono;6.0;20.0;;0.6429999995231629;3;mnist_0_9;3893
sparse_sem_sono;6.0;20.0;;0.6452000004053116;4;mnist_0_9;3849
sparse_sem_sono;6.0;20.0;;0.5709999993443489;5;mnist_0_9;3922
sparse_sem_sono;6.0;20.0;;0.6740999993681908;6;mnist_0_9;3919
sparse_sem_sono;6.0;20.0;;0.6534000021219254;7;mnist_0_9;3864
sparse_sem_sono;6.0;20.0;;0.652600000500679;8;mnist_0_9;3872
sparse_sem_sono;6.0;20.0;;0.5709999993443489;9;mnist_0_9;3892
sparse_sem_sono;6.0;20.0;;0.6584999987483025;10;mnist_0_9;3815
sparse_sem_sono;6.0;50.0;;0.6302000001072884;1;mnist_0_9;2456
sparse_sem_sono;6.0;50.0;;0.4891999965906143;2;mnist_0_9;2368
sparse_sem_sono;6.0;50.0;;0.6067000004649162;3;mnist_0_9;2448
sparse_sem_sono;6.0;50.0;;0.5615999957919121;4;mnist_0_9;2468
sparse_sem_sono;6.0;50.0;;0.6536999988555908;5;mnist_0_9;2470
sparse_sem_sono;6.0;50.0;;0.5713999980688095;6;mnist_0_9;2498
sparse_sem_sono;6.0;50.0;;0.6442999973893165;7;mnist_0_9;2421
sparse_sem_sono;6.0;50.0;;0.6015999978780746;8;mnist_0_9;2431
sparse_sem_sono;6.0;50.0;;0.5820000010728836;9;mnist_0_9;2407
sparse_sem_sono;6.0;50.0;;0.5168999963998795;10;mnist_0_9;2410
sparse_sem_sono;6.0;80.0;;0.5227999973297119;1;mnist_0_9;1008
sparse_sem_sono;6.0;80.0;;0.4965999984741211;2;mnist_0_9;989
sparse_sem_sono;6.0;80.0;;0.5480999973416328;3;mnist_0_9;1018
sparse_sem_sono;6.0;80.0;;0.31060000002384186;4;mnist_0_9;1034
sparse_sem_sono;6.0;80.0;;0.2737999999523163;5;mnist_0_9;995
sparse_sem_sono;6.0;80.0;;0.5631999984383583;6;mnist_0_9;1084
sparse_sem_sono;6.0;80.0;;0.5230999973416328;7;mnist_0_9;1002
sparse_sem_sono;6.0;80.0;;0.5528999954462052;8;mnist_0_9;976
sparse_sem_sono;6.0;80.0;;0.5425999981164932;9;mnist_0_9;999
sparse_sem_sono;6.0;80.0;;0.31020000085234645;10;mnist_0_9;986
sparse_sem_sono;6.0;80.0;;0.4502999994158745;11;mnist_0_9;1031
sparse_sem_sono;6.0;80.0;;0.5121999967098236;12;mnist_0_9;1015
sparse_sem_sono;6.0;80.0;;0.5864999967813492;13;mnist_0_9;1025
sparse_sem_sono;6.0;80.0;;0.4139999997615814;14;mnist_0_9;1031
sparse_sem_sono;6.0;80.0;;0.23490000054240226;15;mnist_0_9;1013
sparse_sem_sono;6.0;80.0;;0.5151999992132187;16;mnist_0_9;1008
sparse_sem_sono;6.0;80.0;;0.4564999958872795;17;mnist_0_9;961
sparse_sem_sono;6.0;80.0;;0.396599999666214;18;mnist_0_9;960
sparse_sem_sono;6.0;90.0;;0.3521000000834465;1;mnist_0_9;522
sparse_sem_sono;6.0;90.0;;0.21009999968111515;2;mnist_0_9;539
sparse_sem_sono;6.0;90.0;;0.23129999987781047;3;mnist_0_9;554
sparse_sem_sono;6.0;90.0;;0.23090000107884406;4;mnist_0_9;561
sparse_sem_sono;6.0;90.0;;0.11349999956786633;5;mnist_0_9;526
sparse_sem_sono;6.0;90.0;;0.23950000151991843;6;mnist_0_9;545
sparse_sem_sono;6.0;90.0;;0.11349999956786633;7;mnist_0_9;528
sparse_sem_sono;6.0;90.0;;0.3714999993145466;8;mnist_0_9;513
sparse_sem_sono;6.0;90.0;;0.3835999990999699;13;mnist_0_9;543
sparse_sem_sono;6.0;90.0;;0.11349999956786633;14;mnist_0_9;531
sparse_sem_sono;6.0;90.0;;0.2104000001400709;15;mnist_0_9;556
sparse_sem_sono;6.0;90.0;;0.3657999995350838;16;mnist_0_9;525
sparse_sem_sono;6.0;90.0;;0.24039999961853029;17;mnist_0_9;510
sparse_sem_sono;6.0;90.0;;0.3426000002026558;18;mnist_0_9;500
sparse_sem_sono;7.0;0.0;;0.6514999985694885;1;mnist_0_9;5656
sparse_sem_sono;7.0;0.0;;0.6435999977588653;2;mnist_0_9;5656
sparse_sem_sono;7.0;0.0;;0.679300000667572;3;mnist_0_9;5656
sparse_sem_sono;7.0;0.0;;0.6590000003576278;4;mnist_0_9;5656
sparse_sem_sono;7.0;0.0;;0.6093000000715256;5;mnist_0_9;5656
sparse_sem_sono;7.0;0.0;;0.5983999982476235;6;mnist_0_9;5656
sparse_sem_sono;7.0;0.0;;0.6318999999761581;7;mnist_0_9;5656
sparse_sem_sono;7.0;0.0;;0.7018999999761582;8;mnist_0_9;5656
sparse_sem_sono;7.0;0.0;;0.6472000002861023;9;mnist_0_9;5656
sparse_sem_sono;7.0;0.0;;0.7022000014781952;10;mnist_0_9;5656
sparse_sem_sono;7.0;0.0;;0.6566999983787537;11;mnist_0_9;5656
sparse_sem_sono;7.0;0.0;;0.721599998474121;12;mnist_0_9;5656
sparse_sem_sono;7.0;0.0;;0.6693999999761582;13;mnist_0_9;5656
sparse_sem_sono;7.0;0.0;;0.6285000023245811;14;mnist_0_9;5656
sparse_sem_sono;7.0;0.0;;0.710200001001358;15;mnist_0_9;5656
sparse_sem_sono;7.0;0.0;;0.719799998998642;16;mnist_0_9;5656
sparse_sem_sono;7.0;0.0;;0.7449999964237213;17;mnist_0_9;5656
sparse_sem_sono;7.0;0.0;;0.6978000003099442;18;mnist_0_9;5656
sparse_sem_sono;7.0;20.0;;0.6417000004649163;1;mnist_0_9;4561
sparse_sem_sono;7.0;20.0;;0.6698000001907348;2;mnist_0_9;4529
sparse_sem_sono;7.0;20.0;;0.7038999998569488;3;mnist_0_9;4534
sparse_sem_sono;7.0;20.0;;0.6706000041961669;4;mnist_0_9;4504
sparse_sem_sono;7.0;20.0;;0.648400000333786;5;mnist_0_9;4593
sparse_sem_sono;7.0;20.0;;0.6558999985456466;6;mnist_0_9;4576
sparse_sem_sono;7.0;20.0;;0.6458000010251999;7;mnist_0_9;4513
sparse_sem_sono;7.0;20.0;;0.5693999990820885;8;mnist_0_9;4522
sparse_sem_sono;7.0;20.0;;0.6980000048875808;9;mnist_0_9;4532
sparse_sem_sono;7.0;20.0;;0.6625999987125397;10;mnist_0_9;4465
sparse_sem_sono;7.0;50.0;;0.6468999999761581;1;mnist_0_9;2896
sparse_sem_sono;7.0;50.0;;0.5826999986171723;2;mnist_0_9;2777
sparse_sem_sono;7.0;50.0;;0.6112999987602233;3;mnist_0_9;2826
sparse_sem_sono;7.0;50.0;;0.5465999987721443;4;mnist_0_9;2879
sparse_sem_sono;7.0;50.0;;0.5096999949216843;5;mnist_0_9;2908
sparse_sem_sono;7.0;50.0;;0.5992999976873398;6;mnist_0_9;2936
sparse_sem_sono;7.0;50.0;;0.5878999984264374;7;mnist_0_9;2825
sparse_sem_sono;7.0;50.0;;0.6218999996781349;8;mnist_0_9;2827
sparse_sem_sono;7.0;50.0;;0.6067999994754791;9;mnist_0_9;2828
sparse_sem_sono;7.0;50.0;;0.6162999975681305;10;mnist_0_9;2805
sparse_sem_sono;7.0;80.0;;0.5078999942541123;1;mnist_0_9;1179
sparse_sem_sono;7.0;80.0;;0.5530999973416328;2;mnist_0_9;1159
sparse_sem_sono;7.0;80.0;;0.49989999771118165;3;mnist_0_9;1167
sparse_sem_sono;7.0;80.0;;0.37509999945759775;4;mnist_0_9;1207
sparse_sem_sono;7.0;80.0;;0.4913999974727631;5;mnist_0_9;1184
sparse_sem_sono;7.0;80.0;;0.4580999967455864;6;mnist_0_9;1266
sparse_sem_sono;7.0;80.0;;0.5717999985814095;7;mnist_0_9;1179
sparse_sem_sono;7.0;80.0;;0.5879999980330467;8;mnist_0_9;1130
sparse_sem_sono;7.0;80.0;;0.5446999981999397;9;mnist_0_9;1166
sparse_sem_sono;7.0;80.0;;0.45299999743700026;10;mnist_0_9;1157
sparse_sem_sono;7.0;80.0;;0.43929999887943266;11;mnist_0_9;1201
sparse_sem_sono;7.0;80.0;;0.5520999991893768;12;mnist_0_9;1189
sparse_sem_sono;7.0;80.0;;0.5752999985218048;13;mnist_0_9;1197
sparse_sem_sono;7.0;80.0;;0.4972999969124794;14;mnist_0_9;1210
sparse_sem_sono;7.0;80.0;;0.6202000004053115;15;mnist_0_9;1170
sparse_sem_sono;7.0;80.0;;0.52769999563694;16;mnist_0_9;1189
sparse_sem_sono;7.0;80.0;;0.5427000015974045;17;mnist_0_9;1141
sparse_sem_sono;7.0;80.0;;0.5864999994635582;18;mnist_0_9;1130
sparse_sem_sono;7.0;90.0;;0.3915999986231327;1;mnist_0_9;613
sparse_sem_sono;7.0;90.0;;0.25690000019967557;2;mnist_0_9;627
sparse_sem_sono;7.0;90.0;;0.4903999984264374;3;mnist_0_9;639
sparse_sem_sono;7.0;90.0;;0.388299999833107;4;mnist_0_9;658
sparse_sem_sono;7.0;90.0;;0.33250000059604645;5;mnist_0_9;628
sparse_sem_sono;7.0;90.0;;0.23380000032484533;6;mnist_0_9;644
sparse_sem_sono;7.0;90.0;;0.5310999974608421;7;mnist_0_9;620
sparse_sem_sono;7.0;90.0;;0.3453999987244606;8;mnist_0_9;591
sparse_sem_sono;7.0;90.0;;0.3427999997138977;13;mnist_0_9;624
sparse_sem_sono;7.0;90.0;;0.3474999998509884;14;mnist_0_9;617
sparse_sem_sono;7.0;90.0;;0.5047999960184097;15;mnist_0_9;639
sparse_sem_sono;7.0;90.0;;0.48759999841451646;16;mnist_0_9;616
sparse_sem_sono;7.0;90.0;;0.3546000011265278;17;mnist_0_9;597
sparse_sem_sono;7.0;90.0;;0.3548999992012978;18;mnist_0_9;590
sparse_sem_sono;8.0;0.0;;0.6803000003099442;1;mnist_0_9;6480
sparse_sem_sono;8.0;0.0;;0.7118000012636184;2;mnist_0_9;6480
sparse_sem_sono;8.0;0.0;;0.7019999998807908;3;mnist_0_9;6480
sparse_sem_sono;8.0;0.0;;0.7387000018358231;4;mnist_0_9;6480
sparse_sem_sono;8.0;0.0;;0.5758999979496002;5;mnist_0_9;6480
sparse_sem_sono;8.0;0.0;;0.7011999994516372;6;mnist_0_9;6480
sparse_sem_sono;8.0;0.0;;0.6010000002384186;7;mnist_0_9;6480
sparse_sem_sono;8.0;0.0;;0.7218999981880188;8;mnist_0_9;6480
sparse_sem_sono;8.0;0.0;;0.6799000006914139;9;mnist_0_9;6480
sparse_sem_sono;8.0;0.0;;0.6866000014543533;10;mnist_0_9;6480
sparse_sem_sono;8.0;0.0;;0.7399000006914139;11;mnist_0_9;6480
sparse_sem_sono;8.0;0.0;;0.41919999837875366;12;mnist_0_9;6480
sparse_sem_sono;8.0;0.0;;0.7252000015974045;13;mnist_0_9;6480
sparse_sem_sono;8.0;0.0;;0.6654000002145767;14;mnist_0_9;6480
sparse_sem_sono;8.0;0.0;;0.6582000008225442;15;mnist_0_9;6480
sparse_sem_sono;8.0;0.0;;0.7101000016927719;16;mnist_0_9;6480
sparse_sem_sono;8.0;0.0;;0.6531000021100044;17;mnist_0_9;6480
sparse_sem_sono;8.0;0.0;;0.671599999666214;18;mnist_0_9;6480
sparse_sem_sono;8.0;20.0;;0.6958999979496002;1;mnist_0_9;5221
sparse_sem_sono;8.0;20.0;;0.6830000030994415;2;mnist_0_9;5184
sparse_sem_sono;8.0;20.0;;0.6827000004053115;3;mnist_0_9;5203
sparse_sem_sono;8.0;20.0;;0.7421999996900559;4;mnist_0_9;5155
sparse_sem_sono;8.0;20.0;;0.6672000026702881;5;mnist_0_9;5252
sparse_sem_sono;8.0;20.0;;0.6625000023841858;6;mnist_0_9;5247
sparse_sem_sono;8.0;20.0;;0.678199998140335;7;mnist_0_9;5187
sparse_sem_sono;8.0;20.0;;0.6950000005960465;8;mnist_0_9;5192
sparse_sem_sono;8.0;20.0;;0.6725999993085862;9;mnist_0_9;5195
sparse_sem_sono;8.0;20.0;;0.7238000023365021;10;mnist_0_9;5119
sparse_sem_sono;8.0;50.0;;0.6595000007748604;1;mnist_0_9;3341
sparse_sem_sono;8.0;50.0;;0.6876999977231025;2;mnist_0_9;3194
sparse_sem_sono;8.0;50.0;;0.6514999997615815;3;mnist_0_9;3221
sparse_sem_sono;8.0;50.0;;0.6529999986290932;4;mnist_0_9;3298
sparse_sem_sono;8.0;50.0;;0.6628000003099441;5;mnist_0_9;3305
sparse_sem_sono;8.0;50.0;;0.6782000023126602;6;mnist_0_9;3360
sparse_sem_sono;8.0;50.0;;0.5889999997615815;7;mnist_0_9;3253
sparse_sem_sono;8.0;50.0;;0.5838999992609024;8;mnist_0_9;3227
sparse_sem_sono;8.0;50.0;;0.6490999990701676;9;mnist_0_9;3253
sparse_sem_sono;8.0;50.0;;0.6807999974489212;10;mnist_0_9;3210
sparse_sem_sono;8.0;80.0;;0.5128999975323677;1;mnist_0_9;1346
sparse_sem_sono;8.0;80.0;;0.5138999992609024;2;mnist_0_9;1336
sparse_sem_sono;8.0;80.0;;0.4022999987006187;3;mnist_0_9;1335
sparse_sem_sono;8.0;80.0;;0.45519999891519547;4;mnist_0_9;1382
sparse_sem_sono;8.0;80.0;;0.557499997317791;5;mnist_0_9;1361
sparse_sem_sono;8.0;80.0;;0.6127000004053116;6;mnist_0_9;1435
sparse_sem_sono;8.0;80.0;;0.4622999981045723;7;mnist_0_9;1369
sparse_sem_sono;8.0;80.0;;0.6143000021576881;8;mnist_0_9;1281
sparse_sem_sono;8.0;80.0;;0.5439999976754188;9;mnist_0_9;1334
sparse_sem_sono;8.0;80.0;;0.5500999996066094;10;mnist_0_9;1321
sparse_sem_sono;8.0;80.0;;0.5690999990701675;11;mnist_0_9;1371
sparse_sem_sono;8.0;80.0;;0.6280999985337258;12;mnist_0_9;1350
sparse_sem_sono;8.0;80.0;;0.6703999996185303;13;mnist_0_9;1396
sparse_sem_sono;8.0;80.0;;0.5923999992012977;14;mnist_0_9;1392
sparse_sem_sono;8.0;80.0;;0.6153999984264373;15;mnist_0_9;1364
sparse_sem_sono;8.0;80.0;;0.5930999994277955;16;mnist_0_9;1361
sparse_sem_sono;8.0;80.0;;0.5739999976754189;17;mnist_0_9;1292
sparse_sem_sono;8.0;80.0;;0.6322999984025955;18;mnist_0_9;1307
sparse_sem_sono;8.0;90.0;;0.3801000000536442;1;mnist_0_9;708
sparse_sem_sono;8.0;90.0;;0.11349999956786633;2;mnist_0_9;713
sparse_sem_sono;8.0;90.0;;0.11349999956786633;3;mnist_0_9;729
sparse_sem_sono;8.0;90.0;;0.36919999957084654;4;mnist_0_9;752
sparse_sem_sono;8.0;90.0;;0.4113999988138676;5;mnist_0_9;736
sparse_sem_sono;8.0;90.0;;0.22249999992549419;6;mnist_0_9;738
sparse_sem_sono;8.0;90.0;;0.519299999177456;7;mnist_0_9;718
sparse_sem_sono;8.0;90.0;;0.347399999499321;8;mnist_0_9;669
sparse_sem_sono;8.0;90.0;;0.3649000008404255;14;mnist_0_9;712
sparse_sem_sono;8.0;90.0;;0.37799999937415124;15;mnist_0_9;736
sparse_sem_sono;8.0;90.0;;0.22899999991059303;16;mnist_0_9;712
sparse_sem_sono;8.0;90.0;;0.21620000049471855;17;mnist_0_9;675
sparse_sem_sono;9.0;0.0;;0.6941999989748001;1;mnist_0_9;7308
sparse_sem_sono;9.0;0.0;;0.6358999988436699;2;mnist_0_9;7308
sparse_sem_sono;9.0;0.0;;0.7319999998807907;3;mnist_0_9;7308
sparse_sem_sono;9.0;0.0;;0.730699999332428;4;mnist_0_9;7308
sparse_sem_sono;9.0;0.0;;0.7132999980449677;5;mnist_0_9;7308
sparse_sem_sono;9.0;0.0;;0.7092000007629394;6;mnist_0_9;7308
sparse_sem_sono;9.0;0.0;;0.6861000025272369;7;mnist_0_9;7308
sparse_sem_sono;9.0;0.0;;0.7556999987363815;8;mnist_0_9;7308
sparse_sem_sono;9.0;0.0;;0.7207000029087066;9;mnist_0_9;7308
sparse_sem_sono;9.0;0.0;;0.724400002360344;10;mnist_0_9;7308
sparse_sem_sono;9.0;0.0;;0.7584999996423721;11;mnist_0_9;7308
sparse_sem_sono;9.0;0.0;;0.7344000005722046;12;mnist_0_9;7308
sparse_sem_sono;9.0;0.0;;0.6732000017166138;13;mnist_0_9;7308
sparse_sem_sono;9.0;0.0;;0.7454999971389771;14;mnist_0_9;7308
sparse_sem_sono;9.0;0.0;;0.7364000022411347;15;mnist_0_9;7308
sparse_sem_sono;9.0;0.0;;0.6887000012397766;16;mnist_0_9;7308
sparse_sem_sono;9.0;0.0;;0.7344999998807907;17;mnist_0_9;7308
sparse_sem_sono;9.0;0.0;;0.7046000009775162;18;mnist_0_9;7308
sparse_sem_sono;9.0;20.0;;0.7222000002861023;1;mnist_0_9;5866
sparse_sem_sono;9.0;20.0;;0.6639999967813491;2;mnist_0_9;5837
sparse_sem_sono;9.0;20.0;;0.6845999979972839;3;mnist_0_9;5854
sparse_sem_sono;9.0;20.0;;0.669300000667572;4;mnist_0_9;5827
sparse_sem_sono;9.0;20.0;;0.7273000013828278;5;mnist_0_9;5919
sparse_sem_sono;9.0;20.0;;0.6776999998092651;6;mnist_0_9;5926
sparse_sem_sono;9.0;20.0;;0.6702999991178512;7;mnist_0_9;5844
sparse_sem_sono;9.0;20.0;;0.6525999984145164;8;mnist_0_9;5856
sparse_sem_sono;9.0;20.0;;0.7267000007629395;9;mnist_0_9;5832
sparse_sem_sono;9.0;20.0;;0.6654000008106231;10;mnist_0_9;5755
sparse_sem_sono;9.0;50.0;;0.6783999997377396;1;mnist_0_9;3727
sparse_sem_sono;9.0;50.0;;0.5731999990344048;2;mnist_0_9;3613
sparse_sem_sono;9.0;50.0;;0.6764000022411346;3;mnist_0_9;3614
sparse_sem_sono;9.0;50.0;;0.7055999994277954;4;mnist_0_9;3735
sparse_sem_sono;9.0;50.0;;0.5485999986529351;5;mnist_0_9;3713
sparse_sem_sono;9.0;50.0;;0.6973999989032745;6;mnist_0_9;3774
sparse_sem_sono;9.0;50.0;;0.7001999992132187;7;mnist_0_9;3673
sparse_sem_sono;9.0;50.0;;0.6437000012397767;8;mnist_0_9;3633
sparse_sem_sono;9.0;50.0;;0.5990999981760978;9;mnist_0_9;3658
sparse_sem_sono;9.0;50.0;;0.6700999975204468;10;mnist_0_9;3591
sparse_sem_sono;9.0;80.0;;0.6375999987125397;1;mnist_0_9;1507
sparse_sem_sono;9.0;80.0;;0.6044999948143959;2;mnist_0_9;1519
sparse_sem_sono;9.0;80.0;;0.6101999998092651;3;mnist_0_9;1495
sparse_sem_sono;9.0;80.0;;0.425599998831749;4;mnist_0_9;1561
sparse_sem_sono;9.0;80.0;;0.5859999984502793;5;mnist_0_9;1529
sparse_sem_sono;9.0;80.0;;0.5860999944806099;6;mnist_0_9;1607
sparse_sem_sono;9.0;80.0;;0.6018999978899956;7;mnist_0_9;1555
sparse_sem_sono;9.0;80.0;;0.5080999976396561;8;mnist_0_9;1451
sparse_sem_sono;9.0;80.0;;0.6847999995946884;9;mnist_0_9;1521
sparse_sem_sono;9.0;80.0;;0.6130000004172325;10;mnist_0_9;1476
sparse_sem_sono;9.0;80.0;;0.5960999956727028;11;mnist_0_9;1530
sparse_sem_sono;9.0;80.0;;0.5329000002145767;12;mnist_0_9;1499
sparse_sem_sono;9.0;80.0;;0.6092999976873398;13;mnist_0_9;1555
sparse_sem_sono;9.0;80.0;;0.5792000010609627;14;mnist_0_9;1565
sparse_sem_sono;9.0;80.0;;0.5327999964356422;15;mnist_0_9;1587
sparse_sem_sono;9.0;80.0;;0.6196000012755394;16;mnist_0_9;1532
sparse_sem_sono;9.0;80.0;;0.6314999982714653;17;mnist_0_9;1464
sparse_sem_sono;9.0;80.0;;0.6031999984383583;18;mnist_0_9;1468
sparse_sem_sono;9.0;90.0;;0.5204999980330467;1;mnist_0_9;779
sparse_sem_sono;9.0;90.0;;0.20019999988377093;2;mnist_0_9;806
sparse_sem_sono;9.0;90.0;;0.489299997985363;3;mnist_0_9;816
sparse_sem_sono;9.0;90.0;;0.5180999985337258;4;mnist_0_9;853
sparse_sem_sono;9.0;90.0;;0.5375999993085862;5;mnist_0_9;824
sparse_sem_sono;9.0;90.0;;0.5786999976634979;6;mnist_0_9;819
sparse_sem_sono;9.0;90.0;;0.502299998998642;7;mnist_0_9;826
sparse_sem_sono;9.0;90.0;;0.41509999781847;8;mnist_0_9;758
sparse_sem_sono;9.0;90.0;;0.3249000017344952;13;mnist_0_9;796
sparse_sem_sono;9.0;90.0;;0.5310999971628189;14;mnist_0_9;798
sparse_sem_sono;9.0;90.0;;0.5225999966263771;15;mnist_0_9;859
sparse_sem_sono;9.0;90.0;;0.36379999950528147;16;mnist_0_9;800
sparse_sem_sono;9.0;90.0;;0.5612000000476837;17;mnist_0_9;771
sparse_sem_sono;9.0;90.0;;0.38489999905228617;18;mnist_0_9;760
sparse_sem_sono;10.0;0.0;;0.7585999983549118;1;mnist_0_9;8140
sparse_sem_sono;10.0;0.0;;0.730900000333786;2;mnist_0_9;8140
sparse_sem_sono;10.0;0.0;;0.7281000012159348;3;mnist_0_9;8140
sparse_sem_sono;10.0;0.0;;0.7058000022172928;4;mnist_0_9;8140
sparse_sem_sono;10.0;0.0;;0.6952000004053116;5;mnist_0_9;8140
sparse_sem_sono;10.0;0.0;;0.6780000007152558;6;mnist_0_9;8140
sparse_sem_sono;10.0;0.0;;0.6621999996900558;7;mnist_0_9;8140
sparse_sem_sono;10.0;0.0;;0.714400002360344;8;mnist_0_9;8140
sparse_sem_sono;10.0;0.0;;0.7408000004291534;9;mnist_0_9;8140
sparse_sem_sono;10.0;0.0;;0.6942999988794327;10;mnist_0_9;8140
sparse_sem_sono;10.0;0.0;;0.5359999963641167;11;mnist_0_9;8140
sparse_sem_sono;10.0;0.0;;0.7176000010967255;12;mnist_0_9;8140
sparse_sem_sono;10.0;0.0;;0.7205000025033951;13;mnist_0_9;8140
sparse_sem_sono;10.0;0.0;;0.779700003862381;14;mnist_0_9;8140
sparse_sem_sono;10.0;0.0;;0.6995999991893769;15;mnist_0_9;8140
sparse_sem_sono;10.0;0.0;;0.7628000015020371;16;mnist_0_9;8140
sparse_sem_sono;10.0;0.0;;0.6813000023365021;17;mnist_0_9;8140
sparse_sem_sono;10.0;0.0;;0.7712999993562698;18;mnist_0_9;8140
sparse_sem_sono;10.0;20.0;;0.7437000000476837;1;mnist_0_9;6537
sparse_sem_sono;10.0;20.0;;0.6913000005483627;2;mnist_0_9;6481
sparse_sem_sono;10.0;20.0;;0.7149999994039535;3;mnist_0_9;6513
sparse_sem_sono;10.0;20.0;;0.7555999994277954;4;mnist_0_9;6494
sparse_sem_sono;10.0;20.0;;0.7554000031948089;5;mnist_0_9;6582
sparse_sem_sono;10.0;20.0;;0.6573000031709672;6;mnist_0_9;6597
sparse_sem_sono;10.0;20.0;;0.6361999982595443;7;mnist_0_9;6523
sparse_sem_sono;10.0;20.0;;0.6953999984264374;8;mnist_0_9;6511
sparse_sem_sono;10.0;20.0;;0.6462999975681305;9;mnist_0_9;6521
sparse_sem_sono;10.0;20.0;;0.6942999970912933;10;mnist_0_9;6411
sparse_sem_sono;10.0;50.0;;0.7000000011920929;1;mnist_0_9;4144
sparse_sem_sono;10.0;50.0;;0.7363000035285949;2;mnist_0_9;4010
sparse_sem_sono;10.0;50.0;;0.7617999988794327;3;mnist_0_9;4031
sparse_sem_sono;10.0;50.0;;0.7022999972105026;4;mnist_0_9;4164
sparse_sem_sono;10.0;50.0;;0.6904000014066696;5;mnist_0_9;4127
sparse_sem_sono;10.0;50.0;;0.7489000022411346;6;mnist_0_9;4205
sparse_sem_sono;10.0;50.0;;0.739099999666214;7;mnist_0_9;4086
sparse_sem_sono;10.0;50.0;;0.7032000041007995;8;mnist_0_9;4076
sparse_sem_sono;10.0;50.0;;0.7321999984979629;9;mnist_0_9;4099
sparse_sem_sono;10.0;50.0;;0.7086000031232834;10;mnist_0_9;4017
sparse_sem_sono;10.0;80.0;;0.6514000019431114;1;mnist_0_9;1667
sparse_sem_sono;10.0;80.0;;0.6460999983549118;2;mnist_0_9;1694
sparse_sem_sono;10.0;80.0;;0.5552999979257583;3;mnist_0_9;1672
sparse_sem_sono;10.0;80.0;;0.5443999981880188;4;mnist_0_9;1739
sparse_sem_sono;10.0;80.0;;0.6208999982476234;5;mnist_0_9;1717
sparse_sem_sono;10.0;80.0;;0.643400000333786;6;mnist_0_9;1784
sparse_sem_sono;10.0;80.0;;0.6648000001907348;7;mnist_0_9;1716
sparse_sem_sono;10.0;80.0;;0.6487999966740609;8;mnist_0_9;1645
sparse_sem_sono;10.0;80.0;;0.6427000004053116;9;mnist_0_9;1708
sparse_sem_sono;10.0;80.0;;0.6547000008821487;10;mnist_0_9;1657
sparse_sem_sono;10.0;80.0;;0.6077999985218048;11;mnist_0_9;1682
sparse_sem_sono;10.0;80.0;;0.6333000010251999;12;mnist_0_9;1684
sparse_sem_sono;10.0;80.0;;0.6813000011444091;13;mnist_0_9;1750
sparse_sem_sono;10.0;80.0;;0.5879999986290931;14;mnist_0_9;1723
sparse_sem_sono;10.0;80.0;;0.6475999993085861;15;mnist_0_9;1758
sparse_sem_sono;10.0;80.0;;0.6105999970436096;16;mnist_0_9;1710
sparse_sem_sono;10.0;80.0;;0.5704999968409539;17;mnist_0_9;1639
sparse_sem_sono;10.0;80.0;;0.6418000000715256;18;mnist_0_9;1655
sparse_sem_sono;10.0;90.0;;0.5148999989032745;1;mnist_0_9;860
sparse_sem_sono;10.0;90.0;;0.5423999992012978;2;mnist_0_9;896
sparse_sem_sono;10.0;90.0;;0.5312999987602234;3;mnist_0_9;893
sparse_sem_sono;10.0;90.0;;0.3936999972164631;4;mnist_0_9;947
sparse_sem_sono;10.0;90.0;;0.6050999993085862;5;mnist_0_9;915
sparse_sem_sono;10.0;90.0;;0.5514999985694885;6;mnist_0_9;918
sparse_sem_sono;10.0;90.0;;0.5353999975323677;7;mnist_0_9;913
sparse_sem_sono;10.0;90.0;;0.5620999985933304;8;mnist_0_9;868
sparse_sem_sono;10.0;90.0;;0.595399999320507;13;mnist_0_9;887
sparse_sem_sono;10.0;90.0;;0.4649999988079071;14;mnist_0_9;876
sparse_sem_sono;10.0;90.0;;0.4058999985456467;15;mnist_0_9;945
sparse_sem_sono;10.0;90.0;;0.5278999981284141;16;mnist_0_9;889
sparse_sem_sono;10.0;90.0;;0.23820000022649765;17;mnist_0_9;863
sparse_sem_sono;10.0;90.0;;0.5481999978423119;18;mnist_0_9;861
sparse_sem_sono;11.0;0.0;;0.7351000010967255;1;mnist_0_9;8976
sparse_sem_sono;11.0;0.0;;0.766800000667572;2;mnist_0_9;8976
sparse_sem_sono;11.0;0.0;;0.7385999989509583;3;mnist_0_9;8976
sparse_sem_sono;11.0;0.0;;0.7406000036001206;4;mnist_0_9;8976
sparse_sem_sono;11.0;0.0;;0.760799999833107;5;mnist_0_9;8976
sparse_sem_sono;11.0;0.0;;0.791399997472763;6;mnist_0_9;8976
sparse_sem_sono;11.0;0.0;;0.7500000005960464;7;mnist_0_9;8976
sparse_sem_sono;11.0;0.0;;0.7304000025987625;8;mnist_0_9;8976
sparse_sem_sono;11.0;0.0;;0.7660999983549118;9;mnist_0_9;8976
sparse_sem_sono;11.0;0.0;;0.6800000005960465;10;mnist_0_9;8976
sparse_sem_sono;11.0;0.0;;0.7586000007390976;11;mnist_0_9;8976
sparse_sem_sono;11.0;0.0;;0.7092999976873398;12;mnist_0_9;8976
sparse_sem_sono;11.0;0.0;;0.7629000002145767;13;mnist_0_9;8976
sparse_sem_sono;11.0;0.0;;0.7484000003337861;14;mnist_0_9;8976
sparse_sem_sono;11.0;0.0;;0.726800000667572;15;mnist_0_9;8976
sparse_sem_sono;11.0;0.0;;0.7767999988794326;16;mnist_0_9;8976
sparse_sem_sono;11.0;0.0;;0.7274000006914139;17;mnist_0_9;8976
sparse_sem_sono;11.0;0.0;;0.7893999940156937;18;mnist_0_9;8976
sparse_sem_sono;11.0;20.0;;0.7750000005960465;1;mnist_0_9;7178
sparse_sem_sono;11.0;20.0;;0.7323000013828278;2;mnist_0_9;7166
sparse_sem_sono;11.0;20.0;;0.7057000011205673;3;mnist_0_9;7182
sparse_sem_sono;11.0;20.0;;0.7268999987840652;4;mnist_0_9;7156
sparse_sem_sono;11.0;20.0;;0.7842000013589859;5;mnist_0_9;7227
sparse_sem_sono;11.0;20.0;;0.792600000500679;6;mnist_0_9;7262
sparse_sem_sono;11.0;20.0;;0.742600001692772;7;mnist_0_9;7174
sparse_sem_sono;11.0;20.0;;0.743199999332428;8;mnist_0_9;7192
sparse_sem_sono;11.0;20.0;;0.6981999987363815;9;mnist_0_9;7184
sparse_sem_sono;11.0;20.0;;0.7370000040531158;10;mnist_0_9;7074
sparse_sem_sono;11.0;50.0;;0.7147999984025956;1;mnist_0_9;4544
sparse_sem_sono;11.0;50.0;;0.7198000019788742;2;mnist_0_9;4449
sparse_sem_sono;11.0;50.0;;0.7445000028610229;3;mnist_0_9;4473
sparse_sem_sono;11.0;50.0;;0.7423000013828278;4;mnist_0_9;4574
sparse_sem_sono;11.0;50.0;;0.7704999965429306;5;mnist_0_9;4539
sparse_sem_sono;11.0;50.0;;0.7427999985218048;6;mnist_0_9;4626
sparse_sem_sono;11.0;50.0;;0.6291000017523766;7;mnist_0_9;4513
sparse_sem_sono;11.0;50.0;;0.7658999991416932;8;mnist_0_9;4513
sparse_sem_sono;11.0;50.0;;0.7291999995708466;9;mnist_0_9;4538
sparse_sem_sono;11.0;50.0;;0.7075000005960465;10;mnist_0_9;4445
sparse_sem_sono;11.0;80.0;;0.6248000013828278;1;mnist_0_9;1832
sparse_sem_sono;11.0;80.0;;0.6493999966979027;2;mnist_0_9;1902
sparse_sem_sono;11.0;80.0;;0.6185999977588653;3;mnist_0_9;1864
sparse_sem_sono;11.0;80.0;;0.7023999977111817;4;mnist_0_9;1914
sparse_sem_sono;11.0;80.0;;0.6325000023841858;5;mnist_0_9;1876
sparse_sem_sono;11.0;80.0;;0.6358000004291534;6;mnist_0_9;1961
sparse_sem_sono;11.0;80.0;;0.6360999992489815;7;mnist_0_9;1904
sparse_sem_sono;11.0;80.0;;0.7126000010967255;8;mnist_0_9;1819
sparse_sem_sono;11.0;80.0;;0.6576999965310096;9;mnist_0_9;1894
sparse_sem_sono;11.0;80.0;;0.5776999974250794;10;mnist_0_9;1811
sparse_sem_sono;11.0;80.0;;0.6681000012159347;11;mnist_0_9;1847
sparse_sem_sono;11.0;80.0;;0.4656999963521957;12;mnist_0_9;1865
sparse_sem_sono;11.0;80.0;;0.600900000333786;13;mnist_0_9;1949
sparse_sem_sono;11.0;80.0;;0.66309999614954;14;mnist_0_9;1920
sparse_sem_sono;11.0;80.0;;0.6387999999523163;15;mnist_0_9;1940
sparse_sem_sono;11.0;80.0;;0.6505000004172325;16;mnist_0_9;1884
sparse_sem_sono;11.0;80.0;;0.6465000003576279;17;mnist_0_9;1795
sparse_sem_sono;11.0;80.0;;0.6570999988913536;18;mnist_0_9;1829
sparse_sem_sono;11.0;90.0;;0.4170999979972839;1;mnist_0_9;957
sparse_sem_sono;11.0;90.0;;0.6460999992489814;2;mnist_0_9;1019
sparse_sem_sono;11.0;90.0;;0.5255999985337257;3;mnist_0_9;985
sparse_sem_sono;11.0;90.0;;0.5584999975562096;4;mnist_0_9;1033
sparse_sem_sono;11.0;90.0;;0.5513999995589256;5;mnist_0_9;994
sparse_sem_sono;11.0;90.0;;0.5778999993205071;6;mnist_0_9;1006
sparse_sem_sono;11.0;90.0;;0.44879999965429307;7;mnist_0_9;1023
sparse_sem_sono;11.0;90.0;;0.39799999952316284;8;mnist_0_9;954
sparse_sem_sono;11.0;90.0;;0.5594000008702278;13;mnist_0_9;984
sparse_sem_sono;11.0;90.0;;0.619799998998642;14;mnist_0_9;977
sparse_sem_sono;11.0;90.0;;0.5993999990820885;15;mnist_0_9;1044
sparse_sem_sono;11.0;90.0;;0.5020999959111214;16;mnist_0_9;987
sparse_sem_sono;11.0;90.0;;0.5723999989032745;17;mnist_0_9;945
sparse_sem_sono;11.0;90.0;;0.4986999967694283;18;mnist_0_9;955
sparse_sem_sono;12.0;0.0;;0.7444000029563904;1;mnist_0_9;9816
sparse_sem_sono;12.0;0.0;;0.7506000006198883;2;mnist_0_9;9816
sparse_sem_sono;12.0;0.0;;0.7521000003814697;3;mnist_0_9;9816
sparse_sem_sono;12.0;0.0;;0.6981000018119812;4;mnist_0_9;9816
sparse_sem_sono;12.0;0.0;;0.7784000021219254;5;mnist_0_9;9816
sparse_sem_sono;12.0;0.0;;0.7067999994754791;6;mnist_0_9;9816
sparse_sem_sono;12.0;0.0;;0.7461000013351441;7;mnist_0_9;9816
sparse_sem_sono;12.0;0.0;;0.7597000008821487;8;mnist_0_9;9816
sparse_sem_sono;12.0;0.0;;0.7337999987602234;9;mnist_0_9;9816
sparse_sem_sono;12.0;0.0;;0.7665999984741211;10;mnist_0_9;9816
sparse_sem_sono;12.0;0.0;;0.7636999994516372;11;mnist_0_9;9816
sparse_sem_sono;12.0;0.0;;0.73950000166893;12;mnist_0_9;9816
sparse_sem_sono;12.0;0.0;;0.7758999961614609;13;mnist_0_9;9816
sparse_sem_sono;12.0;0.0;;0.7349999994039536;14;mnist_0_9;9816
sparse_sem_sono;12.0;0.0;;0.7358999997377396;15;mnist_0_9;9816
sparse_sem_sono;12.0;0.0;;0.7868999981880188;16;mnist_0_9;9816
sparse_sem_sono;12.0;0.0;;0.7402999997138977;17;mnist_0_9;9816
sparse_sem_sono;12.0;0.0;;0.6888999974727631;18;mnist_0_9;9816
sparse_sem_sono;12.0;20.0;;0.7826000016927719;1;mnist_0_9;7864
sparse_sem_sono;12.0;20.0;;0.738500000834465;2;mnist_0_9;7810
sparse_sem_sono;12.0;20.0;;0.7922000014781951;3;mnist_0_9;7857
sparse_sem_sono;12.0;20.0;;0.7318000012636184;4;mnist_0_9;7815
sparse_sem_sono;12.0;20.0;;0.7592000007629395;5;mnist_0_9;7913
sparse_sem_sono;12.0;20.0;;0.7708000004291534;6;mnist_0_9;7920
sparse_sem_sono;12.0;20.0;;0.7897000002861023;7;mnist_0_9;7858
sparse_sem_sono;12.0;20.0;;0.7798000013828278;8;mnist_0_9;7865
sparse_sem_sono;12.0;20.0;;0.758299999833107;9;mnist_0_9;7868
sparse_sem_sono;12.0;20.0;;0.7396000003814698;10;mnist_0_9;7760
sparse_sem_sono;12.0;50.0;;0.7314000004529952;1;mnist_0_9;4961
sparse_sem_sono;12.0;50.0;;0.7303999996185303;2;mnist_0_9;4835
sparse_sem_sono;12.0;50.0;;0.7617000007629394;3;mnist_0_9;4912
sparse_sem_sono;12.0;50.0;;0.751700000166893;4;mnist_0_9;4999
sparse_sem_sono;12.0;50.0;;0.7649000006914138;5;mnist_0_9;4966
sparse_sem_sono;12.0;50.0;;0.7835999977588654;6;mnist_0_9;5053
sparse_sem_sono;12.0;50.0;;0.767299998998642;7;mnist_0_9;4921
sparse_sem_sono;12.0;50.0;;0.7499000024795532;8;mnist_0_9;4932
sparse_sem_sono;12.0;50.0;;0.7596000021696091;9;mnist_0_9;4951
sparse_sem_sono;12.0;50.0;;0.7675999993085861;10;mnist_0_9;4871
sparse_sem_sono;12.0;80.0;;0.6865000021457672;1;mnist_0_9;2007
sparse_sem_sono;12.0;80.0;;0.6874000012874604;2;mnist_0_9;2058
sparse_sem_sono;12.0;80.0;;0.7210999995470047;3;mnist_0_9;2032
sparse_sem_sono;12.0;80.0;;0.6675999993085862;4;mnist_0_9;2086
sparse_sem_sono;12.0;80.0;;0.6879000014066696;5;mnist_0_9;2068
sparse_sem_sono;12.0;80.0;;0.6912999999523163;6;mnist_0_9;2127
sparse_sem_sono;12.0;80.0;;0.6830000019073487;7;mnist_0_9;2078
sparse_sem_sono;12.0;80.0;;0.6842999988794327;8;mnist_0_9;1978
sparse_sem_sono;12.0;80.0;;0.6681999987363816;9;mnist_0_9;2062
sparse_sem_sono;12.0;80.0;;0.6883000016212464;10;mnist_0_9;1992
sparse_sem_sono;12.0;80.0;;0.6618999990820885;11;mnist_0_9;2026
sparse_sem_sono;12.0;80.0;;0.6161000019311905;12;mnist_0_9;2055
sparse_sem_sono;12.0;80.0;;0.6080999979376793;13;mnist_0_9;2133
sparse_sem_sono;12.0;80.0;;0.6554999995231628;14;mnist_0_9;2086
sparse_sem_sono;12.0;80.0;;0.650600000321865;15;mnist_0_9;2120
sparse_sem_sono;12.0;80.0;;0.6530999997258187;16;mnist_0_9;2100
sparse_sem_sono;12.0;80.0;;0.6859000027179718;17;mnist_0_9;1966
sparse_sem_sono;12.0;80.0;;0.7003000015020371;18;mnist_0_9;1993
sparse_sem_sono;12.0;90.0;;0.5669999998807908;1;mnist_0_9;1056
sparse_sem_sono;12.0;90.0;;0.5610999992489815;2;mnist_0_9;1103
sparse_sem_sono;12.0;90.0;;0.5409999975562095;3;mnist_0_9;1067
sparse_sem_sono;12.0;90.0;;0.5757999989390373;4;mnist_0_9;1131
sparse_sem_sono;12.0;90.0;;0.5035999968647957;5;mnist_0_9;1113
sparse_sem_sono;12.0;90.0;;0.5722999984025955;6;mnist_0_9;1095
sparse_sem_sono;12.0;90.0;;0.6031999990344048;7;mnist_0_9;1116
sparse_sem_sono;12.0;90.0;;0.4864999946951866;8;mnist_0_9;1038
sparse_sem_sono;12.0;90.0;;0.6266999989748001;13;mnist_0_9;1074
sparse_sem_sono;12.0;90.0;;0.565699996650219;14;mnist_0_9;1067
sparse_sem_sono;12.0;90.0;;0.5981000012159348;15;mnist_0_9;1142
sparse_sem_sono;12.0;90.0;;0.5807999989390373;16;mnist_0_9;1117
sparse_sem_sono;12.0;90.0;;0.5401999986171723;17;mnist_0_9;1030
sparse_sem_sono;12.0;90.0;;0.545299998819828;18;mnist_0_9;1045
sparse_sem_sono;13.0;0.0;;0.7325999975204468;1;mnist_0_9;10660
sparse_sem_sono;13.0;0.0;;0.6791999995708465;2;mnist_0_9;10660
sparse_sem_sono;13.0;0.0;;0.7570999997854233;3;mnist_0_9;10660
sparse_sem_sono;13.0;0.0;;0.8090000009536743;4;mnist_0_9;10660
sparse_sem_sono;13.0;0.0;;0.7040999990701675;5;mnist_0_9;10660
sparse_sem_sono;13.0;0.0;;0.7380000001192093;6;mnist_0_9;10660
sparse_sem_sono;13.0;0.0;;0.7633999979496002;7;mnist_0_9;10660
sparse_sem_sono;13.0;0.0;;0.7482000041007996;8;mnist_0_9;10660
sparse_sem_sono;13.0;0.0;;0.7712999969720841;9;mnist_0_9;10660
sparse_sem_sono;13.0;0.0;;0.7354999995231628;10;mnist_0_9;10660
sparse_sem_sono;13.0;0.0;;0.8095000004768371;11;mnist_0_9;10660
sparse_sem_sono;13.0;0.0;;0.7507999992370605;12;mnist_0_9;10660
sparse_sem_sono;13.0;0.0;;0.7962999993562698;13;mnist_0_9;10660
sparse_sem_sono;13.0;0.0;;0.7645000046491623;14;mnist_0_9;10660
sparse_sem_sono;13.0;0.0;;0.789599997997284;15;mnist_0_9;10660
sparse_sem_sono;13.0;0.0;;0.8040999972820282;16;mnist_0_9;10660
sparse_sem_sono;13.0;0.0;;0.7649000012874603;17;mnist_0_9;10660
sparse_sem_sono;13.0;0.0;;0.7956000006198883;18;mnist_0_9;10660
sparse_sem_sono;13.0;20.0;;0.7715000021457672;1;mnist_0_9;8557
sparse_sem_sono;13.0;20.0;;0.7212999999523163;2;mnist_0_9;8495
sparse_sem_sono;13.0;20.0;;0.8318999993801117;3;mnist_0_9;8548
sparse_sem_sono;13.0;20.0;;0.7372000002861023;4;mnist_0_9;8489
sparse_sem_sono;13.0;20.0;;0.76;5;mnist_0_9;8604
sparse_sem_sono;13.0;20.0;;0.7339000004529953;6;mnist_0_9;8598
sparse_sem_sono;13.0;20.0;;0.778099998831749;7;mnist_0_9;8510
sparse_sem_sono;13.0;20.0;;0.7965999990701675;8;mnist_0_9;8553
sparse_sem_sono;13.0;20.0;;0.7665000027418136;9;mnist_0_9;8533
sparse_sem_sono;13.0;20.0;;0.8013999992609024;10;mnist_0_9;8430
sparse_sem_sono;13.0;50.0;;0.748600001335144;1;mnist_0_9;5414
sparse_sem_sono;13.0;50.0;;0.7358999991416931;2;mnist_0_9;5269
sparse_sem_sono;13.0;50.0;;0.8011999970674515;3;mnist_0_9;5330
sparse_sem_sono;13.0;50.0;;0.7618999999761581;4;mnist_0_9;5431
sparse_sem_sono;13.0;50.0;;0.783999999165535;5;mnist_0_9;5397
sparse_sem_sono;13.0;50.0;;0.7317999994754791;6;mnist_0_9;5489
sparse_sem_sono;13.0;50.0;;0.7495999985933304;7;mnist_0_9;5355
sparse_sem_sono;13.0;50.0;;0.8106000006198884;8;mnist_0_9;5368
sparse_sem_sono;13.0;50.0;;0.7115999978780746;9;mnist_0_9;5367
sparse_sem_sono;13.0;50.0;;0.7087000000476837;10;mnist_0_9;5307
sparse_sem_sono;13.0;80.0;;0.6826999986171722;1;mnist_0_9;2191
sparse_sem_sono;13.0;80.0;;0.6282999995350838;2;mnist_0_9;2239
sparse_sem_sono;13.0;80.0;;0.7161000007390976;3;mnist_0_9;2214
sparse_sem_sono;13.0;80.0;;0.7393000018596649;4;mnist_0_9;2258
sparse_sem_sono;13.0;80.0;;0.7428999960422515;5;mnist_0_9;2233
sparse_sem_sono;13.0;80.0;;0.6575999999046326;6;mnist_0_9;2294
sparse_sem_sono;13.0;80.0;;0.7036000007390976;7;mnist_0_9;2262
sparse_sem_sono;13.0;80.0;;0.587399996817112;8;mnist_0_9;2160
sparse_sem_sono;13.0;80.0;;0.6852000004053116;9;mnist_0_9;2250
sparse_sem_sono;13.0;80.0;;0.6437000000476837;10;mnist_0_9;2178
sparse_sem_sono;13.0;80.0;;0.7540000021457672;11;mnist_0_9;2221
sparse_sem_sono;13.0;80.0;;0.6927999991178513;12;mnist_0_9;2235
sparse_sem_sono;13.0;80.0;;0.7131000012159348;13;mnist_0_9;2324
sparse_sem_sono;13.0;80.0;;0.6674000024795532;14;mnist_0_9;2252
sparse_sem_sono;13.0;80.0;;0.6726000002026558;15;mnist_0_9;2299
sparse_sem_sono;13.0;80.0;;0.6569000005722045;16;mnist_0_9;2290
sparse_sem_sono;13.0;80.0;;0.7178000003099442;17;mnist_0_9;2159
sparse_sem_sono;13.0;80.0;;0.6543999993801117;18;mnist_0_9;2159
sparse_sem_sono;13.0;90.0;;0.5788999989628791;1;mnist_0_9;1145
sparse_sem_sono;13.0;90.0;;0.5788999998569488;2;mnist_0_9;1191
sparse_sem_sono;13.0;90.0;;0.6201000016927719;3;mnist_0_9;1168
sparse_sem_sono;13.0;90.0;;0.5171999987959862;4;mnist_0_9;1218
sparse_sem_sono;13.0;90.0;;0.48699999749660494;5;mnist_0_9;1189
sparse_sem_sono;13.0;90.0;;0.5918999993801117;6;mnist_0_9;1188
sparse_sem_sono;13.0;90.0;;0.48749999701976776;7;mnist_0_9;1217
sparse_sem_sono;13.0;90.0;;0.5863999968767166;8;mnist_0_9;1137
sparse_sem_sono;13.0;90.0;;0.6538000029325485;13;mnist_0_9;1174
sparse_sem_sono;13.0;90.0;;0.5890000000596046;14;mnist_0_9;1157
sparse_sem_sono;13.0;90.0;;0.506299996972084;15;mnist_0_9;1243
sparse_sem_sono;13.0;90.0;;0.6139999991655349;16;mnist_0_9;1221
sparse_sem_sono;13.0;90.0;;0.5499999994039535;17;mnist_0_9;1135
sparse_sem_sono;13.0;90.0;;0.6178999966382981;18;mnist_0_9;1134
sparse_sem_sono;14.0;0.0;;0.751100002527237;1;mnist_0_9;11508
sparse_sem_sono;14.0;0.0;;0.7379000002145767;2;mnist_0_9;11508
sparse_sem_sono;14.0;0.0;;0.7709999978542328;3;mnist_0_9;11508
sparse_sem_sono;14.0;0.0;;0.7595999950170517;4;mnist_0_9;11508
sparse_sem_sono;14.0;0.0;;0.7957999968528747;5;mnist_0_9;11508
sparse_sem_sono;14.0;0.0;;0.7873999959230423;6;mnist_0_9;11508
sparse_sem_sono;14.0;0.0;;0.6418000018596649;7;mnist_0_9;11508
sparse_sem_sono;14.0;0.0;;0.8001999998092652;8;mnist_0_9;11508
sparse_sem_sono;14.0;0.0;;0.798099998831749;9;mnist_0_9;11508
sparse_sem_sono;14.0;0.0;;0.7307000029087066;10;mnist_0_9;11508
sparse_sem_sono;14.0;0.0;;0.7250000011920928;11;mnist_0_9;11508
sparse_sem_sono;14.0;90.0;;0.5965000003576278;1;mnist_0_9;1229
sparse_sem_sono;14.0;90.0;;0.6198000022768975;2;mnist_0_9;1283
sparse_sem_sono;14.0;90.0;;0.5851000002026558;3;mnist_0_9;1255
sparse_sem_sono;14.0;90.0;;0.561799997985363;4;mnist_0_9;1312
sparse_sem_sono;14.0;90.0;;0.6278000009059906;5;mnist_0_9;1291
sparse_sem_sono;14.0;90.0;;0.6114000010490418;6;mnist_0_9;1284
sparse_sem_sono;14.0;90.0;;0.5947000005841255;7;mnist_0_9;1318
sparse_sem_sono;14.0;90.0;;0.6453000012040139;8;mnist_0_9;1238
sparse_sem_sono;14.0;90.0;;0.646499997973442;13;mnist_0_9;1274
sparse_sem_sono;14.0;90.0;;0.6107999983429909;14;mnist_0_9;1233
sparse_sem_sono;14.0;90.0;;0.5987999957799911;15;mnist_0_9;1337
sparse_sem_sono;14.0;90.0;;0.5359999957680702;16;mnist_0_9;1326
sparse_sem_sono;14.0;90.0;;0.5492999985814094;17;mnist_0_9;1219
sparse_sem_sono;14.0;90.0;;0.6070999997854233;18;mnist_0_9;1218
sparse_sem_sono;15.0;0.0;;0.8007999992370606;1;mnist_0_9;12360
sparse_sem_sono;15.0;0.0;;0.798199999332428;2;mnist_0_9;12360
sparse_sem_sono;15.0;0.0;;0.8009000015258789;3;mnist_0_9;12360
sparse_sem_sono;15.0;0.0;;0.8149999952316285;4;mnist_0_9;12360
sparse_sem_sono;15.0;0.0;;0.74180000603199;5;mnist_0_9;12360
sparse_sem_sono;15.0;0.0;;0.7898999971151351;6;mnist_0_9;12360
sparse_sem_sono;15.0;0.0;;0.7960999947786331;7;mnist_0_9;12360
sparse_sem_sono;15.0;0.0;;0.8004999989271164;8;mnist_0_9;12360
sparse_sem_sono;15.0;0.0;;0.7928999972343445;9;mnist_0_9;12360
sparse_sem_sono;15.0;0.0;;0.745;10;mnist_0_9;12360
sparse_sem_sono;15.0;0.0;;0.7968000012636185;11;mnist_0_9;12360
sparse_sem_sono;15.0;90.0;;0.6436000025272369;1;mnist_0_9;1326
sparse_sem_sono;15.0;90.0;;0.620900000333786;2;mnist_0_9;1370
sparse_sem_sono;15.0;90.0;;0.5971999996900559;3;mnist_0_9;1344
sparse_sem_sono;15.0;90.0;;0.5612999996542931;4;mnist_0_9;1396
sparse_sem_sono;15.0;90.0;;0.5951000010967255;5;mnist_0_9;1397
sparse_sem_sono;15.0;90.0;;0.483499998152256;6;mnist_0_9;1367
sparse_sem_sono;15.0;90.0;;0.6485999983549118;7;mnist_0_9;1401
sparse_sem_sono;15.0;90.0;;0.6087999993562698;8;mnist_0_9;1334
sparse_sem_sono;15.0;90.0;;0.6728000009059906;13;mnist_0_9;1360
sparse_sem_sono;15.0;90.0;;0.6044999977946282;14;mnist_0_9;1326
sparse_sem_sono;15.0;90.0;;0.6009000000357628;15;mnist_0_9;1432
sparse_sem_sono;15.0;90.0;;0.6571000009775162;16;mnist_0_9;1420
sparse_sem_sono;15.0;90.0;;0.6106999987363815;17;mnist_0_9;1306
sparse_sem_sono;15.0;90.0;;0.5994999969005584;18;mnist_0_9;1312
sparse_sem_sono;16.0;0.0;;0.8087999963760376;1;mnist_0_9;13216
sparse_sem_sono;16.0;0.0;;0.7824000000953675;2;mnist_0_9;13216
sparse_sem_sono;16.0;0.0;;0.8237999981641769;3;mnist_0_9;13216
sparse_sem_sono;16.0;0.0;;0.764400001168251;4;mnist_0_9;13216
sparse_sem_sono;16.0;0.0;;0.8322999995946884;5;mnist_0_9;13216
sparse_sem_sono;16.0;0.0;;0.8355999994277954;6;mnist_0_9;13216
sparse_sem_sono;16.0;0.0;;0.7509000021219253;7;mnist_0_9;13216
sparse_sem_sono;16.0;0.0;;0.7425999969244004;8;mnist_0_9;13216
sparse_sem_sono;16.0;0.0;;0.7844999992847442;9;mnist_0_9;13216
sparse_sem_sono;16.0;0.0;;0.7901999986171723;10;mnist_0_9;13216
sparse_sem_sono;16.0;0.0;;0.7175999999046325;11;mnist_0_9;13216
sparse_sem_sono;16.0;90.0;;0.6567000010609627;1;mnist_0_9;1420
sparse_sem_sono;16.0;90.0;;0.6440000000596047;2;mnist_0_9;1459
sparse_sem_sono;16.0;90.0;;0.6373999980092049;3;mnist_0_9;1451
sparse_sem_sono;16.0;90.0;;0.6442999994754791;4;mnist_0_9;1505
sparse_sem_sono;16.0;90.0;;0.6015999990701676;5;mnist_0_9;1480
sparse_sem_sono;16.0;90.0;;0.5372999998927116;6;mnist_0_9;1439
sparse_sem_sono;16.0;90.0;;0.6702999994158745;7;mnist_0_9;1494
sparse_sem_sono;16.0;90.0;;0.6708000004291534;8;mnist_0_9;1428
sparse_sem_sono;16.0;90.0;;0.6230999997258186;13;mnist_0_9;1453
sparse_sem_sono;16.0;90.0;;0.6305999979376793;14;mnist_0_9;1431
sparse_sem_sono;16.0;90.0;;0.6512999969720841;15;mnist_0_9;1518
sparse_sem_sono;16.0;90.0;;0.6723000001907349;16;mnist_0_9;1514
sparse_sem_sono;16.0;90.0;;0.6379000005126;17;mnist_0_9;1410
sparse_sem_sono;16.0;90.0;;0.6701000010967255;18;mnist_0_9;1398
sparse_sem_sono;17.0;0.0;;0.8017000013589859;1;mnist_0_9;14076
sparse_sem_sono;17.0;0.0;;0.8236999976634979;3;mnist_0_9;14076
sparse_sem_sono;17.0;0.0;;0.798199999332428;4;mnist_0_9;14076
sparse_sem_sono;17.0;0.0;;0.829799998998642;5;mnist_0_9;14076
sparse_sem_sono;17.0;0.0;;0.818799996972084;6;mnist_0_9;14076
sparse_sem_sono;17.0;0.0;;0.8554999989271164;7;mnist_0_9;14076
sparse_sem_sono;17.0;0.0;;0.8136999988555909;8;mnist_0_9;14076
sparse_sem_sono;17.0;0.0;;0.8086999988555909;9;mnist_0_9;14076
sparse_sem_sono;17.0;0.0;;0.8;10;mnist_0_9;14076
sparse_sem_sono;17.0;0.0;;0.8144999951124191;11;mnist_0_9;14076
sparse_sem_sono;17.0;90.0;;0.647600000500679;1;mnist_0_9;1510
sparse_sem_sono;17.0;90.0;;0.6416999998688698;2;mnist_0_9;1552
sparse_sem_sono;17.0;90.0;;0.6694000017642975;3;mnist_0_9;1550
sparse_sem_sono;17.0;90.0;;0.5929999995231628;4;mnist_0_9;1597
sparse_sem_sono;17.0;90.0;;0.6647999984025955;5;mnist_0_9;1575
sparse_sem_sono;17.0;90.0;;0.6148000007867813;6;mnist_0_9;1539
sparse_sem_sono;17.0;90.0;;0.6786000001430511;7;mnist_0_9;1588
sparse_sem_sono;17.0;90.0;;0.626899998486042;8;mnist_0_9;1519
sparse_sem_sono;17.0;90.0;;0.6349999991059303;13;mnist_0_9;1554
sparse_sem_sono;17.0;90.0;;0.6509999978542328;14;mnist_0_9;1534
sparse_sem_sono;17.0;90.0;;0.6037999975681305;15;mnist_0_9;1607
sparse_sem_sono;17.0;90.0;;0.6508999985456466;16;mnist_0_9;1619
sparse_sem_sono;17.0;90.0;;0.6487999975681304;17;mnist_0_9;1495
sparse_sem_sono;17.0;90.0;;0.6906000018119812;18;mnist_0_9;1497
sparse_sem_sono;18.0;0.0;;0.6959000051021575;1;mnist_0_9;14940
sparse_sem_sono;18.0;0.0;;0.8144000023603439;2;mnist_0_9;14940
sparse_sem_sono;18.0;0.0;;0.7950000023841858;3;mnist_0_9;14940
sparse_sem_sono;18.0;0.0;;0.7784999990463257;4;mnist_0_9;14940
sparse_sem_sono;18.0;0.0;;0.7539000016450882;5;mnist_0_9;14940
sparse_sem_sono;18.0;0.0;;0.8305999964475632;6;mnist_0_9;14940
sparse_sem_sono;18.0;0.0;;0.7982999992370605;7;mnist_0_9;14940
sparse_sem_sono;18.0;0.0;;0.7681000030040741;8;mnist_0_9;14940
sparse_sem_sono;18.0;0.0;;0.8058000016212463;9;mnist_0_9;14940
sparse_sem_sono;18.0;0.0;;0.7652000015974045;10;mnist_0_9;14940
sparse_sem_sono;18.0;90.0;;0.6427999994158745;1;mnist_0_9;1609
sparse_sem_sono;18.0;90.0;;0.6722000026702881;2;mnist_0_9;1649
sparse_sem_sono;18.0;90.0;;0.6855999976396561;3;mnist_0_9;1647
sparse_sem_sono;18.0;90.0;;0.6158999997377396;4;mnist_0_9;1683
sparse_sem_sono;18.0;90.0;;0.6557000005245208;5;mnist_0_9;1666
sparse_sem_sono;18.0;90.0;;0.6683000028133392;6;mnist_0_9;1610
sparse_sem_sono;18.0;90.0;;0.6770999997854232;7;mnist_0_9;1678
sparse_sem_sono;18.0;90.0;;0.6383000016212463;8;mnist_0_9;1599
sparse_sem_sono;18.0;90.0;;0.679099999666214;13;mnist_0_9;1642
sparse_sem_sono;18.0;90.0;;0.6930000019073487;14;mnist_0_9;1626
sparse_sem_sono;18.0;90.0;;0.6474000000953675;15;mnist_0_9;1687
sparse_sem_sono;18.0;90.0;;0.679400001168251;16;mnist_0_9;1716
sparse_sem_sono;18.0;90.0;;0.6446000012755394;17;mnist_0_9;1582
sparse_sem_sono;19.0;0.0;;0.8121000003814697;1;mnist_0_9;15808
sparse_sem_sono;19.0;0.0;;0.7909000021219253;2;mnist_0_9;15808
sparse_sem_sono;19.0;0.0;;0.8402999985218048;3;mnist_0_9;15808
sparse_sem_sono;19.0;0.0;;0.7082000017166138;4;mnist_0_9;15808
sparse_sem_sono;19.0;0.0;;0.8364999967813492;5;mnist_0_9;15808
sparse_sem_sono;19.0;0.0;;0.8212999987602234;6;mnist_0_9;15808
sparse_sem_sono;19.0;0.0;;0.8313999992609024;7;mnist_0_9;15808
sparse_sem_sono;19.0;0.0;;0.7555999982357026;8;mnist_0_9;15808
sparse_sem_sono;19.0;0.0;;0.8320000016689301;9;mnist_0_9;15808
sparse_sem_sono;19.0;0.0;;0.824099999666214;10;mnist_0_9;15808
sparse_sem_sono;19.0;90.0;;0.6340999999642372;1;mnist_0_9;1709
sparse_sem_sono;19.0;90.0;;0.6584000009298324;2;mnist_0_9;1740
sparse_sem_sono;19.0;90.0;;0.7044000029563904;3;mnist_0_9;1754
sparse_sem_sono;19.0;90.0;;0.6788999980688095;4;mnist_0_9;1778
sparse_sem_sono;19.0;90.0;;0.7071000027656555;5;mnist_0_9;1771
sparse_sem_sono;19.0;90.0;;0.6996999990940094;6;mnist_0_9;1709
sparse_sem_sono;19.0;90.0;;0.6723000019788742;7;mnist_0_9;1755
sparse_sem_sono;19.0;90.0;;0.6805000007152557;8;mnist_0_9;1701
sparse_sem_sono;19.0;90.0;;0.695100000500679;13;mnist_0_9;1737
sparse_sem_sono;19.0;90.0;;0.6618999981880188;14;mnist_0_9;1717
sparse_sem_sono;19.0;90.0;;0.6357000008225441;15;mnist_0_9;1775
sparse_sem_sono;19.0;90.0;;0.675200001001358;16;mnist_0_9;1825
sparse_sem_sono;19.0;90.0;;0.6535000005364417;17;mnist_0_9;1670
sparse_sem_sono;19.0;90.0;;0.6609999987483025;18;mnist_0_9;1681
sparse_sem_sono;20.0;0.0;;0.8367999976873398;1;mnist_0_9;16680
sparse_sem_sono;20.0;0.0;;0.812199998497963;2;mnist_0_9;16680
sparse_sem_sono;20.0;0.0;;0.8496999996900558;3;mnist_0_9;16680
sparse_sem_sono;20.0;0.0;;0.8486999982595443;4;mnist_0_9;16680
sparse_sem_sono;20.0;0.0;;0.7675999999046326;5;mnist_0_9;16680
sparse_sem_sono;20.0;0.0;;0.808799996972084;6;mnist_0_9;16680
sparse_sem_sono;20.0;0.0;;0.7743000012636184;7;mnist_0_9;16680
sparse_sem_sono;20.0;0.0;;0.776700000166893;8;mnist_0_9;16680
sparse_sem_sono;20.0;0.0;;0.7671999984979629;9;mnist_0_9;16680
sparse_sem_sono;20.0;0.0;;0.7224000030755997;10;mnist_0_9;16680
sparse_sem_sono;20.0;90.0;;0.7071000027656555;1;mnist_0_9;1806
sparse_sem_sono;20.0;90.0;;0.7024000000953674;2;mnist_0_9;1838
sparse_sem_sono;20.0;90.0;;0.6795999997854233;3;mnist_0_9;1852
sparse_sem_sono;20.0;90.0;;0.6657000005245208;4;mnist_0_9;1860
sparse_sem_sono;20.0;90.0;;0.7157000005245209;5;mnist_0_9;1875
sparse_sem_sono;20.0;90.0;;0.6966999989748001;6;mnist_0_9;1809
sparse_sem_sono;20.0;90.0;;0.7252999991178513;7;mnist_0_9;1858
sparse_sem_sono;20.0;90.0;;0.6613999989628792;8;mnist_0_9;1792
sparse_sem_sono;20.0;90.0;;0.6268999990820885;13;mnist_0_9;1824
sparse_sem_sono;20.0;90.0;;0.6147000005841255;14;mnist_0_9;1812
sparse_sem_sono;20.0;90.0;;0.6943999999761581;15;mnist_0_9;1870
sparse_sem_sono;20.0;90.0;;0.6886999994516373;16;mnist_0_9;1903
sparse_sem_sono;20.0;90.0;;0.5774999964237213;17;mnist_0_9;1742
sparse_sem_sono;20.0;90.0;;0.7086000001430511;18;mnist_0_9;1789
sparse_sem_sono;21.0;0.0;;0.755200001001358;1;mnist_0_9;17556
sparse_sem_sono;21.0;0.0;;0.8323999977111817;2;mnist_0_9;17556
sparse_sem_sono;21.0;0.0;;0.8533999973535538;3;mnist_0_9;17556
sparse_sem_sono;21.0;0.0;;0.8123000007867813;4;mnist_0_9;17556
sparse_sem_sono;21.0;0.0;;0.833099997639656;5;mnist_0_9;17556
sparse_sem_sono;21.0;0.0;;0.8219999992847442;6;mnist_0_9;17556
sparse_sem_sono;21.0;0.0;;0.7182999980449677;7;mnist_0_9;17556
sparse_sem_sono;21.0;0.0;;0.8468999969959259;8;mnist_0_9;17556
sparse_sem_sono;21.0;0.0;;0.8200999981164933;9;mnist_0_9;17556
sparse_sem_sono;21.0;0.0;;0.6908999961614609;10;mnist_0_9;17556
sparse_sem_sono;21.0;0.0;;0.8299999988079071;11;mnist_0_9;17556
sparse_sem_sono;21.0;90.0;;0.742100003361702;1;mnist_0_9;1908
sparse_sem_sono;21.0;90.0;;0.7022000014781952;2;mnist_0_9;1939
sparse_sem_sono;21.0;90.0;;0.7166000044345856;3;mnist_0_9;1963
sparse_sem_sono;21.0;90.0;;0.7109999996423721;4;mnist_0_9;1957
sparse_sem_sono;21.0;90.0;;0.7070000022649765;5;mnist_0_9;1970
sparse_sem_sono;21.0;90.0;;0.685;6;mnist_0_9;1901
sparse_sem_sono;21.0;90.0;;0.7097000002861023;7;mnist_0_9;1964
sparse_sem_sono;21.0;90.0;;0.6897000008821488;8;mnist_0_9;1887
sparse_sem_sono;21.0;90.0;;0.7516000014543534;13;mnist_0_9;1929
sparse_sem_sono;21.0;90.0;;0.7167000001668931;14;mnist_0_9;1913
sparse_sem_sono;21.0;90.0;;0.6980000019073487;15;mnist_0_9;1962
sparse_sem_sono;21.0;90.0;;0.6878000003099441;16;mnist_0_9;2007
sparse_sem_sono;21.0;90.0;;0.6906000006198884;17;mnist_0_9;1836
sparse_sem_sono;21.0;90.0;;0.700799999833107;18;mnist_0_9;1881
sparse_sem_sono;22.0;0.0;;0.8493999981880188;1;mnist_0_9;18436
sparse_sem_sono;22.0;0.0;;0.8363999992609024;2;mnist_0_9;18436
sparse_sem_sono;22.0;0.0;;0.8120000028610229;3;mnist_0_9;18436
sparse_sem_sono;22.0;0.0;;0.7372999995946884;4;mnist_0_9;18436
sparse_sem_sono;22.0;0.0;;0.7578000015020371;5;mnist_0_9;18436
sparse_sem_sono;22.0;0.0;;0.7021000015735627;6;mnist_0_9;18436
sparse_sem_sono;22.0;0.0;;0.8552999997138977;7;mnist_0_9;18436
sparse_sem_sono;22.0;0.0;;0.794099999666214;8;mnist_0_9;18436
sparse_sem_sono;22.0;0.0;;0.7899000000953674;9;mnist_0_9;18436
sparse_sem_sono;22.0;0.0;;0.8609999972581863;10;mnist_0_9;18436
sparse_sem_sono;22.0;0.0;;0.7341000026464463;11;mnist_0_9;18436
sparse_sem_sono;22.0;90.0;;0.7194999992847443;1;mnist_0_9;2000
sparse_sem_sono;22.0;90.0;;0.7037000000476837;2;mnist_0_9;2048
sparse_sem_sono;22.0;90.0;;0.6223999977111816;3;mnist_0_9;2052
sparse_sem_sono;22.0;90.0;;0.7148000007867813;4;mnist_0_9;2059
sparse_sem_sono;22.0;90.0;;0.732399999499321;5;mnist_0_9;2070
sparse_sem_sono;22.0;90.0;;0.6846000000834465;6;mnist_0_9;1998
sparse_sem_sono;22.0;90.0;;0.7149999958276748;7;mnist_0_9;2045
sparse_sem_sono;22.0;90.0;;0.7281000006198883;8;mnist_0_9;1998
sparse_sem_sono;22.0;90.0;;0.722099996805191;13;mnist_0_9;2023
sparse_sem_sono;22.0;90.0;;0.7313999974727631;14;mnist_0_9;2003
sparse_sem_sono;22.0;90.0;;0.7244000005722045;15;mnist_0_9;2059
sparse_sem_sono;22.0;90.0;;0.7270999985933304;16;mnist_0_9;2090
sparse_sem_sono;22.0;90.0;;0.7129000020027161;17;mnist_0_9;1920
sparse_sem_sono;22.0;90.0;;0.6776000028848648;18;mnist_0_9;1971
sparse_sem_sono;30.0;0.0;;0.8701999992132187;3;mnist_0_9;25620
sparse_sem_sono;30.0;0.0;;0.855699998140335;4;mnist_0_9;25620
sparse_sem_sono;30.0;0.0;;0.8458999985456467;5;mnist_0_9;25620
sparse_sem_sono;30.0;0.0;;0.8862999981641769;7;mnist_0_9;25620
sparse_sem_sono;30.0;0.0;;0.8928000003099441;8;mnist_0_9;25620
sparse_sem_sono;30.0;0.0;;0.8057999974489212;9;mnist_0_9;25620
sparse_sem_sono;30.0;0.0;;0.8719999986886978;10;mnist_0_9;25620
sparse_sem_sono;30.0;0.0;;0.8534999990463257;11;mnist_0_9;25620
sparse_sem_sono;30.0;90.0;;0.7609999990463256;1;mnist_0_9;2792
sparse_sem_sono;30.0;90.0;;0.7753999996185302;2;mnist_0_9;2832
sparse_sem_sono;30.0;90.0;;0.7845999991893768;3;mnist_0_9;2874
sparse_sem_sono;30.0;90.0;;0.7757000011205674;4;mnist_0_9;2906
sparse_sem_sono;30.0;90.0;;0.7740000027418137;5;mnist_0_9;2881
sparse_sem_sono;30.0;90.0;;0.7835000002384186;6;mnist_0_9;2780
sparse_sem_sono;30.0;90.0;;0.7409000027179719;7;mnist_0_9;2845
sparse_sem_sono;30.0;90.0;;0.7812000006437302;8;mnist_0_9;2753
sparse_sem_sono;30.0;90.0;;0.7820999997854233;13;mnist_0_9;2799
sparse_sem_sono;30.0;90.0;;0.7638000011444092;14;mnist_0_9;2773
sparse_sem_sono;30.0;90.0;;0.7860999989509583;15;mnist_0_9;2828
sparse_sem_sono;30.0;90.0;;0.7566000026464462;16;mnist_0_9;2853
sparse_sem_sono;30.0;90.0;;0.7631000018119812;17;mnist_0_9;2696
sparse_sem_sono;30.0;90.0;;0.7518999975919723;18;mnist_0_9;2801
sparse_sem_sono;100.0;0.0;;0.9684000021219253;1;mnist_0_9;99400
sparse_sem_sono;100.0;0.0;;0.9712000042200089;2;mnist_0_9;99400
sparse_sem_sono;100.0;0.0;;0.9696000039577484;3;mnist_0_9;99400
sparse_sem_sono;100.0;0.0;;0.9712000048160553;4;mnist_0_9;99400
sparse_sem_sono;100.0;0.0;;0.9701000040769577;5;mnist_0_9;99400
sparse_sem_sono;100.0;0.0;;0.970000005364418;6;mnist_0_9;99400
sparse_sem_sono;100.0;0.0;;0.9676000046730041;7;mnist_0_9;99400
sparse_sem_sono;100.0;0.0;;0.9671000021696091;8;mnist_0_9;99400
sparse_sem_sono;100.0;0.0;;0.9703000056743621;9;mnist_0_9;99400
sparse_sem_sono;100.0;0.0;;0.9691000032424927;10;mnist_0_9;99400
sparse_sem_sono;100.0;0.0;;0.9676000034809112;11;mnist_0_9;99400
sparse_sem_sono;100.0;90.0;;0.9230000013113022;1;mnist_0_9;10894
sparse_sem_sono;100.0;90.0;;0.9235000044107438;2;mnist_0_9;10908
sparse_sem_sono;100.0;90.0;;0.9156000024080276;3;mnist_0_9;11022
sparse_sem_sono;100.0;90.0;;0.9228000038862229;4;mnist_0_9;11020
sparse_sem_sono;100.0;90.0;;0.920100000500679;5;mnist_0_9;10844
sparse_sem_sono;100.0;90.0;;0.9251000052690506;6;mnist_0_9;10760
sparse_sem_sono;100.0;90.0;;0.9216000020503998;7;mnist_0_9;10873
sparse_sem_sono;100.0;90.0;;0.926900001168251;8;mnist_0_9;10759
sparse_sem_sono;100.0;90.0;;0.9235999977588654;13;mnist_0_9;10768
sparse_sem_sono;100.0;90.0;;0.9192000025510788;14;mnist_0_9;10788
sparse_sem_sono;100.0;90.0;;0.9194000041484833;15;mnist_0_9;10675
sparse_sem_sono;100.0;90.0;;0.9262000030279159;16;mnist_0_9;10831
sparse_sem_sono;100.0;90.0;;0.9202000033855439;17;mnist_0_9;10733
sparse_sem_sono;100.0;90.0;;0.9228000032901764;18;mnist_0_9;10746
sparse_sem_sono;160.0;0.0;;0.9807000082731246;2;mnist_0_9;178240
sparse_sem_sono;160.0;0.0;;0.984300007224083;3;mnist_0_9;178240
sparse_sem_sono;160.0;0.0;;0.9818000072240829;4;mnist_0_9;178240
sparse_sem_sono;160.0;0.0;;0.9830000078678132;6;mnist_0_9;178240
sparse_sem_sono;160.0;0.0;;0.9796000069379807;7;mnist_0_9;178240
sparse_sem_sono;160.0;0.0;;0.9813000100851059;8;mnist_0_9;178240
sparse_sem_sono;170.0;0.0;;0.9819000071287155;2;mnist_0_9;192780
sparse_sem_sono;170.0;0.0;;0.9818000096082687;3;mnist_0_9;192780
sparse_sem_sono;170.0;0.0;;0.9807000088691712;4;mnist_0_9;192780
sparse_sem_sono;170.0;0.0;;0.9840000075101852;5;mnist_0_9;192780
sparse_sem_sono;170.0;0.0;;0.9818000084161759;6;mnist_0_9;192780
sparse_sem_sono;170.0;0.0;;0.9822000074386597;7;mnist_0_9;192780
sparse_sem_sono;170.0;0.0;;0.9822000068426132;8;mnist_0_9;192780
sparse_sem_sono;1000.0;0.0;;0.9881000083684921;1;mnist_0_9;2794000
sparse_sem_sono;1000.0;0.0;;0.9885000091791153;2;mnist_0_9;2794000
sparse_sem_sono;1000.0;0.0;;0.9874000090360642;3;mnist_0_9;2794000
sparse_sem_sono;1000.0;0.0;;0.9882000082731247;4;mnist_0_9;2794000
sparse_sem_sono;1000.0;0.0;;0.9874000084400177;5;mnist_0_9;2794000
sparse_sem_sono;1000.0;0.0;;0.988100009560585;6;mnist_0_9;2794000
sparse_sem_sono;1000.0;0.0;;0.9884000080823898;7;mnist_0_9;2794000
sparse_sem_sono;1000.0;0.0;;0.9885000085830689;8;mnist_0_9;2794000
sparse_sem_sono;1000.0;80.0;;0.9876000088453293;1;mnist_0_9;565963
sparse_sem_sono;1000.0;80.0;;0.9875000077486038;2;mnist_0_9;567483
sparse_sem_sono;1000.0;80.0;;0.987200009226799;3;mnist_0_9;568299
sparse_sem_sono;1000.0;80.0;;0.9868000084161759;4;mnist_0_9;567086
sparse_sem_sono;1000.0;80.0;;0.9867000073194504;5;mnist_0_9;566661
sparse_sem_sono;1000.0;80.0;;0.9868000096082687;6;mnist_0_9;566655
sparse_sem_sono;1000.0;80.0;;0.987200009226799;7;mnist_0_9;567074
sparse_sem_sono;1000.0;80.0;;0.9860000085830688;8;mnist_0_9;565637
sparse_sem_sono;1000.0;90.0;;0.983900009393692;1;mnist_0_9;288020
sparse_sem_sono;1000.0;90.0;;0.9833000057935715;2;mnist_0_9;290169
sparse_sem_sono;1000.0;90.0;;0.9836000090837479;3;mnist_0_9;288790
sparse_sem_sono;1000.0;90.0;;0.9836000084877015;4;mnist_0_9;289178
sparse_sem_sono;1000.0;90.0;;0.9837000077962875;5;mnist_0_9;288384
sparse_sem_sono;1000.0;90.0;;0.9858000075817108;7;mnist_0_9;288283
sparse_sem_sono;1000.0;90.0;;0.9851000082492828;8;mnist_0_9;287980
sparse_sem_sono;1000.0;90.0;;0.9823000067472458;13;mnist_0_9;288570
sparse_sem_sono;1000.0;90.0;;0.9836000090837479;14;mnist_0_9;287924
sparse_sem_sono;1000.0;90.0;;0.982400004863739;15;mnist_0_9;288649
sparse_sem_sono;1000.0;90.0;;0.983500007390976;16;mnist_0_9;287810
sparse_sem_sono;1000.0;90.0;;0.9828000056743622;17;mnist_0_9;287992
sparse_sem_sono;1000.0;90.0;;0.9852000087499618;18;mnist_0_9;288133
sparse_sem_sono;2000.0;0.0;;0.9869000107049942;1;mnist_0_9;9588000
sparse_sem_sono;2000.0;0.0;;0.9878000104427338;2;mnist_0_9;9588000
sparse_sem_sono;2000.0;0.0;;0.9880000096559525;3;mnist_0_9;9588000
sparse_sem_sono;2000.0;0.0;;0.9894000095129013;4;mnist_0_9;9588000
sparse_sem_sono;2000.0;0.0;;0.9881000077724457;5;mnist_0_9;9588000
sparse_sem_sono;2000.0;0.0;;0.9877000087499619;6;mnist_0_9;9588000
sparse_sem_sono;2000.0;0.0;;0.988400006890297;7;mnist_0_9;9588000
sparse_sem_sono;2000.0;0.0;;0.9884000086784362;8;mnist_0_9;9588000
sparse_sem_sono;2000.0;90.0;;0.9859000080823899;1;mnist_0_9;977048
sparse_sem_sono;2000.0;90.0;;0.9846000063419342;2;mnist_0_9;978364
sparse_sem_sono;2000.0;90.0;;0.9852000069618225;3;mnist_0_9;977507
sparse_sem_sono;2000.0;90.0;;0.9860000061988831;4;mnist_0_9;976384
sparse_sem_sono;2000.0;90.0;;0.9846000063419342;5;mnist_0_9;976140
sparse_sem_sono;2000.0;90.0;;0.985500009059906;6;mnist_0_9;978089
sparse_sem_sono;2000.0;90.0;;0.9838000065088273;7;mnist_0_9;977918
sparse_sem_sono;2000.0;90.0;;0.9849000066518784;13;mnist_0_9;977089
sparse_sem_sono;2000.0;90.0;;0.9856000053882599;14;mnist_0_9;975966
sparse_sem_sono;2000.0;90.0;;0.986200007200241;15;mnist_0_9;976019
sparse_sem_sono;2000.0;90.0;;0.9845000076293945;16;mnist_0_9;976412
sparse_sem_sono;2000.0;90.0;;0.9859000062942505;17;mnist_0_9;976665
sparse_sem_sono;2000.0;90.0;;0.9863000071048736;18;mnist_0_9;976761
sparse_sem_sono;3000.0;0.0;;0.9872000074386597;2;mnist_0_9;20382000
sparse_sem_sono;3000.0;0.0;;0.9884000086784362;3;mnist_0_9;20382000
sparse_sem_sono;3000.0;0.0;;0.9886000096797943;4;mnist_0_9;20382000
sparse_sem_sono;3000.0;0.0;;0.9885000097751617;5;mnist_0_9;20382000
sparse_sem_sono;3000.0;0.0;;0.9890000069141388;6;mnist_0_9;20382000
sparse_sem_sono;3000.0;90.0;;0.9860000073909759;1;mnist_0_9;2065814
sparse_sem_sono;3000.0;90.0;;0.9859000074863434;5;mnist_0_9;2066338
sparse_sem_sono;3000.0;90.0;;0.984800009727478;14;mnist_0_9;2062568
sparse_sem_sono;3000.0;90.0;;0.9850000071525574;15;mnist_0_9;2064499
sparse_sem_sono;3000.0;90.0;;0.9847000062465667;16;mnist_0_9;2066381
sparse_sem_sono;3000.0;90.0;;0.9845000070333481;17;mnist_0_9;2064473
sparse_sem_sono;3000.0;90.0;;0.9848000079393386;18;mnist_0_9;2065046
