experimento;alpha;epsilon;esparso;acuracia;seed;dataset;peso
sparse_sem_sono;1.0;0.0;;0.14609999991953374;1;mnist_roupas;796
sparse_sem_sono;1.0;0.0;;0.24039999946951865;2;mnist_roupas;796
sparse_sem_sono;1.0;0.0;;0.23260000005364417;3;mnist_roupas;796
sparse_sem_sono;1.0;0.0;;0.2282000006735325;4;mnist_roupas;796
sparse_sem_sono;1.0;0.0;;0.27470000013709067;5;mnist_roupas;796
sparse_sem_sono;1.0;0.0;;0.18140000090003014;6;mnist_roupas;796
sparse_sem_sono;1.0;0.0;;0.23310000009834766;7;mnist_roupas;796
sparse_sem_sono;1.0;0.0;;0.2031999995931983;8;mnist_roupas;796
sparse_sem_sono;1.0;0.0;;0.22090000048279762;9;mnist_roupas;796
sparse_sem_sono;1.0;0.0;;0.29200000181794167;10;mnist_roupas;796
sparse_sem_sono;1.0;0.0;;0.241700000166893;11;mnist_roupas;796
sparse_sem_sono;1.0;0.0;;0.2799000000953674;12;mnist_roupas;796
sparse_sem_sono;1.0;0.0;;0.22680000007152556;13;mnist_roupas;796
sparse_sem_sono;1.0;0.0;;0.25580000087618826;14;mnist_roupas;796
sparse_sem_sono;1.0;0.0;;0.21449999898672104;15;mnist_roupas;796
sparse_sem_sono;1.0;0.0;;0.24949999988079072;16;mnist_roupas;796
sparse_sem_sono;1.0;0.0;;0.2740000009536743;17;mnist_roupas;796
sparse_sem_sono;1.0;0.0;;0.2789000006020069;19;mnist_roupas;796
sparse_sem_sono;1.0;20.0;;0.14300000090152026;1;mnist_roupas;635
sparse_sem_sono;1.0;20.0;;0.24270000085234641;2;mnist_roupas;648
sparse_sem_sono;1.0;50.0;;0.09999999970197677;2;mnist_roupas;385
sparse_sem_sono;1.0;50.0;;0.09999999970197677;3;mnist_roupas;407
sparse_sem_sono;1.0;80.0;;0.09999999986961484;1;mnist_roupas;170
sparse_sem_sono;1.0;80.0;;0.09999999970197677;2;mnist_roupas;168
sparse_sem_sono;1.0;80.0;;0.09999999970197677;3;mnist_roupas;147
sparse_sem_sono;1.0;80.0;;0.10000000050291419;4;mnist_roupas;169
sparse_sem_sono;1.0;80.0;;0.09999999970197677;5;mnist_roupas;164
sparse_sem_sono;1.0;80.0;;0.09999999970197677;6;mnist_roupas;177
sparse_sem_sono;1.0;80.0;;0.09999999970197677;7;mnist_roupas;173
sparse_sem_sono;1.0;80.0;;0.0999999999627471;8;mnist_roupas;150
sparse_sem_sono;1.0;80.0;;0.10000000050291419;10;mnist_roupas;168
sparse_sem_sono;1.0;80.0;;0.10000000050291419;11;mnist_roupas;177
sparse_sem_sono;1.0;80.0;;0.09999999994412065;12;mnist_roupas;179
sparse_sem_sono;1.0;80.0;;0.09999999970197677;13;mnist_roupas;163
sparse_sem_sono;1.0;80.0;;0.09999999970197677;14;mnist_roupas;164
sparse_sem_sono;1.0;80.0;;0.09999999986961484;15;mnist_roupas;159
sparse_sem_sono;1.0;80.0;;0.09999999988824129;16;mnist_roupas;164
sparse_sem_sono;1.0;80.0;;0.10000000050291419;17;mnist_roupas;166
sparse_sem_sono;1.0;80.0;;0.09999999970197677;18;mnist_roupas;170
sparse_sem_sono;1.0;80.0;;0.09999999986961484;19;mnist_roupas;152
sparse_sem_sono;2.0;0.0;;0.44059999644756315;1;mnist_roupas;1596
sparse_sem_sono;2.0;0.0;;0.48849999755620954;2;mnist_roupas;1596
sparse_sem_sono;2.0;0.0;;0.3399000009894371;3;mnist_roupas;1596
sparse_sem_sono;2.0;0.0;;0.20180000022053718;4;mnist_roupas;1596
sparse_sem_sono;2.0;0.0;;0.4375999969244003;5;mnist_roupas;1596
sparse_sem_sono;2.0;0.0;;0.2896000011265278;6;mnist_roupas;1596
sparse_sem_sono;2.0;0.0;;0.46889999747276306;7;mnist_roupas;1596
sparse_sem_sono;2.0;0.0;;0.4871999964118004;8;mnist_roupas;1596
sparse_sem_sono;2.0;0.0;;0.3677999991178513;9;mnist_roupas;1596
sparse_sem_sono;2.0;0.0;;0.1915000006556511;10;mnist_roupas;1596
sparse_sem_sono;2.0;0.0;;0.3881999999284744;11;mnist_roupas;1596
sparse_sem_sono;2.0;0.0;;0.3463000002503395;12;mnist_roupas;1596
sparse_sem_sono;2.0;0.0;;0.3299000011384487;13;mnist_roupas;1596
sparse_sem_sono;2.0;0.0;;0.23490000039339065;14;mnist_roupas;1596
sparse_sem_sono;2.0;0.0;;0.3731000009179115;15;mnist_roupas;1596
sparse_sem_sono;2.0;0.0;;0.20780000053346157;16;mnist_roupas;1596
sparse_sem_sono;2.0;0.0;;0.39039999902248385;17;mnist_roupas;1596
sparse_sem_sono;2.0;0.0;;0.18399999968707562;19;mnist_roupas;1596
sparse_sem_sono;2.0;20.0;;0.32960000112652776;2;mnist_roupas;1264
sparse_sem_sono;2.0;20.0;;0.3356000021100044;3;mnist_roupas;1299
sparse_sem_sono;2.0;20.0;;0.2556000004708767;4;mnist_roupas;1271
sparse_sem_sono;2.0;50.0;;0.2264000003039837;4;mnist_roupas;824
sparse_sem_sono;2.0;80.0;;0.09999999986961484;1;mnist_roupas;348
sparse_sem_sono;2.0;80.0;;0.09999999970197677;2;mnist_roupas;334
sparse_sem_sono;2.0;80.0;;0.09999999970197677;3;mnist_roupas;327
sparse_sem_sono;2.0;80.0;;0.10000000050291419;4;mnist_roupas;341
sparse_sem_sono;2.0;80.0;;0.09999999970197677;5;mnist_roupas;332
sparse_sem_sono;2.0;80.0;;0.09999999970197677;6;mnist_roupas;362
sparse_sem_sono;2.0;80.0;;0.09999999970197677;7;mnist_roupas;338
sparse_sem_sono;2.0;80.0;;0.09999999947845936;8;mnist_roupas;315
sparse_sem_sono;2.0;80.0;;0.10000000050291419;10;mnist_roupas;345
sparse_sem_sono;2.0;80.0;;0.10000000050291419;11;mnist_roupas;345
sparse_sem_sono;2.0;80.0;;0.09999999994412065;12;mnist_roupas;359
sparse_sem_sono;2.0;80.0;;0.09999999947845936;13;mnist_roupas;328
sparse_sem_sono;2.0;80.0;;0.09999999970197677;14;mnist_roupas;335
sparse_sem_sono;2.0;80.0;;0.09999999986961484;16;mnist_roupas;322
sparse_sem_sono;2.0;80.0;;0.10000000050291419;17;mnist_roupas;296
sparse_sem_sono;2.0;80.0;;0.09999999970197677;18;mnist_roupas;323
sparse_sem_sono;2.0;80.0;;0.29319999992847445;19;mnist_roupas;323
sparse_sem_sono;3.0;0.0;;0.4549999961256981;1;mnist_roupas;2400
sparse_sem_sono;3.0;0.0;;0.5086999976634979;2;mnist_roupas;2400
sparse_sem_sono;3.0;0.0;;0.338300002515316;3;mnist_roupas;2400
sparse_sem_sono;3.0;0.0;;0.2756000021100044;4;mnist_roupas;2400
sparse_sem_sono;3.0;0.0;;0.4858999964594841;5;mnist_roupas;2400
sparse_sem_sono;3.0;0.0;;0.34350000232458117;6;mnist_roupas;2400
sparse_sem_sono;3.0;0.0;;0.429899999499321;7;mnist_roupas;2400
sparse_sem_sono;3.0;0.0;;0.47249999672174453;8;mnist_roupas;2400
sparse_sem_sono;3.0;0.0;;0.3178000009059906;9;mnist_roupas;2400
sparse_sem_sono;3.0;0.0;;0.42799999833106994;10;mnist_roupas;2400
sparse_sem_sono;3.0;0.0;;0.27600000098347666;11;mnist_roupas;2400
sparse_sem_sono;3.0;0.0;;0.5257999986410141;12;mnist_roupas;2400
sparse_sem_sono;3.0;0.0;;0.4710999983549118;13;mnist_roupas;2400
sparse_sem_sono;3.0;0.0;;0.4507999983429909;14;mnist_roupas;2400
sparse_sem_sono;3.0;0.0;;0.41709999918937685;15;mnist_roupas;2400
sparse_sem_sono;3.0;0.0;;0.30680000022053716;16;mnist_roupas;2400
sparse_sem_sono;3.0;0.0;;0.48669999599456787;18;mnist_roupas;2400
sparse_sem_sono;3.0;0.0;;0.4491999983787537;19;mnist_roupas;2400
sparse_sem_sono;3.0;20.0;;0.4824999958276749;1;mnist_roupas;1942
sparse_sem_sono;3.0;20.0;;0.25820000007748606;2;mnist_roupas;1897
sparse_sem_sono;3.0;20.0;;0.5082999947667122;3;mnist_roupas;1943
sparse_sem_sono;3.0;50.0;;0.5064999958872796;2;mnist_roupas;1163
sparse_sem_sono;3.0;50.0;;0.4318999996781349;3;mnist_roupas;1214
sparse_sem_sono;3.0;50.0;;0.3391000027954578;4;mnist_roupas;1242
sparse_sem_sono;3.0;80.0;;0.09999999986961484;1;mnist_roupas;522
sparse_sem_sono;3.0;80.0;;0.09999999970197677;2;mnist_roupas;496
sparse_sem_sono;3.0;80.0;;0.3388000012934208;3;mnist_roupas;489
sparse_sem_sono;3.0;80.0;;0.349200000166893;4;mnist_roupas;521
sparse_sem_sono;3.0;80.0;;0.22809999957680702;5;mnist_roupas;503
sparse_sem_sono;3.0;80.0;;0.38300000071525575;6;mnist_roupas;521
sparse_sem_sono;3.0;80.0;;0.3865999999642372;7;mnist_roupas;499
sparse_sem_sono;3.0;80.0;;0.09999999947845936;8;mnist_roupas;463
sparse_sem_sono;3.0;80.0;;0.3421000023186207;9;mnist_roupas;495
sparse_sem_sono;3.0;80.0;;0.09999999970197677;10;mnist_roupas;505
sparse_sem_sono;3.0;80.0;;0.10000000050291419;11;mnist_roupas;513
sparse_sem_sono;3.0;80.0;;0.3444000002741814;12;mnist_roupas;518
sparse_sem_sono;3.0;80.0;;0.4626999968290329;13;mnist_roupas;494
sparse_sem_sono;3.0;80.0;;0.09999999970197677;14;mnist_roupas;501
sparse_sem_sono;3.0;80.0;;0.49569999873638154;15;mnist_roupas;520
sparse_sem_sono;3.0;80.0;;0.41699999779462815;16;mnist_roupas;497
sparse_sem_sono;3.0;80.0;;0.3136000011861324;17;mnist_roupas;464
sparse_sem_sono;3.0;80.0;;0.2933000013232231;18;mnist_roupas;471
sparse_sem_sono;3.0;80.0;;0.35110000178217887;19;mnist_roupas;483
sparse_sem_sono;4.0;0.0;;0.44049999713897703;1;mnist_roupas;3208
sparse_sem_sono;4.0;0.0;;0.5074999979138375;2;mnist_roupas;3208
sparse_sem_sono;4.0;0.0;;0.49469999700784684;3;mnist_roupas;3208
sparse_sem_sono;4.0;0.0;;0.4666999977827072;4;mnist_roupas;3208
sparse_sem_sono;4.0;0.0;;0.5796999970078468;5;mnist_roupas;3208
sparse_sem_sono;4.0;0.0;;0.40269999831914904;6;mnist_roupas;3208
sparse_sem_sono;4.0;0.0;;0.54809999614954;7;mnist_roupas;3208
sparse_sem_sono;4.0;0.0;;0.5025999972224235;8;mnist_roupas;3208
sparse_sem_sono;4.0;0.0;;0.48799999862909316;9;mnist_roupas;3208
sparse_sem_sono;4.0;0.0;;0.49349999487400054;11;mnist_roupas;3208
sparse_sem_sono;4.0;0.0;;0.49769999414682387;12;mnist_roupas;3208
sparse_sem_sono;4.0;0.0;;0.3333999994397163;13;mnist_roupas;3208
sparse_sem_sono;4.0;0.0;;0.5054999953508377;14;mnist_roupas;3208
sparse_sem_sono;4.0;0.0;;0.467399999499321;15;mnist_roupas;3208
sparse_sem_sono;4.0;0.0;;0.47119999915361405;16;mnist_roupas;3208
sparse_sem_sono;4.0;0.0;;0.49109999746084215;17;mnist_roupas;3208
sparse_sem_sono;4.0;0.0;;0.4913999950885773;19;mnist_roupas;3208
sparse_sem_sono;4.0;20.0;;0.4715999981760979;1;mnist_roupas;2578
sparse_sem_sono;4.0;20.0;;0.5190999975800514;3;mnist_roupas;2581
sparse_sem_sono;4.0;50.0;;0.47099999606609344;2;mnist_roupas;1582
sparse_sem_sono;4.0;50.0;;0.43759999841451647;3;mnist_roupas;1621
sparse_sem_sono;4.0;50.0;;0.3981999972462654;4;mnist_roupas;1661
sparse_sem_sono;4.0;80.0;;0.34150000035762784;1;mnist_roupas;680
sparse_sem_sono;4.0;80.0;;0.2768000005185604;2;mnist_roupas;671
sparse_sem_sono;4.0;80.0;;0.48779999792575834;3;mnist_roupas;663
sparse_sem_sono;4.0;80.0;;0.44749999672174456;4;mnist_roupas;699
sparse_sem_sono;4.0;80.0;;0.3654000011086464;5;mnist_roupas;656
sparse_sem_sono;4.0;80.0;;0.488999999165535;6;mnist_roupas;716
sparse_sem_sono;4.0;80.0;;0.09999999983236194;7;mnist_roupas;663
sparse_sem_sono;4.0;80.0;;0.31600000232458114;8;mnist_roupas;619
sparse_sem_sono;4.0;80.0;;0.2011999998986721;10;mnist_roupas;670
sparse_sem_sono;4.0;80.0;;0.367900001257658;11;mnist_roupas;674
sparse_sem_sono;4.0;80.0;;0.09999999994412065;12;mnist_roupas;668
sparse_sem_sono;4.0;80.0;;0.4830999964475632;13;mnist_roupas;680
sparse_sem_sono;4.0;80.0;;0.29550000086426736;14;mnist_roupas;675
sparse_sem_sono;4.0;80.0;;0.546899995803833;15;mnist_roupas;681
sparse_sem_sono;4.0;80.0;;0.5034999948740005;16;mnist_roupas;683
sparse_sem_sono;4.0;80.0;;0.31270000249147417;17;mnist_roupas;635
sparse_sem_sono;4.0;80.0;;0.31660000041127206;18;mnist_roupas;636
sparse_sem_sono;4.0;80.0;;0.3115000006556511;19;mnist_roupas;633
sparse_sem_sono;5.0;0.0;;0.4492999973893166;1;mnist_roupas;4020
sparse_sem_sono;5.0;0.0;;0.5051999959349632;2;mnist_roupas;4020
sparse_sem_sono;5.0;0.0;;0.5725999996066093;3;mnist_roupas;4020
sparse_sem_sono;5.0;0.0;;0.513799998164177;4;mnist_roupas;4020
sparse_sem_sono;5.0;0.0;;0.5259999948740005;5;mnist_roupas;4020
sparse_sem_sono;5.0;0.0;;0.4711999961733818;6;mnist_roupas;4020
sparse_sem_sono;5.0;0.0;;0.48379999697208403;7;mnist_roupas;4020
sparse_sem_sono;5.0;0.0;;0.47369999647140504;8;mnist_roupas;4020
sparse_sem_sono;5.0;0.0;;0.5926000002026558;9;mnist_roupas;4020
sparse_sem_sono;5.0;0.0;;0.47739999562501906;10;mnist_roupas;4020
sparse_sem_sono;5.0;0.0;;0.5229999941587448;11;mnist_roupas;4020
sparse_sem_sono;5.0;0.0;;0.4805999970436096;12;mnist_roupas;4020
sparse_sem_sono;5.0;0.0;;0.5898000007867813;13;mnist_roupas;4020
sparse_sem_sono;5.0;0.0;;0.48129999697208403;14;mnist_roupas;4020
sparse_sem_sono;5.0;0.0;;0.49919999569654466;15;mnist_roupas;4020
sparse_sem_sono;5.0;0.0;;0.4932999974489212;16;mnist_roupas;4020
sparse_sem_sono;5.0;0.0;;0.524299995303154;17;mnist_roupas;4020
sparse_sem_sono;5.0;0.0;;0.5202999985218049;18;mnist_roupas;4020
sparse_sem_sono;5.0;0.0;;0.5299999949336052;19;mnist_roupas;4020
sparse_sem_sono;5.0;20.0;;0.48049999594688414;1;mnist_roupas;3238
sparse_sem_sono;5.0;20.0;;0.5641999980807304;2;mnist_roupas;3232
sparse_sem_sono;5.0;20.0;;0.46239999800920484;3;mnist_roupas;3241
sparse_sem_sono;5.0;50.0;;0.44149999707937243;3;mnist_roupas;2026
sparse_sem_sono;5.0;50.0;;0.46499999731779096;4;mnist_roupas;2060
sparse_sem_sono;5.0;80.0;;0.5659999987483024;1;mnist_roupas;847
sparse_sem_sono;5.0;80.0;;0.28299999967217443;2;mnist_roupas;839
sparse_sem_sono;5.0;80.0;;0.5347999942302704;3;mnist_roupas;833
sparse_sem_sono;5.0;80.0;;0.35529999986290933;4;mnist_roupas;867
sparse_sem_sono;5.0;80.0;;0.09999999986961484;5;mnist_roupas;824
sparse_sem_sono;5.0;80.0;;0.5151999965310097;6;mnist_roupas;882
sparse_sem_sono;5.0;80.0;;0.19969999961555004;7;mnist_roupas;827
sparse_sem_sono;5.0;80.0;;0.418099998831749;8;mnist_roupas;788
sparse_sem_sono;5.0;80.0;;0.525599998831749;10;mnist_roupas;838
sparse_sem_sono;5.0;80.0;;0.10000000050291419;11;mnist_roupas;856
sparse_sem_sono;5.0;80.0;;0.3121000011265278;12;mnist_roupas;829
sparse_sem_sono;5.0;80.0;;0.4953999936580658;13;mnist_roupas;852
sparse_sem_sono;5.0;80.0;;0.09999999970197677;14;mnist_roupas;847
sparse_sem_sono;5.0;80.0;;0.465399996638298;15;mnist_roupas;849
sparse_sem_sono;5.0;80.0;;0.09999999986961484;16;mnist_roupas;842
sparse_sem_sono;5.0;80.0;;0.2897000004351139;17;mnist_roupas;801
sparse_sem_sono;5.0;80.0;;0.5347999957203865;18;mnist_roupas;795
sparse_sem_sono;5.0;80.0;;0.44459999769926073;19;mnist_roupas;819
sparse_sem_sono;6.0;0.0;;0.5029999980330467;1;mnist_roupas;4836
sparse_sem_sono;6.0;0.0;;0.6125999969244004;2;mnist_roupas;4836
sparse_sem_sono;6.0;0.0;;0.5600999963283538;3;mnist_roupas;4836
sparse_sem_sono;6.0;0.0;;0.5076999965310097;4;mnist_roupas;4836
sparse_sem_sono;6.0;0.0;;0.5220999953150749;5;mnist_roupas;4836
sparse_sem_sono;6.0;0.0;;0.5814000004529953;6;mnist_roupas;4836
sparse_sem_sono;6.0;0.0;;0.5344999977946281;7;mnist_roupas;4836
sparse_sem_sono;6.0;0.0;;0.6049999994039535;8;mnist_roupas;4836
sparse_sem_sono;6.0;0.0;;0.5533000010251999;9;mnist_roupas;4836
sparse_sem_sono;6.0;0.0;;0.49659999668598176;10;mnist_roupas;4836
sparse_sem_sono;6.0;0.0;;0.5767999985814094;11;mnist_roupas;4836
sparse_sem_sono;6.0;0.0;;0.5677000001072884;12;mnist_roupas;4836
sparse_sem_sono;6.0;0.0;;0.5387999948859215;13;mnist_roupas;4836
sparse_sem_sono;6.0;0.0;;0.5375999975204467;14;mnist_roupas;4836
sparse_sem_sono;6.0;0.0;;0.5811999982595444;15;mnist_roupas;4836
sparse_sem_sono;6.0;0.0;;0.5156999972462654;16;mnist_roupas;4836
sparse_sem_sono;6.0;0.0;;0.4612999975681305;17;mnist_roupas;4836
sparse_sem_sono;6.0;20.0;;0.5483999979496003;1;mnist_roupas;3892
sparse_sem_sono;6.0;20.0;;0.593800000846386;2;mnist_roupas;3883
sparse_sem_sono;6.0;20.0;;0.6242999994754791;3;mnist_roupas;3893
sparse_sem_sono;6.0;50.0;;0.48949999719858167;1;mnist_roupas;2456
sparse_sem_sono;6.0;50.0;;0.5495999974012374;3;mnist_roupas;2448
sparse_sem_sono;6.0;50.0;;0.5030999955534935;4;mnist_roupas;2468
sparse_sem_sono;6.0;80.0;;0.09999999994412065;1;mnist_roupas;1008
sparse_sem_sono;6.0;80.0;;0.5225999960303307;2;mnist_roupas;989
sparse_sem_sono;6.0;80.0;;0.5838999956846237;3;mnist_roupas;1018
sparse_sem_sono;6.0;80.0;;0.33990000039339063;4;mnist_roupas;1034
sparse_sem_sono;6.0;80.0;;0.4208999979496002;5;mnist_roupas;995
sparse_sem_sono;6.0;80.0;;0.5122999957203865;6;mnist_roupas;1084
sparse_sem_sono;6.0;80.0;;0.5743999978899956;7;mnist_roupas;1002
sparse_sem_sono;6.0;80.0;;0.5395999932289124;8;mnist_roupas;976
sparse_sem_sono;6.0;80.0;;0.45529999732971194;10;mnist_roupas;986
sparse_sem_sono;6.0;80.0;;0.6292999994754791;11;mnist_roupas;1031
sparse_sem_sono;6.0;80.0;;0.5236999952793121;12;mnist_roupas;1015
sparse_sem_sono;6.0;80.0;;0.09999999990686774;13;mnist_roupas;1025
sparse_sem_sono;6.0;80.0;;0.42309999763965606;14;mnist_roupas;1031
sparse_sem_sono;6.0;80.0;;0.29859999984502794;15;mnist_roupas;1013
sparse_sem_sono;6.0;80.0;;0.4575999981164932;16;mnist_roupas;1008
sparse_sem_sono;6.0;80.0;;0.5109999972581863;17;mnist_roupas;961
sparse_sem_sono;6.0;80.0;;0.40249999791383745;18;mnist_roupas;960
sparse_sem_sono;7.0;0.0;;0.3647000017762184;1;mnist_roupas;5656
sparse_sem_sono;7.0;0.0;;0.5736999970674515;2;mnist_roupas;5656
sparse_sem_sono;7.0;0.0;;0.5625999969244003;3;mnist_roupas;5656
sparse_sem_sono;7.0;0.0;;0.5438999983668328;4;mnist_roupas;5656
sparse_sem_sono;7.0;0.0;;0.582699996829033;5;mnist_roupas;5656
sparse_sem_sono;7.0;0.0;;0.561999998986721;6;mnist_roupas;5656
sparse_sem_sono;7.0;0.0;;0.5838999965786934;7;mnist_roupas;5656
sparse_sem_sono;7.0;0.0;;0.4897999954223633;8;mnist_roupas;5656
sparse_sem_sono;7.0;0.0;;0.6165999954938889;9;mnist_roupas;5656
sparse_sem_sono;7.0;0.0;;0.5000999975204468;10;mnist_roupas;5656
sparse_sem_sono;7.0;0.0;;0.4953999975323677;11;mnist_roupas;5656
sparse_sem_sono;7.0;0.0;;0.6323999971151352;12;mnist_roupas;5656
sparse_sem_sono;7.0;0.0;;0.6091999956965446;13;mnist_roupas;5656
sparse_sem_sono;7.0;0.0;;0.536699997484684;14;mnist_roupas;5656
sparse_sem_sono;7.0;0.0;;0.5491999959945679;15;mnist_roupas;5656
sparse_sem_sono;7.0;0.0;;0.5411999961733818;16;mnist_roupas;5656
sparse_sem_sono;7.0;0.0;;0.6101999992132187;17;mnist_roupas;5656
sparse_sem_sono;7.0;0.0;;0.4627999982237816;19;mnist_roupas;5656
sparse_sem_sono;7.0;20.0;;0.5190999945998191;1;mnist_roupas;4561
sparse_sem_sono;7.0;20.0;;0.5970999944210053;2;mnist_roupas;4529
sparse_sem_sono;7.0;20.0;;0.6233000022172928;3;mnist_roupas;4534
sparse_sem_sono;7.0;20.0;;0.6025999981164932;4;mnist_roupas;4504
sparse_sem_sono;7.0;50.0;;0.5890999978780747;1;mnist_roupas;2896
sparse_sem_sono;7.0;50.0;;0.5854000005126;3;mnist_roupas;2826
sparse_sem_sono;7.0;50.0;;0.66700000166893;4;mnist_roupas;2879
sparse_sem_sono;7.0;80.0;;0.5699999985098839;1;mnist_roupas;1179
sparse_sem_sono;7.0;80.0;;0.5924999991059303;2;mnist_roupas;1159
sparse_sem_sono;7.0;80.0;;0.4938999968767166;3;mnist_roupas;1167
sparse_sem_sono;7.0;80.0;;0.3956999987363815;4;mnist_roupas;1207
sparse_sem_sono;7.0;80.0;;0.09999999994412065;5;mnist_roupas;1184
sparse_sem_sono;7.0;80.0;;0.5117999970912933;6;mnist_roupas;1266
sparse_sem_sono;7.0;80.0;;0.6167000007629394;7;mnist_roupas;1179
sparse_sem_sono;7.0;80.0;;0.6049000033736229;8;mnist_roupas;1130
sparse_sem_sono;7.0;80.0;;0.5323999974131585;9;mnist_roupas;1166
sparse_sem_sono;7.0;80.0;;0.4794999971985817;10;mnist_roupas;1157
sparse_sem_sono;7.0;80.0;;0.5085999956727028;11;mnist_roupas;1201
sparse_sem_sono;7.0;80.0;;0.5718999975919723;12;mnist_roupas;1189
sparse_sem_sono;7.0;80.0;;0.5235999971628189;13;mnist_roupas;1197
sparse_sem_sono;7.0;80.0;;0.4479999962449074;14;mnist_roupas;1210
sparse_sem_sono;7.0;80.0;;0.5971999967098236;15;mnist_roupas;1170
sparse_sem_sono;7.0;80.0;;0.45549999713897704;16;mnist_roupas;1189
sparse_sem_sono;7.0;80.0;;0.5480999952554703;17;mnist_roupas;1141
sparse_sem_sono;7.0;80.0;;0.5674999979138374;18;mnist_roupas;1130
sparse_sem_sono;7.0;80.0;;0.6248000001907349;19;mnist_roupas;1169
sparse_sem_sono;8.0;0.0;;0.6193999987840653;1;mnist_roupas;6480
sparse_sem_sono;8.0;0.0;;0.6324999976158142;2;mnist_roupas;6480
sparse_sem_sono;8.0;0.0;;0.5540999978780746;3;mnist_roupas;6480
sparse_sem_sono;8.0;0.0;;0.616499999165535;4;mnist_roupas;6480
sparse_sem_sono;8.0;0.0;;0.5822000002861023;5;mnist_roupas;6480
sparse_sem_sono;8.0;0.0;;0.5933999988436699;6;mnist_roupas;6480
sparse_sem_sono;8.0;0.0;;0.5713000002503396;7;mnist_roupas;6480
sparse_sem_sono;8.0;0.0;;0.5508000007271767;8;mnist_roupas;6480
sparse_sem_sono;8.0;0.0;;0.5349999955296516;9;mnist_roupas;6480
sparse_sem_sono;8.0;0.0;;0.5357999950647354;11;mnist_roupas;6480
sparse_sem_sono;8.0;0.0;;0.6174999997019768;12;mnist_roupas;6480
sparse_sem_sono;8.0;0.0;;0.5673999992012978;13;mnist_roupas;6480
sparse_sem_sono;8.0;0.0;;0.5936999979615212;14;mnist_roupas;6480
sparse_sem_sono;8.0;0.0;;0.524300000667572;15;mnist_roupas;6480
sparse_sem_sono;8.0;0.0;;0.6051999986171722;18;mnist_roupas;6480
sparse_sem_sono;8.0;0.0;;0.591199997663498;19;mnist_roupas;6480
sparse_sem_sono;8.0;50.0;;0.7156000012159347;1;mnist_roupas;3341
sparse_sem_sono;8.0;80.0;;0.5662999960780144;1;mnist_roupas;1346
sparse_sem_sono;8.0;80.0;;0.37939999997615814;2;mnist_roupas;1336
sparse_sem_sono;8.0;80.0;;0.3829000011086464;3;mnist_roupas;1335
sparse_sem_sono;8.0;80.0;;0.4953999978303909;4;mnist_roupas;1382
sparse_sem_sono;8.0;80.0;;0.4670999974012375;5;mnist_roupas;1361
sparse_sem_sono;8.0;80.0;;0.6205000019073487;6;mnist_roupas;1435
sparse_sem_sono;8.0;80.0;;0.5629999980330467;7;mnist_roupas;1369
sparse_sem_sono;8.0;80.0;;0.656600005030632;8;mnist_roupas;1281
sparse_sem_sono;8.0;80.0;;0.46589999705553053;11;mnist_roupas;1371
sparse_sem_sono;8.0;80.0;;0.6592000019550324;12;mnist_roupas;1350
sparse_sem_sono;8.0;80.0;;0.6528999990224839;13;mnist_roupas;1396
sparse_sem_sono;8.0;80.0;;0.5996999996900558;14;mnist_roupas;1392
sparse_sem_sono;8.0;80.0;;0.6242999988794327;16;mnist_roupas;1361
sparse_sem_sono;8.0;80.0;;0.6300999993085861;18;mnist_roupas;1307
sparse_sem_sono;8.0;80.0;;0.51759999781847;19;mnist_roupas;1346
sparse_sem_sono;9.0;0.0;;0.6405000001192093;1;mnist_roupas;7308
sparse_sem_sono;9.0;0.0;;0.6587000042200089;2;mnist_roupas;7308
sparse_sem_sono;9.0;0.0;;0.5995999974012375;3;mnist_roupas;7308
sparse_sem_sono;9.0;0.0;;0.533099998831749;4;mnist_roupas;7308
sparse_sem_sono;9.0;0.0;;0.6766999989748002;5;mnist_roupas;7308
sparse_sem_sono;9.0;0.0;;0.6207000005245209;6;mnist_roupas;7308
sparse_sem_sono;9.0;0.0;;0.598799998164177;7;mnist_roupas;7308
sparse_sem_sono;9.0;0.0;;0.6054000017046929;8;mnist_roupas;7308
sparse_sem_sono;9.0;0.0;;0.5620999965071678;9;mnist_roupas;7308
sparse_sem_sono;9.0;0.0;;0.602099995315075;11;mnist_roupas;7308
sparse_sem_sono;9.0;0.0;;0.6277999991178512;12;mnist_roupas;7308
sparse_sem_sono;9.0;0.0;;0.653400000333786;13;mnist_roupas;7308
sparse_sem_sono;9.0;0.0;;0.5646999973058701;14;mnist_roupas;7308
sparse_sem_sono;9.0;0.0;;0.5925999981164932;15;mnist_roupas;7308
sparse_sem_sono;9.0;0.0;;0.580799997150898;16;mnist_roupas;7308
sparse_sem_sono;9.0;0.0;;0.6666000044345856;17;mnist_roupas;7308
sparse_sem_sono;9.0;0.0;;0.633299999833107;18;mnist_roupas;7308
sparse_sem_sono;9.0;0.0;;0.6331000024080277;19;mnist_roupas;7308
sparse_sem_sono;9.0;20.0;;0.6193000024557114;2;mnist_roupas;5837
sparse_sem_sono;9.0;20.0;;0.6706000030040741;3;mnist_roupas;5854
sparse_sem_sono;9.0;50.0;;0.6118000003695488;1;mnist_roupas;3727
sparse_sem_sono;9.0;50.0;;0.6307999992370605;4;mnist_roupas;3735
sparse_sem_sono;9.0;80.0;;0.6146999993920326;1;mnist_roupas;1507
sparse_sem_sono;9.0;80.0;;0.647000002861023;2;mnist_roupas;1519
sparse_sem_sono;9.0;80.0;;0.6312999984622002;3;mnist_roupas;1495
sparse_sem_sono;9.0;80.0;;0.491999996304512;4;mnist_roupas;1561
sparse_sem_sono;9.0;80.0;;0.6071000000834466;5;mnist_roupas;1529
sparse_sem_sono;9.0;80.0;;0.5620999968051911;6;mnist_roupas;1607
sparse_sem_sono;9.0;80.0;;0.6577000027894974;7;mnist_roupas;1555
sparse_sem_sono;9.0;80.0;;0.6440999990701676;8;mnist_roupas;1451
sparse_sem_sono;9.0;80.0;;0.6126999992132187;10;mnist_roupas;1476
sparse_sem_sono;9.0;80.0;;0.6187999999523163;11;mnist_roupas;1530
sparse_sem_sono;9.0;80.0;;0.5576999998092651;12;mnist_roupas;1499
sparse_sem_sono;9.0;80.0;;0.4498999980092049;13;mnist_roupas;1555
sparse_sem_sono;9.0;80.0;;0.6546999996900559;14;mnist_roupas;1565
sparse_sem_sono;9.0;80.0;;0.5960999998450279;15;mnist_roupas;1587
sparse_sem_sono;9.0;80.0;;0.6058999991416931;16;mnist_roupas;1532
sparse_sem_sono;9.0;80.0;;0.6789999979734421;17;mnist_roupas;1464
sparse_sem_sono;9.0;80.0;;0.6261000001430511;18;mnist_roupas;1468
sparse_sem_sono;9.0;80.0;;0.6281000012159348;19;mnist_roupas;1516
sparse_sem_sono;10.0;0.0;;0.6091000020503998;1;mnist_roupas;8140
sparse_sem_sono;10.0;0.0;;0.633999999165535;2;mnist_roupas;8140
sparse_sem_sono;10.0;0.0;;0.5517999988794327;3;mnist_roupas;8140
sparse_sem_sono;10.0;0.0;;0.6788000017404556;4;mnist_roupas;8140
sparse_sem_sono;10.0;0.0;;0.6596000039577484;5;mnist_roupas;8140
sparse_sem_sono;10.0;0.0;;0.5656999981403351;6;mnist_roupas;8140
sparse_sem_sono;10.0;0.0;;0.5962999993562699;7;mnist_roupas;8140
sparse_sem_sono;10.0;0.0;;0.6102000004053116;8;mnist_roupas;8140
sparse_sem_sono;10.0;0.0;;0.6803000026941299;9;mnist_roupas;8140
sparse_sem_sono;10.0;0.0;;0.7069000035524369;10;mnist_roupas;8140
sparse_sem_sono;10.0;0.0;;0.6338000011444092;11;mnist_roupas;8140
sparse_sem_sono;10.0;0.0;;0.6385000014305114;12;mnist_roupas;8140
sparse_sem_sono;10.0;0.0;;0.702800001502037;13;mnist_roupas;8140
sparse_sem_sono;10.0;0.0;;0.5834999963641166;14;mnist_roupas;8140
sparse_sem_sono;10.0;0.0;;0.6339000010490418;15;mnist_roupas;8140
sparse_sem_sono;10.0;0.0;;0.5534999987483025;16;mnist_roupas;8140
sparse_sem_sono;10.0;0.0;;0.6248000007867813;17;mnist_roupas;8140
sparse_sem_sono;10.0;0.0;;0.5335999962687492;18;mnist_roupas;8140
sparse_sem_sono;10.0;0.0;;0.5643999966979026;19;mnist_roupas;8140
sparse_sem_sono;10.0;20.0;;0.6450000005960465;1;mnist_roupas;6537
sparse_sem_sono;10.0;20.0;;0.6604000037908554;2;mnist_roupas;6481
sparse_sem_sono;10.0;20.0;;0.6983000034093857;3;mnist_roupas;6513
sparse_sem_sono;10.0;50.0;;0.580399996638298;1;mnist_roupas;4144
sparse_sem_sono;10.0;50.0;;0.6415000009536743;3;mnist_roupas;4031
sparse_sem_sono;10.0;50.0;;0.6273000025749207;4;mnist_roupas;4164
sparse_sem_sono;10.0;80.0;;0.6895999991893769;1;mnist_roupas;1667
sparse_sem_sono;10.0;80.0;;0.6649999994039536;2;mnist_roupas;1694
sparse_sem_sono;10.0;80.0;;0.6535000020265579;3;mnist_roupas;1672
sparse_sem_sono;10.0;80.0;;0.6382000017166137;4;mnist_roupas;1739
sparse_sem_sono;10.0;80.0;;0.6717000013589859;5;mnist_roupas;1717
sparse_sem_sono;10.0;80.0;;0.7033000022172928;6;mnist_roupas;1784
sparse_sem_sono;10.0;80.0;;0.6795000010728836;7;mnist_roupas;1716
sparse_sem_sono;10.0;80.0;;0.6692000013589859;8;mnist_roupas;1645
sparse_sem_sono;10.0;80.0;;0.6739999961853027;10;mnist_roupas;1657
sparse_sem_sono;10.0;80.0;;0.5557999989390373;11;mnist_roupas;1682
sparse_sem_sono;10.0;80.0;;0.5162999963760376;12;mnist_roupas;1684
sparse_sem_sono;10.0;80.0;;0.6923999965190888;13;mnist_roupas;1750
sparse_sem_sono;10.0;80.0;;0.62030000269413;14;mnist_roupas;1723
sparse_sem_sono;10.0;80.0;;0.6570999997854233;15;mnist_roupas;1758
sparse_sem_sono;10.0;80.0;;0.670900000333786;16;mnist_roupas;1710
sparse_sem_sono;10.0;80.0;;0.6539000016450882;17;mnist_roupas;1639
sparse_sem_sono;10.0;80.0;;0.6451000046730041;18;mnist_roupas;1655
sparse_sem_sono;10.0;80.0;;0.6159999996423722;19;mnist_roupas;1684
sparse_sem_sono;11.0;0.0;;0.6558999991416932;1;mnist_roupas;8976
sparse_sem_sono;11.0;0.0;;0.6131000018119812;2;mnist_roupas;8976
sparse_sem_sono;11.0;0.0;;0.6521000030636788;3;mnist_roupas;8976
sparse_sem_sono;11.0;0.0;;0.6259999996423722;4;mnist_roupas;8976
sparse_sem_sono;11.0;0.0;;0.5742999956011772;5;mnist_roupas;8976
sparse_sem_sono;11.0;0.0;;0.5867000007629395;6;mnist_roupas;8976
sparse_sem_sono;11.0;0.0;;0.592799998819828;7;mnist_roupas;8976
sparse_sem_sono;11.0;0.0;;0.5824999982118606;8;mnist_roupas;8976
sparse_sem_sono;11.0;0.0;;0.5614999961853028;9;mnist_roupas;8976
sparse_sem_sono;11.0;0.0;;0.6468000018596649;10;mnist_roupas;8976
sparse_sem_sono;11.0;0.0;;0.5669999977946282;11;mnist_roupas;8976
sparse_sem_sono;11.0;0.0;;0.6638000005483627;12;mnist_roupas;8976
sparse_sem_sono;11.0;0.0;;0.6692000007629395;13;mnist_roupas;8976
sparse_sem_sono;11.0;0.0;;0.5742000004649163;14;mnist_roupas;8976
sparse_sem_sono;11.0;0.0;;0.6152000018954277;15;mnist_roupas;8976
sparse_sem_sono;11.0;0.0;;0.5814999988675118;16;mnist_roupas;8976
sparse_sem_sono;11.0;0.0;;0.5750999987125397;17;mnist_roupas;8976
sparse_sem_sono;11.0;0.0;;0.6098999980092049;18;mnist_roupas;8976
sparse_sem_sono;11.0;0.0;;0.6214000001549721;19;mnist_roupas;8976
sparse_sem_sono;11.0;20.0;;0.6594000071287155;1;mnist_roupas;7178
sparse_sem_sono;11.0;20.0;;0.6634000015258789;2;mnist_roupas;7166
sparse_sem_sono;11.0;20.0;;0.6573000037670136;3;mnist_roupas;7182
sparse_sem_sono;11.0;20.0;;0.6338000011444092;4;mnist_roupas;7156
sparse_sem_sono;11.0;50.0;;0.6618000000715256;1;mnist_roupas;4544
sparse_sem_sono;11.0;50.0;;0.7056000000238418;3;mnist_roupas;4473
sparse_sem_sono;11.0;50.0;;0.7244000005722045;4;mnist_roupas;4574
sparse_sem_sono;11.0;80.0;;0.5261999967694283;1;mnist_roupas;1832
sparse_sem_sono;11.0;80.0;;0.6583999997377395;2;mnist_roupas;1902
sparse_sem_sono;11.0;80.0;;0.6921000021696091;3;mnist_roupas;1864
sparse_sem_sono;11.0;80.0;;0.696800000667572;4;mnist_roupas;1914
sparse_sem_sono;11.0;80.0;;0.6630000007152558;5;mnist_roupas;1876
sparse_sem_sono;11.0;80.0;;0.7157000041007996;6;mnist_roupas;1961
sparse_sem_sono;11.0;80.0;;0.6933000034093857;7;mnist_roupas;1904
sparse_sem_sono;11.0;80.0;;0.6625999999046326;8;mnist_roupas;1819
sparse_sem_sono;11.0;80.0;;0.661399998664856;9;mnist_roupas;1894
sparse_sem_sono;11.0;80.0;;0.7158000016212464;10;mnist_roupas;1811
sparse_sem_sono;11.0;80.0;;0.6746000009775162;11;mnist_roupas;1847
sparse_sem_sono;11.0;80.0;;0.5171999952197075;12;mnist_roupas;1865
sparse_sem_sono;11.0;80.0;;0.6919000005722046;13;mnist_roupas;1949
sparse_sem_sono;11.0;80.0;;0.6880000042915344;14;mnist_roupas;1920
sparse_sem_sono;11.0;80.0;;0.7089000028371811;15;mnist_roupas;1940
sparse_sem_sono;11.0;80.0;;0.6207000005245209;16;mnist_roupas;1884
sparse_sem_sono;11.0;80.0;;0.6948000019788743;17;mnist_roupas;1795
sparse_sem_sono;11.0;80.0;;0.6840000021457672;18;mnist_roupas;1829
sparse_sem_sono;11.0;80.0;;0.6486999994516373;19;mnist_roupas;1838
sparse_sem_sono;12.0;0.0;;0.6795000022649765;1;mnist_roupas;9816
sparse_sem_sono;12.0;0.0;;0.6539000022411346;2;mnist_roupas;9816
sparse_sem_sono;12.0;0.0;;0.6512999987602234;3;mnist_roupas;9816
sparse_sem_sono;12.0;0.0;;0.6119999969005585;4;mnist_roupas;9816
sparse_sem_sono;12.0;0.0;;0.6309999978542328;5;mnist_roupas;9816
sparse_sem_sono;12.0;0.0;;0.5605999988317489;6;mnist_roupas;9816
sparse_sem_sono;12.0;0.0;;0.6526000010967254;7;mnist_roupas;9816
sparse_sem_sono;12.0;0.0;;0.6638999998569488;8;mnist_roupas;9816
sparse_sem_sono;12.0;0.0;;0.5368999993801117;9;mnist_roupas;9816
sparse_sem_sono;12.0;0.0;;0.6652000015974044;10;mnist_roupas;9816
sparse_sem_sono;12.0;0.0;;0.6249000006914138;11;mnist_roupas;9816
sparse_sem_sono;12.0;0.0;;0.6894000029563904;12;mnist_roupas;9816
sparse_sem_sono;12.0;0.0;;0.5742999988794327;13;mnist_roupas;9816
sparse_sem_sono;12.0;0.0;;0.5894999974966049;14;mnist_roupas;9816
sparse_sem_sono;12.0;0.0;;0.5304999974370003;15;mnist_roupas;9816
sparse_sem_sono;12.0;0.0;;0.6034000012278556;16;mnist_roupas;9816
sparse_sem_sono;12.0;0.0;;0.6606000006198883;17;mnist_roupas;9816
sparse_sem_sono;12.0;0.0;;0.6280999994277954;18;mnist_roupas;9816
sparse_sem_sono;12.0;0.0;;0.6748000007867813;19;mnist_roupas;9816
sparse_sem_sono;12.0;20.0;;0.7016000038385392;1;mnist_roupas;7864
sparse_sem_sono;12.0;20.0;;0.6661999988555908;2;mnist_roupas;7810
sparse_sem_sono;12.0;20.0;;0.6326999998092652;3;mnist_roupas;7857
sparse_sem_sono;12.0;20.0;;0.6641999983787537;4;mnist_roupas;7815
sparse_sem_sono;12.0;50.0;;0.6945000034570694;1;mnist_roupas;4961
sparse_sem_sono;12.0;50.0;;0.7109000021219254;3;mnist_roupas;4912
sparse_sem_sono;12.0;50.0;;0.6243000012636185;4;mnist_roupas;4999
sparse_sem_sono;12.0;80.0;;0.7066000062227249;1;mnist_roupas;2007
sparse_sem_sono;12.0;80.0;;0.6495000010728836;2;mnist_roupas;2058
sparse_sem_sono;12.0;80.0;;0.6699000006914139;3;mnist_roupas;2032
sparse_sem_sono;12.0;80.0;;0.6912000024318695;4;mnist_roupas;2086
sparse_sem_sono;12.0;80.0;;0.6896999996900558;5;mnist_roupas;2068
sparse_sem_sono;12.0;80.0;;0.6183000001311302;6;mnist_roupas;2127
sparse_sem_sono;12.0;80.0;;0.695799999833107;7;mnist_roupas;2078
sparse_sem_sono;12.0;80.0;;0.6362000012397766;8;mnist_roupas;1978
sparse_sem_sono;12.0;80.0;;0.676400002837181;9;mnist_roupas;2062
sparse_sem_sono;12.0;80.0;;0.6719000017642975;10;mnist_roupas;1992
sparse_sem_sono;12.0;80.0;;0.6858999985456466;11;mnist_roupas;2026
sparse_sem_sono;12.0;80.0;;0.7084000033140182;12;mnist_roupas;2055
sparse_sem_sono;12.0;80.0;;0.5974000006914139;13;mnist_roupas;2133
sparse_sem_sono;12.0;80.0;;0.6688000011444092;14;mnist_roupas;2086
sparse_sem_sono;12.0;80.0;;0.6868000030517578;15;mnist_roupas;2120
sparse_sem_sono;12.0;80.0;;0.685500002503395;16;mnist_roupas;2100
sparse_sem_sono;12.0;80.0;;0.6741999989748001;17;mnist_roupas;1966
sparse_sem_sono;12.0;80.0;;0.6869000017642974;18;mnist_roupas;1993
sparse_sem_sono;12.0;80.0;;0.6545999991893768;19;mnist_roupas;2032
sparse_sem_sono;13.0;0.0;;0.6651000034809113;1;mnist_roupas;10660
sparse_sem_sono;13.0;0.0;;0.5834999978542328;2;mnist_roupas;10660
sparse_sem_sono;13.0;0.0;;0.6154000008106232;3;mnist_roupas;10660
sparse_sem_sono;13.0;0.0;;0.6812999993562698;4;mnist_roupas;10660
sparse_sem_sono;13.0;0.0;;0.6433000046014786;5;mnist_roupas;10660
sparse_sem_sono;13.0;0.0;;0.6223000007867813;6;mnist_roupas;10660
sparse_sem_sono;13.0;0.0;;0.6967000043392182;7;mnist_roupas;10660
sparse_sem_sono;13.0;0.0;;0.7141000038385391;8;mnist_roupas;10660
sparse_sem_sono;13.0;0.0;;0.6738999974727631;9;mnist_roupas;10660
sparse_sem_sono;13.0;0.0;;0.5260999989509583;10;mnist_roupas;10660
sparse_sem_sono;13.0;0.0;;0.5328999987244606;11;mnist_roupas;10660
sparse_sem_sono;13.0;0.0;;0.6866000008583069;12;mnist_roupas;10660
sparse_sem_sono;13.0;0.0;;0.6923000031709671;13;mnist_roupas;10660
sparse_sem_sono;13.0;0.0;;0.6473999989032745;14;mnist_roupas;10660
sparse_sem_sono;13.0;0.0;;0.67780000269413;15;mnist_roupas;10660
sparse_sem_sono;13.0;0.0;;0.6410000002384186;16;mnist_roupas;10660
sparse_sem_sono;13.0;0.0;;0.6907000041007996;17;mnist_roupas;10660
sparse_sem_sono;13.0;0.0;;0.6720000004768372;18;mnist_roupas;10660
sparse_sem_sono;13.0;0.0;;0.6921000003814697;19;mnist_roupas;10660
sparse_sem_sono;13.0;20.0;;0.6448000013828278;1;mnist_roupas;8557
sparse_sem_sono;13.0;20.0;;0.7219000041484833;2;mnist_roupas;8495
sparse_sem_sono;13.0;20.0;;0.5908999967575074;3;mnist_roupas;8548
sparse_sem_sono;13.0;20.0;;0.6829000025987625;4;mnist_roupas;8489
sparse_sem_sono;13.0;50.0;;0.7239999991655349;1;mnist_roupas;5414
sparse_sem_sono;13.0;50.0;;0.7474000018835067;3;mnist_roupas;5330
sparse_sem_sono;13.0;50.0;;0.6841000026464462;4;mnist_roupas;5431
sparse_sem_sono;13.0;80.0;;0.6950000017881394;1;mnist_roupas;2191
sparse_sem_sono;13.0;80.0;;0.5907000002264976;2;mnist_roupas;2239
sparse_sem_sono;13.0;80.0;;0.6679000037908555;3;mnist_roupas;2214
sparse_sem_sono;13.0;80.0;;0.7258000004291535;4;mnist_roupas;2258
sparse_sem_sono;13.0;80.0;;0.6417000004649163;5;mnist_roupas;2233
sparse_sem_sono;13.0;80.0;;0.7144000017642975;6;mnist_roupas;2294
sparse_sem_sono;13.0;80.0;;0.6763000017404557;7;mnist_roupas;2262
sparse_sem_sono;13.0;80.0;;0.6500999993085861;8;mnist_roupas;2160
sparse_sem_sono;13.0;80.0;;0.6506000006198883;9;mnist_roupas;2250
sparse_sem_sono;13.0;80.0;;0.6894999986886978;10;mnist_roupas;2178
sparse_sem_sono;13.0;80.0;;0.6884000015258789;11;mnist_roupas;2221
sparse_sem_sono;13.0;80.0;;0.6962999987602234;12;mnist_roupas;2235
sparse_sem_sono;13.0;80.0;;0.7208000010251999;13;mnist_roupas;2324
sparse_sem_sono;13.0;80.0;;0.6680000007152558;14;mnist_roupas;2252
sparse_sem_sono;13.0;80.0;;0.6884000015258789;15;mnist_roupas;2299
sparse_sem_sono;13.0;80.0;;0.6663000011444091;16;mnist_roupas;2290
sparse_sem_sono;13.0;80.0;;0.6972000020742416;17;mnist_roupas;2159
sparse_sem_sono;13.0;80.0;;0.6684999996423722;18;mnist_roupas;2159
sparse_sem_sono;13.0;80.0;;0.7125999975204468;19;mnist_roupas;2196
