experimento;alpha;epsilon;esparso;acuracia;seed;dataset;peso
sparse_sem_sono;1.0;0.0;;0.24;1;cifar;12336
sparse_sem_sono;1.0;0.0;;0.19610000036656858;2;cifar;12336
sparse_sem_sono;1.0;0.0;;0.22650000005960463;3;cifar;12336
sparse_sem_sono;1.0;0.0;;0.22909999914467336;4;cifar;12336
sparse_sem_sono;1.0;0.0;;0.23159999914467336;5;cifar;12336
sparse_sem_sono;1.0;0.0;;0.21300000011920928;6;cifar;12336
sparse_sem_sono;1.0;0.0;;0.22539999924600124;7;cifar;12336
sparse_sem_sono;1.0;0.0;;0.21479999929666518;8;cifar;12336
sparse_sem_sono;1.0;0.0;;0.21379999853670598;9;cifar;12336
sparse_sem_sono;1.0;0.0;;0.23669999971985817;10;cifar;12336
sparse_sem_sono;1.0;0.0;;0.25039999961853027;11;cifar;12336
sparse_sem_sono;1.0;0.0;;0.19910000048577786;12;cifar;12336
sparse_sem_sono;1.0;0.0;;0.22009999975562095;13;cifar;12336
sparse_sem_sono;1.0;0.0;;0.22930000014603139;14;cifar;12336
sparse_sem_sono;1.0;80.0;;0.10000000013038517;1;cifar;2465
sparse_sem_sono;1.0;80.0;;0.10000000018626451;2;cifar;2495
sparse_sem_sono;1.0;80.0;;0.10000000024214387;3;cifar;2439
sparse_sem_sono;1.0;80.0;;0.10000000024214387;4;cifar;2519
sparse_sem_sono;1.0;80.0;;0.10000000016763806;5;cifar;2525
sparse_sem_sono;1.0;80.0;;0.10000000013038517;6;cifar;2554
sparse_sem_sono;1.0;80.0;;0.09999999981373549;7;cifar;2518
sparse_sem_sono;1.0;80.0;;0.09999999981373549;8;cifar;2417
sparse_sem_sono;1.0;80.0;;0.10000000007450581;9;cifar;2501
sparse_sem_sono;1.0;80.0;;0.10000000014901161;10;cifar;2427
sparse_sem_sono;1.0;80.0;;0.09999999981373549;11;cifar;2500
sparse_sem_sono;1.0;80.0;;0.1956000007688999;12;cifar;2517
sparse_sem_sono;1.0;80.0;;0.09999999983236194;13;cifar;2579
sparse_sem_sono;1.0;80.0;;0.10000000022351742;14;cifar;2484
sparse_sem_sono;1.0;80.0;;0.09999999983236194;15;cifar;2565
sparse_sem_sono;1.0;90.0;;0.10000000013038517;1;cifar;1223
sparse_sem_sono;1.0;90.0;;0.10000000016763806;5;cifar;1296
sparse_sem_sono;1.0;90.0;;0.10000000007450581;9;cifar;1262
sparse_sem_sono;1.0;90.0;;0.09999999983236194;12;cifar;1272
sparse_sem_sono;1.0;90.0;;0.09999999983236194;13;cifar;1254
sparse_sem_sono;1.0;90.0;;0.10000000022351742;14;cifar;1224
sparse_sem_sono;1.0;90.0;;0.09999999983236194;15;cifar;1328
sparse_sem_sono;2.0;0.0;;0.2484999991953373;1;cifar;24688
sparse_sem_sono;2.0;0.0;;0.22189999967813492;2;cifar;24688
sparse_sem_sono;2.0;0.0;;0.27730000093579293;3;cifar;24688
sparse_sem_sono;2.0;0.0;;0.27009999975562093;4;cifar;24688
sparse_sem_sono;2.0;0.0;;0.2657000008225441;5;cifar;24688
sparse_sem_sono;2.0;0.0;;0.2816000008583069;6;cifar;24688
sparse_sem_sono;2.0;0.0;;0.28650000065565107;7;cifar;24688
sparse_sem_sono;2.0;0.0;;0.26300000011920927;8;cifar;24688
sparse_sem_sono;2.0;0.0;;0.2676999998092651;13;cifar;24688
sparse_sem_sono;2.0;80.0;;0.17929999999701976;2;cifar;4992
sparse_sem_sono;2.0;80.0;;0.19600000023841857;3;cifar;4951
sparse_sem_sono;2.0;80.0;;0.2225999989360571;4;cifar;5093
sparse_sem_sono;2.0;80.0;;0.19860000021755694;5;cifar;5114
sparse_sem_sono;2.0;80.0;;0.17480000019073486;6;cifar;5002
sparse_sem_sono;2.0;80.0;;0.10000000013038517;8;cifar;4891
sparse_sem_sono;2.0;80.0;;0.23130000047385693;9;cifar;4986
sparse_sem_sono;2.0;80.0;;0.21910000041127206;12;cifar;4984
sparse_sem_sono;3.0;0.0;;0.34490000039339064;1;cifar;37056
sparse_sem_sono;3.0;0.0;;0.32060000285506246;2;cifar;37056
sparse_sem_sono;3.0;0.0;;0.3425000004470348;3;cifar;37056
sparse_sem_sono;3.0;0.0;;0.3374000011384487;4;cifar;37056
sparse_sem_sono;3.0;0.0;;0.32030000165104866;5;cifar;37056
sparse_sem_sono;3.0;0.0;;0.3423000010848045;6;cifar;37056
sparse_sem_sono;3.0;0.0;;0.3366000033915043;7;cifar;37056
sparse_sem_sono;3.0;0.0;;0.33220000192523;8;cifar;37056
sparse_sem_sono;3.0;0.0;;0.34190000176429747;9;cifar;37056
sparse_sem_sono;3.0;0.0;;0.3195000019669533;10;cifar;37056
sparse_sem_sono;3.0;0.0;;0.32570000186562537;12;cifar;37056
sparse_sem_sono;3.0;0.0;;0.35060000106692313;13;cifar;37056
sparse_sem_sono;3.0;0.0;;0.3350000017881393;14;cifar;37056
sparse_sem_sono;3.0;0.0;;0.35470000088214876;15;cifar;37056
sparse_sem_sono;3.0;80.0;;0.3351000002026558;1;cifar;7504
sparse_sem_sono;3.0;80.0;;0.28149999961256983;2;cifar;7533
sparse_sem_sono;3.0;80.0;;0.3082000008225441;3;cifar;7526
sparse_sem_sono;3.0;80.0;;0.2426999995112419;4;cifar;7640
sparse_sem_sono;3.0;80.0;;0.30620000034570694;5;cifar;7575
sparse_sem_sono;3.0;80.0;;0.09999999981373549;6;cifar;7503
sparse_sem_sono;3.0;80.0;;0.33590000167489054;7;cifar;7495
sparse_sem_sono;3.0;80.0;;0.31550000175833703;8;cifar;7317
sparse_sem_sono;3.0;80.0;;0.20570000007748604;9;cifar;7502
sparse_sem_sono;3.0;80.0;;0.27440000042319296;10;cifar;7527
sparse_sem_sono;3.0;80.0;;0.3096000026166439;11;cifar;7518
sparse_sem_sono;3.0;80.0;;0.2599999997019768;12;cifar;7559
sparse_sem_sono;3.0;80.0;;0.3318000027537346;13;cifar;7586
sparse_sem_sono;3.0;80.0;;0.25089999958872794;14;cifar;7519
sparse_sem_sono;3.0;80.0;;0.2953000010550022;15;cifar;7482
sparse_sem_sono;4.0;0.0;;0.3589000025391579;1;cifar;49440
sparse_sem_sono;4.0;0.0;;0.3818999981880188;2;cifar;49440
sparse_sem_sono;4.0;0.0;;0.3880999994277954;3;cifar;49440
sparse_sem_sono;4.0;0.0;;0.3896000009775162;4;cifar;49440
sparse_sem_sono;4.0;0.0;;0.38269999966025353;5;cifar;49440
sparse_sem_sono;4.0;0.0;;0.3780999985337257;6;cifar;49440
sparse_sem_sono;4.0;0.0;;0.36110000088810923;7;cifar;49440
sparse_sem_sono;4.0;0.0;;0.3759999987483025;8;cifar;49440
sparse_sem_sono;4.0;0.0;;0.3749999997019768;9;cifar;49440
sparse_sem_sono;4.0;0.0;;0.35920000106096267;10;cifar;49440
sparse_sem_sono;4.0;0.0;;0.3676000006496906;11;cifar;49440
sparse_sem_sono;4.0;0.0;;0.37019999980926516;13;cifar;49440
sparse_sem_sono;4.0;0.0;;0.37989999979734423;14;cifar;49440
sparse_sem_sono;4.0;0.0;;0.3821999990940094;15;cifar;49440
sparse_sem_sono;4.0;80.0;;0.3254000011086464;1;cifar;10001
sparse_sem_sono;4.0;80.0;;0.36790000051259997;2;cifar;10118
sparse_sem_sono;4.0;80.0;;0.3495000013709068;3;cifar;9995
sparse_sem_sono;4.0;80.0;;0.34490000233054163;4;cifar;10212
sparse_sem_sono;4.0;80.0;;0.36269999980926515;5;cifar;10037
sparse_sem_sono;4.0;80.0;;0.3461000022292137;6;cifar;10038
sparse_sem_sono;4.0;80.0;;0.34360000044107436;7;cifar;10083
sparse_sem_sono;4.0;80.0;;0.3465000008046627;8;cifar;9811
sparse_sem_sono;4.0;80.0;;0.3328000022470951;9;cifar;9997
sparse_sem_sono;4.0;80.0;;0.3373000000417232;10;cifar;9976
sparse_sem_sono;4.0;80.0;;0.3694000007212162;11;cifar;10058
sparse_sem_sono;4.0;80.0;;0.31200000137090683;12;cifar;9974
sparse_sem_sono;4.0;80.0;;0.3771999995410442;13;cifar;10071
sparse_sem_sono;4.0;80.0;;0.3470000000298023;14;cifar;10094
sparse_sem_sono;4.0;80.0;;0.3424000011384487;15;cifar;9928
sparse_sem_sono;5.0;0.0;;0.42549999833106994;1;cifar;61840
sparse_sem_sono;5.0;0.0;;0.4180999964475632;2;cifar;61840
sparse_sem_sono;5.0;0.0;;0.4190999972820282;3;cifar;61840
sparse_sem_sono;5.0;0.0;;0.41549999922513964;4;cifar;61840
sparse_sem_sono;5.0;0.0;;0.42079999804496765;5;cifar;61840
sparse_sem_sono;5.0;0.0;;0.41689999878406525;6;cifar;61840
sparse_sem_sono;5.0;0.0;;0.40999999970197676;7;cifar;61840
sparse_sem_sono;5.0;0.0;;0.4222999984025955;8;cifar;61840
sparse_sem_sono;5.0;0.0;;0.40859999984502793;9;cifar;61840
sparse_sem_sono;5.0;0.0;;0.4244999983906746;10;cifar;61840
sparse_sem_sono;5.0;0.0;;0.3936999985575676;13;cifar;61840
sparse_sem_sono;5.0;0.0;;0.4097999984025955;14;cifar;61840
sparse_sem_sono;5.0;80.0;;0.3638999998569489;1;cifar;12442
sparse_sem_sono;5.0;80.0;;0.3713000003993511;2;cifar;12589
sparse_sem_sono;5.0;80.0;;0.386999998241663;3;cifar;12614
sparse_sem_sono;5.0;80.0;;0.39719999834895137;4;cifar;12739
sparse_sem_sono;5.0;80.0;;0.40159999936819074;5;cifar;12575
sparse_sem_sono;5.0;80.0;;0.3593000015616417;6;cifar;12490
sparse_sem_sono;5.0;80.0;;0.3831000003218651;7;cifar;12642
sparse_sem_sono;5.0;80.0;;0.40009999781847;8;cifar;12276
sparse_sem_sono;5.0;80.0;;0.3881999990344048;9;cifar;12562
sparse_sem_sono;5.0;80.0;;0.3848000006377697;10;cifar;12455
sparse_sem_sono;5.0;80.0;;0.40110000044107436;11;cifar;12589
sparse_sem_sono;5.0;80.0;;0.32240000188350676;12;cifar;12458
sparse_sem_sono;5.0;80.0;;0.37349999889731406;13;cifar;12530
sparse_sem_sono;5.0;80.0;;0.38619999945163724;14;cifar;12611
sparse_sem_sono;5.0;80.0;;0.38199999898672105;15;cifar;12406
sparse_sem_sono;8.0;0.0;;0.4753999975323677;1;cifar;99136
sparse_sem_sono;8.0;0.0;;0.4798999971151352;2;cifar;99136
sparse_sem_sono;8.0;0.0;;0.47459999650716783;3;cifar;99136
sparse_sem_sono;8.0;0.0;;0.479399995803833;4;cifar;99136
sparse_sem_sono;8.0;0.0;;0.485799997150898;5;cifar;99136
sparse_sem_sono;8.0;0.0;;0.48679999381303785;6;cifar;99136
sparse_sem_sono;8.0;0.0;;0.48569999635219574;7;cifar;99136
sparse_sem_sono;8.0;0.0;;0.48079999774694443;8;cifar;99136
sparse_sem_sono;8.0;0.0;;0.4830999964475632;9;cifar;99136
sparse_sem_sono;8.0;0.0;;0.4813999974727631;10;cifar;99136
sparse_sem_sono;8.0;0.0;;0.47259999454021456;13;cifar;99136
sparse_sem_sono;8.0;80.0;;0.4501999974250793;1;cifar;20059
sparse_sem_sono;8.0;80.0;;0.4418999990820885;2;cifar;20081
sparse_sem_sono;8.0;80.0;;0.4574999967217445;3;cifar;20292
sparse_sem_sono;8.0;80.0;;0.44449999630451204;4;cifar;20278
sparse_sem_sono;8.0;80.0;;0.45859999656677247;5;cifar;20133
sparse_sem_sono;8.0;80.0;;0.443499998152256;6;cifar;20040
sparse_sem_sono;8.0;80.0;;0.44649999737739565;7;cifar;20233
sparse_sem_sono;8.0;80.0;;0.45629999697208407;8;cifar;19896
sparse_sem_sono;8.0;80.0;;0.43579999804496766;9;cifar;20123
sparse_sem_sono;8.0;80.0;;0.4290999975800514;10;cifar;19929
sparse_sem_sono;8.0;80.0;;0.46129999548196793;11;cifar;20125
sparse_sem_sono;8.0;80.0;;0.4530999979376793;12;cifar;20010
sparse_sem_sono;8.0;80.0;;0.4331999972462654;13;cifar;20090
sparse_sem_sono;8.0;80.0;;0.4386999985575676;15;cifar;19922
sparse_sem_sono;10.0;0.0;;0.5027999958395958;1;cifar;124080
sparse_sem_sono;10.0;0.0;;0.5066999965906143;2;cifar;124080
sparse_sem_sono;10.0;0.0;;0.4930999991297722;3;cifar;124080
sparse_sem_sono;10.0;0.0;;0.5078999981284141;4;cifar;124080
sparse_sem_sono;10.0;0.0;;0.49239999771118165;5;cifar;124080
sparse_sem_sono;10.0;0.0;;0.49959999799728394;6;cifar;124080
sparse_sem_sono;10.0;0.0;;0.5019999977946281;7;cifar;124080
sparse_sem_sono;10.0;0.0;;0.5033999958634376;8;cifar;124080
sparse_sem_sono;10.0;0.0;;0.4950999963283539;9;cifar;124080
sparse_sem_sono;10.0;0.0;;0.4973999947309494;10;cifar;124080
sparse_sem_sono;10.0;0.0;;0.4997999969124794;12;cifar;124080
sparse_sem_sono;10.0;0.0;;0.4878999963402748;13;cifar;124080
sparse_sem_sono;10.0;0.0;;0.5123999953269959;14;cifar;124080
sparse_sem_sono;10.0;80.0;;0.4824999958276749;1;cifar;25165
sparse_sem_sono;10.0;80.0;;0.46639999508857727;2;cifar;25063
sparse_sem_sono;10.0;80.0;;0.4685999989509583;3;cifar;25332
sparse_sem_sono;10.0;80.0;;0.48139999687671664;4;cifar;25366
sparse_sem_sono;10.0;80.0;;0.4626999971270561;5;cifar;25234
sparse_sem_sono;10.0;80.0;;0.4846999964118004;6;cifar;25107
sparse_sem_sono;10.0;80.0;;0.4697999969124794;7;cifar;25439
sparse_sem_sono;10.0;80.0;;0.4743999978899956;8;cifar;24835
sparse_sem_sono;10.0;80.0;;0.4596999990940094;9;cifar;25198
sparse_sem_sono;10.0;80.0;;0.46789999544620514;10;cifar;25009
sparse_sem_sono;10.0;80.0;;0.476299996972084;11;cifar;25103
sparse_sem_sono;10.0;80.0;;0.47589999705553054;12;cifar;25115
sparse_sem_sono;10.0;80.0;;0.4632999974489212;13;cifar;25164
sparse_sem_sono;10.0;80.0;;0.47239999771118163;14;cifar;25224
sparse_sem_sono;10.0;90.0;;0.4446999979019165;1;cifar;12879
sparse_sem_sono;10.0;90.0;;0.4416999983787537;5;cifar;12839
sparse_sem_sono;10.0;90.0;;0.4265999975800514;9;cifar;12668
sparse_sem_sono;10.0;90.0;;0.43939999759197235;12;cifar;12646
sparse_sem_sono;10.0;90.0;;0.45709999680519103;14;cifar;12763
sparse_sem_sono;10.0;90.0;;0.4434999987483025;15;cifar;12508
sparse_sem_sono;20.0;0.0;;0.5584999960660935;1;cifar;249760
sparse_sem_sono;20.0;0.0;;0.5590999972820282;2;cifar;249760
sparse_sem_sono;20.0;0.0;;0.5532999983429909;3;cifar;249760
sparse_sem_sono;20.0;0.0;;0.5571999949216843;4;cifar;249760
sparse_sem_sono;20.0;0.0;;0.5619000008702278;5;cifar;249760
sparse_sem_sono;20.0;0.0;;0.5570000007748603;6;cifar;249760
sparse_sem_sono;20.0;0.0;;0.5650999984145164;7;cifar;249760
sparse_sem_sono;20.0;0.0;;0.5574999970197677;8;cifar;249760
sparse_sem_sono;20.0;0.0;;0.5530999940633774;9;cifar;249760
sparse_sem_sono;20.0;0.0;;0.5613999935984612;10;cifar;249760
sparse_sem_sono;20.0;0.0;;0.5559999975562095;11;cifar;249760
sparse_sem_sono;20.0;0.0;;0.5595999985933304;12;cifar;249760
sparse_sem_sono;20.0;0.0;;0.5546999964118003;13;cifar;249760
sparse_sem_sono;20.0;0.0;;0.5491999951004982;14;cifar;249760
sparse_sem_sono;20.0;0.0;;0.5584999933838845;15;cifar;249760
sparse_sem_sono;20.0;80.0;;0.5380999970436097;1;cifar;50498
sparse_sem_sono;20.0;80.0;;0.5351999974250794;2;cifar;50583
sparse_sem_sono;20.0;80.0;;0.5346999958157539;3;cifar;50897
sparse_sem_sono;20.0;80.0;;0.5380999991297721;4;cifar;50685
sparse_sem_sono;20.0;80.0;;0.5326999974250793;5;cifar;50526
sparse_sem_sono;20.0;80.0;;0.5251999953389168;6;cifar;50525
sparse_sem_sono;20.0;80.0;;0.5335999962687492;7;cifar;50859
sparse_sem_sono;20.0;80.0;;0.5310999980568886;8;cifar;50266
sparse_sem_sono;20.0;80.0;;0.5336999985575676;9;cifar;50553
sparse_sem_sono;20.0;80.0;;0.5323999965190888;10;cifar;50658
sparse_sem_sono;20.0;80.0;;0.5347999995946884;11;cifar;50453
sparse_sem_sono;20.0;80.0;;0.5279999992251396;12;cifar;50554
sparse_sem_sono;20.0;80.0;;0.5315999954938888;13;cifar;50582
sparse_sem_sono;20.0;80.0;;0.5307999995350837;14;cifar;50543
sparse_sem_sono;20.0;80.0;;0.5294999983906746;15;cifar;50402
sparse_sem_sono;30.0;0.0;;0.5841000005602837;1;cifar;377040
sparse_sem_sono;30.0;0.0;;0.5847999969124794;2;cifar;377040
sparse_sem_sono;30.0;0.0;;0.5765999954938889;3;cifar;377040
sparse_sem_sono;30.0;0.0;;0.5786999967694283;4;cifar;377040
sparse_sem_sono;30.0;0.0;;0.5797999960184097;5;cifar;377040
sparse_sem_sono;30.0;0.0;;0.5879000002145767;6;cifar;377040
sparse_sem_sono;30.0;0.0;;0.5875999993085861;7;cifar;377040
sparse_sem_sono;30.0;0.0;;0.5811999952793121;8;cifar;377040
sparse_sem_sono;30.0;0.0;;0.5864999997615814;9;cifar;377040
sparse_sem_sono;30.0;0.0;;0.5788999968767166;10;cifar;377040
sparse_sem_sono;30.0;80.0;;0.5629999974370002;1;cifar;76174
sparse_sem_sono;30.0;80.0;;0.5637999972701073;2;cifar;76261
sparse_sem_sono;30.0;80.0;;0.5562999978661537;3;cifar;76707
sparse_sem_sono;30.0;80.0;;0.5636999958753586;4;cifar;76593
sparse_sem_sono;30.0;80.0;;0.5633999982476234;6;cifar;76391
sparse_sem_sono;30.0;80.0;;0.563099997639656;7;cifar;76698
sparse_sem_sono;30.0;80.0;;0.5627999946475029;8;cifar;76018
sparse_sem_sono;30.0;80.0;;0.5564999964833259;9;cifar;76505
sparse_sem_sono;30.0;80.0;;0.5631999972462655;10;cifar;76583
sparse_sem_sono;30.0;80.0;;0.5619999992847443;11;cifar;75977
sparse_sem_sono;30.0;80.0;;0.5592999988794327;12;cifar;76256
sparse_sem_sono;30.0;80.0;;0.5607999977469444;13;cifar;76195
sparse_sem_sono;30.0;80.0;;0.5622999989986419;14;cifar;76300
sparse_sem_sono;40.0;0.0;;0.6075999981164932;1;cifar;505920
sparse_sem_sono;40.0;0.0;;0.6077999991178512;2;cifar;505920
sparse_sem_sono;40.0;0.0;;0.5947999969124794;5;cifar;505920
sparse_sem_sono;40.0;0.0;;0.5996999993920327;6;cifar;505920
sparse_sem_sono;40.0;0.0;;0.6014999994635581;7;cifar;505920
sparse_sem_sono;40.0;0.0;;0.5992000007629394;8;cifar;505920
sparse_sem_sono;40.0;0.0;;0.5961000013351441;9;cifar;505920
sparse_sem_sono;40.0;0.0;;0.6013999956846238;10;cifar;505920
sparse_sem_sono;40.0;0.0;;0.5925999942421913;11;cifar;505920
sparse_sem_sono;40.0;80.0;;0.5760999968647957;1;cifar;102076
sparse_sem_sono;40.0;80.0;;0.579199997484684;2;cifar;102258
sparse_sem_sono;40.0;80.0;;0.5817999973893165;3;cifar;102826
sparse_sem_sono;40.0;80.0;;0.5768999975919723;5;cifar;102557
sparse_sem_sono;40.0;80.0;;0.5809999993443489;6;cifar;102585
sparse_sem_sono;40.0;80.0;;0.5735999965667724;7;cifar;102887
sparse_sem_sono;40.0;80.0;;0.5791999983787537;9;cifar;102438
sparse_sem_sono;40.0;80.0;;0.5800999948382377;10;cifar;102853
sparse_sem_sono;40.0;80.0;;0.5770999959111214;11;cifar;102107
sparse_sem_sono;40.0;80.0;;0.5769999971985817;12;cifar;102213
sparse_sem_sono;40.0;80.0;;0.5808999979496002;13;cifar;102300
sparse_sem_sono;40.0;80.0;;0.5749999955296516;14;cifar;102392
sparse_sem_sono;50.0;0.0;;0.6052000012993812;1;cifar;636400
sparse_sem_sono;50.0;0.0;;0.6099000000953674;2;cifar;636400
sparse_sem_sono;50.0;0.0;;0.6098999962210655;3;cifar;636400
sparse_sem_sono;50.0;0.0;;0.6065999954938889;4;cifar;636400
sparse_sem_sono;50.0;0.0;;0.6126000002026558;5;cifar;636400
sparse_sem_sono;50.0;0.0;;0.607600000500679;6;cifar;636400
sparse_sem_sono;50.0;0.0;;0.6131000006198883;7;cifar;636400
sparse_sem_sono;50.0;0.0;;0.6076999977231026;8;cifar;636400
sparse_sem_sono;50.0;0.0;;0.612300001680851;9;cifar;636400
sparse_sem_sono;50.0;0.0;;0.6105999964475631;10;cifar;636400
sparse_sem_sono;50.0;0.0;;0.6124000012874603;11;cifar;636400
sparse_sem_sono;50.0;0.0;;0.6157999983429909;12;cifar;636400
sparse_sem_sono;50.0;0.0;;0.6145999988913536;13;cifar;636400
sparse_sem_sono;50.0;0.0;;0.6044999986886979;14;cifar;636400
sparse_sem_sono;50.0;80.0;;0.5842000004649163;1;cifar;128448
sparse_sem_sono;50.0;80.0;;0.5861999973654747;2;cifar;128886
sparse_sem_sono;50.0;80.0;;0.5917999994754791;3;cifar;129129
sparse_sem_sono;50.0;80.0;;0.5899999979138374;4;cifar;129224
sparse_sem_sono;50.0;80.0;;0.5903999975323677;5;cifar;129029
sparse_sem_sono;50.0;80.0;;0.586099995970726;6;cifar;128830
sparse_sem_sono;50.0;80.0;;0.5893999955058098;7;cifar;129038
sparse_sem_sono;50.0;80.0;;0.5913999980688095;8;cifar;128766
sparse_sem_sono;50.0;80.0;;0.5822999960184098;9;cifar;128894
sparse_sem_sono;50.0;80.0;;0.5884999996423721;10;cifar;129187
sparse_sem_sono;50.0;80.0;;0.5891999998688697;11;cifar;128350
sparse_sem_sono;50.0;80.0;;0.5887999990582466;12;cifar;128712
sparse_sem_sono;50.0;80.0;;0.5947000002861023;13;cifar;128637
sparse_sem_sono;50.0;80.0;;0.5908999961614608;14;cifar;128718
sparse_sem_sono;50.0;80.0;;0.5903999984264374;15;cifar;128480
sparse_sem_sono;100.0;0.0;;0.6412000003457069;1;cifar;1312800
sparse_sem_sono;100.0;0.0;;0.6479999995231629;2;cifar;1312800
sparse_sem_sono;100.0;0.0;;0.6450000029802322;3;cifar;1312800
sparse_sem_sono;100.0;0.0;;0.6427000021934509;4;cifar;1312800
sparse_sem_sono;100.0;0.0;;0.641100001335144;5;cifar;1312800
sparse_sem_sono;100.0;0.0;;0.6413999998569488;6;cifar;1312800
sparse_sem_sono;100.0;0.0;;0.6428000003099441;7;cifar;1312800
sparse_sem_sono;100.0;0.0;;0.6424999970197678;8;cifar;1312800
sparse_sem_sono;100.0;0.0;;0.6411999994516373;9;cifar;1312800
sparse_sem_sono;100.0;0.0;;0.6416999942064285;10;cifar;1312800
sparse_sem_sono;100.0;0.0;;0.6424000000953675;11;cifar;1312800
sparse_sem_sono;100.0;50.0;;0.637899997830391;1;cifar;658274
sparse_sem_sono;100.0;50.0;;0.6394999992847442;2;cifar;657934
sparse_sem_sono;100.0;50.0;;0.6320999997854233;3;cifar;659227
sparse_sem_sono;100.0;50.0;;0.6384000006318092;4;cifar;657640
sparse_sem_sono;100.0;80.0;;0.6199999997019767;1;cifar;265174
sparse_sem_sono;100.0;80.0;;0.628999999165535;2;cifar;265724
sparse_sem_sono;100.0;80.0;;0.6221999993920326;3;cifar;266571
sparse_sem_sono;100.0;80.0;;0.6279999983310699;4;cifar;266397
sparse_sem_sono;100.0;80.0;;0.6306999999284745;5;cifar;266071
sparse_sem_sono;100.0;80.0;;0.6247999966144562;6;cifar;265805
sparse_sem_sono;100.0;80.0;;0.6215999972820282;7;cifar;266174
sparse_sem_sono;100.0;80.0;;0.6250999987125396;8;cifar;265467
sparse_sem_sono;100.0;80.0;;0.6219000023603439;9;cifar;265987
sparse_sem_sono;100.0;80.0;;0.6279999995231629;10;cifar;266308
sparse_sem_sono;100.0;90.0;;0.602600000500679;1;cifar;134689
sparse_sem_sono;100.0;90.0;;0.6167000022530555;2;cifar;135403
sparse_sem_sono;100.0;90.0;;0.606199997663498;3;cifar;135216
sparse_sem_sono;100.0;90.0;;0.6060000029206276;4;cifar;135429
sparse_sem_sono;100.0;90.0;;0.6093000012636185;5;cifar;135120
sparse_sem_sono;100.0;90.0;;0.6021999952197075;6;cifar;134729
sparse_sem_sono;100.0;90.0;;0.6062999984622002;7;cifar;134968
sparse_sem_sono;100.0;90.0;;0.6083000019192696;8;cifar;134648
sparse_sem_sono;100.0;90.0;;0.6099000015854835;9;cifar;134968
sparse_sem_sono;100.0;90.0;;0.6051999974250794;12;cifar;134559
sparse_sem_sono;100.0;90.0;;0.602199999988079;13;cifar;134990
sparse_sem_sono;100.0;90.0;;0.6033000013232231;14;cifar;134845
sparse_sem_sono;100.0;90.0;;0.6026000002026558;15;cifar;134875
sparse_sem_sono;110.0;0.0;;0.6501000016927719;1;cifar;1452880
sparse_sem_sono;110.0;0.0;;0.6450000005960465;2;cifar;1452880
sparse_sem_sono;110.0;0.0;;0.6492000019550324;3;cifar;1452880
sparse_sem_sono;110.0;0.0;;0.6418000012636185;4;cifar;1452880
sparse_sem_sono;110.0;0.0;;0.6449999988079071;5;cifar;1452880
sparse_sem_sono;110.0;0.0;;0.6503999984264374;6;cifar;1452880
sparse_sem_sono;110.0;0.0;;0.6410000014305115;7;cifar;1452880
sparse_sem_sono;110.0;0.0;;0.6514000004529953;8;cifar;1452880
sparse_sem_sono;110.0;0.0;;0.6477999985218048;9;cifar;1452880
sparse_sem_sono;110.0;0.0;;0.6474000018835068;12;cifar;1452880
sparse_sem_sono;110.0;0.0;;0.6489000010490418;13;cifar;1452880
sparse_sem_sono;110.0;50.0;;0.6451000010967255;1;cifar;728531
sparse_sem_sono;110.0;50.0;;0.6375000023841858;4;cifar;727640
sparse_sem_sono;110.0;80.0;;0.6333000037074089;1;cifar;293511
sparse_sem_sono;110.0;80.0;;0.622899996638298;2;cifar;293810
sparse_sem_sono;110.0;80.0;;0.6261999988555909;3;cifar;295146
sparse_sem_sono;110.0;80.0;;0.6206000006198883;4;cifar;294562
sparse_sem_sono;110.0;80.0;;0.6306999987363815;5;cifar;294162
sparse_sem_sono;110.0;80.0;;0.6311999988555909;6;cifar;294255
sparse_sem_sono;110.0;80.0;;0.6238999962806702;7;cifar;294506
sparse_sem_sono;110.0;80.0;;0.6309999990463256;8;cifar;293712
sparse_sem_sono;110.0;80.0;;0.6254000008106232;9;cifar;294231
sparse_sem_sono;110.0;80.0;;0.6312000000476837;12;cifar;294191
sparse_sem_sono;110.0;80.0;;0.6298000013828278;13;cifar;294079
sparse_sem_sono;110.0;80.0;;0.6272999992966652;15;cifar;294104
sparse_sem_sono;110.0;90.0;;0.612300001680851;1;cifar;149145
sparse_sem_sono;110.0;90.0;;0.6114999970793724;2;cifar;149788
sparse_sem_sono;120.0;0.0;;0.6545000022649765;1;cifar;1594560
sparse_sem_sono;120.0;0.0;;0.6450000005960465;2;cifar;1594560
sparse_sem_sono;120.0;0.0;;0.6550999987125397;3;cifar;1594560
sparse_sem_sono;120.0;0.0;;0.6546999990940094;4;cifar;1594560
sparse_sem_sono;120.0;0.0;;0.6495999997854233;5;cifar;1594560
sparse_sem_sono;120.0;0.0;;0.6495000010728836;6;cifar;1594560
sparse_sem_sono;120.0;0.0;;0.6510000014305115;7;cifar;1594560
sparse_sem_sono;120.0;0.0;;0.6495999985933304;8;cifar;1594560
sparse_sem_sono;120.0;0.0;;0.6581000000238418;9;cifar;1594560
sparse_sem_sono;120.0;0.0;;0.6497000008821487;12;cifar;1594560
sparse_sem_sono;120.0;0.0;;0.6485999989509582;13;cifar;1594560
sparse_sem_sono;120.0;0.0;;0.6529000002145767;14;cifar;1594560
sparse_sem_sono;120.0;50.0;;0.6466999977827073;2;cifar;799062
sparse_sem_sono;120.0;50.0;;0.6503999984264374;4;cifar;798624
sparse_sem_sono;120.0;80.0;;0.6285000020265579;1;cifar;322189
sparse_sem_sono;120.0;80.0;;0.6334000021219254;2;cifar;322542
sparse_sem_sono;120.0;80.0;;0.6364000034332276;3;cifar;323777
sparse_sem_sono;120.0;80.0;;0.6332000011205673;4;cifar;323128
sparse_sem_sono;120.0;80.0;;0.6297999995946885;5;cifar;322790
sparse_sem_sono;120.0;80.0;;0.6299000000953674;6;cifar;323034
sparse_sem_sono;120.0;80.0;;0.6288000005483627;7;cifar;323353
sparse_sem_sono;120.0;80.0;;0.6367999994754792;8;cifar;322308
sparse_sem_sono;120.0;80.0;;0.632700001001358;9;cifar;322787
sparse_sem_sono;120.0;80.0;;0.6305000004172325;12;cifar;322961
sparse_sem_sono;120.0;80.0;;0.6322000002861023;13;cifar;322686
sparse_sem_sono;120.0;80.0;;0.6279999989271164;15;cifar;322851
sparse_sem_sono;120.0;90.0;;0.6174000003933906;1;cifar;163753
sparse_sem_sono;120.0;90.0;;0.6142000004649162;2;cifar;164405
sparse_sem_sono;120.0;90.0;;0.6191000002622604;3;cifar;164145
sparse_sem_sono;120.0;90.0;;0.6169999992847442;4;cifar;164249
sparse_sem_sono;130.0;0.0;;0.6500999999046325;1;cifar;1737840
sparse_sem_sono;130.0;0.0;;0.6541000014543533;2;cifar;1737840
sparse_sem_sono;130.0;0.0;;0.6524999994039535;3;cifar;1737840
sparse_sem_sono;130.0;0.0;;0.654600003361702;4;cifar;1737840
sparse_sem_sono;130.0;0.0;;0.6517000007629394;5;cifar;1737840
sparse_sem_sono;130.0;0.0;;0.650200001001358;6;cifar;1737840
sparse_sem_sono;130.0;0.0;;0.652799997329712;7;cifar;1737840
sparse_sem_sono;130.0;0.0;;0.65;8;cifar;1737840
sparse_sem_sono;130.0;0.0;;0.6478000044822693;9;cifar;1737840
sparse_sem_sono;130.0;0.0;;0.6530000001192093;12;cifar;1737840
sparse_sem_sono;130.0;0.0;;0.6505000019073486;13;cifar;1737840
sparse_sem_sono;130.0;0.0;;0.6562000024318695;14;cifar;1737840
sparse_sem_sono;130.0;50.0;;0.6505000030994416;1;cifar;871352
sparse_sem_sono;130.0;80.0;;0.6370999991893769;1;cifar;351152
sparse_sem_sono;130.0;80.0;;0.6317000013589859;2;cifar;351745
sparse_sem_sono;130.0;80.0;;0.6379000008106231;3;cifar;353042
sparse_sem_sono;130.0;80.0;;0.6339999997615814;4;cifar;352093
sparse_sem_sono;130.0;80.0;;0.6315999978780746;5;cifar;351782
sparse_sem_sono;130.0;80.0;;0.6300999993085861;6;cifar;351782
sparse_sem_sono;130.0;80.0;;0.6349000006914138;7;cifar;352359
sparse_sem_sono;130.0;80.0;;0.6415000003576279;8;cifar;351090
sparse_sem_sono;130.0;80.0;;0.6299999994039536;9;cifar;351756
sparse_sem_sono;130.0;80.0;;0.6400999984145165;12;cifar;352114
sparse_sem_sono;130.0;80.0;;0.6391999983787536;13;cifar;351452
sparse_sem_sono;130.0;90.0;;0.619499998986721;2;cifar;179275
sparse_sem_sono;130.0;90.0;;0.6171999961137772;3;cifar;178961
sparse_sem_sono;130.0;90.0;;0.6185000026226044;4;cifar;178859
sparse_sem_sono;140.0;0.0;;0.6604000025987625;1;cifar;1882720
sparse_sem_sono;140.0;0.0;;0.6634000009298324;2;cifar;1882720
sparse_sem_sono;140.0;0.0;;0.655300001502037;3;cifar;1882720
sparse_sem_sono;140.0;0.0;;0.6523000025749206;4;cifar;1882720
sparse_sem_sono;140.0;0.0;;0.6533999985456467;5;cifar;1882720
sparse_sem_sono;140.0;0.0;;0.6554000002145767;6;cifar;1882720
sparse_sem_sono;140.0;0.0;;0.6512000030279159;7;cifar;1882720
sparse_sem_sono;140.0;0.0;;0.6479000014066696;8;cifar;1882720
sparse_sem_sono;140.0;0.0;;0.6557000041007995;9;cifar;1882720
sparse_sem_sono;140.0;0.0;;0.6557000017166138;12;cifar;1882720
sparse_sem_sono;140.0;0.0;;0.6588999992609024;13;cifar;1882720
sparse_sem_sono;140.0;0.0;;0.6578999990224839;14;cifar;1882720
sparse_sem_sono;140.0;50.0;;0.6497000050544739;1;cifar;943927
sparse_sem_sono;140.0;50.0;;0.6539000010490418;4;cifar;942975
sparse_sem_sono;140.0;80.0;;0.6439000034332275;1;cifar;380371
sparse_sem_sono;140.0;80.0;;0.6445000022649765;2;cifar;381154
sparse_sem_sono;140.0;80.0;;0.6379000002145767;3;cifar;382432
sparse_sem_sono;140.0;80.0;;0.6343999963998794;4;cifar;381469
sparse_sem_sono;140.0;80.0;;0.6392000025510788;5;cifar;380990
sparse_sem_sono;140.0;80.0;;0.6413000017404556;6;cifar;381219
sparse_sem_sono;140.0;80.0;;0.635200007557869;7;cifar;381706
sparse_sem_sono;140.0;80.0;;0.6348000019788742;8;cifar;380137
sparse_sem_sono;140.0;80.0;;0.6356999993324279;9;cifar;381283
sparse_sem_sono;140.0;80.0;;0.6422000032663345;12;cifar;381092
sparse_sem_sono;140.0;80.0;;0.6439000028371811;13;cifar;380709
sparse_sem_sono;140.0;80.0;;0.6375999987125397;14;cifar;380978
sparse_sem_sono;140.0;90.0;;0.6277999982237816;1;cifar;193166
sparse_sem_sono;140.0;90.0;;0.6276999992132187;2;cifar;194270
sparse_sem_sono;140.0;90.0;;0.6252999967336654;3;cifar;193910
sparse_sem_sono;140.0;90.0;;0.6275999999046326;4;cifar;193880
sparse_sem_sono;140.0;90.0;;0.6243000003695488;5;cifar;193416
sparse_sem_sono;140.0;90.0;;0.6223000001907348;6;cifar;193005
sparse_sem_sono;140.0;95.0;;0.609799998998642;1;cifar;99562
sparse_sem_sono;140.0;95.0;;0.606400001347065;2;cifar;99992
sparse_sem_sono;140.0;95.0;;0.6071999987959862;3;cifar;99819
sparse_sem_sono;140.0;95.0;;0.6053000020980835;4;cifar;99334
sparse_sem_sono;150.0;0.0;;0.6532000023126602;1;cifar;2029200
sparse_sem_sono;150.0;0.0;;0.6601000040769577;2;cifar;2029200
sparse_sem_sono;150.0;0.0;;0.6585000014305115;3;cifar;2029200
sparse_sem_sono;150.0;0.0;;0.6538000017404556;4;cifar;2029200
sparse_sem_sono;150.0;0.0;;0.6558000004291534;5;cifar;2029200
sparse_sem_sono;150.0;0.0;;0.6495000004768372;6;cifar;2029200
sparse_sem_sono;150.0;0.0;;0.6562999975681305;7;cifar;2029200
sparse_sem_sono;150.0;0.0;;0.6662000024318695;8;cifar;2029200
sparse_sem_sono;150.0;0.0;;0.6608000010251999;12;cifar;2029200
sparse_sem_sono;150.0;0.0;;0.6625000005960464;13;cifar;2029200
sparse_sem_sono;150.0;0.0;;0.6606000000238419;14;cifar;2029200
sparse_sem_sono;150.0;80.0;;0.6418000012636185;1;cifar;409941
sparse_sem_sono;150.0;80.0;;0.6469000005722045;2;cifar;411063
sparse_sem_sono;150.0;80.0;;0.646599999666214;3;cifar;411839
sparse_sem_sono;150.0;80.0;;0.636599999666214;4;cifar;411003
sparse_sem_sono;150.0;80.0;;0.6435000014305114;5;cifar;410679
sparse_sem_sono;150.0;80.0;;0.6355999970436096;6;cifar;410815
sparse_sem_sono;150.0;80.0;;0.6403000003099442;7;cifar;411044
sparse_sem_sono;150.0;80.0;;0.6405000025033951;8;cifar;409770
sparse_sem_sono;150.0;80.0;;0.6456000024080276;12;cifar;410976
sparse_sem_sono;150.0;80.0;;0.6437000018358231;13;cifar;410196
sparse_sem_sono;150.0;80.0;;0.6447000014781952;14;cifar;410727
sparse_sem_sono;150.0;90.0;;0.627899997830391;2;cifar;209520
sparse_sem_sono;150.0;90.0;;0.6243999993801117;3;cifar;208743
sparse_sem_sono;150.0;90.0;;0.626899995803833;4;cifar;208884
sparse_sem_sono;150.0;90.0;;0.6233000022172928;6;cifar;207932
sparse_sem_sono;150.0;95.0;;0.6046999993920327;1;cifar;107266
sparse_sem_sono;150.0;95.0;;0.6094999986886979;2;cifar;107835
sparse_sem_sono;160.0;0.0;;0.6551999998092651;1;cifar;2177280
sparse_sem_sono;160.0;0.0;;0.6608000016212463;2;cifar;2177280
sparse_sem_sono;160.0;0.0;;0.6547000032663345;3;cifar;2177280
sparse_sem_sono;160.0;0.0;;0.6602999979257583;4;cifar;2177280
sparse_sem_sono;160.0;0.0;;0.6639000028371811;5;cifar;2177280
sparse_sem_sono;160.0;0.0;;0.6583000022172928;6;cifar;2177280
sparse_sem_sono;160.0;0.0;;0.6562999987602234;7;cifar;2177280
sparse_sem_sono;160.0;0.0;;0.6530000036954879;8;cifar;2177280
sparse_sem_sono;160.0;0.0;;0.6609000045061112;12;cifar;2177280
sparse_sem_sono;160.0;0.0;;0.655900000333786;14;cifar;2177280
sparse_sem_sono;160.0;50.0;;0.6570999997854233;1;cifar;1091416
sparse_sem_sono;160.0;50.0;;0.6548000001907348;2;cifar;1091953
sparse_sem_sono;160.0;50.0;;0.6612000012397766;4;cifar;1090717
sparse_sem_sono;160.0;80.0;;0.6470000022649764;1;cifar;440061
sparse_sem_sono;160.0;80.0;;0.6425999999046326;2;cifar;440957
sparse_sem_sono;160.0;80.0;;0.6403000038862229;3;cifar;441727
sparse_sem_sono;160.0;80.0;;0.6492999994754791;4;cifar;440989
sparse_sem_sono;160.0;80.0;;0.6473000007867813;5;cifar;440415
sparse_sem_sono;160.0;80.0;;0.6426000010967254;6;cifar;440808
sparse_sem_sono;160.0;80.0;;0.6475000005960464;7;cifar;441009
sparse_sem_sono;160.0;80.0;;0.6442000007629395;8;cifar;439871
sparse_sem_sono;160.0;80.0;;0.651000002026558;12;cifar;440704
sparse_sem_sono;160.0;80.0;;0.646500000655651;14;cifar;440685
sparse_sem_sono;160.0;90.0;;0.631499999165535;2;cifar;224752
sparse_sem_sono;160.0;90.0;;0.63049999833107;3;cifar;223941
sparse_sem_sono;160.0;90.0;;0.633900000154972;4;cifar;224136
sparse_sem_sono;160.0;95.0;;0.610300001502037;2;cifar;115623
sparse_sem_sono;170.0;0.0;;0.6601999992132187;1;cifar;2326960
sparse_sem_sono;170.0;0.0;;0.6597000002861023;2;cifar;2326960
sparse_sem_sono;170.0;0.0;;0.6604000002145767;3;cifar;2326960
sparse_sem_sono;170.0;0.0;;0.6589000010490418;4;cifar;2326960
sparse_sem_sono;170.0;0.0;;0.6595000034570694;5;cifar;2326960
sparse_sem_sono;170.0;0.0;;0.6621000015735626;6;cifar;2326960
sparse_sem_sono;170.0;0.0;;0.6587999981641769;7;cifar;2326960
sparse_sem_sono;170.0;0.0;;0.6614000016450882;8;cifar;2326960
sparse_sem_sono;170.0;0.0;;0.6569000011682511;9;cifar;2326960
sparse_sem_sono;170.0;0.0;;0.6580000001192093;11;cifar;2326960
sparse_sem_sono;170.0;0.0;;0.6605999982357025;12;cifar;2326960
sparse_sem_sono;170.0;0.0;;0.6655000013113022;13;cifar;2326960
sparse_sem_sono;170.0;0.0;;0.6624000018835068;14;cifar;2326960
sparse_sem_sono;170.0;0.0;;0.6607000005245208;15;cifar;2326960
sparse_sem_sono;170.0;50.0;;0.6605000001192093;1;cifar;1166357
sparse_sem_sono;170.0;50.0;;0.6576000022888183;2;cifar;1166983
sparse_sem_sono;170.0;50.0;;0.655500003695488;4;cifar;1165625
sparse_sem_sono;170.0;80.0;;0.6466999977827073;1;cifar;470203
sparse_sem_sono;170.0;80.0;;0.6465000009536743;2;cifar;471358
sparse_sem_sono;170.0;80.0;;0.649499996304512;3;cifar;472240
sparse_sem_sono;170.0;80.0;;0.640200002193451;4;cifar;471313
sparse_sem_sono;170.0;80.0;;0.6465000009536743;5;cifar;470646
sparse_sem_sono;170.0;80.0;;0.6457000029087067;6;cifar;471084
sparse_sem_sono;170.0;80.0;;0.6508000016212463;7;cifar;471178
sparse_sem_sono;170.0;80.0;;0.6499000018835068;8;cifar;469969
sparse_sem_sono;170.0;80.0;;0.6440999984741211;10;cifar;472002
sparse_sem_sono;170.0;80.0;;0.6484000033140183;12;cifar;470939
sparse_sem_sono;170.0;80.0;;0.6487000006437301;13;cifar;470391
sparse_sem_sono;170.0;80.0;;0.6469000017642975;14;cifar;470936
sparse_sem_sono;170.0;90.0;;0.6347000002861023;1;cifar;238499
sparse_sem_sono;170.0;90.0;;0.6293000000715255;2;cifar;240309
sparse_sem_sono;170.0;90.0;;0.6298999977111817;3;cifar;239341
sparse_sem_sono;170.0;90.0;;0.6345000010728836;4;cifar;239541
sparse_sem_sono;170.0;90.0;;0.6359999996423721;5;cifar;238846
sparse_sem_sono;170.0;95.0;;0.6100999981164932;1;cifar;122821
sparse_sem_sono;180.0;0.0;;0.6577000010013581;1;cifar;2478240
sparse_sem_sono;180.0;0.0;;0.6586000013351441;2;cifar;2478240
sparse_sem_sono;180.0;0.0;;0.6655000019073486;3;cifar;2478240
sparse_sem_sono;180.0;0.0;;0.6624000042676925;4;cifar;2478240
sparse_sem_sono;180.0;0.0;;0.6633000040054321;5;cifar;2478240
sparse_sem_sono;180.0;0.0;;0.6653000020980835;6;cifar;2478240
sparse_sem_sono;180.0;0.0;;0.661800000667572;7;cifar;2478240
sparse_sem_sono;180.0;0.0;;0.6592999994754791;8;cifar;2478240
sparse_sem_sono;180.0;0.0;;0.6606000036001205;9;cifar;2478240
sparse_sem_sono;180.0;0.0;;0.6585000002384186;10;cifar;2478240
sparse_sem_sono;180.0;0.0;;0.6622000002861023;13;cifar;2478240
sparse_sem_sono;180.0;0.0;;0.6516000002622604;14;cifar;2478240
sparse_sem_sono;180.0;0.0;;0.6611000037193299;15;cifar;2478240
sparse_sem_sono;180.0;50.0;;0.6577999967336655;1;cifar;1241898
sparse_sem_sono;180.0;50.0;;0.6608000040054322;2;cifar;1242793
sparse_sem_sono;180.0;80.0;;0.6474999982118607;1;cifar;500664
sparse_sem_sono;180.0;80.0;;0.6477999997138977;2;cifar;501968
sparse_sem_sono;180.0;80.0;;0.6527999997138977;3;cifar;502713
sparse_sem_sono;180.0;80.0;;0.6516000008583069;4;cifar;501997
sparse_sem_sono;180.0;80.0;;0.654300000667572;5;cifar;501153
sparse_sem_sono;180.0;80.0;;0.6540000021457673;6;cifar;501451
sparse_sem_sono;180.0;80.0;;0.6513000017404557;7;cifar;501741
sparse_sem_sono;180.0;80.0;;0.64969999730587;8;cifar;500410
sparse_sem_sono;180.0;80.0;;0.6555000001192093;10;cifar;502738
sparse_sem_sono;180.0;80.0;;0.6525000023841858;12;cifar;501483
sparse_sem_sono;180.0;80.0;;0.65;13;cifar;500923
sparse_sem_sono;180.0;80.0;;0.648500000834465;14;cifar;501317
sparse_sem_sono;180.0;80.0;;0.6521999996900558;15;cifar;501451
sparse_sem_sono;180.0;90.0;;0.6331999969482421;2;cifar;255796
sparse_sem_sono;180.0;90.0;;0.6329000002145767;3;cifar;254877
sparse_sem_sono;180.0;90.0;;0.6347000008821487;5;cifar;254326
sparse_sem_sono;180.0;90.0;;0.6324000006914139;6;cifar;253822
sparse_sem_sono;180.0;95.0;;0.614899999499321;4;cifar;130568
sparse_sem_sono;190.0;0.0;;0.6704000008106231;1;cifar;2631120
sparse_sem_sono;190.0;0.0;;0.6608000010251999;2;cifar;2631120
sparse_sem_sono;190.0;0.0;;0.6600000017881393;3;cifar;2631120
sparse_sem_sono;190.0;0.0;;0.6615000015497208;4;cifar;2631120
sparse_sem_sono;190.0;0.0;;0.6600999981164932;5;cifar;2631120
sparse_sem_sono;190.0;0.0;;0.6534999990463257;6;cifar;2631120
sparse_sem_sono;190.0;0.0;;0.665300001502037;7;cifar;2631120
sparse_sem_sono;190.0;0.0;;0.66230000436306;8;cifar;2631120
sparse_sem_sono;190.0;0.0;;0.6600999981164932;9;cifar;2631120
sparse_sem_sono;190.0;0.0;;0.659599997997284;10;cifar;2631120
sparse_sem_sono;190.0;0.0;;0.6667000031471253;11;cifar;2631120
sparse_sem_sono;190.0;0.0;;0.6655000019073486;12;cifar;2631120
sparse_sem_sono;190.0;0.0;;0.6628999996185303;13;cifar;2631120
sparse_sem_sono;190.0;0.0;;0.6617999994754791;14;cifar;2631120
sparse_sem_sono;190.0;0.0;;0.663800002336502;15;cifar;2631120
sparse_sem_sono;190.0;50.0;;0.6639000016450882;1;cifar;1318579
sparse_sem_sono;190.0;50.0;;0.654899999499321;2;cifar;1319325
sparse_sem_sono;190.0;50.0;;0.6620000040531159;3;cifar;1320249
sparse_sem_sono;190.0;50.0;;0.6656000024080276;4;cifar;1318523
sparse_sem_sono;190.0;80.0;;0.6576000040769577;1;cifar;531551
sparse_sem_sono;190.0;80.0;;0.6455000042915344;2;cifar;532923
sparse_sem_sono;190.0;80.0;;0.6508000034093857;3;cifar;533718
sparse_sem_sono;190.0;80.0;;0.6555000025033951;4;cifar;532641
sparse_sem_sono;190.0;80.0;;0.6550000029802322;5;cifar;532286
sparse_sem_sono;190.0;80.0;;0.6463999998569488;6;cifar;532415
sparse_sem_sono;190.0;80.0;;0.6549000000953674;7;cifar;532787
sparse_sem_sono;190.0;80.0;;0.6572999995946884;8;cifar;531225
sparse_sem_sono;190.0;80.0;;0.6541999995708465;10;cifar;533746
sparse_sem_sono;190.0;80.0;;0.6503000003099442;11;cifar;532022
sparse_sem_sono;190.0;80.0;;0.6526999974250793;12;cifar;532226
sparse_sem_sono;190.0;80.0;;0.6557000011205674;13;cifar;531975
sparse_sem_sono;190.0;80.0;;0.6606000018119812;14;cifar;532338
sparse_sem_sono;190.0;80.0;;0.6554999995231628;15;cifar;532348
sparse_sem_sono;190.0;90.0;;0.640200002193451;1;cifar;269780
sparse_sem_sono;190.0;90.0;;0.6312999981641769;2;cifar;271588
sparse_sem_sono;190.0;90.0;;0.627299996316433;3;cifar;270362
sparse_sem_sono;190.0;90.0;;0.6420999997854233;4;cifar;270788
sparse_sem_sono;190.0;90.0;;0.6401000028848648;5;cifar;269932
sparse_sem_sono;190.0;90.0;;0.6391000008583069;6;cifar;269448
sparse_sem_sono;190.0;95.0;;0.6181999996304512;1;cifar;138923
sparse_sem_sono;190.0;95.0;;0.6130000013113022;2;cifar;139542
sparse_sem_sono;190.0;95.0;;0.6106999963521957;3;cifar;139136
sparse_sem_sono;190.0;95.0;;0.6191999989748002;4;cifar;138743
sparse_sem_sono;200.0;0.0;;0.6666000002622604;1;cifar;2785600
sparse_sem_sono;200.0;0.0;;0.6521000051498413;2;cifar;2785600
sparse_sem_sono;200.0;0.0;;0.6634000009298324;3;cifar;2785600
sparse_sem_sono;200.0;0.0;;0.6645000004768371;4;cifar;2785600
sparse_sem_sono;200.0;0.0;;0.6575000011920928;5;cifar;2785600
sparse_sem_sono;200.0;0.0;;0.6643000012636184;6;cifar;2785600
sparse_sem_sono;200.0;0.0;;0.6602000004053116;7;cifar;2785600
sparse_sem_sono;200.0;0.0;;0.6676000022888183;8;cifar;2785600
sparse_sem_sono;200.0;0.0;;0.665;9;cifar;2785600
sparse_sem_sono;200.0;0.0;;0.6595000022649765;10;cifar;2785600
sparse_sem_sono;200.0;0.0;;0.6641000008583069;11;cifar;2785600
sparse_sem_sono;200.0;50.0;;0.6627000010013581;1;cifar;1396092
sparse_sem_sono;200.0;50.0;;0.6660000032186508;2;cifar;1396924
sparse_sem_sono;200.0;50.0;;0.6607000029087067;3;cifar;1397958
sparse_sem_sono;200.0;50.0;;0.6651000010967255;4;cifar;1396008
sparse_sem_sono;200.0;80.0;;0.6576999992132186;1;cifar;562638
sparse_sem_sono;200.0;80.0;;0.6551000040769577;2;cifar;564200
sparse_sem_sono;200.0;80.0;;0.6577000010013581;3;cifar;565087
sparse_sem_sono;200.0;80.0;;0.652500001192093;4;cifar;563751
sparse_sem_sono;200.0;80.0;;0.6577000010013581;5;cifar;563392
sparse_sem_sono;200.0;80.0;;0.6601000046730041;6;cifar;563298
sparse_sem_sono;200.0;80.0;;0.6516000026464462;7;cifar;563806
sparse_sem_sono;200.0;80.0;;0.654400001168251;8;cifar;562322
sparse_sem_sono;200.0;80.0;;0.6564999985694885;9;cifar;563542
sparse_sem_sono;200.0;80.0;;0.651300003528595;10;cifar;565073
sparse_sem_sono;200.0;90.0;;0.6409000015258789;1;cifar;285381
sparse_sem_sono;200.0;90.0;;0.643999999165535;2;cifar;287513
sparse_sem_sono;200.0;90.0;;0.6400999999046326;3;cifar;286192
sparse_sem_sono;200.0;90.0;;0.6395000004768372;4;cifar;286511
sparse_sem_sono;200.0;90.0;;0.6411000046133996;5;cifar;285747
sparse_sem_sono;200.0;95.0;;0.620599998831749;2;cifar;147685
sparse_sem_sono;200.0;95.0;;0.6231999984383583;3;cifar;147296
sparse_sem_sono;200.0;95.0;;0.6199000000953674;4;cifar;146791
sparse_sem_sono;210.0;90.0;;0.6378000003099441;1;cifar;301249
sparse_sem_sono;210.0;90.0;;0.6442999976873398;5;cifar;301723
sparse_sem_sono;210.0;95.0;;0.6224000006914139;2;cifar;155837
sparse_sem_sono;210.0;95.0;;0.6173999983072281;3;cifar;155302
sparse_sem_sono;210.0;95.0;;0.6234000021219254;4;cifar;154923
sparse_sem_sono;220.0;90.0;;0.6410000026226044;1;cifar;317446
sparse_sem_sono;220.0;90.0;;0.637900002002716;2;cifar;319655
sparse_sem_sono;220.0;90.0;;0.6446000015735627;5;cifar;317920
sparse_sem_sono;220.0;90.0;;0.6438999998569489;6;cifar;317358
sparse_sem_sono;220.0;95.0;;0.6172999992966652;1;cifar;163315
sparse_sem_sono;220.0;95.0;;0.6220999991893769;2;cifar;164003
sparse_sem_sono;220.0;95.0;;0.6235000002384186;3;cifar;163591
sparse_sem_sono;220.0;95.0;;0.6263999989628792;4;cifar;162932
sparse_sem_sono;230.0;90.0;;0.6437000000476837;1;cifar;333666
sparse_sem_sono;230.0;90.0;;0.644200000166893;2;cifar;336003
sparse_sem_sono;230.0;90.0;;0.6460000014305115;3;cifar;334533
sparse_sem_sono;230.0;90.0;;0.6435000020265579;4;cifar;334563
sparse_sem_sono;230.0;90.0;;0.6465000039339066;5;cifar;334088
sparse_sem_sono;230.0;90.0;;0.6459000027179718;6;cifar;333855
sparse_sem_sono;230.0;95.0;;0.6224000012874603;1;cifar;171785
sparse_sem_sono;230.0;95.0;;0.6254999992251397;2;cifar;172418
sparse_sem_sono;230.0;95.0;;0.6246000012755394;3;cifar;171872
sparse_sem_sono;230.0;95.0;;0.6181999948620797;4;cifar;171292
sparse_sem_sono;300.0;0.0;;0.6605000007152557;1;cifar;4418400
sparse_sem_sono;300.0;0.0;;0.6607000029087067;2;cifar;4418400
sparse_sem_sono;300.0;0.0;;0.6641000008583069;3;cifar;4418400
sparse_sem_sono;300.0;0.0;;0.6662000006437302;4;cifar;4418400
sparse_sem_sono;300.0;0.0;;0.6620000034570694;5;cifar;4418400
sparse_sem_sono;300.0;0.0;;0.6530000001192093;6;cifar;4418400
sparse_sem_sono;300.0;0.0;;0.6611000001430511;7;cifar;4418400
sparse_sem_sono;300.0;0.0;;0.6617000031471253;8;cifar;4418400
sparse_sem_sono;300.0;0.0;;0.6624000024795532;9;cifar;4418400
sparse_sem_sono;300.0;0.0;;0.664400001168251;10;cifar;4418400
sparse_sem_sono;300.0;0.0;;0.6604999995231629;11;cifar;4418400
sparse_sem_sono;300.0;50.0;;0.6681000047922134;1;cifar;2214632
sparse_sem_sono;300.0;50.0;;0.670200001001358;2;cifar;2214880
sparse_sem_sono;300.0;50.0;;0.6666000038385391;3;cifar;2216933
sparse_sem_sono;300.0;80.0;;0.6730000019073487;1;cifar;893152
sparse_sem_sono;300.0;80.0;;0.6707000023126602;2;cifar;893721
sparse_sem_sono;300.0;80.0;;0.6680000048875808;3;cifar;894723
sparse_sem_sono;300.0;80.0;;0.6670000022649765;4;cifar;893244
sparse_sem_sono;300.0;80.0;;0.671399997472763;5;cifar;892029
sparse_sem_sono;300.0;80.0;;0.6719000029563904;6;cifar;894592
sparse_sem_sono;300.0;80.0;;0.6712000036239624;7;cifar;893388
sparse_sem_sono;300.0;80.0;;0.6661999982595443;8;cifar;891999
sparse_sem_sono;300.0;80.0;;0.6714000010490417;9;cifar;892970
sparse_sem_sono;300.0;80.0;;0.6726000028848648;10;cifar;894943
sparse_sem_sono;400.0;0.0;;0.6673000007867813;1;cifar;6211200
sparse_sem_sono;400.0;0.0;;0.6544000005722046;2;cifar;6211200
sparse_sem_sono;400.0;0.0;;0.6615000003576279;3;cifar;6211200
sparse_sem_sono;400.0;0.0;;0.6601999998092651;4;cifar;6211200
sparse_sem_sono;400.0;0.0;;0.6600000023841858;5;cifar;6211200
sparse_sem_sono;400.0;0.0;;0.6608999991416931;6;cifar;6211200
sparse_sem_sono;400.0;0.0;;0.6608000016212463;7;cifar;6211200
sparse_sem_sono;400.0;0.0;;0.6487999993562699;8;cifar;6211200
sparse_sem_sono;400.0;0.0;;0.6569999992847443;9;cifar;6211200
sparse_sem_sono;400.0;0.0;;0.6511000001430511;10;cifar;6211200
sparse_sem_sono;400.0;0.0;;0.6540000003576278;11;cifar;6211200
sparse_sem_sono;400.0;50.0;;0.6770000034570693;1;cifar;3112538
sparse_sem_sono;400.0;50.0;;0.6718000024557114;2;cifar;3113256
sparse_sem_sono;400.0;50.0;;0.6746000027656556;3;cifar;3116310
sparse_sem_sono;400.0;80.0;;0.675100000500679;1;cifar;1255756
sparse_sem_sono;400.0;80.0;;0.6705000001192093;2;cifar;1255316
sparse_sem_sono;400.0;80.0;;0.6830000007152557;3;cifar;1257324
sparse_sem_sono;400.0;80.0;;0.6718999999761581;4;cifar;1255249
sparse_sem_sono;400.0;80.0;;0.6751000010967254;5;cifar;1254050
sparse_sem_sono;400.0;80.0;;0.6732000023126602;6;cifar;1257017
sparse_sem_sono;400.0;80.0;;0.6723000007867813;7;cifar;1254827
sparse_sem_sono;400.0;80.0;;0.6745999985933304;8;cifar;1252762
sparse_sem_sono;400.0;80.0;;0.6732000041007996;9;cifar;1253370
sparse_sem_sono;400.0;80.0;;0.6630000001192093;10;cifar;1256992
sparse_sem_sono;500.0;0.0;;0.6471999996900558;1;cifar;8164000
sparse_sem_sono;500.0;0.0;;0.6554000025987625;2;cifar;8164000
sparse_sem_sono;500.0;0.0;;0.6516999995708466;3;cifar;8164000
sparse_sem_sono;500.0;0.0;;0.6437000018358231;4;cifar;8164000
sparse_sem_sono;500.0;0.0;;0.6503000020980835;5;cifar;8164000
sparse_sem_sono;500.0;0.0;;0.6534000009298324;6;cifar;8164000
sparse_sem_sono;500.0;0.0;;0.651599999666214;7;cifar;8164000
sparse_sem_sono;500.0;0.0;;0.6515000015497208;8;cifar;8164000
sparse_sem_sono;500.0;0.0;;0.6431000006198883;9;cifar;8164000
sparse_sem_sono;500.0;0.0;;0.6539000028371811;10;cifar;8164000
sparse_sem_sono;500.0;0.0;;0.6506000006198883;11;cifar;8164000
sparse_sem_sono;500.0;50.0;;0.6641000002622605;1;cifar;4091191
sparse_sem_sono;500.0;50.0;;0.6785000044107438;2;cifar;4092254
sparse_sem_sono;500.0;50.0;;0.6680000007152558;3;cifar;4094975
sparse_sem_sono;500.0;50.0;;0.6641000008583069;4;cifar;4091659
sparse_sem_sono;500.0;80.0;;0.6702999997138978;1;cifar;1649868
sparse_sem_sono;500.0;80.0;;0.6765000021457672;2;cifar;1649723
sparse_sem_sono;500.0;80.0;;0.6770000010728836;3;cifar;1650810
sparse_sem_sono;500.0;80.0;;0.6705000019073486;4;cifar;1648157
sparse_sem_sono;500.0;80.0;;0.685600004196167;5;cifar;1647580
sparse_sem_sono;500.0;80.0;;0.6749000024795532;6;cifar;1651180
sparse_sem_sono;500.0;80.0;;0.6793000000715256;7;cifar;1648898
sparse_sem_sono;500.0;80.0;;0.6785000014305115;8;cifar;1646098
sparse_sem_sono;500.0;80.0;;0.6746000027656556;9;cifar;1647357
sparse_sem_sono;500.0;80.0;;0.6820000028610229;10;cifar;1651086
sparse_sem_sono;600.0;0.0;;0.6456000012159347;1;cifar;10276800
sparse_sem_sono;600.0;0.0;;0.6491000014543533;2;cifar;10276800
sparse_sem_sono;600.0;0.0;;0.6399000000953674;3;cifar;10276800
sparse_sem_sono;600.0;0.0;;0.6477999985218048;4;cifar;10276800
sparse_sem_sono;600.0;0.0;;0.652600000500679;5;cifar;10276800
sparse_sem_sono;600.0;0.0;;0.6479999995231629;6;cifar;10276800
sparse_sem_sono;600.0;0.0;;0.6425999999046326;7;cifar;10276800
sparse_sem_sono;600.0;0.0;;0.6518999981880188;8;cifar;10276800
sparse_sem_sono;600.0;0.0;;0.646100001335144;9;cifar;10276800
sparse_sem_sono;600.0;0.0;;0.6469000017642975;10;cifar;10276800
sparse_sem_sono;600.0;0.0;;0.6533999997377395;11;cifar;10276800
sparse_sem_sono;600.0;50.0;;0.6691000026464462;1;cifar;5148528
sparse_sem_sono;600.0;50.0;;0.6656000036001205;2;cifar;5150307
sparse_sem_sono;600.0;50.0;;0.6674000018835068;3;cifar;5153709
sparse_sem_sono;600.0;50.0;;0.6597000008821488;4;cifar;5149435
sparse_sem_sono;600.0;80.0;;0.6819000053405762;1;cifar;2075546
sparse_sem_sono;600.0;80.0;;0.6762000024318695;2;cifar;2075393
sparse_sem_sono;600.0;80.0;;0.6806000053882599;3;cifar;2076276
sparse_sem_sono;600.0;80.0;;0.6766000002622604;4;cifar;2073648
sparse_sem_sono;600.0;80.0;;0.6769000005722046;5;cifar;2073683
sparse_sem_sono;600.0;80.0;;0.6731000012159347;6;cifar;2077443
sparse_sem_sono;600.0;80.0;;0.6770000010728836;7;cifar;2075219
sparse_sem_sono;600.0;80.0;;0.67780000269413;8;cifar;2072542
sparse_sem_sono;600.0;80.0;;0.6806000024080276;9;cifar;2073117
sparse_sem_sono;600.0;80.0;;0.6835000044107438;10;cifar;2076758
sparse_sem_sono;700.0;0.0;;0.6413000011444092;1;cifar;12549600
sparse_sem_sono;700.0;0.0;;0.6380000001192093;2;cifar;12549600
sparse_sem_sono;700.0;0.0;;0.6433999979496002;3;cifar;12549600
sparse_sem_sono;700.0;0.0;;0.6481000047922134;4;cifar;12549600
sparse_sem_sono;700.0;0.0;;0.6413000005483628;5;cifar;12549600
sparse_sem_sono;700.0;0.0;;0.6369000026583671;6;cifar;12549600
sparse_sem_sono;700.0;0.0;;0.641499999165535;7;cifar;12549600
sparse_sem_sono;700.0;0.0;;0.6492999976873398;8;cifar;12549600
sparse_sem_sono;700.0;0.0;;0.6598999983072281;9;cifar;12549600
sparse_sem_sono;700.0;0.0;;0.646500004529953;10;cifar;12549600
sparse_sem_sono;700.0;0.0;;0.6506000036001205;11;cifar;12549600
sparse_sem_sono;700.0;50.0;;0.6756000012159348;1;cifar;6287513
sparse_sem_sono;700.0;50.0;;0.6618000012636185;2;cifar;6289848
sparse_sem_sono;700.0;50.0;;0.6662000030279159;3;cifar;6292371
sparse_sem_sono;700.0;50.0;;0.665200001001358;4;cifar;6288878
sparse_sem_sono;700.0;80.0;;0.6819999998807907;1;cifar;2533631
sparse_sem_sono;700.0;80.0;;0.6814000022411346;2;cifar;2534667
sparse_sem_sono;700.0;80.0;;0.6804000020027161;3;cifar;2535179
sparse_sem_sono;700.0;80.0;;0.674200001358986;4;cifar;2532182
sparse_sem_sono;700.0;80.0;;0.679400001168251;5;cifar;2531944
sparse_sem_sono;700.0;80.0;;0.6745000022649765;6;cifar;2535195
sparse_sem_sono;700.0;80.0;;0.6777000045776367;7;cifar;2532719
sparse_sem_sono;700.0;80.0;;0.6832000029087066;8;cifar;2529830
sparse_sem_sono;700.0;80.0;;0.6791000014543533;9;cifar;2531370
sparse_sem_sono;700.0;80.0;;0.6749000012874603;10;cifar;2534862
sparse_sem_sono;800.0;0.0;;0.6437000006437301;1;cifar;14982400
sparse_sem_sono;800.0;0.0;;0.6517000037431717;2;cifar;14982400
sparse_sem_sono;800.0;0.0;;0.6396000015735627;3;cifar;14982400
sparse_sem_sono;800.0;0.0;;0.6453000003099442;4;cifar;14982400
sparse_sem_sono;800.0;0.0;;0.6415999984741211;5;cifar;14982400
sparse_sem_sono;800.0;0.0;;0.6476000010967254;6;cifar;14982400
sparse_sem_sono;800.0;0.0;;0.6365000003576279;7;cifar;14982400
sparse_sem_sono;800.0;0.0;;0.6481000012159348;8;cifar;14982400
sparse_sem_sono;800.0;0.0;;0.6394000017642975;9;cifar;14982400
sparse_sem_sono;800.0;0.0;;0.6467000025510788;10;cifar;14982400
sparse_sem_sono;800.0;0.0;;0.6487000036239624;11;cifar;14982400
sparse_sem_sono;800.0;50.0;;0.6591000014543533;1;cifar;7506225
sparse_sem_sono;800.0;50.0;;0.653500000834465;2;cifar;7508424
sparse_sem_sono;800.0;50.0;;0.6660000002384185;3;cifar;7510568
sparse_sem_sono;800.0;80.0;;0.6815000009536744;1;cifar;3023439
sparse_sem_sono;800.0;80.0;;0.6774999982118607;2;cifar;3023951
sparse_sem_sono;800.0;80.0;;0.6797000002861023;3;cifar;3024514
sparse_sem_sono;800.0;80.0;;0.6834999984502792;4;cifar;3022203
sparse_sem_sono;800.0;80.0;;0.678100004196167;5;cifar;3022055
sparse_sem_sono;800.0;80.0;;0.6799000030755997;6;cifar;3026658
sparse_sem_sono;800.0;80.0;;0.6824000000953674;7;cifar;3022657
sparse_sem_sono;800.0;80.0;;0.6830000013113022;8;cifar;3019983
sparse_sem_sono;800.0;80.0;;0.6765000015497208;9;cifar;3021672
sparse_sem_sono;800.0;80.0;;0.6746999996900559;10;cifar;3023795
sparse_sem_sono;900.0;0.0;;0.636100002527237;1;cifar;17575200
sparse_sem_sono;900.0;0.0;;0.6466999989748001;2;cifar;17575200
sparse_sem_sono;900.0;0.0;;0.6403999978303909;3;cifar;17575200
sparse_sem_sono;900.0;0.0;;0.6417999988794327;4;cifar;17575200
sparse_sem_sono;900.0;0.0;;0.6429000014066696;5;cifar;17575200
sparse_sem_sono;900.0;0.0;;0.6443000012636184;6;cifar;17575200
sparse_sem_sono;900.0;0.0;;0.6415000009536743;7;cifar;17575200
sparse_sem_sono;900.0;0.0;;0.6432000011205673;8;cifar;17575200
sparse_sem_sono;900.0;0.0;;0.6384000009298325;9;cifar;17575200
sparse_sem_sono;900.0;0.0;;0.6462999987602234;10;cifar;17575200
sparse_sem_sono;900.0;0.0;;0.6433000034093856;11;cifar;17575200
sparse_sem_sono;900.0;50.0;;0.6626999992132186;1;cifar;8805686
sparse_sem_sono;900.0;50.0;;0.6503000026941299;2;cifar;8806615
sparse_sem_sono;900.0;50.0;;0.6637000000476837;3;cifar;8807689
sparse_sem_sono;900.0;50.0;;0.6628000032901764;4;cifar;8804364
sparse_sem_sono;900.0;80.0;;0.6749000012874603;1;cifar;3545271
sparse_sem_sono;900.0;80.0;;0.6779000002145767;2;cifar;3545139
sparse_sem_sono;900.0;80.0;;0.679000004529953;3;cifar;3545062
sparse_sem_sono;900.0;80.0;;0.6742999994754791;4;cifar;3543596
sparse_sem_sono;900.0;80.0;;0.6775999993085862;5;cifar;3544789
sparse_sem_sono;900.0;80.0;;0.6801000028848648;6;cifar;3548201
sparse_sem_sono;900.0;80.0;;0.6743000012636184;7;cifar;3544333
sparse_sem_sono;900.0;80.0;;0.672299998998642;8;cifar;3540657
sparse_sem_sono;900.0;80.0;;0.6763000023365021;9;cifar;3543068
sparse_sem_sono;900.0;80.0;;0.6785000032186508;10;cifar;3546034
sparse_sem_sono;1000.0;0.0;;0.6517000007629394;1;cifar;20328000
sparse_sem_sono;1000.0;0.0;;0.6465000003576279;2;cifar;20328000
sparse_sem_sono;1000.0;0.0;;0.6414000004529953;3;cifar;20328000
sparse_sem_sono;1000.0;0.0;;0.6453000003099442;4;cifar;20328000
sparse_sem_sono;1000.0;0.0;;0.6482000029087067;5;cifar;20328000
sparse_sem_sono;1000.0;0.0;;0.6395000016689301;6;cifar;20328000
sparse_sem_sono;1000.0;0.0;;0.6388999980688095;7;cifar;20328000
sparse_sem_sono;1000.0;0.0;;0.6503000026941299;8;cifar;20328000
sparse_sem_sono;1000.0;0.0;;0.6496000003814697;9;cifar;20328000
sparse_sem_sono;1000.0;0.0;;0.6397000044584275;10;cifar;20328000
sparse_sem_sono;1000.0;0.0;;0.6514000016450882;11;cifar;20328000
sparse_sem_sono;1000.0;50.0;;0.6570999985933303;1;cifar;10185870
sparse_sem_sono;1000.0;50.0;;0.6632000017166138;2;cifar;10187042
sparse_sem_sono;1000.0;50.0;;0.6606000006198883;3;cifar;10187361
sparse_sem_sono;1000.0;50.0;;0.6540000015497207;4;cifar;10181810
sparse_sem_sono;1000.0;80.0;;0.6811000019311905;1;cifar;4100253
sparse_sem_sono;1000.0;80.0;;0.6761000007390976;2;cifar;4099202
sparse_sem_sono;1000.0;80.0;;0.6763000005483627;3;cifar;4099335
sparse_sem_sono;1000.0;80.0;;0.680400003194809;4;cifar;4096407
sparse_sem_sono;1000.0;80.0;;0.6724000024795532;5;cifar;4098885
sparse_sem_sono;1000.0;80.0;;0.6798000049591064;6;cifar;4100979
sparse_sem_sono;1000.0;80.0;;0.677800001502037;7;cifar;4098859
sparse_sem_sono;1000.0;80.0;;0.6741000008583069;8;cifar;4094800
sparse_sem_sono;1000.0;80.0;;0.6714999985694885;9;cifar;4096675
sparse_sem_sono;1000.0;80.0;;0.6742000031471252;10;cifar;4100166
sparse_sem_sono;1000.0;90.0;;0.6782000029087066;2;cifar;2070895
sparse_sem_sono;1000.0;90.0;;0.6860000056028366;3;cifar;2070302
sparse_sem_sono;1000.0;90.0;;0.6793000012636184;4;cifar;2067775
sparse_sem_sono;1000.0;90.0;;0.6749000006914139;6;cifar;2069794
sparse_sem_sono;1000.0;90.0;;0.6790000015497207;7;cifar;2069174
sparse_sem_sono;1000.0;90.0;;0.6842999988794327;8;cifar;2066603
sparse_sem_sono;1000.0;90.0;;0.673000003695488;12;cifar;2069154
sparse_sem_sono;1000.0;90.0;;0.6816000002622604;13;cifar;2069059
sparse_sem_sono;1000.0;90.0;;0.6803000009059906;14;cifar;2066188
sparse_sem_sono;1000.0;90.0;;0.6831000018119812;15;cifar;2068209
